[0.057s] Invoking command in '/home/huy/nav2_ws/Vaccum-Robot-LDS02RR/build/wall_follower_ros2': CMAKE_PREFIX_PATH=/home/huy/mnt/usb_ext4/opt/ros/humble /usr/bin/cmake /home/huy/nav2_ws/Vaccum-Robot-LDS02RR/src/wall_follower_ros2 -DRMW_IMPLEMENTATION=rmw_cyclonedds_cpp -DCMAKE_TOOLCHAIN_FILE=/home/huy/nav2_ws/Vaccum-Robot-LDS02RR/toolchain_aarch64.cmake -DCMAKE_INSTALL_PREFIX=/home/huy/nav2_ws/Vaccum-Robot-LDS02RR/install
[0.254s] -- The C compiler identification is GNU 12.2.1
[0.456s] -- The CXX compiler identification is GNU 12.2.1
[0.472s] -- Detecting C compiler ABI info
[0.676s] -- Detecting C compiler ABI info - done
[0.686s] -- Check for working C compiler: /home/huy/mnt/usb_ext4/arm-gnu-toolchain-12.2.rel1-x86_64-aarch64-none-linux-gnu/bin/aarch64-none-linux-gnu-gcc - skipped
[0.687s] -- Detecting C compile features
[0.687s] -- Detecting C compile features - done
[0.692s] -- Detecting CXX compiler ABI info
[0.899s] -- Detecting CXX compiler ABI info - done
[0.909s] -- Check for working CXX compiler: /home/huy/mnt/usb_ext4/arm-gnu-toolchain-12.2.rel1-x86_64-aarch64-none-linux-gnu/bin/aarch64-none-linux-gnu-g++ - skipped
[0.910s] -- Detecting CXX compile features
[0.910s] -- Detecting CXX compile features - done
[0.912s] -- Found ament_cmake: 1.3.11 (/home/huy/mnt/usb_ext4/opt/ros/humble/share/ament_cmake/cmake)
[1.134s] -- Found Python3: /usr/bin/python3 (found version "3.10.12") found components: Interpreter 
[1.314s] -- Found rclcpp: 16.0.12 (/home/huy/mnt/usb_ext4/opt/ros/humble/share/rclcpp/cmake)
[1.459s] -- Found rosidl_generator_c: 3.1.6 (/home/huy/mnt/usb_ext4/opt/ros/humble/share/rosidl_generator_c/cmake)
[1.459s] -- Found rosidl_adapter: 3.1.6 (/home/huy/mnt/usb_ext4/opt/ros/humble/share/rosidl_adapter/cmake)
[1.472s] -- Found rosidl_generator_cpp: 3.1.6 (/home/huy/mnt/usb_ext4/opt/ros/humble/share/rosidl_generator_cpp/cmake)
[1.497s] -- Using all available rosidl_typesupport_c: rosidl_typesupport_fastrtps_c;rosidl_typesupport_introspection_c
[1.539s] -- Using all available rosidl_typesupport_cpp: rosidl_typesupport_fastrtps_cpp;rosidl_typesupport_introspection_cpp
[1.660s] -- Found rmw_implementation_cmake: 6.1.2 (/home/huy/mnt/usb_ext4/opt/ros/humble/share/rmw_implementation_cmake/cmake)
[1.667s] -- Found rmw_cyclonedds_cpp: 1.3.4 (/home/huy/mnt/usb_ext4/opt/ros/humble/share/rmw_cyclonedds_cpp/cmake)
[1.708s] -- Using RMW implementation 'rmw_cyclonedds_cpp' as default
[1.724s] -- Looking for pthread.h
[1.973s] -- Looking for pthread.h - found
[1.973s] -- Found Threads: TRUE  
[2.218s] -- Found geometry_msgs: 4.8.0 (/home/huy/mnt/usb_ext4/opt/ros/humble/share/geometry_msgs/cmake)
[2.244s] -- Found sensor_msgs: 4.8.0 (/home/huy/mnt/usb_ext4/opt/ros/humble/share/sensor_msgs/cmake)
[2.328s] -- Found ament_lint_auto: 0.12.12 (/home/huy/mnt/usb_ext4/opt/ros/humble/share/ament_lint_auto/cmake)
[2.609s] -- Added test 'copyright' to check source files copyright and LICENSE
[2.615s] -- Added test 'cppcheck' to perform static code analysis on C / C++ code
[2.618s] -- Configured cppcheck include dirs: 
[2.618s] -- Configured cppcheck exclude dirs and/or files: 
[2.632s] -- Added test 'cpplint' to check C / C++ code against the Google style
[2.632s] -- Configured cpplint exclude dirs and/or files: 
[2.632s] -- Added test 'flake8' to check Python code syntax and style conventions
[2.637s] -- Added test 'lint_cmake' to check CMake code style
[2.637s] -- Added test 'pep257' to check Python code against some of the docstring style conventions in PEP 257
[2.640s] -- Added test 'uncrustify' to check C / C++ code style
[2.640s] -- Configured uncrustify additional arguments: 
[2.641s] -- Added test 'xmllint' to check XML markup files
[2.692s] -- Configuring done
[2.750s] -- Generating done
[2.750s] -- Build files have been written to: /home/huy/nav2_ws/Vaccum-Robot-LDS02RR/build/wall_follower_ros2
[2.789s] Invoked command in '/home/huy/nav2_ws/Vaccum-Robot-LDS02RR/build/wall_follower_ros2' returned '0': CMAKE_PREFIX_PATH=/home/huy/mnt/usb_ext4/opt/ros/humble /usr/bin/cmake /home/huy/nav2_ws/Vaccum-Robot-LDS02RR/src/wall_follower_ros2 -DRMW_IMPLEMENTATION=rmw_cyclonedds_cpp -DCMAKE_TOOLCHAIN_FILE=/home/huy/nav2_ws/Vaccum-Robot-LDS02RR/toolchain_aarch64.cmake -DCMAKE_INSTALL_PREFIX=/home/huy/nav2_ws/Vaccum-Robot-LDS02RR/install
[2.800s] Invoking command in '/home/huy/nav2_ws/Vaccum-Robot-LDS02RR/build/wall_follower_ros2': CMAKE_PREFIX_PATH=/home/huy/mnt/usb_ext4/opt/ros/humble /usr/bin/cmake --build /home/huy/nav2_ws/Vaccum-Robot-LDS02RR/build/wall_follower_ros2 -- -j4 -l4
[2.919s] [35m[1mConsolidate compiler generated dependencies of target wall_follower_ros2[0m
[2.963s] [100%] Built target wall_follower_ros2
[2.990s] Invoked command in '/home/huy/nav2_ws/Vaccum-Robot-LDS02RR/build/wall_follower_ros2' returned '0': CMAKE_PREFIX_PATH=/home/huy/mnt/usb_ext4/opt/ros/humble /usr/bin/cmake --build /home/huy/nav2_ws/Vaccum-Robot-LDS02RR/build/wall_follower_ros2 -- -j4 -l4
[2.991s] Invoking command in '/home/huy/nav2_ws/Vaccum-Robot-LDS02RR/build/wall_follower_ros2': CMAKE_PREFIX_PATH=/home/huy/mnt/usb_ext4/opt/ros/humble /usr/bin/cmake --install /home/huy/nav2_ws/Vaccum-Robot-LDS02RR/build/wall_follower_ros2
[3.000s] -- Install configuration: ""
[3.007s] -- Installing: /home/huy/nav2_ws/Vaccum-Robot-LDS02RR/install/lib/wall_follower_ros2/wall_follower_ros2
[3.027s] -- Set runtime path of "/home/huy/nav2_ws/Vaccum-Robot-LDS02RR/install/lib/wall_follower_ros2/wall_follower_ros2" to ""
[3.027s] -- Up-to-date: /home/huy/nav2_ws/Vaccum-Robot-LDS02RR/install/share/wall_follower_ros2//launch
[3.027s] -- Up-to-date: /home/huy/nav2_ws/Vaccum-Robot-LDS02RR/install/share/wall_follower_ros2//launch/empty_simulation.launch.py
[3.027s] -- Up-to-date: /home/huy/nav2_ws/Vaccum-Robot-LDS02RR/install/share/wall_follower_ros2//launch/wall_follower_ros2.launch.xml
[3.027s] -- Up-to-date: /home/huy/nav2_ws/Vaccum-Robot-LDS02RR/install/share/ament_index/resource_index/package_run_dependencies/wall_follower_ros2
[3.028s] -- Up-to-date: /home/huy/nav2_ws/Vaccum-Robot-LDS02RR/install/share/ament_index/resource_index/parent_prefix_path/wall_follower_ros2
[3.028s] -- Up-to-date: /home/huy/nav2_ws/Vaccum-Robot-LDS02RR/install/share/wall_follower_ros2/environment/ament_prefix_path.sh
[3.028s] -- Installing: /home/huy/nav2_ws/Vaccum-Robot-LDS02RR/install/share/wall_follower_ros2/environment/ament_prefix_path.dsv
[3.030s] -- Up-to-date: /home/huy/nav2_ws/Vaccum-Robot-LDS02RR/install/share/wall_follower_ros2/environment/path.sh
[3.030s] -- Installing: /home/huy/nav2_ws/Vaccum-Robot-LDS02RR/install/share/wall_follower_ros2/environment/path.dsv
[3.031s] -- Up-to-date: /home/huy/nav2_ws/Vaccum-Robot-LDS02RR/install/share/wall_follower_ros2/local_setup.bash
[3.031s] -- Up-to-date: /home/huy/nav2_ws/Vaccum-Robot-LDS02RR/install/share/wall_follower_ros2/local_setup.sh
[3.031s] -- Up-to-date: /home/huy/nav2_ws/Vaccum-Robot-LDS02RR/install/share/wall_follower_ros2/local_setup.zsh
[3.031s] -- Installing: /home/huy/nav2_ws/Vaccum-Robot-LDS02RR/install/share/wall_follower_ros2/local_setup.dsv
[3.031s] -- Installing: /home/huy/nav2_ws/Vaccum-Robot-LDS02RR/install/share/wall_follower_ros2/package.dsv
[3.031s] -- Up-to-date: /home/huy/nav2_ws/Vaccum-Robot-LDS02RR/install/share/ament_index/resource_index/packages/wall_follower_ros2
[3.031s] -- Up-to-date: /home/huy/nav2_ws/Vaccum-Robot-LDS02RR/install/share/wall_follower_ros2/cmake/wall_follower_ros2Config.cmake
[3.031s] -- Up-to-date: /home/huy/nav2_ws/Vaccum-Robot-LDS02RR/install/share/wall_follower_ros2/cmake/wall_follower_ros2Config-version.cmake
[3.031s] -- Up-to-date: /home/huy/nav2_ws/Vaccum-Robot-LDS02RR/install/share/wall_follower_ros2/package.xml
[3.038s] Invoked command in '/home/huy/nav2_ws/Vaccum-Robot-LDS02RR/build/wall_follower_ros2' returned '0': CMAKE_PREFIX_PATH=/home/huy/mnt/usb_ext4/opt/ros/humble /usr/bin/cmake --install /home/huy/nav2_ws/Vaccum-Robot-LDS02RR/build/wall_follower_ros2
