[0.016s] Invoking command in '/home/huy/nav2_ws/Vaccum-Robot-LDS02RR/build/explorer_interfaces': CMAKE_PREFIX_PATH=/home/huy/mnt/usb_ext4/opt/ros/humble /usr/bin/cmake /home/huy/nav2_ws/Vaccum-Robot-LDS02RR/src/turtlebot3/explorer_interfaces -DRMW_IMPLEMENTATION=rmw_cyclonedds_cpp -DCMAKE_TOOLCHAIN_FILE=/home/huy/nav2_ws/Vaccum-Robot-LDS02RR/toolchain_aarch64.cmake -DCMAKE_INSTALL_PREFIX=/home/huy/nav2_ws/Vaccum-Robot-LDS02RR/install
[0.214s] -- The C compiler identification is GNU 12.2.1
[0.446s] -- The CXX compiler identification is GNU 12.2.1
[0.465s] -- Detecting C compiler ABI info
[0.645s] -- Detecting C compiler ABI info - done
[0.658s] -- Check for working C compiler: /home/huy/mnt/usb_ext4/arm-gnu-toolchain-12.2.rel1-x86_64-aarch64-none-linux-gnu/bin/aarch64-none-linux-gnu-gcc - skipped
[0.658s] -- Detecting C compile features
[0.659s] -- Detecting C compile features - done
[0.665s] -- Detecting CXX compiler ABI info
[0.937s] -- Detecting CXX compiler ABI info - done
[0.958s] -- Check for working CXX compiler: /home/huy/mnt/usb_ext4/arm-gnu-toolchain-12.2.rel1-x86_64-aarch64-none-linux-gnu/bin/aarch64-none-linux-gnu-g++ - skipped
[0.959s] -- Detecting CXX compile features
[0.961s] -- Detecting CXX compile features - done
[0.968s] -- Found ament_cmake: 1.3.11 (/home/huy/mnt/usb_ext4/opt/ros/humble/share/ament_cmake/cmake)
[1.272s] -- Found Python3: /usr/bin/python3 (found version "3.10.12") found components: Interpreter 
[1.395s] -- Found ament_lint_auto: 0.12.12 (/home/huy/mnt/usb_ext4/opt/ros/humble/share/ament_lint_auto/cmake)
[1.498s] -- Found rosidl_default_generators: 1.2.0 (/home/huy/mnt/usb_ext4/opt/ros/humble/share/rosidl_default_generators/cmake)
[1.504s] -- Using all available rosidl_typesupport_c: rosidl_typesupport_fastrtps_c;rosidl_typesupport_introspection_c
[1.515s] -- Found rosidl_adapter: 3.1.6 (/home/huy/mnt/usb_ext4/opt/ros/humble/share/rosidl_adapter/cmake)
[1.559s] -- Using all available rosidl_typesupport_cpp: rosidl_typesupport_fastrtps_cpp;rosidl_typesupport_introspection_cpp
[1.610s] -- Found geometry_msgs: 4.8.0 (/home/huy/mnt/usb_ext4/opt/ros/humble/share/geometry_msgs/cmake)
[1.681s] -- Found nav_msgs: 4.8.0 (/home/huy/mnt/usb_ext4/opt/ros/humble/share/nav_msgs/cmake)
[1.739s] -- Found action_msgs: 1.2.1 (/home/huy/mnt/usb_ext4/opt/ros/humble/share/action_msgs/cmake)
[2.143s] -- Found ament_cmake_ros: 0.10.0 (/home/huy/mnt/usb_ext4/opt/ros/humble/share/ament_cmake_ros/cmake)
[2.646s] -- Using all available rosidl_typesupport_c: rosidl_typesupport_fastrtps_c;rosidl_typesupport_introspection_c
[3.235s] -- Using all available rosidl_typesupport_cpp: rosidl_typesupport_fastrtps_cpp;rosidl_typesupport_introspection_cpp
[3.269s] -- Found PythonInterp: /usr/bin/python3 (found suitable version "3.10.12", minimum required is "3.6") 
[3.270s] -- Found python_cmake_module: 0.10.0 (/home/huy/mnt/usb_ext4/opt/ros/humble/share/python_cmake_module/cmake)
[3.310s] -- Found PythonLibs: /home/huy/mnt/usb_ext4/usr/lib/aarch64-linux-gnu/libpython3.10.so (found suitable version "3.10.12", minimum required is "3.5") 
[3.310s] -- Using PYTHON_EXECUTABLE: /usr/bin/python3
[3.311s] -- Using PYTHON_INCLUDE_DIRS: /home/huy/mnt/usb_ext4/usr/include/python3.10
[3.311s] -- Using PYTHON_LIBRARIES: /home/huy/mnt/usb_ext4/usr/lib/aarch64-linux-gnu/libpython3.10.so
[3.342s] -- Found PythonExtra: .so  
[3.462s] -- Added test 'copyright' to check source files copyright and LICENSE
[3.462s] -- Added test 'lint_cmake' to check CMake code style
[3.463s] -- Added test 'xmllint' to check XML markup files
[3.470s] -- Configuring done
[3.554s] -- Generating done
[3.565s] [33mCMake Warning:
[3.565s]   Manually-specified variables were not used by the project:
[3.565s] 
[3.565s]     RMW_IMPLEMENTATION
[3.565s] 
[3.565s] [0m
[3.587s] -- Build files have been written to: /home/huy/nav2_ws/Vaccum-Robot-LDS02RR/build/explorer_interfaces
[3.605s] Invoked command in '/home/huy/nav2_ws/Vaccum-Robot-LDS02RR/build/explorer_interfaces' returned '0': CMAKE_PREFIX_PATH=/home/huy/mnt/usb_ext4/opt/ros/humble /usr/bin/cmake /home/huy/nav2_ws/Vaccum-Robot-LDS02RR/src/turtlebot3/explorer_interfaces -DRMW_IMPLEMENTATION=rmw_cyclonedds_cpp -DCMAKE_TOOLCHAIN_FILE=/home/huy/nav2_ws/Vaccum-Robot-LDS02RR/toolchain_aarch64.cmake -DCMAKE_INSTALL_PREFIX=/home/huy/nav2_ws/Vaccum-Robot-LDS02RR/install
[3.608s] Invoking command in '/home/huy/nav2_ws/Vaccum-Robot-LDS02RR/build/explorer_interfaces': CMAKE_PREFIX_PATH=/home/huy/mnt/usb_ext4/opt/ros/humble /usr/bin/cmake --build /home/huy/nav2_ws/Vaccum-Robot-LDS02RR/build/explorer_interfaces -- -j4 -l4
[3.820s] [35m[1mConsolidate compiler generated dependencies of target explorer_interfaces__rosidl_generator_c[0m
[3.863s] [ 10%] Built target explorer_interfaces__rosidl_generator_c
[3.884s] [ 12%] Built target explorer_interfaces__cpp
[3.921s] [35m[1mConsolidate compiler generated dependencies of target explorer_interfaces__rosidl_typesupport_fastrtps_c[0m
[3.921s] [35m[1mConsolidate compiler generated dependencies of target explorer_interfaces__rosidl_typesupport_introspection_c[0m
[3.942s] [ 12%] Built target ament_cmake_python_copy_explorer_interfaces
[3.944s] [ 23%] Built target explorer_interfaces__rosidl_typesupport_introspection_c
[3.953s] [35m[1mConsolidate compiler generated dependencies of target explorer_interfaces__rosidl_typesupport_c[0m
[3.973s] [35m[1mConsolidate compiler generated dependencies of target explorer_interfaces__rosidl_typesupport_fastrtps_cpp[0m
[3.980s] [ 33%] Built target explorer_interfaces__rosidl_typesupport_fastrtps_c
[3.985s] [ 43%] Built target explorer_interfaces__rosidl_typesupport_c
[3.989s] [35m[1mConsolidate compiler generated dependencies of target explorer_interfaces__rosidl_typesupport_introspection_cpp[0m
[4.005s] [ 53%] Built target explorer_interfaces__rosidl_typesupport_fastrtps_cpp
[4.022s] [35m[1mConsolidate compiler generated dependencies of target explorer_interfaces__rosidl_typesupport_cpp[0m
[4.030s] [ 64%] Built target explorer_interfaces__rosidl_typesupport_introspection_cpp
[4.049s] [ 74%] Built target explorer_interfaces__rosidl_typesupport_cpp
[4.098s] [ 74%] Built target explorer_interfaces
[4.135s] [ 76%] Built target explorer_interfaces__py
[4.159s] [35m[1mConsolidate compiler generated dependencies of target explorer_interfaces__rosidl_generator_py[0m
[4.184s] [ 84%] Built target explorer_interfaces__rosidl_generator_py
[4.209s] [35m[1mConsolidate compiler generated dependencies of target explorer_interfaces__rosidl_typesupport_fastrtps_c__pyext[0m
[4.214s] [35m[1mConsolidate compiler generated dependencies of target explorer_interfaces__rosidl_typesupport_introspection_c__pyext[0m
[4.224s] [35m[1mConsolidate compiler generated dependencies of target explorer_interfaces__rosidl_typesupport_c__pyext[0m
[4.247s] [ 89%] Built target explorer_interfaces__rosidl_typesupport_fastrtps_c__pyext
[4.254s] [ 94%] Built target explorer_interfaces__rosidl_typesupport_introspection_c__pyext
[4.258s] [100%] Built target explorer_interfaces__rosidl_typesupport_c__pyext
[4.356s] running egg_info
[4.357s] writing explorer_interfaces.egg-info/PKG-INFO
[4.357s] writing dependency_links to explorer_interfaces.egg-info/dependency_links.txt
[4.357s] writing top-level names to explorer_interfaces.egg-info/top_level.txt
[4.360s] reading manifest file 'explorer_interfaces.egg-info/SOURCES.txt'
[4.362s] writing manifest file 'explorer_interfaces.egg-info/SOURCES.txt'
[4.415s] [100%] Built target ament_cmake_python_build_explorer_interfaces_egg
[4.438s] Invoked command in '/home/huy/nav2_ws/Vaccum-Robot-LDS02RR/build/explorer_interfaces' returned '0': CMAKE_PREFIX_PATH=/home/huy/mnt/usb_ext4/opt/ros/humble /usr/bin/cmake --build /home/huy/nav2_ws/Vaccum-Robot-LDS02RR/build/explorer_interfaces -- -j4 -l4
[4.440s] Invoking command in '/home/huy/nav2_ws/Vaccum-Robot-LDS02RR/build/explorer_interfaces': CMAKE_PREFIX_PATH=/home/huy/mnt/usb_ext4/opt/ros/humble /usr/bin/cmake --install /home/huy/nav2_ws/Vaccum-Robot-LDS02RR/build/explorer_interfaces
[4.452s] -- Install configuration: ""
[4.452s] -- Up-to-date: /home/huy/nav2_ws/Vaccum-Robot-LDS02RR/install/share/ament_index/resource_index/rosidl_interfaces/explorer_interfaces
[4.453s] -- Up-to-date: /home/huy/nav2_ws/Vaccum-Robot-LDS02RR/install/include/explorer_interfaces/explorer_interfaces
[4.453s] -- Up-to-date: /home/huy/nav2_ws/Vaccum-Robot-LDS02RR/install/include/explorer_interfaces/explorer_interfaces/msg
[4.455s] -- Up-to-date: /home/huy/nav2_ws/Vaccum-Robot-LDS02RR/install/include/explorer_interfaces/explorer_interfaces/msg/rosidl_generator_c__visibility_control.h
[4.457s] -- Up-to-date: /home/huy/nav2_ws/Vaccum-Robot-LDS02RR/install/include/explorer_interfaces/explorer_interfaces/action
[4.457s] -- Up-to-date: /home/huy/nav2_ws/Vaccum-Robot-LDS02RR/install/include/explorer_interfaces/explorer_interfaces/action/detail
[4.458s] -- Up-to-date: /home/huy/nav2_ws/Vaccum-Robot-LDS02RR/install/include/explorer_interfaces/explorer_interfaces/action/detail/wander__struct.h
[4.458s] -- Up-to-date: /home/huy/nav2_ws/Vaccum-Robot-LDS02RR/install/include/explorer_interfaces/explorer_interfaces/action/detail/discover__type_support.h
[4.458s] -- Up-to-date: /home/huy/nav2_ws/Vaccum-Robot-LDS02RR/install/include/explorer_interfaces/explorer_interfaces/action/detail/wander__functions.c
[4.458s] -- Up-to-date: /home/huy/nav2_ws/Vaccum-Robot-LDS02RR/install/include/explorer_interfaces/explorer_interfaces/action/detail/wander__type_support.h
[4.458s] -- Up-to-date: /home/huy/nav2_ws/Vaccum-Robot-LDS02RR/install/include/explorer_interfaces/explorer_interfaces/action/detail/discover__functions.c
[4.458s] -- Up-to-date: /home/huy/nav2_ws/Vaccum-Robot-LDS02RR/install/include/explorer_interfaces/explorer_interfaces/action/detail/discover__functions.h
[4.458s] -- Up-to-date: /home/huy/nav2_ws/Vaccum-Robot-LDS02RR/install/include/explorer_interfaces/explorer_interfaces/action/detail/discover__struct.h
[4.458s] -- Up-to-date: /home/huy/nav2_ws/Vaccum-Robot-LDS02RR/install/include/explorer_interfaces/explorer_interfaces/action/detail/wander__functions.h
[4.458s] -- Up-to-date: /home/huy/nav2_ws/Vaccum-Robot-LDS02RR/install/include/explorer_interfaces/explorer_interfaces/action/wander.h
[4.458s] -- Up-to-date: /home/huy/nav2_ws/Vaccum-Robot-LDS02RR/install/include/explorer_interfaces/explorer_interfaces/action/discover.h
[4.458s] -- Up-to-date: /home/huy/nav2_ws/Vaccum-Robot-LDS02RR/install/share/explorer_interfaces/environment/library_path.sh
[4.459s] -- Installing: /home/huy/nav2_ws/Vaccum-Robot-LDS02RR/install/share/explorer_interfaces/environment/library_path.dsv
[4.459s] -- Installing: /home/huy/nav2_ws/Vaccum-Robot-LDS02RR/install/lib/libexplorer_interfaces__rosidl_generator_c.so
[4.459s] -- Set runtime path of "/home/huy/nav2_ws/Vaccum-Robot-LDS02RR/install/lib/libexplorer_interfaces__rosidl_generator_c.so" to ""
[4.459s] -- Up-to-date: /home/huy/nav2_ws/Vaccum-Robot-LDS02RR/install/include/explorer_interfaces/explorer_interfaces
[4.460s] -- Up-to-date: /home/huy/nav2_ws/Vaccum-Robot-LDS02RR/install/include/explorer_interfaces/explorer_interfaces/msg
[4.460s] -- Up-to-date: /home/huy/nav2_ws/Vaccum-Robot-LDS02RR/install/include/explorer_interfaces/explorer_interfaces/msg/rosidl_typesupport_fastrtps_c__visibility_control.h
[4.460s] -- Up-to-date: /home/huy/nav2_ws/Vaccum-Robot-LDS02RR/install/include/explorer_interfaces/explorer_interfaces/action
[4.460s] -- Up-to-date: /home/huy/nav2_ws/Vaccum-Robot-LDS02RR/install/include/explorer_interfaces/explorer_interfaces/action/detail
[4.460s] -- Up-to-date: /home/huy/nav2_ws/Vaccum-Robot-LDS02RR/install/include/explorer_interfaces/explorer_interfaces/action/detail/discover__rosidl_typesupport_fastrtps_c.h
[4.460s] -- Up-to-date: /home/huy/nav2_ws/Vaccum-Robot-LDS02RR/install/include/explorer_interfaces/explorer_interfaces/action/detail/wander__rosidl_typesupport_fastrtps_c.h
[4.460s] -- Installing: /home/huy/nav2_ws/Vaccum-Robot-LDS02RR/install/lib/libexplorer_interfaces__rosidl_typesupport_fastrtps_c.so
[4.460s] -- Set runtime path of "/home/huy/nav2_ws/Vaccum-Robot-LDS02RR/install/lib/libexplorer_interfaces__rosidl_typesupport_fastrtps_c.so" to ""
[4.460s] -- Up-to-date: /home/huy/nav2_ws/Vaccum-Robot-LDS02RR/install/include/explorer_interfaces/explorer_interfaces
[4.460s] -- Up-to-date: /home/huy/nav2_ws/Vaccum-Robot-LDS02RR/install/include/explorer_interfaces/explorer_interfaces/msg
[4.460s] -- Up-to-date: /home/huy/nav2_ws/Vaccum-Robot-LDS02RR/install/include/explorer_interfaces/explorer_interfaces/msg/rosidl_typesupport_introspection_c__visibility_control.h
[4.461s] -- Up-to-date: /home/huy/nav2_ws/Vaccum-Robot-LDS02RR/install/include/explorer_interfaces/explorer_interfaces/action
[4.461s] -- Up-to-date: /home/huy/nav2_ws/Vaccum-Robot-LDS02RR/install/include/explorer_interfaces/explorer_interfaces/action/detail
[4.461s] -- Up-to-date: /home/huy/nav2_ws/Vaccum-Robot-LDS02RR/install/include/explorer_interfaces/explorer_interfaces/action/detail/wander__rosidl_typesupport_introspection_c.h
[4.461s] -- Up-to-date: /home/huy/nav2_ws/Vaccum-Robot-LDS02RR/install/include/explorer_interfaces/explorer_interfaces/action/detail/discover__type_support.c
[4.461s] -- Up-to-date: /home/huy/nav2_ws/Vaccum-Robot-LDS02RR/install/include/explorer_interfaces/explorer_interfaces/action/detail/wander__type_support.c
[4.462s] -- Up-to-date: /home/huy/nav2_ws/Vaccum-Robot-LDS02RR/install/include/explorer_interfaces/explorer_interfaces/action/detail/discover__rosidl_typesupport_introspection_c.h
[4.462s] -- Installing: /home/huy/nav2_ws/Vaccum-Robot-LDS02RR/install/lib/libexplorer_interfaces__rosidl_typesupport_introspection_c.so
[4.462s] -- Set runtime path of "/home/huy/nav2_ws/Vaccum-Robot-LDS02RR/install/lib/libexplorer_interfaces__rosidl_typesupport_introspection_c.so" to ""
[4.462s] -- Installing: /home/huy/nav2_ws/Vaccum-Robot-LDS02RR/install/lib/libexplorer_interfaces__rosidl_typesupport_c.so
[4.462s] -- Set runtime path of "/home/huy/nav2_ws/Vaccum-Robot-LDS02RR/install/lib/libexplorer_interfaces__rosidl_typesupport_c.so" to ""
[4.462s] -- Up-to-date: /home/huy/nav2_ws/Vaccum-Robot-LDS02RR/install/include/explorer_interfaces/explorer_interfaces
[4.462s] -- Up-to-date: /home/huy/nav2_ws/Vaccum-Robot-LDS02RR/install/include/explorer_interfaces/explorer_interfaces/msg
[4.462s] -- Up-to-date: /home/huy/nav2_ws/Vaccum-Robot-LDS02RR/install/include/explorer_interfaces/explorer_interfaces/msg/rosidl_generator_cpp__visibility_control.hpp
[4.462s] -- Up-to-date: /home/huy/nav2_ws/Vaccum-Robot-LDS02RR/install/include/explorer_interfaces/explorer_interfaces/action
[4.462s] -- Up-to-date: /home/huy/nav2_ws/Vaccum-Robot-LDS02RR/install/include/explorer_interfaces/explorer_interfaces/action/detail
[4.463s] -- Up-to-date: /home/huy/nav2_ws/Vaccum-Robot-LDS02RR/install/include/explorer_interfaces/explorer_interfaces/action/detail/discover__builder.hpp
[4.463s] -- Up-to-date: /home/huy/nav2_ws/Vaccum-Robot-LDS02RR/install/include/explorer_interfaces/explorer_interfaces/action/detail/wander__builder.hpp
[4.463s] -- Up-to-date: /home/huy/nav2_ws/Vaccum-Robot-LDS02RR/install/include/explorer_interfaces/explorer_interfaces/action/detail/discover__traits.hpp
[4.463s] -- Up-to-date: /home/huy/nav2_ws/Vaccum-Robot-LDS02RR/install/include/explorer_interfaces/explorer_interfaces/action/detail/discover__type_support.hpp
[4.463s] -- Up-to-date: /home/huy/nav2_ws/Vaccum-Robot-LDS02RR/install/include/explorer_interfaces/explorer_interfaces/action/detail/wander__type_support.hpp
[4.463s] -- Up-to-date: /home/huy/nav2_ws/Vaccum-Robot-LDS02RR/install/include/explorer_interfaces/explorer_interfaces/action/detail/discover__struct.hpp
[4.463s] -- Up-to-date: /home/huy/nav2_ws/Vaccum-Robot-LDS02RR/install/include/explorer_interfaces/explorer_interfaces/action/detail/wander__struct.hpp
[4.463s] -- Up-to-date: /home/huy/nav2_ws/Vaccum-Robot-LDS02RR/install/include/explorer_interfaces/explorer_interfaces/action/detail/wander__traits.hpp
[4.463s] -- Up-to-date: /home/huy/nav2_ws/Vaccum-Robot-LDS02RR/install/include/explorer_interfaces/explorer_interfaces/action/wander.hpp
[4.463s] -- Up-to-date: /home/huy/nav2_ws/Vaccum-Robot-LDS02RR/install/include/explorer_interfaces/explorer_interfaces/action/discover.hpp
[4.464s] -- Up-to-date: /home/huy/nav2_ws/Vaccum-Robot-LDS02RR/install/include/explorer_interfaces/explorer_interfaces
[4.464s] -- Up-to-date: /home/huy/nav2_ws/Vaccum-Robot-LDS02RR/install/include/explorer_interfaces/explorer_interfaces/msg
[4.464s] -- Up-to-date: /home/huy/nav2_ws/Vaccum-Robot-LDS02RR/install/include/explorer_interfaces/explorer_interfaces/msg/rosidl_typesupport_fastrtps_cpp__visibility_control.h
[4.464s] -- Up-to-date: /home/huy/nav2_ws/Vaccum-Robot-LDS02RR/install/include/explorer_interfaces/explorer_interfaces/action
[4.464s] -- Up-to-date: /home/huy/nav2_ws/Vaccum-Robot-LDS02RR/install/include/explorer_interfaces/explorer_interfaces/action/detail
[4.464s] -- Up-to-date: /home/huy/nav2_ws/Vaccum-Robot-LDS02RR/install/include/explorer_interfaces/explorer_interfaces/action/detail/discover__rosidl_typesupport_fastrtps_cpp.hpp
[4.464s] -- Up-to-date: /home/huy/nav2_ws/Vaccum-Robot-LDS02RR/install/include/explorer_interfaces/explorer_interfaces/action/detail/dds_fastrtps
[4.464s] -- Up-to-date: /home/huy/nav2_ws/Vaccum-Robot-LDS02RR/install/include/explorer_interfaces/explorer_interfaces/action/detail/wander__rosidl_typesupport_fastrtps_cpp.hpp
[4.464s] -- Installing: /home/huy/nav2_ws/Vaccum-Robot-LDS02RR/install/lib/libexplorer_interfaces__rosidl_typesupport_fastrtps_cpp.so
[4.464s] -- Set runtime path of "/home/huy/nav2_ws/Vaccum-Robot-LDS02RR/install/lib/libexplorer_interfaces__rosidl_typesupport_fastrtps_cpp.so" to ""
[4.464s] -- Up-to-date: /home/huy/nav2_ws/Vaccum-Robot-LDS02RR/install/include/explorer_interfaces/explorer_interfaces
[4.464s] -- Up-to-date: /home/huy/nav2_ws/Vaccum-Robot-LDS02RR/install/include/explorer_interfaces/explorer_interfaces/action
[4.465s] -- Up-to-date: /home/huy/nav2_ws/Vaccum-Robot-LDS02RR/install/include/explorer_interfaces/explorer_interfaces/action/detail
[4.465s] -- Up-to-date: /home/huy/nav2_ws/Vaccum-Robot-LDS02RR/install/include/explorer_interfaces/explorer_interfaces/action/detail/discover__type_support.cpp
[4.465s] -- Up-to-date: /home/huy/nav2_ws/Vaccum-Robot-LDS02RR/install/include/explorer_interfaces/explorer_interfaces/action/detail/discover__rosidl_typesupport_introspection_cpp.hpp
[4.465s] -- Up-to-date: /home/huy/nav2_ws/Vaccum-Robot-LDS02RR/install/include/explorer_interfaces/explorer_interfaces/action/detail/wander__type_support.cpp
[4.465s] -- Up-to-date: /home/huy/nav2_ws/Vaccum-Robot-LDS02RR/install/include/explorer_interfaces/explorer_interfaces/action/detail/wander__rosidl_typesupport_introspection_cpp.hpp
[4.465s] -- Installing: /home/huy/nav2_ws/Vaccum-Robot-LDS02RR/install/lib/libexplorer_interfaces__rosidl_typesupport_introspection_cpp.so
[4.466s] -- Set runtime path of "/home/huy/nav2_ws/Vaccum-Robot-LDS02RR/install/lib/libexplorer_interfaces__rosidl_typesupport_introspection_cpp.so" to ""
[4.466s] -- Installing: /home/huy/nav2_ws/Vaccum-Robot-LDS02RR/install/lib/libexplorer_interfaces__rosidl_typesupport_cpp.so
[4.466s] -- Set runtime path of "/home/huy/nav2_ws/Vaccum-Robot-LDS02RR/install/lib/libexplorer_interfaces__rosidl_typesupport_cpp.so" to ""
[4.466s] -- Up-to-date: /home/huy/nav2_ws/Vaccum-Robot-LDS02RR/install/share/explorer_interfaces/environment/pythonpath.sh
[4.466s] -- Installing: /home/huy/nav2_ws/Vaccum-Robot-LDS02RR/install/share/explorer_interfaces/environment/pythonpath.dsv
[4.466s] -- Up-to-date: /home/huy/nav2_ws/Vaccum-Robot-LDS02RR/install/local/lib/python3.10/dist-packages/explorer_interfaces-0.0.0-py3.10.egg-info
[4.467s] -- Installing: /home/huy/nav2_ws/Vaccum-Robot-LDS02RR/install/local/lib/python3.10/dist-packages/explorer_interfaces-0.0.0-py3.10.egg-info/SOURCES.txt
[4.467s] -- Installing: /home/huy/nav2_ws/Vaccum-Robot-LDS02RR/install/local/lib/python3.10/dist-packages/explorer_interfaces-0.0.0-py3.10.egg-info/PKG-INFO
[4.467s] -- Installing: /home/huy/nav2_ws/Vaccum-Robot-LDS02RR/install/local/lib/python3.10/dist-packages/explorer_interfaces-0.0.0-py3.10.egg-info/dependency_links.txt
[4.467s] -- Installing: /home/huy/nav2_ws/Vaccum-Robot-LDS02RR/install/local/lib/python3.10/dist-packages/explorer_interfaces-0.0.0-py3.10.egg-info/top_level.txt
[4.467s] -- Up-to-date: /home/huy/nav2_ws/Vaccum-Robot-LDS02RR/install/local/lib/python3.10/dist-packages/explorer_interfaces
[4.467s] -- Up-to-date: /home/huy/nav2_ws/Vaccum-Robot-LDS02RR/install/local/lib/python3.10/dist-packages/explorer_interfaces/explorer_interfaces_s__rosidl_typesupport_c.cpython-310-x86_64-linux-gnu.so
[4.467s] -- Up-to-date: /home/huy/nav2_ws/Vaccum-Robot-LDS02RR/install/local/lib/python3.10/dist-packages/explorer_interfaces/libexplorer_interfaces__rosidl_generator_py.so
[4.467s] -- Up-to-date: /home/huy/nav2_ws/Vaccum-Robot-LDS02RR/install/local/lib/python3.10/dist-packages/explorer_interfaces/explorer_interfaces_s__rosidl_typesupport_fastrtps_c.cpython-310-x86_64-linux-gnu.so
[4.467s] -- Up-to-date: /home/huy/nav2_ws/Vaccum-Robot-LDS02RR/install/local/lib/python3.10/dist-packages/explorer_interfaces/_explorer_interfaces_s.ep.rosidl_typesupport_c.c
[4.467s] -- Installing: /home/huy/nav2_ws/Vaccum-Robot-LDS02RR/install/local/lib/python3.10/dist-packages/explorer_interfaces/__init__.py
[4.468s] -- Up-to-date: /home/huy/nav2_ws/Vaccum-Robot-LDS02RR/install/local/lib/python3.10/dist-packages/explorer_interfaces/explorer_interfaces_s__rosidl_typesupport_introspection_c.cpython-310-x86_64-linux-gnu.so
[4.468s] -- Up-to-date: /home/huy/nav2_ws/Vaccum-Robot-LDS02RR/install/local/lib/python3.10/dist-packages/explorer_interfaces/action
[4.468s] -- Up-to-date: /home/huy/nav2_ws/Vaccum-Robot-LDS02RR/install/local/lib/python3.10/dist-packages/explorer_interfaces/action/_discover.py
[4.468s] -- Up-to-date: /home/huy/nav2_ws/Vaccum-Robot-LDS02RR/install/local/lib/python3.10/dist-packages/explorer_interfaces/action/_discover_s.c
[4.468s] -- Up-to-date: /home/huy/nav2_ws/Vaccum-Robot-LDS02RR/install/local/lib/python3.10/dist-packages/explorer_interfaces/action/_wander.py
[4.468s] -- Up-to-date: /home/huy/nav2_ws/Vaccum-Robot-LDS02RR/install/local/lib/python3.10/dist-packages/explorer_interfaces/action/__init__.py
[4.468s] -- Up-to-date: /home/huy/nav2_ws/Vaccum-Robot-LDS02RR/install/local/lib/python3.10/dist-packages/explorer_interfaces/action/_wander_s.c
[4.468s] -- Up-to-date: /home/huy/nav2_ws/Vaccum-Robot-LDS02RR/install/local/lib/python3.10/dist-packages/explorer_interfaces/_explorer_interfaces_s.ep.rosidl_typesupport_fastrtps_c.c
[4.468s] -- Up-to-date: /home/huy/nav2_ws/Vaccum-Robot-LDS02RR/install/local/lib/python3.10/dist-packages/explorer_interfaces/_explorer_interfaces_s.ep.rosidl_typesupport_introspection_c.c
[4.510s] Listing '/home/huy/nav2_ws/Vaccum-Robot-LDS02RR/install/local/lib/python3.10/dist-packages/explorer_interfaces'...
[4.510s] Compiling '/home/huy/nav2_ws/Vaccum-Robot-LDS02RR/install/local/lib/python3.10/dist-packages/explorer_interfaces/__init__.py'...
[4.510s] Listing '/home/huy/nav2_ws/Vaccum-Robot-LDS02RR/install/local/lib/python3.10/dist-packages/explorer_interfaces/action'...
[4.520s] -- Installing: /home/huy/nav2_ws/Vaccum-Robot-LDS02RR/install/local/lib/python3.10/dist-packages/explorer_interfaces/explorer_interfaces_s__rosidl_typesupport_fastrtps_c.cpython-310-x86_64-linux-gnu.so
[4.521s] -- Set runtime path of "/home/huy/nav2_ws/Vaccum-Robot-LDS02RR/install/local/lib/python3.10/dist-packages/explorer_interfaces/explorer_interfaces_s__rosidl_typesupport_fastrtps_c.cpython-310-x86_64-linux-gnu.so" to ""
[4.521s] -- Installing: /home/huy/nav2_ws/Vaccum-Robot-LDS02RR/install/local/lib/python3.10/dist-packages/explorer_interfaces/explorer_interfaces_s__rosidl_typesupport_introspection_c.cpython-310-x86_64-linux-gnu.so
[4.522s] -- Set runtime path of "/home/huy/nav2_ws/Vaccum-Robot-LDS02RR/install/local/lib/python3.10/dist-packages/explorer_interfaces/explorer_interfaces_s__rosidl_typesupport_introspection_c.cpython-310-x86_64-linux-gnu.so" to ""
[4.522s] -- Installing: /home/huy/nav2_ws/Vaccum-Robot-LDS02RR/install/local/lib/python3.10/dist-packages/explorer_interfaces/explorer_interfaces_s__rosidl_typesupport_c.cpython-310-x86_64-linux-gnu.so
[4.522s] -- Set runtime path of "/home/huy/nav2_ws/Vaccum-Robot-LDS02RR/install/local/lib/python3.10/dist-packages/explorer_interfaces/explorer_interfaces_s__rosidl_typesupport_c.cpython-310-x86_64-linux-gnu.so" to ""
[4.523s] -- Installing: /home/huy/nav2_ws/Vaccum-Robot-LDS02RR/install/lib/libexplorer_interfaces__rosidl_generator_py.so
[4.524s] -- Set runtime path of "/home/huy/nav2_ws/Vaccum-Robot-LDS02RR/install/lib/libexplorer_interfaces__rosidl_generator_py.so" to ""
[4.524s] -- Up-to-date: /home/huy/nav2_ws/Vaccum-Robot-LDS02RR/install/share/explorer_interfaces/action/Wander.idl
[4.524s] -- Up-to-date: /home/huy/nav2_ws/Vaccum-Robot-LDS02RR/install/share/explorer_interfaces/action/Discover.idl
[4.524s] -- Up-to-date: /home/huy/nav2_ws/Vaccum-Robot-LDS02RR/install/share/explorer_interfaces/action/Wander.action
[4.524s] -- Up-to-date: /home/huy/nav2_ws/Vaccum-Robot-LDS02RR/install/share/explorer_interfaces/action/Discover.action
[4.524s] -- Up-to-date: /home/huy/nav2_ws/Vaccum-Robot-LDS02RR/install/share/ament_index/resource_index/package_run_dependencies/explorer_interfaces
[4.524s] -- Up-to-date: /home/huy/nav2_ws/Vaccum-Robot-LDS02RR/install/share/ament_index/resource_index/parent_prefix_path/explorer_interfaces
[4.524s] -- Up-to-date: /home/huy/nav2_ws/Vaccum-Robot-LDS02RR/install/share/explorer_interfaces/environment/ament_prefix_path.sh
[4.524s] -- Installing: /home/huy/nav2_ws/Vaccum-Robot-LDS02RR/install/share/explorer_interfaces/environment/ament_prefix_path.dsv
[4.528s] -- Up-to-date: /home/huy/nav2_ws/Vaccum-Robot-LDS02RR/install/share/explorer_interfaces/environment/path.sh
[4.528s] -- Installing: /home/huy/nav2_ws/Vaccum-Robot-LDS02RR/install/share/explorer_interfaces/environment/path.dsv
[4.528s] -- Up-to-date: /home/huy/nav2_ws/Vaccum-Robot-LDS02RR/install/share/explorer_interfaces/local_setup.bash
[4.528s] -- Up-to-date: /home/huy/nav2_ws/Vaccum-Robot-LDS02RR/install/share/explorer_interfaces/local_setup.sh
[4.528s] -- Up-to-date: /home/huy/nav2_ws/Vaccum-Robot-LDS02RR/install/share/explorer_interfaces/local_setup.zsh
[4.528s] -- Installing: /home/huy/nav2_ws/Vaccum-Robot-LDS02RR/install/share/explorer_interfaces/local_setup.dsv
[4.528s] -- Installing: /home/huy/nav2_ws/Vaccum-Robot-LDS02RR/install/share/explorer_interfaces/package.dsv
[4.528s] -- Up-to-date: /home/huy/nav2_ws/Vaccum-Robot-LDS02RR/install/share/ament_index/resource_index/packages/explorer_interfaces
[4.528s] -- Up-to-date: /home/huy/nav2_ws/Vaccum-Robot-LDS02RR/install/share/explorer_interfaces/cmake/export_explorer_interfaces__rosidl_generator_cExport.cmake
[4.528s] -- Up-to-date: /home/huy/nav2_ws/Vaccum-Robot-LDS02RR/install/share/explorer_interfaces/cmake/export_explorer_interfaces__rosidl_generator_cExport-noconfig.cmake
[4.528s] -- Up-to-date: /home/huy/nav2_ws/Vaccum-Robot-LDS02RR/install/share/explorer_interfaces/cmake/export_explorer_interfaces__rosidl_typesupport_fastrtps_cExport.cmake
[4.528s] -- Up-to-date: /home/huy/nav2_ws/Vaccum-Robot-LDS02RR/install/share/explorer_interfaces/cmake/export_explorer_interfaces__rosidl_typesupport_fastrtps_cExport-noconfig.cmake
[4.529s] -- Up-to-date: /home/huy/nav2_ws/Vaccum-Robot-LDS02RR/install/share/explorer_interfaces/cmake/explorer_interfaces__rosidl_typesupport_introspection_cExport.cmake
[4.529s] -- Up-to-date: /home/huy/nav2_ws/Vaccum-Robot-LDS02RR/install/share/explorer_interfaces/cmake/explorer_interfaces__rosidl_typesupport_introspection_cExport-noconfig.cmake
[4.529s] -- Up-to-date: /home/huy/nav2_ws/Vaccum-Robot-LDS02RR/install/share/explorer_interfaces/cmake/explorer_interfaces__rosidl_typesupport_cExport.cmake
[4.529s] -- Up-to-date: /home/huy/nav2_ws/Vaccum-Robot-LDS02RR/install/share/explorer_interfaces/cmake/explorer_interfaces__rosidl_typesupport_cExport-noconfig.cmake
[4.529s] -- Up-to-date: /home/huy/nav2_ws/Vaccum-Robot-LDS02RR/install/share/explorer_interfaces/cmake/export_explorer_interfaces__rosidl_generator_cppExport.cmake
[4.529s] -- Up-to-date: /home/huy/nav2_ws/Vaccum-Robot-LDS02RR/install/share/explorer_interfaces/cmake/export_explorer_interfaces__rosidl_typesupport_fastrtps_cppExport.cmake
[4.529s] -- Up-to-date: /home/huy/nav2_ws/Vaccum-Robot-LDS02RR/install/share/explorer_interfaces/cmake/export_explorer_interfaces__rosidl_typesupport_fastrtps_cppExport-noconfig.cmake
[4.529s] -- Up-to-date: /home/huy/nav2_ws/Vaccum-Robot-LDS02RR/install/share/explorer_interfaces/cmake/explorer_interfaces__rosidl_typesupport_introspection_cppExport.cmake
[4.529s] -- Up-to-date: /home/huy/nav2_ws/Vaccum-Robot-LDS02RR/install/share/explorer_interfaces/cmake/explorer_interfaces__rosidl_typesupport_introspection_cppExport-noconfig.cmake
[4.529s] -- Up-to-date: /home/huy/nav2_ws/Vaccum-Robot-LDS02RR/install/share/explorer_interfaces/cmake/explorer_interfaces__rosidl_typesupport_cppExport.cmake
[4.530s] -- Up-to-date: /home/huy/nav2_ws/Vaccum-Robot-LDS02RR/install/share/explorer_interfaces/cmake/explorer_interfaces__rosidl_typesupport_cppExport-noconfig.cmake
[4.530s] -- Up-to-date: /home/huy/nav2_ws/Vaccum-Robot-LDS02RR/install/share/explorer_interfaces/cmake/export_explorer_interfaces__rosidl_generator_pyExport.cmake
[4.530s] -- Up-to-date: /home/huy/nav2_ws/Vaccum-Robot-LDS02RR/install/share/explorer_interfaces/cmake/export_explorer_interfaces__rosidl_generator_pyExport-noconfig.cmake
[4.530s] -- Up-to-date: /home/huy/nav2_ws/Vaccum-Robot-LDS02RR/install/share/explorer_interfaces/cmake/rosidl_cmake-extras.cmake
[4.530s] -- Installing: /home/huy/nav2_ws/Vaccum-Robot-LDS02RR/install/share/explorer_interfaces/cmake/ament_cmake_export_dependencies-extras.cmake
[4.530s] -- Installing: /home/huy/nav2_ws/Vaccum-Robot-LDS02RR/install/share/explorer_interfaces/cmake/ament_cmake_export_include_directories-extras.cmake
[4.530s] -- Up-to-date: /home/huy/nav2_ws/Vaccum-Robot-LDS02RR/install/share/explorer_interfaces/cmake/ament_cmake_export_libraries-extras.cmake
[4.530s] -- Up-to-date: /home/huy/nav2_ws/Vaccum-Robot-LDS02RR/install/share/explorer_interfaces/cmake/ament_cmake_export_targets-extras.cmake
[4.530s] -- Up-to-date: /home/huy/nav2_ws/Vaccum-Robot-LDS02RR/install/share/explorer_interfaces/cmake/rosidl_cmake_export_typesupport_targets-extras.cmake
[4.530s] -- Up-to-date: /home/huy/nav2_ws/Vaccum-Robot-LDS02RR/install/share/explorer_interfaces/cmake/rosidl_cmake_export_typesupport_libraries-extras.cmake
[4.530s] -- Up-to-date: /home/huy/nav2_ws/Vaccum-Robot-LDS02RR/install/share/explorer_interfaces/cmake/explorer_interfacesConfig.cmake
[4.530s] -- Up-to-date: /home/huy/nav2_ws/Vaccum-Robot-LDS02RR/install/share/explorer_interfaces/cmake/explorer_interfacesConfig-version.cmake
[4.530s] -- Installing: /home/huy/nav2_ws/Vaccum-Robot-LDS02RR/install/share/explorer_interfaces/package.xml
[4.533s] Invoked command in '/home/huy/nav2_ws/Vaccum-Robot-LDS02RR/build/explorer_interfaces' returned '0': CMAKE_PREFIX_PATH=/home/huy/mnt/usb_ext4/opt/ros/humble /usr/bin/cmake --install /home/huy/nav2_ws/Vaccum-Robot-LDS02RR/build/explorer_interfaces
