[2.069s] Invoking command in '/home/huy/nav2_ws/Vaccum-Robot-LDS02RR/src/turtlebot3/turtlebot3_example': PYTHONPATH=/home/huy/nav2_ws/Vaccum-Robot-LDS02RR/build/turtlebot3_example/prefix_override:/usr/lib/python3/dist-packages/colcon_core/task/python/colcon_distutils_commands:/home/huy/nav2_ws/Vaccum-Robot-LDS02RR/install/lib/python3.10/site-packages: /usr/bin/python3 -W ignore:setup.py install is deprecated -W ignore:easy_install command is deprecated setup.py egg_info --egg-base ../../../build/turtlebot3_example build --build-base /home/huy/nav2_ws/Vaccum-Robot-LDS02RR/build/turtlebot3_example/build install --record /home/huy/nav2_ws/Vaccum-Robot-LDS02RR/build/turtlebot3_example/install.log --single-version-externally-managed install_data
[2.479s] running egg_info
[2.482s] writing ../../../build/turtlebot3_example/turtlebot3_example.egg-info/PKG-INFO
[2.484s] writing dependency_links to ../../../build/turtlebot3_example/turtlebot3_example.egg-info/dependency_links.txt
[2.484s] writing entry points to ../../../build/turtlebot3_example/turtlebot3_example.egg-info/entry_points.txt
[2.484s] writing requirements to ../../../build/turtlebot3_example/turtlebot3_example.egg-info/requires.txt
[2.484s] writing top-level names to ../../../build/turtlebot3_example/turtlebot3_example.egg-info/top_level.txt
[2.486s] reading manifest file '../../../build/turtlebot3_example/turtlebot3_example.egg-info/SOURCES.txt'
[2.487s] writing manifest file '../../../build/turtlebot3_example/turtlebot3_example.egg-info/SOURCES.txt'
[2.488s] running build
[2.488s] running build_py
[2.489s] running install
[2.489s] running install_lib
[2.492s] running install_data
[2.492s] running install_egg_info
[2.493s] removing '/home/huy/nav2_ws/Vaccum-Robot-LDS02RR/install/lib/python3.10/site-packages/turtlebot3_example-2.2.9-py3.10.egg-info' (and everything under it)
[2.494s] Copying ../../../build/turtlebot3_example/turtlebot3_example.egg-info to /home/huy/nav2_ws/Vaccum-Robot-LDS02RR/install/lib/python3.10/site-packages/turtlebot3_example-2.2.9-py3.10.egg-info
[2.495s] running install_scripts
[2.519s] Installing turtlebot3_absolute_move script to /home/huy/nav2_ws/Vaccum-Robot-LDS02RR/install/lib/turtlebot3_example
[2.519s] Installing turtlebot3_interactive_marker script to /home/huy/nav2_ws/Vaccum-Robot-LDS02RR/install/lib/turtlebot3_example
[2.520s] Installing turtlebot3_obstacle_detection script to /home/huy/nav2_ws/Vaccum-Robot-LDS02RR/install/lib/turtlebot3_example
[2.520s] Installing turtlebot3_patrol_client script to /home/huy/nav2_ws/Vaccum-Robot-LDS02RR/install/lib/turtlebot3_example
[2.521s] Installing turtlebot3_patrol_server script to /home/huy/nav2_ws/Vaccum-Robot-LDS02RR/install/lib/turtlebot3_example
[2.521s] Installing turtlebot3_relative_move script to /home/huy/nav2_ws/Vaccum-Robot-LDS02RR/install/lib/turtlebot3_example
[2.522s] writing list of installed files to '/home/huy/nav2_ws/Vaccum-Robot-LDS02RR/build/turtlebot3_example/install.log'
