[0.060s] Invoking command in '/home/huy/nav2_ws/Vaccum-Robot-LDS02RR/build/turtlebot3_description': /usr/bin/cmake /home/huy/nav2_ws/Vaccum-Robot-LDS02RR/src/turtlebot3/turtlebot3_description -DRMW_IMPLEMENTATION=rmw_cyclonedds_cpp -DCMAKE_TOOLCHAIN_FILE=/home/huy/nav2_ws/Vaccum-Robot-LDS02RR/toolchain_aarch64.cmake -DCMAKE_INSTALL_PREFIX=/home/huy/nav2_ws/Vaccum-Robot-LDS02RR/install
[0.283s] -- The C compiler identification is GNU 12.2.1
[0.536s] -- The CXX compiler identification is GNU 12.2.1
[0.560s] -- Detecting C compiler ABI info
[0.730s] -- Detecting C compiler ABI info - done
[0.746s] -- Check for working C compiler: /home/huy/mnt/usb_ext4/arm-gnu-toolchain-12.2.rel1-x86_64-aarch64-none-linux-gnu/bin/aarch64-none-linux-gnu-gcc - skipped
[0.748s] -- Detecting C compile features
[0.748s] -- Detecting C compile features - done
[0.754s] -- Detecting CXX compiler ABI info
[0.967s] -- Detecting CXX compiler ABI info - done
[1.056s] -- Check for working CXX compiler: /home/huy/mnt/usb_ext4/arm-gnu-toolchain-12.2.rel1-x86_64-aarch64-none-linux-gnu/bin/aarch64-none-linux-gnu-g++ - skipped
[1.236s] -- Detecting CXX compile features
[1.236s] -- Detecting CXX compile features - done
[1.236s] -- Found ament_cmake: 1.3.11 (/home/huy/mnt/usb_ext4/opt/ros/humble/share/ament_cmake/cmake)
[1.978s] -- Found Python3: /usr/bin/python3 (found version "3.10.12") found components: Interpreter 
[2.198s] -- Found urdf: 2.6.1 (/home/huy/mnt/usb_ext4/opt/ros/humble/share/urdf/cmake)
[2.437s] -- Configuring done
[2.448s] -- Generating done
[2.450s] [33mCMake Warning:
[2.450s]   Manually-specified variables were not used by the project:
[2.450s] 
[2.450s]     RMW_IMPLEMENTATION
[2.450s] 
[2.450s] [0m
[2.456s] -- Build files have been written to: /home/huy/nav2_ws/Vaccum-Robot-LDS02RR/build/turtlebot3_description
