[0.022s] Invoking command in '/home/huy/nav2_ws/Vaccum-Robot-LDS02RR/build/explorer_interfaces': CMAKE_PREFIX_PATH=/home/huy/mnt/usb_ext4/opt/ros/humble /usr/bin/cmake /home/huy/nav2_ws/Vaccum-Robot-LDS02RR/src/turtlebot3/explorer_interfaces -DRMW_IMPLEMENTATION=rmw_cyclonedds_cpp -DCMAKE_TOOLCHAIN_FILE=/home/huy/nav2_ws/Vaccum-Robot-LDS02RR/toolchain_aarch64.cmake -DCMAKE_INSTALL_PREFIX=/home/huy/nav2_ws/Vaccum-Robot-LDS02RR/install
[0.213s] -- The C compiler identification is GNU 12.2.1
[0.438s] -- The CXX compiler identification is GNU 12.2.1
[0.451s] -- Detecting C compiler ABI info
[0.634s] -- Detecting C compiler ABI info - done
[0.645s] -- Check for working C compiler: /home/huy/mnt/usb_ext4/arm-gnu-toolchain-12.2.rel1-x86_64-aarch64-none-linux-gnu/bin/aarch64-none-linux-gnu-gcc - skipped
[0.645s] -- Detecting C compile features
[0.646s] -- Detecting C compile features - done
[0.650s] -- Detecting CXX compiler ABI info
[0.867s] -- Detecting CXX compiler ABI info - done
[0.887s] -- Check for working CXX compiler: /home/huy/mnt/usb_ext4/arm-gnu-toolchain-12.2.rel1-x86_64-aarch64-none-linux-gnu/bin/aarch64-none-linux-gnu-g++ - skipped
[0.887s] -- Detecting CXX compile features
[0.888s] -- Detecting CXX compile features - done
[0.891s] -- Found ament_cmake: 1.3.11 (/home/huy/mnt/usb_ext4/opt/ros/humble/share/ament_cmake/cmake)
[1.094s] -- Found Python3: /usr/bin/python3 (found version "3.10.12") found components: Interpreter 
[1.223s] -- Found ament_lint_auto: 0.12.12 (/home/huy/mnt/usb_ext4/opt/ros/humble/share/ament_lint_auto/cmake)
[1.326s] -- Found rosidl_default_generators: 1.2.0 (/home/huy/mnt/usb_ext4/opt/ros/humble/share/rosidl_default_generators/cmake)
[1.329s] -- Using all available rosidl_typesupport_c: rosidl_typesupport_fastrtps_c;rosidl_typesupport_introspection_c
[1.335s] -- Found rosidl_adapter: 3.1.6 (/home/huy/mnt/usb_ext4/opt/ros/humble/share/rosidl_adapter/cmake)
[1.379s] -- Using all available rosidl_typesupport_cpp: rosidl_typesupport_fastrtps_cpp;rosidl_typesupport_introspection_cpp
[1.427s] -- Found geometry_msgs: 4.8.0 (/home/huy/mnt/usb_ext4/opt/ros/humble/share/geometry_msgs/cmake)
[1.482s] -- Found nav_msgs: 4.8.0 (/home/huy/mnt/usb_ext4/opt/ros/humble/share/nav_msgs/cmake)
[1.505s] -- Found action_msgs: 1.2.1 (/home/huy/mnt/usb_ext4/opt/ros/humble/share/action_msgs/cmake)
[1.887s] -- Found ament_cmake_ros: 0.10.0 (/home/huy/mnt/usb_ext4/opt/ros/humble/share/ament_cmake_ros/cmake)
[2.327s] -- Using all available rosidl_typesupport_c: rosidl_typesupport_fastrtps_c;rosidl_typesupport_introspection_c
[2.910s] -- Using all available rosidl_typesupport_cpp: rosidl_typesupport_fastrtps_cpp;rosidl_typesupport_introspection_cpp
[2.947s] -- Found PythonInterp: /usr/bin/python3 (found suitable version "3.10.12", minimum required is "3.6") 
[2.949s] -- Found python_cmake_module: 0.10.0 (/home/huy/mnt/usb_ext4/opt/ros/humble/share/python_cmake_module/cmake)
[2.994s] -- Found PythonLibs: /home/huy/mnt/usb_ext4/usr/lib/aarch64-linux-gnu/libpython3.10.so (found suitable version "3.10.12", minimum required is "3.5") 
[2.996s] -- Using PYTHON_EXECUTABLE: /usr/bin/python3
[2.996s] -- Using PYTHON_INCLUDE_DIRS: /home/huy/mnt/usb_ext4/usr/include/python3.10
[2.996s] -- Using PYTHON_LIBRARIES: /home/huy/mnt/usb_ext4/usr/lib/aarch64-linux-gnu/libpython3.10.so
[3.047s] -- Found PythonExtra: .so  
[3.159s] -- Added test 'copyright' to check source files copyright and LICENSE
[3.159s] -- Added test 'lint_cmake' to check CMake code style
[3.160s] -- Added test 'xmllint' to check XML markup files
[3.165s] -- Configuring done
[3.251s] -- Generating done
[3.259s] [33mCMake Warning:
[3.260s]   Manually-specified variables were not used by the project:
[3.260s] 
[3.260s]     RMW_IMPLEMENTATION
[3.260s] 
[3.260s] [0m
[3.280s] -- Build files have been written to: /home/huy/nav2_ws/Vaccum-Robot-LDS02RR/build/explorer_interfaces
[3.295s] Invoked command in '/home/huy/nav2_ws/Vaccum-Robot-LDS02RR/build/explorer_interfaces' returned '0': CMAKE_PREFIX_PATH=/home/huy/mnt/usb_ext4/opt/ros/humble /usr/bin/cmake /home/huy/nav2_ws/Vaccum-Robot-LDS02RR/src/turtlebot3/explorer_interfaces -DRMW_IMPLEMENTATION=rmw_cyclonedds_cpp -DCMAKE_TOOLCHAIN_FILE=/home/huy/nav2_ws/Vaccum-Robot-LDS02RR/toolchain_aarch64.cmake -DCMAKE_INSTALL_PREFIX=/home/huy/nav2_ws/Vaccum-Robot-LDS02RR/install
[3.303s] Invoking command in '/home/huy/nav2_ws/Vaccum-Robot-LDS02RR/build/explorer_interfaces': CMAKE_PREFIX_PATH=/home/huy/mnt/usb_ext4/opt/ros/humble /usr/bin/cmake --build /home/huy/nav2_ws/Vaccum-Robot-LDS02RR/build/explorer_interfaces -- -j4 -l4
[3.390s] [35m[1mConsolidate compiler generated dependencies of target explorer_interfaces__rosidl_generator_c[0m
[3.407s] [  2%] Built target explorer_interfaces__cpp
[3.428s] [ 12%] Built target explorer_interfaces__rosidl_generator_c
[3.429s] [ 12%] Built target ament_cmake_python_copy_explorer_interfaces
[3.437s] [35m[1mConsolidate compiler generated dependencies of target explorer_interfaces__rosidl_typesupport_cpp[0m
[3.443s] [35m[1mConsolidate compiler generated dependencies of target explorer_interfaces__rosidl_typesupport_fastrtps_cpp[0m
[3.467s] [35m[1mConsolidate compiler generated dependencies of target explorer_interfaces__rosidl_typesupport_fastrtps_c[0m
[3.467s] [35m[1mConsolidate compiler generated dependencies of target explorer_interfaces__rosidl_typesupport_introspection_cpp[0m
[3.477s] [ 23%] Built target explorer_interfaces__rosidl_typesupport_cpp
[3.506s] [ 33%] Built target explorer_interfaces__rosidl_typesupport_fastrtps_cpp
[3.520s] [35m[1mConsolidate compiler generated dependencies of target explorer_interfaces__rosidl_typesupport_introspection_c[0m
[3.521s] [ 43%] Built target explorer_interfaces__rosidl_typesupport_fastrtps_c
[3.535s] [35m[1mConsolidate compiler generated dependencies of target explorer_interfaces__rosidl_typesupport_c[0m
[3.541s] [ 53%] Built target explorer_interfaces__rosidl_typesupport_introspection_cpp
[3.564s] [ 64%] Built target explorer_interfaces__rosidl_typesupport_introspection_c
[3.567s] [ 74%] Built target explorer_interfaces__rosidl_typesupport_c
[3.611s] [ 74%] Built target explorer_interfaces
[3.648s] [ 76%] Built target explorer_interfaces__py
[3.669s] [35m[1mConsolidate compiler generated dependencies of target explorer_interfaces__rosidl_generator_py[0m
[3.701s] [ 84%] Built target explorer_interfaces__rosidl_generator_py
[3.718s] [35m[1mConsolidate compiler generated dependencies of target explorer_interfaces__rosidl_typesupport_fastrtps_c__pyext[0m
[3.726s] [35m[1mConsolidate compiler generated dependencies of target explorer_interfaces__rosidl_typesupport_c__pyext[0m
[3.732s] [35m[1mConsolidate compiler generated dependencies of target explorer_interfaces__rosidl_typesupport_introspection_c__pyext[0m
[3.744s] [ 89%] Built target explorer_interfaces__rosidl_typesupport_fastrtps_c__pyext
[3.754s] [ 94%] Built target explorer_interfaces__rosidl_typesupport_c__pyext
[3.761s] [100%] Built target explorer_interfaces__rosidl_typesupport_introspection_c__pyext
[3.892s] running egg_info
[3.893s] writing explorer_interfaces.egg-info/PKG-INFO
[3.894s] writing dependency_links to explorer_interfaces.egg-info/dependency_links.txt
[3.894s] writing top-level names to explorer_interfaces.egg-info/top_level.txt
[3.897s] reading manifest file 'explorer_interfaces.egg-info/SOURCES.txt'
[3.897s] writing manifest file 'explorer_interfaces.egg-info/SOURCES.txt'
[3.936s] [100%] Built target ament_cmake_python_build_explorer_interfaces_egg
[3.954s] Invoked command in '/home/huy/nav2_ws/Vaccum-Robot-LDS02RR/build/explorer_interfaces' returned '0': CMAKE_PREFIX_PATH=/home/huy/mnt/usb_ext4/opt/ros/humble /usr/bin/cmake --build /home/huy/nav2_ws/Vaccum-Robot-LDS02RR/build/explorer_interfaces -- -j4 -l4
[3.959s] Invoking command in '/home/huy/nav2_ws/Vaccum-Robot-LDS02RR/build/explorer_interfaces': CMAKE_PREFIX_PATH=/home/huy/mnt/usb_ext4/opt/ros/humble /usr/bin/cmake --install /home/huy/nav2_ws/Vaccum-Robot-LDS02RR/build/explorer_interfaces
[3.970s] -- Install configuration: ""
[3.970s] -- Up-to-date: /home/huy/nav2_ws/Vaccum-Robot-LDS02RR/install/share/ament_index/resource_index/rosidl_interfaces/explorer_interfaces
[3.970s] -- Up-to-date: /home/huy/nav2_ws/Vaccum-Robot-LDS02RR/install/include/explorer_interfaces/explorer_interfaces
[3.970s] -- Up-to-date: /home/huy/nav2_ws/Vaccum-Robot-LDS02RR/install/include/explorer_interfaces/explorer_interfaces/msg
[3.971s] -- Up-to-date: /home/huy/nav2_ws/Vaccum-Robot-LDS02RR/install/include/explorer_interfaces/explorer_interfaces/msg/rosidl_generator_c__visibility_control.h
[3.971s] -- Up-to-date: /home/huy/nav2_ws/Vaccum-Robot-LDS02RR/install/include/explorer_interfaces/explorer_interfaces/action
[3.971s] -- Up-to-date: /home/huy/nav2_ws/Vaccum-Robot-LDS02RR/install/include/explorer_interfaces/explorer_interfaces/action/detail
[3.971s] -- Up-to-date: /home/huy/nav2_ws/Vaccum-Robot-LDS02RR/install/include/explorer_interfaces/explorer_interfaces/action/detail/wander__struct.h
[3.971s] -- Up-to-date: /home/huy/nav2_ws/Vaccum-Robot-LDS02RR/install/include/explorer_interfaces/explorer_interfaces/action/detail/discover__type_support.h
[3.974s] -- Up-to-date: /home/huy/nav2_ws/Vaccum-Robot-LDS02RR/install/include/explorer_interfaces/explorer_interfaces/action/detail/wander__functions.c
[3.974s] -- Up-to-date: /home/huy/nav2_ws/Vaccum-Robot-LDS02RR/install/include/explorer_interfaces/explorer_interfaces/action/detail/wander__type_support.h
[3.974s] -- Up-to-date: /home/huy/nav2_ws/Vaccum-Robot-LDS02RR/install/include/explorer_interfaces/explorer_interfaces/action/detail/discover__functions.c
[3.974s] -- Up-to-date: /home/huy/nav2_ws/Vaccum-Robot-LDS02RR/install/include/explorer_interfaces/explorer_interfaces/action/detail/discover__functions.h
[3.974s] -- Up-to-date: /home/huy/nav2_ws/Vaccum-Robot-LDS02RR/install/include/explorer_interfaces/explorer_interfaces/action/detail/discover__struct.h
[3.975s] -- Up-to-date: /home/huy/nav2_ws/Vaccum-Robot-LDS02RR/install/include/explorer_interfaces/explorer_interfaces/action/detail/wander__functions.h
[3.975s] -- Up-to-date: /home/huy/nav2_ws/Vaccum-Robot-LDS02RR/install/include/explorer_interfaces/explorer_interfaces/action/wander.h
[3.975s] -- Up-to-date: /home/huy/nav2_ws/Vaccum-Robot-LDS02RR/install/include/explorer_interfaces/explorer_interfaces/action/discover.h
[3.975s] -- Up-to-date: /home/huy/nav2_ws/Vaccum-Robot-LDS02RR/install/share/explorer_interfaces/environment/library_path.sh
[3.975s] -- Installing: /home/huy/nav2_ws/Vaccum-Robot-LDS02RR/install/share/explorer_interfaces/environment/library_path.dsv
[3.975s] -- Installing: /home/huy/nav2_ws/Vaccum-Robot-LDS02RR/install/lib/libexplorer_interfaces__rosidl_generator_c.so
[3.975s] -- Set runtime path of "/home/huy/nav2_ws/Vaccum-Robot-LDS02RR/install/lib/libexplorer_interfaces__rosidl_generator_c.so" to ""
[3.975s] -- Up-to-date: /home/huy/nav2_ws/Vaccum-Robot-LDS02RR/install/include/explorer_interfaces/explorer_interfaces
[3.975s] -- Up-to-date: /home/huy/nav2_ws/Vaccum-Robot-LDS02RR/install/include/explorer_interfaces/explorer_interfaces/msg
[3.975s] -- Up-to-date: /home/huy/nav2_ws/Vaccum-Robot-LDS02RR/install/include/explorer_interfaces/explorer_interfaces/msg/rosidl_typesupport_fastrtps_c__visibility_control.h
[3.975s] -- Up-to-date: /home/huy/nav2_ws/Vaccum-Robot-LDS02RR/install/include/explorer_interfaces/explorer_interfaces/action
[3.975s] -- Up-to-date: /home/huy/nav2_ws/Vaccum-Robot-LDS02RR/install/include/explorer_interfaces/explorer_interfaces/action/detail
[3.976s] -- Up-to-date: /home/huy/nav2_ws/Vaccum-Robot-LDS02RR/install/include/explorer_interfaces/explorer_interfaces/action/detail/discover__rosidl_typesupport_fastrtps_c.h
[3.976s] -- Up-to-date: /home/huy/nav2_ws/Vaccum-Robot-LDS02RR/install/include/explorer_interfaces/explorer_interfaces/action/detail/wander__rosidl_typesupport_fastrtps_c.h
[3.976s] -- Installing: /home/huy/nav2_ws/Vaccum-Robot-LDS02RR/install/lib/libexplorer_interfaces__rosidl_typesupport_fastrtps_c.so
[3.976s] -- Set runtime path of "/home/huy/nav2_ws/Vaccum-Robot-LDS02RR/install/lib/libexplorer_interfaces__rosidl_typesupport_fastrtps_c.so" to ""
[3.976s] -- Up-to-date: /home/huy/nav2_ws/Vaccum-Robot-LDS02RR/install/include/explorer_interfaces/explorer_interfaces
[3.976s] -- Up-to-date: /home/huy/nav2_ws/Vaccum-Robot-LDS02RR/install/include/explorer_interfaces/explorer_interfaces/msg
[3.976s] -- Up-to-date: /home/huy/nav2_ws/Vaccum-Robot-LDS02RR/install/include/explorer_interfaces/explorer_interfaces/msg/rosidl_typesupport_introspection_c__visibility_control.h
[3.976s] -- Up-to-date: /home/huy/nav2_ws/Vaccum-Robot-LDS02RR/install/include/explorer_interfaces/explorer_interfaces/action
[3.976s] -- Up-to-date: /home/huy/nav2_ws/Vaccum-Robot-LDS02RR/install/include/explorer_interfaces/explorer_interfaces/action/detail
[3.976s] -- Up-to-date: /home/huy/nav2_ws/Vaccum-Robot-LDS02RR/install/include/explorer_interfaces/explorer_interfaces/action/detail/wander__rosidl_typesupport_introspection_c.h
[3.976s] -- Up-to-date: /home/huy/nav2_ws/Vaccum-Robot-LDS02RR/install/include/explorer_interfaces/explorer_interfaces/action/detail/discover__type_support.c
[3.976s] -- Up-to-date: /home/huy/nav2_ws/Vaccum-Robot-LDS02RR/install/include/explorer_interfaces/explorer_interfaces/action/detail/wander__type_support.c
[3.976s] -- Up-to-date: /home/huy/nav2_ws/Vaccum-Robot-LDS02RR/install/include/explorer_interfaces/explorer_interfaces/action/detail/discover__rosidl_typesupport_introspection_c.h
[3.976s] -- Installing: /home/huy/nav2_ws/Vaccum-Robot-LDS02RR/install/lib/libexplorer_interfaces__rosidl_typesupport_introspection_c.so
[3.976s] -- Set runtime path of "/home/huy/nav2_ws/Vaccum-Robot-LDS02RR/install/lib/libexplorer_interfaces__rosidl_typesupport_introspection_c.so" to ""
[3.977s] -- Installing: /home/huy/nav2_ws/Vaccum-Robot-LDS02RR/install/lib/libexplorer_interfaces__rosidl_typesupport_c.so
[3.977s] -- Set runtime path of "/home/huy/nav2_ws/Vaccum-Robot-LDS02RR/install/lib/libexplorer_interfaces__rosidl_typesupport_c.so" to ""
[3.977s] -- Up-to-date: /home/huy/nav2_ws/Vaccum-Robot-LDS02RR/install/include/explorer_interfaces/explorer_interfaces
[3.977s] -- Up-to-date: /home/huy/nav2_ws/Vaccum-Robot-LDS02RR/install/include/explorer_interfaces/explorer_interfaces/msg
[3.977s] -- Up-to-date: /home/huy/nav2_ws/Vaccum-Robot-LDS02RR/install/include/explorer_interfaces/explorer_interfaces/msg/rosidl_generator_cpp__visibility_control.hpp
[3.977s] -- Up-to-date: /home/huy/nav2_ws/Vaccum-Robot-LDS02RR/install/include/explorer_interfaces/explorer_interfaces/action
[3.977s] -- Up-to-date: /home/huy/nav2_ws/Vaccum-Robot-LDS02RR/install/include/explorer_interfaces/explorer_interfaces/action/detail
[3.977s] -- Up-to-date: /home/huy/nav2_ws/Vaccum-Robot-LDS02RR/install/include/explorer_interfaces/explorer_interfaces/action/detail/discover__builder.hpp
[3.977s] -- Up-to-date: /home/huy/nav2_ws/Vaccum-Robot-LDS02RR/install/include/explorer_interfaces/explorer_interfaces/action/detail/wander__builder.hpp
[3.977s] -- Up-to-date: /home/huy/nav2_ws/Vaccum-Robot-LDS02RR/install/include/explorer_interfaces/explorer_interfaces/action/detail/discover__traits.hpp
[3.977s] -- Up-to-date: /home/huy/nav2_ws/Vaccum-Robot-LDS02RR/install/include/explorer_interfaces/explorer_interfaces/action/detail/discover__type_support.hpp
[3.977s] -- Up-to-date: /home/huy/nav2_ws/Vaccum-Robot-LDS02RR/install/include/explorer_interfaces/explorer_interfaces/action/detail/wander__type_support.hpp
[3.977s] -- Up-to-date: /home/huy/nav2_ws/Vaccum-Robot-LDS02RR/install/include/explorer_interfaces/explorer_interfaces/action/detail/discover__struct.hpp
[3.977s] -- Up-to-date: /home/huy/nav2_ws/Vaccum-Robot-LDS02RR/install/include/explorer_interfaces/explorer_interfaces/action/detail/wander__struct.hpp
[3.977s] -- Up-to-date: /home/huy/nav2_ws/Vaccum-Robot-LDS02RR/install/include/explorer_interfaces/explorer_interfaces/action/detail/wander__traits.hpp
[3.978s] -- Up-to-date: /home/huy/nav2_ws/Vaccum-Robot-LDS02RR/install/include/explorer_interfaces/explorer_interfaces/action/wander.hpp
[3.978s] -- Up-to-date: /home/huy/nav2_ws/Vaccum-Robot-LDS02RR/install/include/explorer_interfaces/explorer_interfaces/action/discover.hpp
[3.978s] -- Up-to-date: /home/huy/nav2_ws/Vaccum-Robot-LDS02RR/install/include/explorer_interfaces/explorer_interfaces
[3.979s] -- Up-to-date: /home/huy/nav2_ws/Vaccum-Robot-LDS02RR/install/include/explorer_interfaces/explorer_interfaces/msg
[3.979s] -- Up-to-date: /home/huy/nav2_ws/Vaccum-Robot-LDS02RR/install/include/explorer_interfaces/explorer_interfaces/msg/rosidl_typesupport_fastrtps_cpp__visibility_control.h
[3.979s] -- Up-to-date: /home/huy/nav2_ws/Vaccum-Robot-LDS02RR/install/include/explorer_interfaces/explorer_interfaces/action
[3.979s] -- Up-to-date: /home/huy/nav2_ws/Vaccum-Robot-LDS02RR/install/include/explorer_interfaces/explorer_interfaces/action/detail
[3.979s] -- Up-to-date: /home/huy/nav2_ws/Vaccum-Robot-LDS02RR/install/include/explorer_interfaces/explorer_interfaces/action/detail/discover__rosidl_typesupport_fastrtps_cpp.hpp
[3.984s] -- Up-to-date: /home/huy/nav2_ws/Vaccum-Robot-LDS02RR/install/include/explorer_interfaces/explorer_interfaces/action/detail/dds_fastrtps
[3.984s] -- Up-to-date: /home/huy/nav2_ws/Vaccum-Robot-LDS02RR/install/include/explorer_interfaces/explorer_interfaces/action/detail/wander__rosidl_typesupport_fastrtps_cpp.hpp
[3.984s] -- Installing: /home/huy/nav2_ws/Vaccum-Robot-LDS02RR/install/lib/libexplorer_interfaces__rosidl_typesupport_fastrtps_cpp.so
[3.984s] -- Set runtime path of "/home/huy/nav2_ws/Vaccum-Robot-LDS02RR/install/lib/libexplorer_interfaces__rosidl_typesupport_fastrtps_cpp.so" to ""
[3.984s] -- Up-to-date: /home/huy/nav2_ws/Vaccum-Robot-LDS02RR/install/include/explorer_interfaces/explorer_interfaces
[3.984s] -- Up-to-date: /home/huy/nav2_ws/Vaccum-Robot-LDS02RR/install/include/explorer_interfaces/explorer_interfaces/action
[3.984s] -- Up-to-date: /home/huy/nav2_ws/Vaccum-Robot-LDS02RR/install/include/explorer_interfaces/explorer_interfaces/action/detail
[3.984s] -- Up-to-date: /home/huy/nav2_ws/Vaccum-Robot-LDS02RR/install/include/explorer_interfaces/explorer_interfaces/action/detail/discover__type_support.cpp
[3.985s] -- Up-to-date: /home/huy/nav2_ws/Vaccum-Robot-LDS02RR/install/include/explorer_interfaces/explorer_interfaces/action/detail/discover__rosidl_typesupport_introspection_cpp.hpp
[3.985s] -- Up-to-date: /home/huy/nav2_ws/Vaccum-Robot-LDS02RR/install/include/explorer_interfaces/explorer_interfaces/action/detail/wander__type_support.cpp
[3.985s] -- Up-to-date: /home/huy/nav2_ws/Vaccum-Robot-LDS02RR/install/include/explorer_interfaces/explorer_interfaces/action/detail/wander__rosidl_typesupport_introspection_cpp.hpp
[3.985s] -- Installing: /home/huy/nav2_ws/Vaccum-Robot-LDS02RR/install/lib/libexplorer_interfaces__rosidl_typesupport_introspection_cpp.so
[3.985s] -- Set runtime path of "/home/huy/nav2_ws/Vaccum-Robot-LDS02RR/install/lib/libexplorer_interfaces__rosidl_typesupport_introspection_cpp.so" to ""
[3.985s] -- Installing: /home/huy/nav2_ws/Vaccum-Robot-LDS02RR/install/lib/libexplorer_interfaces__rosidl_typesupport_cpp.so
[3.985s] -- Set runtime path of "/home/huy/nav2_ws/Vaccum-Robot-LDS02RR/install/lib/libexplorer_interfaces__rosidl_typesupport_cpp.so" to ""
[3.985s] -- Up-to-date: /home/huy/nav2_ws/Vaccum-Robot-LDS02RR/install/share/explorer_interfaces/environment/pythonpath.sh
[3.985s] -- Installing: /home/huy/nav2_ws/Vaccum-Robot-LDS02RR/install/share/explorer_interfaces/environment/pythonpath.dsv
[3.985s] -- Up-to-date: /home/huy/nav2_ws/Vaccum-Robot-LDS02RR/install/local/lib/python3.10/dist-packages/explorer_interfaces-0.0.0-py3.10.egg-info
[3.985s] -- Installing: /home/huy/nav2_ws/Vaccum-Robot-LDS02RR/install/local/lib/python3.10/dist-packages/explorer_interfaces-0.0.0-py3.10.egg-info/SOURCES.txt
[3.985s] -- Installing: /home/huy/nav2_ws/Vaccum-Robot-LDS02RR/install/local/lib/python3.10/dist-packages/explorer_interfaces-0.0.0-py3.10.egg-info/PKG-INFO
[3.986s] -- Installing: /home/huy/nav2_ws/Vaccum-Robot-LDS02RR/install/local/lib/python3.10/dist-packages/explorer_interfaces-0.0.0-py3.10.egg-info/dependency_links.txt
[3.986s] -- Installing: /home/huy/nav2_ws/Vaccum-Robot-LDS02RR/install/local/lib/python3.10/dist-packages/explorer_interfaces-0.0.0-py3.10.egg-info/top_level.txt
[3.986s] -- Up-to-date: /home/huy/nav2_ws/Vaccum-Robot-LDS02RR/install/local/lib/python3.10/dist-packages/explorer_interfaces
[3.986s] -- Up-to-date: /home/huy/nav2_ws/Vaccum-Robot-LDS02RR/install/local/lib/python3.10/dist-packages/explorer_interfaces/explorer_interfaces_s__rosidl_typesupport_c.cpython-310-x86_64-linux-gnu.so
[3.986s] -- Up-to-date: /home/huy/nav2_ws/Vaccum-Robot-LDS02RR/install/local/lib/python3.10/dist-packages/explorer_interfaces/libexplorer_interfaces__rosidl_generator_py.so
[3.986s] -- Up-to-date: /home/huy/nav2_ws/Vaccum-Robot-LDS02RR/install/local/lib/python3.10/dist-packages/explorer_interfaces/explorer_interfaces_s__rosidl_typesupport_fastrtps_c.cpython-310-x86_64-linux-gnu.so
[3.986s] -- Up-to-date: /home/huy/nav2_ws/Vaccum-Robot-LDS02RR/install/local/lib/python3.10/dist-packages/explorer_interfaces/_explorer_interfaces_s.ep.rosidl_typesupport_c.c
[3.986s] -- Installing: /home/huy/nav2_ws/Vaccum-Robot-LDS02RR/install/local/lib/python3.10/dist-packages/explorer_interfaces/__init__.py
[3.986s] -- Up-to-date: /home/huy/nav2_ws/Vaccum-Robot-LDS02RR/install/local/lib/python3.10/dist-packages/explorer_interfaces/explorer_interfaces_s__rosidl_typesupport_introspection_c.cpython-310-x86_64-linux-gnu.so
[3.986s] -- Up-to-date: /home/huy/nav2_ws/Vaccum-Robot-LDS02RR/install/local/lib/python3.10/dist-packages/explorer_interfaces/action
[3.986s] -- Up-to-date: /home/huy/nav2_ws/Vaccum-Robot-LDS02RR/install/local/lib/python3.10/dist-packages/explorer_interfaces/action/_discover.py
[3.986s] -- Up-to-date: /home/huy/nav2_ws/Vaccum-Robot-LDS02RR/install/local/lib/python3.10/dist-packages/explorer_interfaces/action/_discover_s.c
[3.986s] -- Up-to-date: /home/huy/nav2_ws/Vaccum-Robot-LDS02RR/install/local/lib/python3.10/dist-packages/explorer_interfaces/action/_wander.py
[3.987s] -- Up-to-date: /home/huy/nav2_ws/Vaccum-Robot-LDS02RR/install/local/lib/python3.10/dist-packages/explorer_interfaces/action/__init__.py
[3.987s] -- Up-to-date: /home/huy/nav2_ws/Vaccum-Robot-LDS02RR/install/local/lib/python3.10/dist-packages/explorer_interfaces/action/_wander_s.c
[3.987s] -- Up-to-date: /home/huy/nav2_ws/Vaccum-Robot-LDS02RR/install/local/lib/python3.10/dist-packages/explorer_interfaces/_explorer_interfaces_s.ep.rosidl_typesupport_fastrtps_c.c
[3.987s] -- Up-to-date: /home/huy/nav2_ws/Vaccum-Robot-LDS02RR/install/local/lib/python3.10/dist-packages/explorer_interfaces/_explorer_interfaces_s.ep.rosidl_typesupport_introspection_c.c
[4.024s] Listing '/home/huy/nav2_ws/Vaccum-Robot-LDS02RR/install/local/lib/python3.10/dist-packages/explorer_interfaces'...
[4.024s] Compiling '/home/huy/nav2_ws/Vaccum-Robot-LDS02RR/install/local/lib/python3.10/dist-packages/explorer_interfaces/__init__.py'...
[4.024s] Listing '/home/huy/nav2_ws/Vaccum-Robot-LDS02RR/install/local/lib/python3.10/dist-packages/explorer_interfaces/action'...
[4.030s] -- Installing: /home/huy/nav2_ws/Vaccum-Robot-LDS02RR/install/local/lib/python3.10/dist-packages/explorer_interfaces/explorer_interfaces_s__rosidl_typesupport_fastrtps_c.cpython-310-x86_64-linux-gnu.so
[4.031s] -- Set runtime path of "/home/huy/nav2_ws/Vaccum-Robot-LDS02RR/install/local/lib/python3.10/dist-packages/explorer_interfaces/explorer_interfaces_s__rosidl_typesupport_fastrtps_c.cpython-310-x86_64-linux-gnu.so" to ""
[4.032s] -- Installing: /home/huy/nav2_ws/Vaccum-Robot-LDS02RR/install/local/lib/python3.10/dist-packages/explorer_interfaces/explorer_interfaces_s__rosidl_typesupport_introspection_c.cpython-310-x86_64-linux-gnu.so
[4.034s] -- Set runtime path of "/home/huy/nav2_ws/Vaccum-Robot-LDS02RR/install/local/lib/python3.10/dist-packages/explorer_interfaces/explorer_interfaces_s__rosidl_typesupport_introspection_c.cpython-310-x86_64-linux-gnu.so" to ""
[4.034s] -- Installing: /home/huy/nav2_ws/Vaccum-Robot-LDS02RR/install/local/lib/python3.10/dist-packages/explorer_interfaces/explorer_interfaces_s__rosidl_typesupport_c.cpython-310-x86_64-linux-gnu.so
[4.035s] -- Set runtime path of "/home/huy/nav2_ws/Vaccum-Robot-LDS02RR/install/local/lib/python3.10/dist-packages/explorer_interfaces/explorer_interfaces_s__rosidl_typesupport_c.cpython-310-x86_64-linux-gnu.so" to ""
[4.037s] -- Installing: /home/huy/nav2_ws/Vaccum-Robot-LDS02RR/install/lib/libexplorer_interfaces__rosidl_generator_py.so
[4.038s] -- Set runtime path of "/home/huy/nav2_ws/Vaccum-Robot-LDS02RR/install/lib/libexplorer_interfaces__rosidl_generator_py.so" to ""
[4.038s] -- Up-to-date: /home/huy/nav2_ws/Vaccum-Robot-LDS02RR/install/share/explorer_interfaces/action/Wander.idl
[4.038s] -- Up-to-date: /home/huy/nav2_ws/Vaccum-Robot-LDS02RR/install/share/explorer_interfaces/action/Discover.idl
[4.038s] -- Up-to-date: /home/huy/nav2_ws/Vaccum-Robot-LDS02RR/install/share/explorer_interfaces/action/Wander.action
[4.038s] -- Up-to-date: /home/huy/nav2_ws/Vaccum-Robot-LDS02RR/install/share/explorer_interfaces/action/Discover.action
[4.039s] -- Up-to-date: /home/huy/nav2_ws/Vaccum-Robot-LDS02RR/install/share/ament_index/resource_index/package_run_dependencies/explorer_interfaces
[4.040s] -- Up-to-date: /home/huy/nav2_ws/Vaccum-Robot-LDS02RR/install/share/ament_index/resource_index/parent_prefix_path/explorer_interfaces
[4.040s] -- Up-to-date: /home/huy/nav2_ws/Vaccum-Robot-LDS02RR/install/share/explorer_interfaces/environment/ament_prefix_path.sh
[4.040s] -- Installing: /home/huy/nav2_ws/Vaccum-Robot-LDS02RR/install/share/explorer_interfaces/environment/ament_prefix_path.dsv
[4.041s] -- Up-to-date: /home/huy/nav2_ws/Vaccum-Robot-LDS02RR/install/share/explorer_interfaces/environment/path.sh
[4.042s] -- Installing: /home/huy/nav2_ws/Vaccum-Robot-LDS02RR/install/share/explorer_interfaces/environment/path.dsv
[4.042s] -- Up-to-date: /home/huy/nav2_ws/Vaccum-Robot-LDS02RR/install/share/explorer_interfaces/local_setup.bash
[4.042s] -- Up-to-date: /home/huy/nav2_ws/Vaccum-Robot-LDS02RR/install/share/explorer_interfaces/local_setup.sh
[4.042s] -- Up-to-date: /home/huy/nav2_ws/Vaccum-Robot-LDS02RR/install/share/explorer_interfaces/local_setup.zsh
[4.042s] -- Installing: /home/huy/nav2_ws/Vaccum-Robot-LDS02RR/install/share/explorer_interfaces/local_setup.dsv
[4.042s] -- Installing: /home/huy/nav2_ws/Vaccum-Robot-LDS02RR/install/share/explorer_interfaces/package.dsv
[4.042s] -- Up-to-date: /home/huy/nav2_ws/Vaccum-Robot-LDS02RR/install/share/ament_index/resource_index/packages/explorer_interfaces
[4.043s] -- Up-to-date: /home/huy/nav2_ws/Vaccum-Robot-LDS02RR/install/share/explorer_interfaces/cmake/export_explorer_interfaces__rosidl_generator_cExport.cmake
[4.043s] -- Up-to-date: /home/huy/nav2_ws/Vaccum-Robot-LDS02RR/install/share/explorer_interfaces/cmake/export_explorer_interfaces__rosidl_generator_cExport-noconfig.cmake
[4.044s] -- Up-to-date: /home/huy/nav2_ws/Vaccum-Robot-LDS02RR/install/share/explorer_interfaces/cmake/export_explorer_interfaces__rosidl_typesupport_fastrtps_cExport.cmake
[4.044s] -- Up-to-date: /home/huy/nav2_ws/Vaccum-Robot-LDS02RR/install/share/explorer_interfaces/cmake/export_explorer_interfaces__rosidl_typesupport_fastrtps_cExport-noconfig.cmake
[4.045s] -- Up-to-date: /home/huy/nav2_ws/Vaccum-Robot-LDS02RR/install/share/explorer_interfaces/cmake/explorer_interfaces__rosidl_typesupport_introspection_cExport.cmake
[4.045s] -- Up-to-date: /home/huy/nav2_ws/Vaccum-Robot-LDS02RR/install/share/explorer_interfaces/cmake/explorer_interfaces__rosidl_typesupport_introspection_cExport-noconfig.cmake
[4.045s] -- Up-to-date: /home/huy/nav2_ws/Vaccum-Robot-LDS02RR/install/share/explorer_interfaces/cmake/explorer_interfaces__rosidl_typesupport_cExport.cmake
[4.045s] -- Up-to-date: /home/huy/nav2_ws/Vaccum-Robot-LDS02RR/install/share/explorer_interfaces/cmake/explorer_interfaces__rosidl_typesupport_cExport-noconfig.cmake
[4.045s] -- Up-to-date: /home/huy/nav2_ws/Vaccum-Robot-LDS02RR/install/share/explorer_interfaces/cmake/export_explorer_interfaces__rosidl_generator_cppExport.cmake
[4.045s] -- Up-to-date: /home/huy/nav2_ws/Vaccum-Robot-LDS02RR/install/share/explorer_interfaces/cmake/export_explorer_interfaces__rosidl_typesupport_fastrtps_cppExport.cmake
[4.045s] -- Up-to-date: /home/huy/nav2_ws/Vaccum-Robot-LDS02RR/install/share/explorer_interfaces/cmake/export_explorer_interfaces__rosidl_typesupport_fastrtps_cppExport-noconfig.cmake
[4.045s] -- Up-to-date: /home/huy/nav2_ws/Vaccum-Robot-LDS02RR/install/share/explorer_interfaces/cmake/explorer_interfaces__rosidl_typesupport_introspection_cppExport.cmake
[4.045s] -- Up-to-date: /home/huy/nav2_ws/Vaccum-Robot-LDS02RR/install/share/explorer_interfaces/cmake/explorer_interfaces__rosidl_typesupport_introspection_cppExport-noconfig.cmake
[4.046s] -- Up-to-date: /home/huy/nav2_ws/Vaccum-Robot-LDS02RR/install/share/explorer_interfaces/cmake/explorer_interfaces__rosidl_typesupport_cppExport.cmake
[4.046s] -- Up-to-date: /home/huy/nav2_ws/Vaccum-Robot-LDS02RR/install/share/explorer_interfaces/cmake/explorer_interfaces__rosidl_typesupport_cppExport-noconfig.cmake
[4.046s] -- Up-to-date: /home/huy/nav2_ws/Vaccum-Robot-LDS02RR/install/share/explorer_interfaces/cmake/export_explorer_interfaces__rosidl_generator_pyExport.cmake
[4.046s] -- Up-to-date: /home/huy/nav2_ws/Vaccum-Robot-LDS02RR/install/share/explorer_interfaces/cmake/export_explorer_interfaces__rosidl_generator_pyExport-noconfig.cmake
[4.046s] -- Up-to-date: /home/huy/nav2_ws/Vaccum-Robot-LDS02RR/install/share/explorer_interfaces/cmake/rosidl_cmake-extras.cmake
[4.046s] -- Up-to-date: /home/huy/nav2_ws/Vaccum-Robot-LDS02RR/install/share/explorer_interfaces/cmake/ament_cmake_export_dependencies-extras.cmake
[4.046s] -- Up-to-date: /home/huy/nav2_ws/Vaccum-Robot-LDS02RR/install/share/explorer_interfaces/cmake/ament_cmake_export_include_directories-extras.cmake
[4.046s] -- Up-to-date: /home/huy/nav2_ws/Vaccum-Robot-LDS02RR/install/share/explorer_interfaces/cmake/ament_cmake_export_libraries-extras.cmake
[4.046s] -- Up-to-date: /home/huy/nav2_ws/Vaccum-Robot-LDS02RR/install/share/explorer_interfaces/cmake/ament_cmake_export_targets-extras.cmake
[4.046s] -- Up-to-date: /home/huy/nav2_ws/Vaccum-Robot-LDS02RR/install/share/explorer_interfaces/cmake/rosidl_cmake_export_typesupport_targets-extras.cmake
[4.046s] -- Up-to-date: /home/huy/nav2_ws/Vaccum-Robot-LDS02RR/install/share/explorer_interfaces/cmake/rosidl_cmake_export_typesupport_libraries-extras.cmake
[4.046s] -- Up-to-date: /home/huy/nav2_ws/Vaccum-Robot-LDS02RR/install/share/explorer_interfaces/cmake/explorer_interfacesConfig.cmake
[4.046s] -- Up-to-date: /home/huy/nav2_ws/Vaccum-Robot-LDS02RR/install/share/explorer_interfaces/cmake/explorer_interfacesConfig-version.cmake
[4.046s] -- Up-to-date: /home/huy/nav2_ws/Vaccum-Robot-LDS02RR/install/share/explorer_interfaces/package.xml
[4.050s] Invoked command in '/home/huy/nav2_ws/Vaccum-Robot-LDS02RR/build/explorer_interfaces' returned '0': CMAKE_PREFIX_PATH=/home/huy/mnt/usb_ext4/opt/ros/humble /usr/bin/cmake --install /home/huy/nav2_ws/Vaccum-Robot-LDS02RR/build/explorer_interfaces
