[0.032s] Invoking command in '/home/huy/nav2_ws/Vaccum-Robot-LDS02RR/build/lds02rr_lidar': CMAKE_PREFIX_PATH=/home/huy/mnt/usb_ext4/opt/ros/humble /usr/bin/cmake /home/huy/nav2_ws/Vaccum-Robot-LDS02RR/src/turtlebot3/lds02rr_lidar -DRMW_IMPLEMENTATION=rmw_cyclonedds_cpp -DCMAKE_TOOLCHAIN_FILE=/home/huy/nav2_ws/Vaccum-Robot-LDS02RR/toolchain_aarch64.cmake -DCMAKE_INSTALL_PREFIX=/home/huy/nav2_ws/Vaccum-Robot-LDS02RR/install
[0.250s] -- The C compiler identification is GNU 12.2.1
[0.526s] -- The CXX compiler identification is GNU 12.2.1
[0.562s] -- Detecting C compiler ABI info
[0.769s] -- Detecting C compiler ABI info - done
[0.786s] -- Check for working C compiler: /home/huy/mnt/usb_ext4/arm-gnu-toolchain-12.2.rel1-x86_64-aarch64-none-linux-gnu/bin/aarch64-none-linux-gnu-gcc - skipped
[0.786s] -- Detecting C compile features
[0.786s] -- Detecting C compile features - done
[0.796s] -- Detecting CXX compiler ABI info
[1.091s] -- Detecting CXX compiler ABI info - done
[1.117s] -- Check for working CXX compiler: /home/huy/mnt/usb_ext4/arm-gnu-toolchain-12.2.rel1-x86_64-aarch64-none-linux-gnu/bin/aarch64-none-linux-gnu-g++ - skipped
[1.117s] -- Detecting CXX compile features
[1.118s] -- Detecting CXX compile features - done
[1.118s] -- Found ament_cmake: 1.3.11 (/home/huy/mnt/usb_ext4/opt/ros/humble/share/ament_cmake/cmake)
[1.418s] -- Found Python3: /usr/bin/python3 (found version "3.10.12") found components: Interpreter 
[1.581s] -- Found rclcpp: 16.0.12 (/home/huy/mnt/usb_ext4/opt/ros/humble/share/rclcpp/cmake)
[1.648s] -- Found rosidl_generator_c: 3.1.6 (/home/huy/mnt/usb_ext4/opt/ros/humble/share/rosidl_generator_c/cmake)
[1.658s] -- Found rosidl_adapter: 3.1.6 (/home/huy/mnt/usb_ext4/opt/ros/humble/share/rosidl_adapter/cmake)
[1.670s] -- Found rosidl_generator_cpp: 3.1.6 (/home/huy/mnt/usb_ext4/opt/ros/humble/share/rosidl_generator_cpp/cmake)
[1.697s] -- Using all available rosidl_typesupport_c: rosidl_typesupport_fastrtps_c;rosidl_typesupport_introspection_c
[1.729s] -- Using all available rosidl_typesupport_cpp: rosidl_typesupport_fastrtps_cpp;rosidl_typesupport_introspection_cpp
[1.819s] -- Found rmw_implementation_cmake: 6.1.2 (/home/huy/mnt/usb_ext4/opt/ros/humble/share/rmw_implementation_cmake/cmake)
[1.822s] -- Found rmw_cyclonedds_cpp: 1.3.4 (/home/huy/mnt/usb_ext4/opt/ros/humble/share/rmw_cyclonedds_cpp/cmake)
[1.877s] -- Using RMW implementation 'rmw_cyclonedds_cpp' as default
[1.888s] -- Looking for pthread.h
[2.068s] -- Looking for pthread.h - found
[2.069s] -- Found Threads: TRUE  
[2.167s] -- Found sensor_msgs: 4.8.0 (/home/huy/mnt/usb_ext4/opt/ros/humble/share/sensor_msgs/cmake)
[2.237s] -- Found Boost: /home/huy/mnt/usb_ext4/usr/lib/aarch64-linux-gnu/cmake/Boost-1.74.0/BoostConfig.cmake (found version "1.74.0") found components: system 
[2.257s] -- Found ament_lint_auto: 0.12.12 (/home/huy/mnt/usb_ext4/opt/ros/humble/share/ament_lint_auto/cmake)
[2.450s] -- Added test 'copyright' to check source files copyright and LICENSE
[2.454s] -- Added test 'cppcheck' to perform static code analysis on C / C++ code
[2.455s] -- Configured cppcheck include dirs: /home/huy/nav2_ws/Vaccum-Robot-LDS02RR/src/turtlebot3/lds02rr_lidar/include
[2.455s] -- Configured cppcheck exclude dirs and/or files: 
[2.456s] -- Added test 'cpplint' to check C / C++ code against the Google style
[2.456s] -- Configured cpplint exclude dirs and/or files: 
[2.457s] -- Added test 'flake8' to check Python code syntax and style conventions
[2.458s] -- Added test 'lint_cmake' to check CMake code style
[2.459s] -- Added test 'pep257' to check Python code against some of the docstring style conventions in PEP 257
[2.460s] -- Added test 'uncrustify' to check C / C++ code style
[2.461s] -- Configured uncrustify additional arguments: 
[2.462s] -- Added test 'xmllint' to check XML markup files
[2.468s] -- Configuring done
[2.493s] -- Generating done
[2.505s] -- Build files have been written to: /home/huy/nav2_ws/Vaccum-Robot-LDS02RR/build/lds02rr_lidar
[2.528s] Invoked command in '/home/huy/nav2_ws/Vaccum-Robot-LDS02RR/build/lds02rr_lidar' returned '0': CMAKE_PREFIX_PATH=/home/huy/mnt/usb_ext4/opt/ros/humble /usr/bin/cmake /home/huy/nav2_ws/Vaccum-Robot-LDS02RR/src/turtlebot3/lds02rr_lidar -DRMW_IMPLEMENTATION=rmw_cyclonedds_cpp -DCMAKE_TOOLCHAIN_FILE=/home/huy/nav2_ws/Vaccum-Robot-LDS02RR/toolchain_aarch64.cmake -DCMAKE_INSTALL_PREFIX=/home/huy/nav2_ws/Vaccum-Robot-LDS02RR/install
[2.529s] Invoking command in '/home/huy/nav2_ws/Vaccum-Robot-LDS02RR/build/lds02rr_lidar': CMAKE_PREFIX_PATH=/home/huy/mnt/usb_ext4/opt/ros/humble /usr/bin/cmake --build /home/huy/nav2_ws/Vaccum-Robot-LDS02RR/build/lds02rr_lidar -- -j4 -l4
[2.635s] [35m[1mConsolidate compiler generated dependencies of target lds02rr_node[0m
[2.705s] [100%] Built target lds02rr_node
[2.727s] Invoked command in '/home/huy/nav2_ws/Vaccum-Robot-LDS02RR/build/lds02rr_lidar' returned '0': CMAKE_PREFIX_PATH=/home/huy/mnt/usb_ext4/opt/ros/humble /usr/bin/cmake --build /home/huy/nav2_ws/Vaccum-Robot-LDS02RR/build/lds02rr_lidar -- -j4 -l4
[2.736s] Invoking command in '/home/huy/nav2_ws/Vaccum-Robot-LDS02RR/build/lds02rr_lidar': CMAKE_PREFIX_PATH=/home/huy/mnt/usb_ext4/opt/ros/humble /usr/bin/cmake --install /home/huy/nav2_ws/Vaccum-Robot-LDS02RR/build/lds02rr_lidar
[2.747s] -- Install configuration: ""
[2.748s] -- Up-to-date: /home/huy/nav2_ws/Vaccum-Robot-LDS02RR/install/share/lds02rr_lidar/launch
[2.748s] -- Up-to-date: /home/huy/nav2_ws/Vaccum-Robot-LDS02RR/install/share/lds02rr_lidar/launch/lds02rr.launch.py
[2.749s] -- Installing: /home/huy/nav2_ws/Vaccum-Robot-LDS02RR/install/lib/lds02rr_lidar/lds02rr_node
[2.756s] -- Set runtime path of "/home/huy/nav2_ws/Vaccum-Robot-LDS02RR/install/lib/lds02rr_lidar/lds02rr_node" to ""
[2.756s] -- Up-to-date: /home/huy/nav2_ws/Vaccum-Robot-LDS02RR/install/share/ament_index/resource_index/package_run_dependencies/lds02rr_lidar
[2.757s] -- Up-to-date: /home/huy/nav2_ws/Vaccum-Robot-LDS02RR/install/share/ament_index/resource_index/parent_prefix_path/lds02rr_lidar
[2.757s] -- Up-to-date: /home/huy/nav2_ws/Vaccum-Robot-LDS02RR/install/share/lds02rr_lidar/environment/ament_prefix_path.sh
[2.757s] -- Installing: /home/huy/nav2_ws/Vaccum-Robot-LDS02RR/install/share/lds02rr_lidar/environment/ament_prefix_path.dsv
[2.757s] -- Up-to-date: /home/huy/nav2_ws/Vaccum-Robot-LDS02RR/install/share/lds02rr_lidar/environment/path.sh
[2.757s] -- Installing: /home/huy/nav2_ws/Vaccum-Robot-LDS02RR/install/share/lds02rr_lidar/environment/path.dsv
[2.757s] -- Up-to-date: /home/huy/nav2_ws/Vaccum-Robot-LDS02RR/install/share/lds02rr_lidar/local_setup.bash
[2.757s] -- Up-to-date: /home/huy/nav2_ws/Vaccum-Robot-LDS02RR/install/share/lds02rr_lidar/local_setup.sh
[2.757s] -- Up-to-date: /home/huy/nav2_ws/Vaccum-Robot-LDS02RR/install/share/lds02rr_lidar/local_setup.zsh
[2.757s] -- Installing: /home/huy/nav2_ws/Vaccum-Robot-LDS02RR/install/share/lds02rr_lidar/local_setup.dsv
[2.757s] -- Installing: /home/huy/nav2_ws/Vaccum-Robot-LDS02RR/install/share/lds02rr_lidar/package.dsv
[2.757s] -- Up-to-date: /home/huy/nav2_ws/Vaccum-Robot-LDS02RR/install/share/ament_index/resource_index/packages/lds02rr_lidar
[2.757s] -- Up-to-date: /home/huy/nav2_ws/Vaccum-Robot-LDS02RR/install/share/lds02rr_lidar/cmake/ament_cmake_export_dependencies-extras.cmake
[2.757s] -- Up-to-date: /home/huy/nav2_ws/Vaccum-Robot-LDS02RR/install/share/lds02rr_lidar/cmake/ament_cmake_export_include_directories-extras.cmake
[2.757s] -- Up-to-date: /home/huy/nav2_ws/Vaccum-Robot-LDS02RR/install/share/lds02rr_lidar/cmake/lds02rr_lidarConfig.cmake
[2.757s] -- Up-to-date: /home/huy/nav2_ws/Vaccum-Robot-LDS02RR/install/share/lds02rr_lidar/cmake/lds02rr_lidarConfig-version.cmake
[2.758s] -- Up-to-date: /home/huy/nav2_ws/Vaccum-Robot-LDS02RR/install/share/lds02rr_lidar/package.xml
[2.764s] Invoked command in '/home/huy/nav2_ws/Vaccum-Robot-LDS02RR/build/lds02rr_lidar' returned '0': CMAKE_PREFIX_PATH=/home/huy/mnt/usb_ext4/opt/ros/humble /usr/bin/cmake --install /home/huy/nav2_ws/Vaccum-Robot-LDS02RR/build/lds02rr_lidar
