[0.048s] Invoking command in '/home/huy/nav2_ws/Vaccum-Robot-LDS02RR/build/turtlebot3_bringup': AMENT_PREFIX_PATH=/home/huy/nav2_ws/Vaccum-Robot-LDS02RR/install:${AMENT_PREFIX_PATH} CMAKE_PREFIX_PATH=/home/huy/nav2_ws/Vaccum-Robot-LDS02RR/install:/home/huy/mnt/usb_ext4/opt/ros/humble PYTHONPATH=/home/huy/nav2_ws/Vaccum-Robot-LDS02RR/install/lib/python3.10/site-packages:${PYTHONPATH} /usr/bin/cmake /home/huy/nav2_ws/Vaccum-Robot-LDS02RR/src/turtlebot3/turtlebot3_bringup -DRMW_IMPLEMENTATION=rmw_cyclonedds_cpp -DCMAKE_TOOLCHAIN_FILE=/home/huy/nav2_ws/Vaccum-Robot-LDS02RR/toolchain_aarch64.cmake -DCMAKE_INSTALL_PREFIX=/home/huy/nav2_ws/Vaccum-Robot-LDS02RR/install
[0.252s] -- The C compiler identification is GNU 12.2.1
[0.738s] -- The CXX compiler identification is GNU 12.2.1
[0.753s] -- Detecting C compiler ABI info
[0.968s] -- Detecting C compiler ABI info - done
[0.992s] -- Check for working C compiler: /home/huy/mnt/usb_ext4/arm-gnu-toolchain-12.2.rel1-x86_64-aarch64-none-linux-gnu/bin/aarch64-none-linux-gnu-gcc - skipped
[0.992s] -- Detecting C compile features
[0.992s] -- Detecting C compile features - done
[1.000s] -- Detecting CXX compiler ABI info
[1.299s] -- Detecting CXX compiler ABI info - done
[1.312s] -- Check for working CXX compiler: /home/huy/mnt/usb_ext4/arm-gnu-toolchain-12.2.rel1-x86_64-aarch64-none-linux-gnu/bin/aarch64-none-linux-gnu-g++ - skipped
[1.312s] -- Detecting CXX compile features
[1.312s] -- Detecting CXX compile features - done
[1.319s] -- Found ament_cmake: 1.3.11 (/home/huy/mnt/usb_ext4/opt/ros/humble/share/ament_cmake/cmake)
[1.581s] -- Found Python3: /usr/bin/python3 (found version "3.10.12") found components: Interpreter 
[1.901s] -- Configuring done
[1.911s] -- Generating done
[1.913s] [33mCMake Warning:
[1.915s]   Manually-specified variables were not used by the project:
[1.915s] 
[1.915s]     RMW_IMPLEMENTATION
[1.915s] 
[1.915s] [0m
[1.915s] -- Build files have been written to: /home/huy/nav2_ws/Vaccum-Robot-LDS02RR/build/turtlebot3_bringup
[1.922s] Invoked command in '/home/huy/nav2_ws/Vaccum-Robot-LDS02RR/build/turtlebot3_bringup' returned '0': AMENT_PREFIX_PATH=/home/huy/nav2_ws/Vaccum-Robot-LDS02RR/install:${AMENT_PREFIX_PATH} CMAKE_PREFIX_PATH=/home/huy/nav2_ws/Vaccum-Robot-LDS02RR/install:/home/huy/mnt/usb_ext4/opt/ros/humble PYTHONPATH=/home/huy/nav2_ws/Vaccum-Robot-LDS02RR/install/lib/python3.10/site-packages:${PYTHONPATH} /usr/bin/cmake /home/huy/nav2_ws/Vaccum-Robot-LDS02RR/src/turtlebot3/turtlebot3_bringup -DRMW_IMPLEMENTATION=rmw_cyclonedds_cpp -DCMAKE_TOOLCHAIN_FILE=/home/huy/nav2_ws/Vaccum-Robot-LDS02RR/toolchain_aarch64.cmake -DCMAKE_INSTALL_PREFIX=/home/huy/nav2_ws/Vaccum-Robot-LDS02RR/install
[1.929s] Invoking command in '/home/huy/nav2_ws/Vaccum-Robot-LDS02RR/build/turtlebot3_bringup': AMENT_PREFIX_PATH=/home/huy/nav2_ws/Vaccum-Robot-LDS02RR/install:${AMENT_PREFIX_PATH} CMAKE_PREFIX_PATH=/home/huy/nav2_ws/Vaccum-Robot-LDS02RR/install:/home/huy/mnt/usb_ext4/opt/ros/humble PYTHONPATH=/home/huy/nav2_ws/Vaccum-Robot-LDS02RR/install/lib/python3.10/site-packages:${PYTHONPATH} /usr/bin/cmake --build /home/huy/nav2_ws/Vaccum-Robot-LDS02RR/build/turtlebot3_bringup -- -j4 -l4
[2.009s] Invoked command in '/home/huy/nav2_ws/Vaccum-Robot-LDS02RR/build/turtlebot3_bringup' returned '0': AMENT_PREFIX_PATH=/home/huy/nav2_ws/Vaccum-Robot-LDS02RR/install:${AMENT_PREFIX_PATH} CMAKE_PREFIX_PATH=/home/huy/nav2_ws/Vaccum-Robot-LDS02RR/install:/home/huy/mnt/usb_ext4/opt/ros/humble PYTHONPATH=/home/huy/nav2_ws/Vaccum-Robot-LDS02RR/install/lib/python3.10/site-packages:${PYTHONPATH} /usr/bin/cmake --build /home/huy/nav2_ws/Vaccum-Robot-LDS02RR/build/turtlebot3_bringup -- -j4 -l4
[2.012s] Invoking command in '/home/huy/nav2_ws/Vaccum-Robot-LDS02RR/build/turtlebot3_bringup': AMENT_PREFIX_PATH=/home/huy/nav2_ws/Vaccum-Robot-LDS02RR/install:${AMENT_PREFIX_PATH} CMAKE_PREFIX_PATH=/home/huy/nav2_ws/Vaccum-Robot-LDS02RR/install:/home/huy/mnt/usb_ext4/opt/ros/humble PYTHONPATH=/home/huy/nav2_ws/Vaccum-Robot-LDS02RR/install/lib/python3.10/site-packages:${PYTHONPATH} /usr/bin/cmake --install /home/huy/nav2_ws/Vaccum-Robot-LDS02RR/build/turtlebot3_bringup
[2.029s] -- Install configuration: ""
[2.029s] -- Up-to-date: /home/huy/nav2_ws/Vaccum-Robot-LDS02RR/install/share/turtlebot3_bringup/launch
[2.029s] -- Up-to-date: /home/huy/nav2_ws/Vaccum-Robot-LDS02RR/install/share/turtlebot3_bringup/launch/turtlebot3_state_publisher.launch.py
[2.029s] -- Installing: /home/huy/nav2_ws/Vaccum-Robot-LDS02RR/install/share/turtlebot3_bringup/launch/pwm.py
[2.030s] -- Installing: /home/huy/nav2_ws/Vaccum-Robot-LDS02RR/install/share/turtlebot3_bringup/launch/robot_with_slam.launch.py
[2.030s] -- Up-to-date: /home/huy/nav2_ws/Vaccum-Robot-LDS02RR/install/share/turtlebot3_bringup/launch/robot.launch.py
[2.030s] -- Up-to-date: /home/huy/nav2_ws/Vaccum-Robot-LDS02RR/install/share/turtlebot3_bringup/launch/rviz2.launch.py
[2.030s] -- Up-to-date: /home/huy/nav2_ws/Vaccum-Robot-LDS02RR/install/share/turtlebot3_bringup/param
[2.030s] -- Up-to-date: /home/huy/nav2_ws/Vaccum-Robot-LDS02RR/install/share/turtlebot3_bringup/param/burger.yaml
[2.030s] -- Up-to-date: /home/huy/nav2_ws/Vaccum-Robot-LDS02RR/install/share/turtlebot3_bringup/param/humble
[2.030s] -- Up-to-date: /home/huy/nav2_ws/Vaccum-Robot-LDS02RR/install/share/turtlebot3_bringup/param/humble/burger.yaml
[2.030s] -- Up-to-date: /home/huy/nav2_ws/Vaccum-Robot-LDS02RR/install/share/turtlebot3_bringup/param/humble/waffle_pi.yaml
[2.030s] -- Up-to-date: /home/huy/nav2_ws/Vaccum-Robot-LDS02RR/install/share/turtlebot3_bringup/param/humble/waffle.yaml
[2.030s] -- Up-to-date: /home/huy/nav2_ws/Vaccum-Robot-LDS02RR/install/share/turtlebot3_bringup/param/waffle_pi.yaml
[2.031s] -- Up-to-date: /home/huy/nav2_ws/Vaccum-Robot-LDS02RR/install/share/turtlebot3_bringup/param/waffle.yaml
[2.031s] -- Up-to-date: /home/huy/nav2_ws/Vaccum-Robot-LDS02RR/install/share/turtlebot3_bringup/script
[2.031s] -- Up-to-date: /home/huy/nav2_ws/Vaccum-Robot-LDS02RR/install/share/turtlebot3_bringup/script/99-turtlebot3-cdc.rules
[2.031s] -- Up-to-date: /home/huy/nav2_ws/Vaccum-Robot-LDS02RR/install/share/turtlebot3_bringup/script/create_udev_rules
[2.031s] -- Up-to-date: /home/huy/nav2_ws/Vaccum-Robot-LDS02RR/install/share/turtlebot3_bringup/config
[2.032s] -- Up-to-date: /home/huy/nav2_ws/Vaccum-Robot-LDS02RR/install/share/turtlebot3_bringup/config/slam_toolbox_lds02.yaml
[2.032s] -- Up-to-date: /home/huy/nav2_ws/Vaccum-Robot-LDS02RR/install/share/ament_index/resource_index/package_run_dependencies/turtlebot3_bringup
[2.032s] -- Up-to-date: /home/huy/nav2_ws/Vaccum-Robot-LDS02RR/install/share/ament_index/resource_index/parent_prefix_path/turtlebot3_bringup
[2.032s] -- Up-to-date: /home/huy/nav2_ws/Vaccum-Robot-LDS02RR/install/share/turtlebot3_bringup/environment/ament_prefix_path.sh
[2.032s] -- Installing: /home/huy/nav2_ws/Vaccum-Robot-LDS02RR/install/share/turtlebot3_bringup/environment/ament_prefix_path.dsv
[2.032s] -- Up-to-date: /home/huy/nav2_ws/Vaccum-Robot-LDS02RR/install/share/turtlebot3_bringup/environment/path.sh
[2.032s] -- Installing: /home/huy/nav2_ws/Vaccum-Robot-LDS02RR/install/share/turtlebot3_bringup/environment/path.dsv
[2.032s] -- Up-to-date: /home/huy/nav2_ws/Vaccum-Robot-LDS02RR/install/share/turtlebot3_bringup/local_setup.bash
[2.032s] -- Up-to-date: /home/huy/nav2_ws/Vaccum-Robot-LDS02RR/install/share/turtlebot3_bringup/local_setup.sh
[2.033s] -- Up-to-date: /home/huy/nav2_ws/Vaccum-Robot-LDS02RR/install/share/turtlebot3_bringup/local_setup.zsh
[2.034s] -- Installing: /home/huy/nav2_ws/Vaccum-Robot-LDS02RR/install/share/turtlebot3_bringup/local_setup.dsv
[2.034s] -- Installing: /home/huy/nav2_ws/Vaccum-Robot-LDS02RR/install/share/turtlebot3_bringup/package.dsv
[2.034s] -- Up-to-date: /home/huy/nav2_ws/Vaccum-Robot-LDS02RR/install/share/ament_index/resource_index/packages/turtlebot3_bringup
[2.034s] -- Up-to-date: /home/huy/nav2_ws/Vaccum-Robot-LDS02RR/install/share/turtlebot3_bringup/cmake/turtlebot3_bringupConfig.cmake
[2.034s] -- Up-to-date: /home/huy/nav2_ws/Vaccum-Robot-LDS02RR/install/share/turtlebot3_bringup/cmake/turtlebot3_bringupConfig-version.cmake
[2.035s] -- Up-to-date: /home/huy/nav2_ws/Vaccum-Robot-LDS02RR/install/share/turtlebot3_bringup/package.xml
[2.040s] Invoked command in '/home/huy/nav2_ws/Vaccum-Robot-LDS02RR/build/turtlebot3_bringup' returned '0': AMENT_PREFIX_PATH=/home/huy/nav2_ws/Vaccum-Robot-LDS02RR/install:${AMENT_PREFIX_PATH} CMAKE_PREFIX_PATH=/home/huy/nav2_ws/Vaccum-Robot-LDS02RR/install:/home/huy/mnt/usb_ext4/opt/ros/humble PYTHONPATH=/home/huy/nav2_ws/Vaccum-Robot-LDS02RR/install/lib/python3.10/site-packages:${PYTHONPATH} /usr/bin/cmake --install /home/huy/nav2_ws/Vaccum-Robot-LDS02RR/build/turtlebot3_bringup
