running egg_info
writing ../../build/autonomous_exploration/autonomous_exploration.egg-info/PKG-INFO
writing dependency_links to ../../build/autonomous_exploration/autonomous_exploration.egg-info/dependency_links.txt
writing entry points to ../../build/autonomous_exploration/autonomous_exploration.egg-info/entry_points.txt
writing requirements to ../../build/autonomous_exploration/autonomous_exploration.egg-info/requires.txt
writing top-level names to ../../build/autonomous_exploration/autonomous_exploration.egg-info/top_level.txt
reading manifest file '../../build/autonomous_exploration/autonomous_exploration.egg-info/SOURCES.txt'
writing manifest file '../../build/autonomous_exploration/autonomous_exploration.egg-info/SOURCES.txt'
running build
running build_py
copying autonomous_exploration/smart_cleaning_algorithm.py -> /home/huy/nav2_ws/Vaccum-Robot-LDS02RR/build/autonomous_exploration/build/lib/autonomous_exploration
copying autonomous_exploration/vacuum_algorithms.py -> /home/huy/nav2_ws/Vaccum-Robot-LDS02RR/build/autonomous_exploration/build/lib/autonomous_exploration
copying autonomous_exploration/control.py -> /home/huy/nav2_ws/Vaccum-Robot-LDS02RR/build/autonomous_exploration/build/lib/autonomous_exploration
copying autonomous_exploration/demo_smart_cleaning.py -> /home/huy/nav2_ws/Vaccum-Robot-LDS02RR/build/autonomous_exploration/build/lib/autonomous_exploration
running install
running install_lib
copying /home/huy/nav2_ws/Vaccum-Robot-LDS02RR/build/autonomous_exploration/build/lib/autonomous_exploration/smart_cleaning_algorithm.py -> /home/huy/nav2_ws/Vaccum-Robot-LDS02RR/install/lib/python3.10/site-packages/autonomous_exploration
copying /home/huy/nav2_ws/Vaccum-Robot-LDS02RR/build/autonomous_exploration/build/lib/autonomous_exploration/vacuum_algorithms.py -> /home/huy/nav2_ws/Vaccum-Robot-LDS02RR/install/lib/python3.10/site-packages/autonomous_exploration
copying /home/huy/nav2_ws/Vaccum-Robot-LDS02RR/build/autonomous_exploration/build/lib/autonomous_exploration/control.py -> /home/huy/nav2_ws/Vaccum-Robot-LDS02RR/install/lib/python3.10/site-packages/autonomous_exploration
copying /home/huy/nav2_ws/Vaccum-Robot-LDS02RR/build/autonomous_exploration/build/lib/autonomous_exploration/demo_smart_cleaning.py -> /home/huy/nav2_ws/Vaccum-Robot-LDS02RR/install/lib/python3.10/site-packages/autonomous_exploration
byte-compiling /home/huy/nav2_ws/Vaccum-Robot-LDS02RR/install/lib/python3.10/site-packages/autonomous_exploration/smart_cleaning_algorithm.py to smart_cleaning_algorithm.cpython-310.pyc
byte-compiling /home/huy/nav2_ws/Vaccum-Robot-LDS02RR/install/lib/python3.10/site-packages/autonomous_exploration/vacuum_algorithms.py to vacuum_algorithms.cpython-310.pyc
byte-compiling /home/huy/nav2_ws/Vaccum-Robot-LDS02RR/install/lib/python3.10/site-packages/autonomous_exploration/control.py to control.cpython-310.pyc
byte-compiling /home/huy/nav2_ws/Vaccum-Robot-LDS02RR/install/lib/python3.10/site-packages/autonomous_exploration/demo_smart_cleaning.py to demo_smart_cleaning.cpython-310.pyc
running install_data
running install_egg_info
removing '/home/huy/nav2_ws/Vaccum-Robot-LDS02RR/install/lib/python3.10/site-packages/autonomous_exploration-0.0.0-py3.10.egg-info' (and everything under it)
Copying ../../build/autonomous_exploration/autonomous_exploration.egg-info to /home/huy/nav2_ws/Vaccum-Robot-LDS02RR/install/lib/python3.10/site-packages/autonomous_exploration-0.0.0-py3.10.egg-info
running install_scripts
Installing control script to /home/huy/nav2_ws/Vaccum-Robot-LDS02RR/install/lib/autonomous_exploration
writing list of installed files to '/home/huy/nav2_ws/Vaccum-Robot-LDS02RR/build/autonomous_exploration/install.log'
