[2.157s] Invoking command in '/home/huy/nav2_ws/Vaccum-Robot-LDS02RR/src/turtlebot3/explorer_bringup': AMENT_PREFIX_PATH=/home/huy/nav2_ws/Vaccum-Robot-LDS02RR/install:${AMENT_PREFIX_PATH} CMAKE_PREFIX_PATH=/home/huy/nav2_ws/Vaccum-Robot-LDS02RR/install PYTHONPATH=/home/huy/nav2_ws/Vaccum-Robot-LDS02RR/build/explorer_bringup/prefix_override:/usr/lib/python3/dist-packages/colcon_core/task/python/colcon_distutils_commands:/home/huy/nav2_ws/Vaccum-Robot-LDS02RR/install/lib/python3.10/site-packages:/home/huy/nav2_ws/Vaccum-Robot-LDS02RR/install/lib/python3.10/site-packages:${PYTHONPATH} /usr/bin/python3 -W ignore:setup.py install is deprecated -W ignore:easy_install command is deprecated setup.py egg_info --egg-base ../../../build/explorer_bringup build --build-base /home/huy/nav2_ws/Vaccum-Robot-LDS02RR/build/explorer_bringup/build install --record /home/huy/nav2_ws/Vaccum-Robot-LDS02RR/build/explorer_bringup/install.log --single-version-externally-managed install_data
[2.788s] running egg_info
[2.788s] writing ../../../build/explorer_bringup/explorer_bringup.egg-info/PKG-INFO
[2.788s] writing dependency_links to ../../../build/explorer_bringup/explorer_bringup.egg-info/dependency_links.txt
[2.788s] writing entry points to ../../../build/explorer_bringup/explorer_bringup.egg-info/entry_points.txt
[2.788s] writing requirements to ../../../build/explorer_bringup/explorer_bringup.egg-info/requires.txt
[2.788s] writing top-level names to ../../../build/explorer_bringup/explorer_bringup.egg-info/top_level.txt
[2.790s] reading manifest file '../../../build/explorer_bringup/explorer_bringup.egg-info/SOURCES.txt'
[2.796s] writing manifest file '../../../build/explorer_bringup/explorer_bringup.egg-info/SOURCES.txt'
[2.796s] running build
[2.796s] running build_py
[2.796s] running install
[2.796s] running install_lib
[2.798s] running install_data
[2.798s] running install_egg_info
[2.801s] removing '/home/huy/nav2_ws/Vaccum-Robot-LDS02RR/install/lib/python3.10/site-packages/explorer_bringup-0.0.0-py3.10.egg-info' (and everything under it)
[2.801s] Copying ../../../build/explorer_bringup/explorer_bringup.egg-info to /home/huy/nav2_ws/Vaccum-Robot-LDS02RR/install/lib/python3.10/site-packages/explorer_bringup-0.0.0-py3.10.egg-info
[2.802s] running install_scripts
[2.840s] Installing manager script to /home/huy/nav2_ws/Vaccum-Robot-LDS02RR/install/lib/explorer_bringup
[2.843s] writing list of installed files to '/home/huy/nav2_ws/Vaccum-Robot-LDS02RR/build/explorer_bringup/install.log'
[2.903s] Invoked command in '/home/huy/nav2_ws/Vaccum-Robot-LDS02RR/src/turtlebot3/explorer_bringup' returned '0': AMENT_PREFIX_PATH=/home/huy/nav2_ws/Vaccum-Robot-LDS02RR/install:${AMENT_PREFIX_PATH} CMAKE_PREFIX_PATH=/home/huy/nav2_ws/Vaccum-Robot-LDS02RR/install PYTHONPATH=/home/huy/nav2_ws/Vaccum-Robot-LDS02RR/build/explorer_bringup/prefix_override:/usr/lib/python3/dist-packages/colcon_core/task/python/colcon_distutils_commands:/home/huy/nav2_ws/Vaccum-Robot-LDS02RR/install/lib/python3.10/site-packages:/home/huy/nav2_ws/Vaccum-Robot-LDS02RR/install/lib/python3.10/site-packages:${PYTHONPATH} /usr/bin/python3 -W ignore:setup.py install is deprecated -W ignore:easy_install command is deprecated setup.py egg_info --egg-base ../../../build/explorer_bringup build --build-base /home/huy/nav2_ws/Vaccum-Robot-LDS02RR/build/explorer_bringup/build install --record /home/huy/nav2_ws/Vaccum-Robot-LDS02RR/build/explorer_bringup/install.log --single-version-externally-managed install_data
