[0.047s] Invoking command in '/home/huy/nav2_ws/Vaccum-Robot-LDS02RR/build/turtlebot3': AMENT_PREFIX_PATH=/home/huy/nav2_ws/Vaccum-Robot-LDS02RR/install:${AMENT_PREFIX_PATH} CMAKE_PREFIX_PATH=/home/huy/nav2_ws/Vaccum-Robot-LDS02RR/install:/home/huy/mnt/usb_ext4/opt/ros/humble PYTHONPATH=/home/huy/nav2_ws/Vaccum-Robot-LDS02RR/install/lib/python3.10/site-packages:${PYTHONPATH} /usr/bin/cmake /home/huy/nav2_ws/Vaccum-Robot-LDS02RR/src/turtlebot3/turtlebot3 -DRMW_IMPLEMENTATION=rmw_cyclonedds_cpp -DCMAKE_TOOLCHAIN_FILE=/home/huy/nav2_ws/Vaccum-Robot-LDS02RR/toolchain_aarch64.cmake -DCMAKE_INSTALL_PREFIX=/home/huy/nav2_ws/Vaccum-Robot-LDS02RR/install
[0.230s] -- The C compiler identification is GNU 12.2.1
[0.440s] -- The CXX compiler identification is GNU 12.2.1
[0.457s] -- Detecting C compiler ABI info
[0.654s] -- Detecting C compiler ABI info - done
[0.668s] -- Check for working C compiler: /home/huy/mnt/usb_ext4/arm-gnu-toolchain-12.2.rel1-x86_64-aarch64-none-linux-gnu/bin/aarch64-none-linux-gnu-gcc - skipped
[0.668s] -- Detecting C compile features
[0.668s] -- Detecting C compile features - done
[0.677s] -- Detecting CXX compiler ABI info
[0.954s] -- Detecting CXX compiler ABI info - done
[0.969s] -- Check for working CXX compiler: /home/huy/mnt/usb_ext4/arm-gnu-toolchain-12.2.rel1-x86_64-aarch64-none-linux-gnu/bin/aarch64-none-linux-gnu-g++ - skipped
[0.969s] -- Detecting CXX compile features
[0.970s] -- Detecting CXX compile features - done
[0.974s] -- Found ament_cmake: 1.3.11 (/home/huy/mnt/usb_ext4/opt/ros/humble/share/ament_cmake/cmake)
[1.298s] -- Found Python3: /usr/bin/python3 (found version "3.10.12") found components: Interpreter 
[1.619s] -- Configuring done
[1.629s] -- Generating done
[1.633s] [33mCMake Warning:
[1.634s]   Manually-specified variables were not used by the project:
[1.634s] 
[1.634s]     RMW_IMPLEMENTATION
[1.634s] 
[1.634s] [0m
[1.635s] -- Build files have been written to: /home/huy/nav2_ws/Vaccum-Robot-LDS02RR/build/turtlebot3
[1.646s] Invoked command in '/home/huy/nav2_ws/Vaccum-Robot-LDS02RR/build/turtlebot3' returned '0': AMENT_PREFIX_PATH=/home/huy/nav2_ws/Vaccum-Robot-LDS02RR/install:${AMENT_PREFIX_PATH} CMAKE_PREFIX_PATH=/home/huy/nav2_ws/Vaccum-Robot-LDS02RR/install:/home/huy/mnt/usb_ext4/opt/ros/humble PYTHONPATH=/home/huy/nav2_ws/Vaccum-Robot-LDS02RR/install/lib/python3.10/site-packages:${PYTHONPATH} /usr/bin/cmake /home/huy/nav2_ws/Vaccum-Robot-LDS02RR/src/turtlebot3/turtlebot3 -DRMW_IMPLEMENTATION=rmw_cyclonedds_cpp -DCMAKE_TOOLCHAIN_FILE=/home/huy/nav2_ws/Vaccum-Robot-LDS02RR/toolchain_aarch64.cmake -DCMAKE_INSTALL_PREFIX=/home/huy/nav2_ws/Vaccum-Robot-LDS02RR/install
[1.648s] Invoking command in '/home/huy/nav2_ws/Vaccum-Robot-LDS02RR/build/turtlebot3': AMENT_PREFIX_PATH=/home/huy/nav2_ws/Vaccum-Robot-LDS02RR/install:${AMENT_PREFIX_PATH} CMAKE_PREFIX_PATH=/home/huy/nav2_ws/Vaccum-Robot-LDS02RR/install:/home/huy/mnt/usb_ext4/opt/ros/humble PYTHONPATH=/home/huy/nav2_ws/Vaccum-Robot-LDS02RR/install/lib/python3.10/site-packages:${PYTHONPATH} /usr/bin/cmake --build /home/huy/nav2_ws/Vaccum-Robot-LDS02RR/build/turtlebot3 -- -j4 -l4
[1.738s] Invoked command in '/home/huy/nav2_ws/Vaccum-Robot-LDS02RR/build/turtlebot3' returned '0': AMENT_PREFIX_PATH=/home/huy/nav2_ws/Vaccum-Robot-LDS02RR/install:${AMENT_PREFIX_PATH} CMAKE_PREFIX_PATH=/home/huy/nav2_ws/Vaccum-Robot-LDS02RR/install:/home/huy/mnt/usb_ext4/opt/ros/humble PYTHONPATH=/home/huy/nav2_ws/Vaccum-Robot-LDS02RR/install/lib/python3.10/site-packages:${PYTHONPATH} /usr/bin/cmake --build /home/huy/nav2_ws/Vaccum-Robot-LDS02RR/build/turtlebot3 -- -j4 -l4
[1.745s] Invoking command in '/home/huy/nav2_ws/Vaccum-Robot-LDS02RR/build/turtlebot3': AMENT_PREFIX_PATH=/home/huy/nav2_ws/Vaccum-Robot-LDS02RR/install:${AMENT_PREFIX_PATH} CMAKE_PREFIX_PATH=/home/huy/nav2_ws/Vaccum-Robot-LDS02RR/install:/home/huy/mnt/usb_ext4/opt/ros/humble PYTHONPATH=/home/huy/nav2_ws/Vaccum-Robot-LDS02RR/install/lib/python3.10/site-packages:${PYTHONPATH} /usr/bin/cmake --install /home/huy/nav2_ws/Vaccum-Robot-LDS02RR/build/turtlebot3
[1.759s] -- Install configuration: ""
[1.760s] -- Up-to-date: /home/huy/nav2_ws/Vaccum-Robot-LDS02RR/install/share/ament_index/resource_index/package_run_dependencies/turtlebot3
[1.760s] -- Up-to-date: /home/huy/nav2_ws/Vaccum-Robot-LDS02RR/install/share/ament_index/resource_index/parent_prefix_path/turtlebot3
[1.760s] -- Up-to-date: /home/huy/nav2_ws/Vaccum-Robot-LDS02RR/install/share/turtlebot3/environment/ament_prefix_path.sh
[1.760s] -- Installing: /home/huy/nav2_ws/Vaccum-Robot-LDS02RR/install/share/turtlebot3/environment/ament_prefix_path.dsv
[1.763s] -- Up-to-date: /home/huy/nav2_ws/Vaccum-Robot-LDS02RR/install/share/turtlebot3/environment/path.sh
[1.765s] -- Installing: /home/huy/nav2_ws/Vaccum-Robot-LDS02RR/install/share/turtlebot3/environment/path.dsv
[1.765s] -- Up-to-date: /home/huy/nav2_ws/Vaccum-Robot-LDS02RR/install/share/turtlebot3/local_setup.bash
[1.765s] -- Up-to-date: /home/huy/nav2_ws/Vaccum-Robot-LDS02RR/install/share/turtlebot3/local_setup.sh
[1.766s] -- Up-to-date: /home/huy/nav2_ws/Vaccum-Robot-LDS02RR/install/share/turtlebot3/local_setup.zsh
[1.766s] -- Installing: /home/huy/nav2_ws/Vaccum-Robot-LDS02RR/install/share/turtlebot3/local_setup.dsv
[1.766s] -- Installing: /home/huy/nav2_ws/Vaccum-Robot-LDS02RR/install/share/turtlebot3/package.dsv
[1.766s] -- Up-to-date: /home/huy/nav2_ws/Vaccum-Robot-LDS02RR/install/share/ament_index/resource_index/packages/turtlebot3
[1.766s] -- Up-to-date: /home/huy/nav2_ws/Vaccum-Robot-LDS02RR/install/share/turtlebot3/cmake/turtlebot3Config.cmake
[1.766s] -- Up-to-date: /home/huy/nav2_ws/Vaccum-Robot-LDS02RR/install/share/turtlebot3/cmake/turtlebot3Config-version.cmake
[1.766s] -- Up-to-date: /home/huy/nav2_ws/Vaccum-Robot-LDS02RR/install/share/turtlebot3/package.xml
[1.769s] Invoked command in '/home/huy/nav2_ws/Vaccum-Robot-LDS02RR/build/turtlebot3' returned '0': AMENT_PREFIX_PATH=/home/huy/nav2_ws/Vaccum-Robot-LDS02RR/install:${AMENT_PREFIX_PATH} CMAKE_PREFIX_PATH=/home/huy/nav2_ws/Vaccum-Robot-LDS02RR/install:/home/huy/mnt/usb_ext4/opt/ros/humble PYTHONPATH=/home/huy/nav2_ws/Vaccum-Robot-LDS02RR/install/lib/python3.10/site-packages:${PYTHONPATH} /usr/bin/cmake --install /home/huy/nav2_ws/Vaccum-Robot-LDS02RR/build/turtlebot3
