[0.065s] Invoking command in '/home/huy/nav2_ws/Vaccum-Robot-LDS02RR/build/lds02rr_lidar': CMAKE_PREFIX_PATH=/home/huy/mnt/usb_ext4/opt/ros/humble /usr/bin/cmake /home/huy/nav2_ws/Vaccum-Robot-LDS02RR/src/turtlebot3/lds02rr_lidar -DRMW_IMPLEMENTATION=rmw_cyclonedds_cpp -DCMAKE_TOOLCHAIN_FILE=/home/huy/nav2_ws/Vaccum-Robot-LDS02RR/toolchain_aarch64.cmake -DCMAKE_INSTALL_PREFIX=/home/huy/nav2_ws/Vaccum-Robot-LDS02RR/install
[0.293s] -- The C compiler identification is GNU 12.2.1
[0.541s] -- The CXX compiler identification is GNU 12.2.1
[0.568s] -- Detecting C compiler ABI info
[0.748s] -- Detecting C compiler ABI info - done
[0.755s] -- Check for working C compiler: /home/huy/mnt/usb_ext4/arm-gnu-toolchain-12.2.rel1-x86_64-aarch64-none-linux-gnu/bin/aarch64-none-linux-gnu-gcc - skipped
[0.755s] -- Detecting C compile features
[0.755s] -- Detecting C compile features - done
[0.763s] -- Detecting CXX compiler ABI info
[1.022s] -- Detecting CXX compiler ABI info - done
[1.036s] -- Check for working CXX compiler: /home/huy/mnt/usb_ext4/arm-gnu-toolchain-12.2.rel1-x86_64-aarch64-none-linux-gnu/bin/aarch64-none-linux-gnu-g++ - skipped
[1.036s] -- Detecting CXX compile features
[1.036s] -- Detecting CXX compile features - done
[1.036s] -- Found ament_cmake: 1.3.11 (/home/huy/mnt/usb_ext4/opt/ros/humble/share/ament_cmake/cmake)
[1.472s] -- Found Python3: /usr/bin/python3 (found version "3.10.12") found components: Interpreter 
[1.742s] -- Found rclcpp: 16.0.12 (/home/huy/mnt/usb_ext4/opt/ros/humble/share/rclcpp/cmake)
[1.821s] -- Found rosidl_generator_c: 3.1.6 (/home/huy/mnt/usb_ext4/opt/ros/humble/share/rosidl_generator_c/cmake)
[1.835s] -- Found rosidl_adapter: 3.1.6 (/home/huy/mnt/usb_ext4/opt/ros/humble/share/rosidl_adapter/cmake)
[1.864s] -- Found rosidl_generator_cpp: 3.1.6 (/home/huy/mnt/usb_ext4/opt/ros/humble/share/rosidl_generator_cpp/cmake)
[1.883s] -- Using all available rosidl_typesupport_c: rosidl_typesupport_fastrtps_c;rosidl_typesupport_introspection_c
[1.909s] -- Using all available rosidl_typesupport_cpp: rosidl_typesupport_fastrtps_cpp;rosidl_typesupport_introspection_cpp
[1.983s] -- Found rmw_implementation_cmake: 6.1.2 (/home/huy/mnt/usb_ext4/opt/ros/humble/share/rmw_implementation_cmake/cmake)
[1.986s] -- Found rmw_cyclonedds_cpp: 1.3.4 (/home/huy/mnt/usb_ext4/opt/ros/humble/share/rmw_cyclonedds_cpp/cmake)
[2.043s] -- Using RMW implementation 'rmw_cyclonedds_cpp' as default
[2.043s] -- Looking for pthread.h
[2.339s] -- Looking for pthread.h - found
[2.344s] -- Found Threads: TRUE  
[2.490s] -- Found sensor_msgs: 4.8.0 (/home/huy/mnt/usb_ext4/opt/ros/humble/share/sensor_msgs/cmake)
[2.710s] -- Found Boost: /home/huy/mnt/usb_ext4/usr/lib/aarch64-linux-gnu/cmake/Boost-1.74.0/BoostConfig.cmake (found version "1.74.0") found components: system 
[2.730s] -- Found ament_lint_auto: 0.12.12 (/home/huy/mnt/usb_ext4/opt/ros/humble/share/ament_lint_auto/cmake)
[3.062s] -- Added test 'copyright' to check source files copyright and LICENSE
[3.068s] -- Added test 'cppcheck' to perform static code analysis on C / C++ code
[3.068s] -- Configured cppcheck include dirs: /home/huy/nav2_ws/Vaccum-Robot-LDS02RR/src/turtlebot3/lds02rr_lidar/include
[3.068s] -- Configured cppcheck exclude dirs and/or files: 
[3.075s] -- Added test 'cpplint' to check C / C++ code against the Google style
[3.076s] -- Configured cpplint exclude dirs and/or files: 
[3.082s] -- Added test 'flake8' to check Python code syntax and style conventions
[3.086s] -- Added test 'lint_cmake' to check CMake code style
[3.091s] -- Added test 'pep257' to check Python code against some of the docstring style conventions in PEP 257
[3.100s] -- Added test 'uncrustify' to check C / C++ code style
[3.100s] -- Configured uncrustify additional arguments: 
[3.104s] -- Added test 'xmllint' to check XML markup files
[3.114s] -- Configuring done
[3.163s] -- Generating done
[3.184s] -- Build files have been written to: /home/huy/nav2_ws/Vaccum-Robot-LDS02RR/build/lds02rr_lidar
[3.205s] Invoked command in '/home/huy/nav2_ws/Vaccum-Robot-LDS02RR/build/lds02rr_lidar' returned '0': CMAKE_PREFIX_PATH=/home/huy/mnt/usb_ext4/opt/ros/humble /usr/bin/cmake /home/huy/nav2_ws/Vaccum-Robot-LDS02RR/src/turtlebot3/lds02rr_lidar -DRMW_IMPLEMENTATION=rmw_cyclonedds_cpp -DCMAKE_TOOLCHAIN_FILE=/home/huy/nav2_ws/Vaccum-Robot-LDS02RR/toolchain_aarch64.cmake -DCMAKE_INSTALL_PREFIX=/home/huy/nav2_ws/Vaccum-Robot-LDS02RR/install
[3.209s] Invoking command in '/home/huy/nav2_ws/Vaccum-Robot-LDS02RR/build/lds02rr_lidar': CMAKE_PREFIX_PATH=/home/huy/mnt/usb_ext4/opt/ros/humble /usr/bin/cmake --build /home/huy/nav2_ws/Vaccum-Robot-LDS02RR/build/lds02rr_lidar -- -j4 -l4
[3.335s] [ 33%] [32mBuilding CXX object CMakeFiles/lds02rr_node.dir/src/xv_11_driver.cpp.o[0m
[3.351s] [ 66%] [32mBuilding CXX object CMakeFiles/lds02rr_node.dir/src/xv11_laser.cpp.o[0m
[44.006s] [01m[K/home/huy/nav2_ws/Vaccum-Robot-LDS02RR/src/turtlebot3/lds02rr_lidar/src/xv11_laser.cpp:[m[K In member function ‘[01m[Kbool xv_11_driver::XV11Laser::IsValidPacket(uint8_t*, int)[m[K’:
[44.007s] [01m[K/home/huy/nav2_ws/Vaccum-Robot-LDS02RR/src/turtlebot3/lds02rr_lidar/src/xv11_laser.cpp:59:30:[m[K [01;35m[Kwarning: [m[KISO C++ forbids variable length array ‘[01m[KcalcCRC[m[K’ [[01;35m[K]8;;https://gcc.gnu.org/onlinedocs/gcc/Warning-Options.html#index-Wvla-Wvla]8;;[m[K]
[44.007s]    59 |                 unsigned int [01;35m[KcalcCRC[m[K[calcCRCLen];
[44.007s]       |                              [01;35m[K^~~~~~~[m[K
[44.701s] [01m[K/home/huy/nav2_ws/Vaccum-Robot-LDS02RR/src/turtlebot3/lds02rr_lidar/src/xv11_laser.cpp:[m[K At global scope:
[44.702s] [01m[K/home/huy/nav2_ws/Vaccum-Robot-LDS02RR/src/turtlebot3/lds02rr_lidar/src/xv11_laser.cpp:38:22:[m[K [01;35m[Kwarning: [m[K‘[01m[Klong unsigned int nowMillis()[m[K’ defined but not used [[01;35m[K]8;;https://gcc.gnu.org/onlinedocs/gcc/Warning-Options.html#index-Wunused-function-Wunused-function]8;;[m[K]
[44.702s]    38 | static unsigned long [01;35m[KnowMillis[m[K() {
[44.702s]       |                      [01;35m[K^~~~~~~~~[m[K
[50.432s] [100%] [32m[1mLinking CXX executable lds02rr_node[0m
[51.140s] [100%] Built target lds02rr_node
[51.158s] Invoked command in '/home/huy/nav2_ws/Vaccum-Robot-LDS02RR/build/lds02rr_lidar' returned '0': CMAKE_PREFIX_PATH=/home/huy/mnt/usb_ext4/opt/ros/humble /usr/bin/cmake --build /home/huy/nav2_ws/Vaccum-Robot-LDS02RR/build/lds02rr_lidar -- -j4 -l4
[51.166s] Invoking command in '/home/huy/nav2_ws/Vaccum-Robot-LDS02RR/build/lds02rr_lidar': CMAKE_PREFIX_PATH=/home/huy/mnt/usb_ext4/opt/ros/humble /usr/bin/cmake --install /home/huy/nav2_ws/Vaccum-Robot-LDS02RR/build/lds02rr_lidar
[51.176s] -- Install configuration: ""
[51.177s] -- Installing: /home/huy/nav2_ws/Vaccum-Robot-LDS02RR/install/share/lds02rr_lidar/launch
[51.178s] -- Installing: /home/huy/nav2_ws/Vaccum-Robot-LDS02RR/install/share/lds02rr_lidar/launch/lds02rr.launch.py
[51.181s] -- Installing: /home/huy/nav2_ws/Vaccum-Robot-LDS02RR/install/lib/lds02rr_lidar/lds02rr_node
[51.181s] -- Set runtime path of "/home/huy/nav2_ws/Vaccum-Robot-LDS02RR/install/lib/lds02rr_lidar/lds02rr_node" to ""
[51.184s] -- Installing: /home/huy/nav2_ws/Vaccum-Robot-LDS02RR/install/share/ament_index/resource_index/package_run_dependencies/lds02rr_lidar
[51.184s] -- Installing: /home/huy/nav2_ws/Vaccum-Robot-LDS02RR/install/share/ament_index/resource_index/parent_prefix_path/lds02rr_lidar
[51.185s] -- Installing: /home/huy/nav2_ws/Vaccum-Robot-LDS02RR/install/share/lds02rr_lidar/environment/ament_prefix_path.sh
[51.187s] -- Installing: /home/huy/nav2_ws/Vaccum-Robot-LDS02RR/install/share/lds02rr_lidar/environment/ament_prefix_path.dsv
[51.187s] -- Installing: /home/huy/nav2_ws/Vaccum-Robot-LDS02RR/install/share/lds02rr_lidar/environment/path.sh
[51.188s] -- Installing: /home/huy/nav2_ws/Vaccum-Robot-LDS02RR/install/share/lds02rr_lidar/environment/path.dsv
[51.188s] -- Installing: /home/huy/nav2_ws/Vaccum-Robot-LDS02RR/install/share/lds02rr_lidar/local_setup.bash
[51.193s] -- Installing: /home/huy/nav2_ws/Vaccum-Robot-LDS02RR/install/share/lds02rr_lidar/local_setup.sh
[51.194s] -- Installing: /home/huy/nav2_ws/Vaccum-Robot-LDS02RR/install/share/lds02rr_lidar/local_setup.zsh
[51.194s] -- Installing: /home/huy/nav2_ws/Vaccum-Robot-LDS02RR/install/share/lds02rr_lidar/local_setup.dsv
[51.194s] -- Installing: /home/huy/nav2_ws/Vaccum-Robot-LDS02RR/install/share/lds02rr_lidar/package.dsv
[51.194s] -- Installing: /home/huy/nav2_ws/Vaccum-Robot-LDS02RR/install/share/ament_index/resource_index/packages/lds02rr_lidar
[51.194s] -- Installing: /home/huy/nav2_ws/Vaccum-Robot-LDS02RR/install/share/lds02rr_lidar/cmake/ament_cmake_export_dependencies-extras.cmake
[51.194s] -- Installing: /home/huy/nav2_ws/Vaccum-Robot-LDS02RR/install/share/lds02rr_lidar/cmake/ament_cmake_export_include_directories-extras.cmake
[51.194s] -- Installing: /home/huy/nav2_ws/Vaccum-Robot-LDS02RR/install/share/lds02rr_lidar/cmake/lds02rr_lidarConfig.cmake
[51.194s] -- Installing: /home/huy/nav2_ws/Vaccum-Robot-LDS02RR/install/share/lds02rr_lidar/cmake/lds02rr_lidarConfig-version.cmake
[51.195s] -- Installing: /home/huy/nav2_ws/Vaccum-Robot-LDS02RR/install/share/lds02rr_lidar/package.xml
[51.201s] Invoked command in '/home/huy/nav2_ws/Vaccum-Robot-LDS02RR/build/lds02rr_lidar' returned '0': CMAKE_PREFIX_PATH=/home/huy/mnt/usb_ext4/opt/ros/humble /usr/bin/cmake --install /home/huy/nav2_ws/Vaccum-Robot-LDS02RR/build/lds02rr_lidar
