[0.030s] Invoking command in '/home/huy/nav2_ws/Vaccum-Robot-LDS02RR/build/turtlebot3_bringup': AMENT_PREFIX_PATH=/home/huy/nav2_ws/Vaccum-Robot-LDS02RR/install:${AMENT_PREFIX_PATH} CMAKE_PREFIX_PATH=/home/huy/nav2_ws/Vaccum-Robot-LDS02RR/install:/home/huy/mnt/usb_ext4/opt/ros/humble PYTHONPATH=/home/huy/nav2_ws/Vaccum-Robot-LDS02RR/install/lib/python3.10/site-packages:${PYTHONPATH} /usr/bin/cmake /home/huy/nav2_ws/Vaccum-Robot-LDS02RR/src/turtlebot3/turtlebot3_bringup -DRMW_IMPLEMENTATION=rmw_cyclonedds_cpp -DCMAKE_TOOLCHAIN_FILE=/home/huy/nav2_ws/Vaccum-Robot-LDS02RR/toolchain_aarch64.cmake -DCMAKE_INSTALL_PREFIX=/home/huy/nav2_ws/Vaccum-Robot-LDS02RR/install
[0.192s] -- The C compiler identification is GNU 12.2.1
[0.394s] -- The CXX compiler identification is GNU 12.2.1
[0.407s] -- Detecting C compiler ABI info
[0.546s] -- Detecting C compiler ABI info - done
[0.561s] -- Check for working C compiler: /home/huy/mnt/usb_ext4/arm-gnu-toolchain-12.2.rel1-x86_64-aarch64-none-linux-gnu/bin/aarch64-none-linux-gnu-gcc - skipped
[0.562s] -- Detecting C compile features
[0.565s] -- Detecting C compile features - done
[0.574s] -- Detecting CXX compiler ABI info
[1.088s] -- Detecting CXX compiler ABI info - done
[1.097s] -- Check for working CXX compiler: /home/huy/mnt/usb_ext4/arm-gnu-toolchain-12.2.rel1-x86_64-aarch64-none-linux-gnu/bin/aarch64-none-linux-gnu-g++ - skipped
[1.098s] -- Detecting CXX compile features
[1.098s] -- Detecting CXX compile features - done
[1.098s] -- Found ament_cmake: 1.3.11 (/home/huy/mnt/usb_ext4/opt/ros/humble/share/ament_cmake/cmake)
[1.291s] -- Found Python3: /usr/bin/python3 (found version "3.10.12") found components: Interpreter 
[1.518s] -- Configuring done
[1.523s] -- Generating done
[1.524s] [33mCMake Warning:
[1.524s]   Manually-specified variables were not used by the project:
[1.525s] 
[1.525s]     RMW_IMPLEMENTATION
[1.525s] 
[1.525s] [0m
[1.527s] -- Build files have been written to: /home/huy/nav2_ws/Vaccum-Robot-LDS02RR/build/turtlebot3_bringup
[1.536s] Invoked command in '/home/huy/nav2_ws/Vaccum-Robot-LDS02RR/build/turtlebot3_bringup' returned '0': AMENT_PREFIX_PATH=/home/huy/nav2_ws/Vaccum-Robot-LDS02RR/install:${AMENT_PREFIX_PATH} CMAKE_PREFIX_PATH=/home/huy/nav2_ws/Vaccum-Robot-LDS02RR/install:/home/huy/mnt/usb_ext4/opt/ros/humble PYTHONPATH=/home/huy/nav2_ws/Vaccum-Robot-LDS02RR/install/lib/python3.10/site-packages:${PYTHONPATH} /usr/bin/cmake /home/huy/nav2_ws/Vaccum-Robot-LDS02RR/src/turtlebot3/turtlebot3_bringup -DRMW_IMPLEMENTATION=rmw_cyclonedds_cpp -DCMAKE_TOOLCHAIN_FILE=/home/huy/nav2_ws/Vaccum-Robot-LDS02RR/toolchain_aarch64.cmake -DCMAKE_INSTALL_PREFIX=/home/huy/nav2_ws/Vaccum-Robot-LDS02RR/install
[1.542s] Invoking command in '/home/huy/nav2_ws/Vaccum-Robot-LDS02RR/build/turtlebot3_bringup': AMENT_PREFIX_PATH=/home/huy/nav2_ws/Vaccum-Robot-LDS02RR/install:${AMENT_PREFIX_PATH} CMAKE_PREFIX_PATH=/home/huy/nav2_ws/Vaccum-Robot-LDS02RR/install:/home/huy/mnt/usb_ext4/opt/ros/humble PYTHONPATH=/home/huy/nav2_ws/Vaccum-Robot-LDS02RR/install/lib/python3.10/site-packages:${PYTHONPATH} /usr/bin/cmake --build /home/huy/nav2_ws/Vaccum-Robot-LDS02RR/build/turtlebot3_bringup -- -j4 -l4
[1.608s] Invoked command in '/home/huy/nav2_ws/Vaccum-Robot-LDS02RR/build/turtlebot3_bringup' returned '0': AMENT_PREFIX_PATH=/home/huy/nav2_ws/Vaccum-Robot-LDS02RR/install:${AMENT_PREFIX_PATH} CMAKE_PREFIX_PATH=/home/huy/nav2_ws/Vaccum-Robot-LDS02RR/install:/home/huy/mnt/usb_ext4/opt/ros/humble PYTHONPATH=/home/huy/nav2_ws/Vaccum-Robot-LDS02RR/install/lib/python3.10/site-packages:${PYTHONPATH} /usr/bin/cmake --build /home/huy/nav2_ws/Vaccum-Robot-LDS02RR/build/turtlebot3_bringup -- -j4 -l4
[1.610s] Invoking command in '/home/huy/nav2_ws/Vaccum-Robot-LDS02RR/build/turtlebot3_bringup': AMENT_PREFIX_PATH=/home/huy/nav2_ws/Vaccum-Robot-LDS02RR/install:${AMENT_PREFIX_PATH} CMAKE_PREFIX_PATH=/home/huy/nav2_ws/Vaccum-Robot-LDS02RR/install:/home/huy/mnt/usb_ext4/opt/ros/humble PYTHONPATH=/home/huy/nav2_ws/Vaccum-Robot-LDS02RR/install/lib/python3.10/site-packages:${PYTHONPATH} /usr/bin/cmake --install /home/huy/nav2_ws/Vaccum-Robot-LDS02RR/build/turtlebot3_bringup
[1.619s] -- Install configuration: ""
[1.619s] -- Up-to-date: /home/huy/nav2_ws/Vaccum-Robot-LDS02RR/install/share/turtlebot3_bringup/launch
[1.622s] -- Up-to-date: /home/huy/nav2_ws/Vaccum-Robot-LDS02RR/install/share/turtlebot3_bringup/launch/turtlebot3_state_publisher.launch.py
[1.622s] -- Up-to-date: /home/huy/nav2_ws/Vaccum-Robot-LDS02RR/install/share/turtlebot3_bringup/launch/pwm.py
[1.622s] -- Up-to-date: /home/huy/nav2_ws/Vaccum-Robot-LDS02RR/install/share/turtlebot3_bringup/launch/robot.launch.py
[1.622s] -- Up-to-date: /home/huy/nav2_ws/Vaccum-Robot-LDS02RR/install/share/turtlebot3_bringup/launch/__init__.py
[1.622s] -- Up-to-date: /home/huy/nav2_ws/Vaccum-Robot-LDS02RR/install/share/turtlebot3_bringup/launch/web_bridge_pi.py
[1.622s] -- Up-to-date: /home/huy/nav2_ws/Vaccum-Robot-LDS02RR/install/share/turtlebot3_bringup/launch/rviz2.launch.py
[1.622s] -- Up-to-date: /home/huy/nav2_ws/Vaccum-Robot-LDS02RR/install/share/turtlebot3_bringup/param
[1.622s] -- Up-to-date: /home/huy/nav2_ws/Vaccum-Robot-LDS02RR/install/share/turtlebot3_bringup/param/burger.yaml
[1.622s] -- Up-to-date: /home/huy/nav2_ws/Vaccum-Robot-LDS02RR/install/share/turtlebot3_bringup/param/humble
[1.623s] -- Up-to-date: /home/huy/nav2_ws/Vaccum-Robot-LDS02RR/install/share/turtlebot3_bringup/param/humble/burger.yaml
[1.623s] -- Up-to-date: /home/huy/nav2_ws/Vaccum-Robot-LDS02RR/install/share/turtlebot3_bringup/param/humble/waffle_pi.yaml
[1.623s] -- Up-to-date: /home/huy/nav2_ws/Vaccum-Robot-LDS02RR/install/share/turtlebot3_bringup/param/humble/waffle.yaml
[1.623s] -- Up-to-date: /home/huy/nav2_ws/Vaccum-Robot-LDS02RR/install/share/turtlebot3_bringup/param/waffle_pi.yaml
[1.623s] -- Up-to-date: /home/huy/nav2_ws/Vaccum-Robot-LDS02RR/install/share/turtlebot3_bringup/param/waffle.yaml
[1.623s] -- Up-to-date: /home/huy/nav2_ws/Vaccum-Robot-LDS02RR/install/share/turtlebot3_bringup/script
[1.623s] -- Up-to-date: /home/huy/nav2_ws/Vaccum-Robot-LDS02RR/install/share/turtlebot3_bringup/script/99-turtlebot3-cdc.rules
[1.623s] -- Up-to-date: /home/huy/nav2_ws/Vaccum-Robot-LDS02RR/install/share/turtlebot3_bringup/script/__init__.py
[1.623s] -- Up-to-date: /home/huy/nav2_ws/Vaccum-Robot-LDS02RR/install/share/turtlebot3_bringup/script/create_udev_rules
[1.623s] -- Up-to-date: /home/huy/nav2_ws/Vaccum-Robot-LDS02RR/install/share/turtlebot3_bringup/script/joint_state_sanitizer.py
[1.623s] -- Up-to-date: /home/huy/nav2_ws/Vaccum-Robot-LDS02RR/install/share/turtlebot3_bringup/config
[1.623s] -- Up-to-date: /home/huy/nav2_ws/Vaccum-Robot-LDS02RR/install/share/turtlebot3_bringup/config/slam_toolbox_lds02.yaml
[1.624s] -- Up-to-date: /home/huy/nav2_ws/Vaccum-Robot-LDS02RR/install/lib/turtlebot3_bringup/web_bridge_pi.py
[1.624s] -- Installing: /home/huy/nav2_ws/Vaccum-Robot-LDS02RR/install/lib/turtlebot3_bringup/joint_state_sanitizer.py
[1.624s] -- Up-to-date: /home/huy/nav2_ws/Vaccum-Robot-LDS02RR/install/share/ament_index/resource_index/package_run_dependencies/turtlebot3_bringup
[1.624s] -- Up-to-date: /home/huy/nav2_ws/Vaccum-Robot-LDS02RR/install/share/ament_index/resource_index/parent_prefix_path/turtlebot3_bringup
[1.624s] -- Up-to-date: /home/huy/nav2_ws/Vaccum-Robot-LDS02RR/install/share/turtlebot3_bringup/environment/ament_prefix_path.sh
[1.624s] -- Installing: /home/huy/nav2_ws/Vaccum-Robot-LDS02RR/install/share/turtlebot3_bringup/environment/ament_prefix_path.dsv
[1.625s] -- Up-to-date: /home/huy/nav2_ws/Vaccum-Robot-LDS02RR/install/share/turtlebot3_bringup/environment/path.sh
[1.625s] -- Installing: /home/huy/nav2_ws/Vaccum-Robot-LDS02RR/install/share/turtlebot3_bringup/environment/path.dsv
[1.628s] -- Up-to-date: /home/huy/nav2_ws/Vaccum-Robot-LDS02RR/install/share/turtlebot3_bringup/local_setup.bash
[1.628s] -- Up-to-date: /home/huy/nav2_ws/Vaccum-Robot-LDS02RR/install/share/turtlebot3_bringup/local_setup.sh
[1.628s] -- Up-to-date: /home/huy/nav2_ws/Vaccum-Robot-LDS02RR/install/share/turtlebot3_bringup/local_setup.zsh
[1.629s] -- Installing: /home/huy/nav2_ws/Vaccum-Robot-LDS02RR/install/share/turtlebot3_bringup/local_setup.dsv
[1.629s] -- Installing: /home/huy/nav2_ws/Vaccum-Robot-LDS02RR/install/share/turtlebot3_bringup/package.dsv
[1.630s] -- Up-to-date: /home/huy/nav2_ws/Vaccum-Robot-LDS02RR/install/share/ament_index/resource_index/packages/turtlebot3_bringup
[1.630s] -- Up-to-date: /home/huy/nav2_ws/Vaccum-Robot-LDS02RR/install/share/turtlebot3_bringup/cmake/turtlebot3_bringupConfig.cmake
[1.630s] -- Up-to-date: /home/huy/nav2_ws/Vaccum-Robot-LDS02RR/install/share/turtlebot3_bringup/cmake/turtlebot3_bringupConfig-version.cmake
[1.630s] -- Up-to-date: /home/huy/nav2_ws/Vaccum-Robot-LDS02RR/install/share/turtlebot3_bringup/package.xml
[1.631s] Invoked command in '/home/huy/nav2_ws/Vaccum-Robot-LDS02RR/build/turtlebot3_bringup' returned '0': AMENT_PREFIX_PATH=/home/huy/nav2_ws/Vaccum-Robot-LDS02RR/install:${AMENT_PREFIX_PATH} CMAKE_PREFIX_PATH=/home/huy/nav2_ws/Vaccum-Robot-LDS02RR/install:/home/huy/mnt/usb_ext4/opt/ros/humble PYTHONPATH=/home/huy/nav2_ws/Vaccum-Robot-LDS02RR/install/lib/python3.10/site-packages:${PYTHONPATH} /usr/bin/cmake --install /home/huy/nav2_ws/Vaccum-Robot-LDS02RR/build/turtlebot3_bringup
