[0.098s] Invoking command in '/home/huy/nav2_ws/Vaccum-Robot-LDS02RR/build/turtlebot3_node': CMAKE_PREFIX_PATH=/home/huy/mnt/usb_ext4/opt/ros/humble /usr/bin/cmake /home/huy/nav2_ws/Vaccum-Robot-LDS02RR/src/turtlebot3/turtlebot3_node -DRMW_IMPLEMENTATION=rmw_cyclonedds_cpp -DCMAKE_TOOLCHAIN_FILE=/home/huy/nav2_ws/Vaccum-Robot-LDS02RR/toolchain_aarch64.cmake -DCMAKE_INSTALL_PREFIX=/home/huy/nav2_ws/Vaccum-Robot-LDS02RR/install
[0.506s] -- The C compiler identification is GNU 12.2.1
[0.921s] -- The CXX compiler identification is GNU 12.2.1
[0.939s] -- Detecting C compiler ABI info
[1.386s] -- Detecting C compiler ABI info - done
[1.397s] -- Check for working C compiler: /home/huy/mnt/usb_ext4/arm-gnu-toolchain-12.2.rel1-x86_64-aarch64-none-linux-gnu/bin/aarch64-none-linux-gnu-gcc - skipped
[1.397s] -- Detecting C compile features
[1.397s] -- Detecting C compile features - done
[1.402s] -- Detecting CXX compiler ABI info
[1.865s] -- Detecting CXX compiler ABI info - done
[1.900s] -- Check for working CXX compiler: /home/huy/mnt/usb_ext4/arm-gnu-toolchain-12.2.rel1-x86_64-aarch64-none-linux-gnu/bin/aarch64-none-linux-gnu-g++ - skipped
[1.900s] -- Detecting CXX compile features
[1.900s] -- Detecting CXX compile features - done
[1.910s] -- Found ament_cmake: 1.3.11 (/home/huy/mnt/usb_ext4/opt/ros/humble/share/ament_cmake/cmake)
[2.242s] -- Found Python3: /usr/bin/python3 (found version "3.10.12") found components: Interpreter 
[2.455s] -- Found dynamixel_sdk: 3.8.2 (/home/huy/mnt/usb_ext4/opt/ros/humble/share/dynamixel_sdk/cmake)
[2.455s] -- Found geometry_msgs: 4.8.0 (/home/huy/mnt/usb_ext4/opt/ros/humble/share/geometry_msgs/cmake)
[2.507s] -- Found rosidl_generator_c: 3.1.6 (/home/huy/mnt/usb_ext4/opt/ros/humble/share/rosidl_generator_c/cmake)
[2.513s] -- Found rosidl_adapter: 3.1.6 (/home/huy/mnt/usb_ext4/opt/ros/humble/share/rosidl_adapter/cmake)
[2.536s] -- Found rosidl_generator_cpp: 3.1.6 (/home/huy/mnt/usb_ext4/opt/ros/humble/share/rosidl_generator_cpp/cmake)
[2.571s] -- Using all available rosidl_typesupport_c: rosidl_typesupport_fastrtps_c;rosidl_typesupport_introspection_c
[2.604s] -- Using all available rosidl_typesupport_cpp: rosidl_typesupport_fastrtps_cpp;rosidl_typesupport_introspection_cpp
[2.716s] -- Found message_filters: 4.3.6 (/home/huy/mnt/usb_ext4/opt/ros/humble/share/message_filters/cmake)
[2.893s] -- Found rmw_implementation_cmake: 6.1.2 (/home/huy/mnt/usb_ext4/opt/ros/humble/share/rmw_implementation_cmake/cmake)
[2.893s] -- Found rmw_cyclonedds_cpp: 1.3.4 (/home/huy/mnt/usb_ext4/opt/ros/humble/share/rmw_cyclonedds_cpp/cmake)
[2.968s] -- Using RMW implementation 'rmw_cyclonedds_cpp' as default
[3.002s] -- Looking for pthread.h
[3.401s] -- Looking for pthread.h - found
[3.402s] -- Found Threads: TRUE  
[3.468s] -- Found nav_msgs: 4.8.0 (/home/huy/mnt/usb_ext4/opt/ros/humble/share/nav_msgs/cmake)
[3.507s] -- Found sensor_msgs: 4.8.0 (/home/huy/mnt/usb_ext4/opt/ros/humble/share/sensor_msgs/cmake)
[3.550s] -- Found std_srvs: 4.8.0 (/home/huy/mnt/usb_ext4/opt/ros/humble/share/std_srvs/cmake)
[3.571s] -- Found tf2: 0.25.12 (/home/huy/mnt/usb_ext4/opt/ros/humble/share/tf2/cmake)
[3.597s] -- Found tf2_ros: 0.25.12 (/home/huy/mnt/usb_ext4/opt/ros/humble/share/tf2_ros/cmake)
[3.764s] -- Found turtlebot3_msgs: 2.3.0 (/home/huy/mnt/usb_ext4/opt/ros/humble/share/turtlebot3_msgs/cmake)
[3.946s] -- Configuring done
[4.021s] -- Generating done
[4.048s] -- Build files have been written to: /home/huy/nav2_ws/Vaccum-Robot-LDS02RR/build/turtlebot3_node
[4.794s] Invoked command in '/home/huy/nav2_ws/Vaccum-Robot-LDS02RR/build/turtlebot3_node' returned '0': CMAKE_PREFIX_PATH=/home/huy/mnt/usb_ext4/opt/ros/humble /usr/bin/cmake /home/huy/nav2_ws/Vaccum-Robot-LDS02RR/src/turtlebot3/turtlebot3_node -DRMW_IMPLEMENTATION=rmw_cyclonedds_cpp -DCMAKE_TOOLCHAIN_FILE=/home/huy/nav2_ws/Vaccum-Robot-LDS02RR/toolchain_aarch64.cmake -DCMAKE_INSTALL_PREFIX=/home/huy/nav2_ws/Vaccum-Robot-LDS02RR/install
[4.798s] Invoking command in '/home/huy/nav2_ws/Vaccum-Robot-LDS02RR/build/turtlebot3_node': CMAKE_PREFIX_PATH=/home/huy/mnt/usb_ext4/opt/ros/humble /usr/bin/cmake --build /home/huy/nav2_ws/Vaccum-Robot-LDS02RR/build/turtlebot3_node -- -j4 -l4
[4.987s] [35m[1mConsolidate compiler generated dependencies of target turtlebot3_node_lib[0m
[5.094s] [ 84%] Built target turtlebot3_node_lib
[5.140s] [35m[1mConsolidate compiler generated dependencies of target turtlebot3_ros[0m
[5.233s] [100%] Built target turtlebot3_ros
[5.255s] Invoked command in '/home/huy/nav2_ws/Vaccum-Robot-LDS02RR/build/turtlebot3_node' returned '0': CMAKE_PREFIX_PATH=/home/huy/mnt/usb_ext4/opt/ros/humble /usr/bin/cmake --build /home/huy/nav2_ws/Vaccum-Robot-LDS02RR/build/turtlebot3_node -- -j4 -l4
[5.256s] Invoking command in '/home/huy/nav2_ws/Vaccum-Robot-LDS02RR/build/turtlebot3_node': CMAKE_PREFIX_PATH=/home/huy/mnt/usb_ext4/opt/ros/humble /usr/bin/cmake --install /home/huy/nav2_ws/Vaccum-Robot-LDS02RR/build/turtlebot3_node
[5.286s] -- Install configuration: ""
[5.286s] -- Up-to-date: /home/huy/nav2_ws/Vaccum-Robot-LDS02RR/install/share/turtlebot3_node/param
[5.287s] -- Up-to-date: /home/huy/nav2_ws/Vaccum-Robot-LDS02RR/install/share/turtlebot3_node/param/burger.yaml
[5.287s] -- Up-to-date: /home/huy/nav2_ws/Vaccum-Robot-LDS02RR/install/share/turtlebot3_node/param/waffle_pi.yaml
[5.287s] -- Up-to-date: /home/huy/nav2_ws/Vaccum-Robot-LDS02RR/install/share/turtlebot3_node/param/waffle.yaml
[5.292s] -- Installing: /home/huy/nav2_ws/Vaccum-Robot-LDS02RR/install/lib/turtlebot3_node/turtlebot3_ros
[5.347s] -- Set runtime path of "/home/huy/nav2_ws/Vaccum-Robot-LDS02RR/install/lib/turtlebot3_node/turtlebot3_ros" to ""
[5.349s] -- Up-to-date: /home/huy/nav2_ws/Vaccum-Robot-LDS02RR/install/share/ament_index/resource_index/package_run_dependencies/turtlebot3_node
[5.349s] -- Up-to-date: /home/huy/nav2_ws/Vaccum-Robot-LDS02RR/install/share/ament_index/resource_index/parent_prefix_path/turtlebot3_node
[5.349s] -- Up-to-date: /home/huy/nav2_ws/Vaccum-Robot-LDS02RR/install/share/turtlebot3_node/environment/ament_prefix_path.sh
[5.353s] -- Installing: /home/huy/nav2_ws/Vaccum-Robot-LDS02RR/install/share/turtlebot3_node/environment/ament_prefix_path.dsv
[5.353s] -- Up-to-date: /home/huy/nav2_ws/Vaccum-Robot-LDS02RR/install/share/turtlebot3_node/environment/path.sh
[5.353s] -- Installing: /home/huy/nav2_ws/Vaccum-Robot-LDS02RR/install/share/turtlebot3_node/environment/path.dsv
[5.354s] -- Up-to-date: /home/huy/nav2_ws/Vaccum-Robot-LDS02RR/install/share/turtlebot3_node/local_setup.bash
[5.354s] -- Up-to-date: /home/huy/nav2_ws/Vaccum-Robot-LDS02RR/install/share/turtlebot3_node/local_setup.sh
[5.354s] -- Up-to-date: /home/huy/nav2_ws/Vaccum-Robot-LDS02RR/install/share/turtlebot3_node/local_setup.zsh
[5.354s] -- Installing: /home/huy/nav2_ws/Vaccum-Robot-LDS02RR/install/share/turtlebot3_node/local_setup.dsv
[5.354s] -- Installing: /home/huy/nav2_ws/Vaccum-Robot-LDS02RR/install/share/turtlebot3_node/package.dsv
[5.354s] -- Up-to-date: /home/huy/nav2_ws/Vaccum-Robot-LDS02RR/install/share/ament_index/resource_index/packages/turtlebot3_node
[5.354s] -- Up-to-date: /home/huy/nav2_ws/Vaccum-Robot-LDS02RR/install/share/turtlebot3_node/cmake/ament_cmake_export_include_directories-extras.cmake
[5.354s] -- Up-to-date: /home/huy/nav2_ws/Vaccum-Robot-LDS02RR/install/share/turtlebot3_node/cmake/turtlebot3_nodeConfig.cmake
[5.355s] -- Up-to-date: /home/huy/nav2_ws/Vaccum-Robot-LDS02RR/install/share/turtlebot3_node/cmake/turtlebot3_nodeConfig-version.cmake
[5.355s] -- Up-to-date: /home/huy/nav2_ws/Vaccum-Robot-LDS02RR/install/share/turtlebot3_node/package.xml
[5.370s] Invoked command in '/home/huy/nav2_ws/Vaccum-Robot-LDS02RR/build/turtlebot3_node' returned '0': CMAKE_PREFIX_PATH=/home/huy/mnt/usb_ext4/opt/ros/humble /usr/bin/cmake --install /home/huy/nav2_ws/Vaccum-Robot-LDS02RR/build/turtlebot3_node
