[0.381s] Invoking command in '/home/huy/nav2_ws/Vaccum-Robot-LDS02RR/build/explorer_interfaces': CMAKE_PREFIX_PATH=/home/huy/mnt/usb_ext4/opt/ros/humble /usr/bin/cmake /home/huy/nav2_ws/Vaccum-Robot-LDS02RR/src/turtlebot3/explorer_interfaces -DRMW_IMPLEMENTATION=rmw_cyclonedds_cpp -DCMAKE_TOOLCHAIN_FILE=/home/huy/nav2_ws/Vaccum-Robot-LDS02RR/toolchain_aarch64.cmake -DCMAKE_INSTALL_PREFIX=/home/huy/nav2_ws/Vaccum-Robot-LDS02RR/install
[0.496s] -- The C compiler identification is GNU 12.2.1
[0.673s] -- The CXX compiler identification is GNU 12.2.1
[0.684s] -- Detecting C compiler ABI info
[0.827s] -- Detecting C compiler ABI info - done
[0.847s] -- Check for working C compiler: /home/huy/mnt/usb_ext4/arm-gnu-toolchain-12.2.rel1-x86_64-aarch64-none-linux-gnu/bin/aarch64-none-linux-gnu-gcc - skipped
[0.851s] -- Detecting C compile features
[0.851s] -- Detecting C compile features - done
[0.852s] -- Detecting CXX compiler ABI info
[1.046s] -- Detecting CXX compiler ABI info - done
[1.060s] -- Check for working CXX compiler: /home/huy/mnt/usb_ext4/arm-gnu-toolchain-12.2.rel1-x86_64-aarch64-none-linux-gnu/bin/aarch64-none-linux-gnu-g++ - skipped
[1.061s] -- Detecting CXX compile features
[1.061s] -- Detecting CXX compile features - done
[1.068s] -- Found ament_cmake: 1.3.11 (/home/huy/mnt/usb_ext4/opt/ros/humble/share/ament_cmake/cmake)
[1.262s] -- Found Python3: /usr/bin/python3 (found version "3.10.12") found components: Interpreter 
[1.373s] -- Found ament_lint_auto: 0.12.12 (/home/huy/mnt/usb_ext4/opt/ros/humble/share/ament_lint_auto/cmake)
[1.476s] -- Found rosidl_default_generators: 1.2.0 (/home/huy/mnt/usb_ext4/opt/ros/humble/share/rosidl_default_generators/cmake)
[1.476s] -- Using all available rosidl_typesupport_c: rosidl_typesupport_fastrtps_c;rosidl_typesupport_introspection_c
[1.482s] -- Found rosidl_adapter: 3.1.6 (/home/huy/mnt/usb_ext4/opt/ros/humble/share/rosidl_adapter/cmake)
[1.520s] -- Using all available rosidl_typesupport_cpp: rosidl_typesupport_fastrtps_cpp;rosidl_typesupport_introspection_cpp
[1.563s] -- Found geometry_msgs: 4.8.0 (/home/huy/mnt/usb_ext4/opt/ros/humble/share/geometry_msgs/cmake)
[2.108s] -- Found nav_msgs: 4.8.0 (/home/huy/mnt/usb_ext4/opt/ros/humble/share/nav_msgs/cmake)
[3.024s] -- Found ament_cmake_ros: 0.10.0 (/home/huy/mnt/usb_ext4/opt/ros/humble/share/ament_cmake_ros/cmake)
[3.344s] -- Using all available rosidl_typesupport_c: rosidl_typesupport_fastrtps_c;rosidl_typesupport_introspection_c
[3.715s] -- Using all available rosidl_typesupport_cpp: rosidl_typesupport_fastrtps_cpp;rosidl_typesupport_introspection_cpp
[3.750s] -- Found PythonInterp: /usr/bin/python3 (found suitable version "3.10.12", minimum required is "3.6") 
[3.750s] -- Found python_cmake_module: 0.10.0 (/home/huy/mnt/usb_ext4/opt/ros/humble/share/python_cmake_module/cmake)
[3.789s] -- Found PythonLibs: /home/huy/mnt/usb_ext4/usr/lib/aarch64-linux-gnu/libpython3.10.so (found suitable version "3.10.12", minimum required is "3.5") 
[3.789s] -- Using PYTHON_EXECUTABLE: /usr/bin/python3
[3.789s] -- Using PYTHON_INCLUDE_DIRS: /home/huy/mnt/usb_ext4/usr/include/python3.10
[3.789s] -- Using PYTHON_LIBRARIES: /home/huy/mnt/usb_ext4/usr/lib/aarch64-linux-gnu/libpython3.10.so
[3.825s] -- Found PythonExtra: .so  
[3.891s] -- Added test 'copyright' to check source files copyright and LICENSE
[3.894s] -- Added test 'lint_cmake' to check CMake code style
[3.899s] -- Added test 'xmllint' to check XML markup files
[3.905s] -- Configuring done
[4.010s] -- Generating done
[4.027s] [33mCMake Warning:
[4.027s]   Manually-specified variables were not used by the project:
[4.027s] 
[4.027s]     RMW_IMPLEMENTATION
[4.027s] 
[4.027s] [0m
[4.036s] -- Build files have been written to: /home/huy/nav2_ws/Vaccum-Robot-LDS02RR/build/explorer_interfaces
[4.062s] Invoked command in '/home/huy/nav2_ws/Vaccum-Robot-LDS02RR/build/explorer_interfaces' returned '0': CMAKE_PREFIX_PATH=/home/huy/mnt/usb_ext4/opt/ros/humble /usr/bin/cmake /home/huy/nav2_ws/Vaccum-Robot-LDS02RR/src/turtlebot3/explorer_interfaces -DRMW_IMPLEMENTATION=rmw_cyclonedds_cpp -DCMAKE_TOOLCHAIN_FILE=/home/huy/nav2_ws/Vaccum-Robot-LDS02RR/toolchain_aarch64.cmake -DCMAKE_INSTALL_PREFIX=/home/huy/nav2_ws/Vaccum-Robot-LDS02RR/install
[4.062s] Invoking command in '/home/huy/nav2_ws/Vaccum-Robot-LDS02RR/build/explorer_interfaces': CMAKE_PREFIX_PATH=/home/huy/mnt/usb_ext4/opt/ros/humble /usr/bin/cmake --build /home/huy/nav2_ws/Vaccum-Robot-LDS02RR/build/explorer_interfaces -- -j4 -l4
[4.141s] [35m[1mConsolidate compiler generated dependencies of target explorer_interfaces__rosidl_generator_c[0m
[4.174s] [  2%] Built target explorer_interfaces__cpp
[4.189s] [ 12%] Built target explorer_interfaces__rosidl_generator_c
[4.209s] [35m[1mConsolidate compiler generated dependencies of target explorer_interfaces__rosidl_typesupport_cpp[0m
[4.216s] [35m[1mConsolidate compiler generated dependencies of target explorer_interfaces__rosidl_typesupport_fastrtps_cpp[0m
[4.219s] [ 12%] Built target ament_cmake_python_copy_explorer_interfaces
[4.227s] [35m[1mConsolidate compiler generated dependencies of target explorer_interfaces__rosidl_typesupport_introspection_cpp[0m
[4.260s] [35m[1mConsolidate compiler generated dependencies of target explorer_interfaces__rosidl_typesupport_fastrtps_c[0m
[4.260s] [ 23%] Built target explorer_interfaces__rosidl_typesupport_cpp
[4.276s] [ 33%] Built target explorer_interfaces__rosidl_typesupport_fastrtps_cpp
[4.307s] [ 43%] Built target explorer_interfaces__rosidl_typesupport_introspection_cpp
[4.314s] [35m[1mConsolidate compiler generated dependencies of target explorer_interfaces__rosidl_typesupport_c[0m
[4.314s] [35m[1mConsolidate compiler generated dependencies of target explorer_interfaces__rosidl_typesupport_introspection_c[0m
[4.317s] [ 53%] Built target explorer_interfaces__rosidl_typesupport_fastrtps_c
[4.333s] [ 64%] Built target explorer_interfaces__rosidl_typesupport_introspection_c
[4.346s] [ 74%] Built target explorer_interfaces__rosidl_typesupport_c
[4.390s] [ 74%] Built target explorer_interfaces
[4.429s] [ 76%] Built target explorer_interfaces__py
[4.446s] [35m[1mConsolidate compiler generated dependencies of target explorer_interfaces__rosidl_generator_py[0m
[4.467s] [ 84%] Built target explorer_interfaces__rosidl_generator_py
[4.504s] [35m[1mConsolidate compiler generated dependencies of target explorer_interfaces__rosidl_typesupport_c__pyext[0m
[4.504s] [35m[1mConsolidate compiler generated dependencies of target explorer_interfaces__rosidl_typesupport_fastrtps_c__pyext[0m
[4.504s] [35m[1mConsolidate compiler generated dependencies of target explorer_interfaces__rosidl_typesupport_introspection_c__pyext[0m
[4.538s] [ 89%] Built target explorer_interfaces__rosidl_typesupport_c__pyext
[4.552s] [ 94%] Built target explorer_interfaces__rosidl_typesupport_introspection_c__pyext
[4.554s] [100%] Built target explorer_interfaces__rosidl_typesupport_fastrtps_c__pyext
[4.672s] running egg_info
[4.672s] writing explorer_interfaces.egg-info/PKG-INFO
[4.673s] writing dependency_links to explorer_interfaces.egg-info/dependency_links.txt
[4.673s] writing top-level names to explorer_interfaces.egg-info/top_level.txt
[4.676s] reading manifest file 'explorer_interfaces.egg-info/SOURCES.txt'
[4.677s] writing manifest file 'explorer_interfaces.egg-info/SOURCES.txt'
[4.728s] [100%] Built target ament_cmake_python_build_explorer_interfaces_egg
[4.745s] Invoked command in '/home/huy/nav2_ws/Vaccum-Robot-LDS02RR/build/explorer_interfaces' returned '0': CMAKE_PREFIX_PATH=/home/huy/mnt/usb_ext4/opt/ros/humble /usr/bin/cmake --build /home/huy/nav2_ws/Vaccum-Robot-LDS02RR/build/explorer_interfaces -- -j4 -l4
[4.749s] Invoking command in '/home/huy/nav2_ws/Vaccum-Robot-LDS02RR/build/explorer_interfaces': CMAKE_PREFIX_PATH=/home/huy/mnt/usb_ext4/opt/ros/humble /usr/bin/cmake --install /home/huy/nav2_ws/Vaccum-Robot-LDS02RR/build/explorer_interfaces
[4.759s] -- Install configuration: ""
[4.759s] -- Up-to-date: /home/huy/nav2_ws/Vaccum-Robot-LDS02RR/install/share/ament_index/resource_index/rosidl_interfaces/explorer_interfaces
[4.759s] -- Up-to-date: /home/huy/nav2_ws/Vaccum-Robot-LDS02RR/install/include/explorer_interfaces/explorer_interfaces
[4.759s] -- Up-to-date: /home/huy/nav2_ws/Vaccum-Robot-LDS02RR/install/include/explorer_interfaces/explorer_interfaces/msg
[4.759s] -- Up-to-date: /home/huy/nav2_ws/Vaccum-Robot-LDS02RR/install/include/explorer_interfaces/explorer_interfaces/msg/rosidl_generator_c__visibility_control.h
[4.759s] -- Up-to-date: /home/huy/nav2_ws/Vaccum-Robot-LDS02RR/install/include/explorer_interfaces/explorer_interfaces/action
[4.759s] -- Up-to-date: /home/huy/nav2_ws/Vaccum-Robot-LDS02RR/install/include/explorer_interfaces/explorer_interfaces/action/detail
[4.759s] -- Up-to-date: /home/huy/nav2_ws/Vaccum-Robot-LDS02RR/install/include/explorer_interfaces/explorer_interfaces/action/detail/wander__struct.h
[4.760s] -- Up-to-date: /home/huy/nav2_ws/Vaccum-Robot-LDS02RR/install/include/explorer_interfaces/explorer_interfaces/action/detail/discover__type_support.h
[4.760s] -- Up-to-date: /home/huy/nav2_ws/Vaccum-Robot-LDS02RR/install/include/explorer_interfaces/explorer_interfaces/action/detail/wander__functions.c
[4.760s] -- Up-to-date: /home/huy/nav2_ws/Vaccum-Robot-LDS02RR/install/include/explorer_interfaces/explorer_interfaces/action/detail/wander__type_support.h
[4.760s] -- Up-to-date: /home/huy/nav2_ws/Vaccum-Robot-LDS02RR/install/include/explorer_interfaces/explorer_interfaces/action/detail/discover__functions.c
[4.760s] -- Up-to-date: /home/huy/nav2_ws/Vaccum-Robot-LDS02RR/install/include/explorer_interfaces/explorer_interfaces/action/detail/discover__functions.h
[4.760s] -- Up-to-date: /home/huy/nav2_ws/Vaccum-Robot-LDS02RR/install/include/explorer_interfaces/explorer_interfaces/action/detail/discover__struct.h
[4.760s] -- Up-to-date: /home/huy/nav2_ws/Vaccum-Robot-LDS02RR/install/include/explorer_interfaces/explorer_interfaces/action/detail/wander__functions.h
[4.760s] -- Up-to-date: /home/huy/nav2_ws/Vaccum-Robot-LDS02RR/install/include/explorer_interfaces/explorer_interfaces/action/wander.h
[4.760s] -- Up-to-date: /home/huy/nav2_ws/Vaccum-Robot-LDS02RR/install/include/explorer_interfaces/explorer_interfaces/action/discover.h
[4.760s] -- Up-to-date: /home/huy/nav2_ws/Vaccum-Robot-LDS02RR/install/share/explorer_interfaces/environment/library_path.sh
[4.760s] -- Installing: /home/huy/nav2_ws/Vaccum-Robot-LDS02RR/install/share/explorer_interfaces/environment/library_path.dsv
[4.761s] -- Installing: /home/huy/nav2_ws/Vaccum-Robot-LDS02RR/install/lib/libexplorer_interfaces__rosidl_generator_c.so
[4.761s] -- Set runtime path of "/home/huy/nav2_ws/Vaccum-Robot-LDS02RR/install/lib/libexplorer_interfaces__rosidl_generator_c.so" to ""
[4.761s] -- Up-to-date: /home/huy/nav2_ws/Vaccum-Robot-LDS02RR/install/include/explorer_interfaces/explorer_interfaces
[4.761s] -- Up-to-date: /home/huy/nav2_ws/Vaccum-Robot-LDS02RR/install/include/explorer_interfaces/explorer_interfaces/msg
[4.761s] -- Up-to-date: /home/huy/nav2_ws/Vaccum-Robot-LDS02RR/install/include/explorer_interfaces/explorer_interfaces/msg/rosidl_typesupport_fastrtps_c__visibility_control.h
[4.761s] -- Up-to-date: /home/huy/nav2_ws/Vaccum-Robot-LDS02RR/install/include/explorer_interfaces/explorer_interfaces/action
[4.761s] -- Up-to-date: /home/huy/nav2_ws/Vaccum-Robot-LDS02RR/install/include/explorer_interfaces/explorer_interfaces/action/detail
[4.761s] -- Up-to-date: /home/huy/nav2_ws/Vaccum-Robot-LDS02RR/install/include/explorer_interfaces/explorer_interfaces/action/detail/discover__rosidl_typesupport_fastrtps_c.h
[4.761s] -- Up-to-date: /home/huy/nav2_ws/Vaccum-Robot-LDS02RR/install/include/explorer_interfaces/explorer_interfaces/action/detail/wander__rosidl_typesupport_fastrtps_c.h
[4.762s] -- Installing: /home/huy/nav2_ws/Vaccum-Robot-LDS02RR/install/lib/libexplorer_interfaces__rosidl_typesupport_fastrtps_c.so
[4.762s] -- Set runtime path of "/home/huy/nav2_ws/Vaccum-Robot-LDS02RR/install/lib/libexplorer_interfaces__rosidl_typesupport_fastrtps_c.so" to ""
[4.762s] -- Up-to-date: /home/huy/nav2_ws/Vaccum-Robot-LDS02RR/install/include/explorer_interfaces/explorer_interfaces
[4.762s] -- Up-to-date: /home/huy/nav2_ws/Vaccum-Robot-LDS02RR/install/include/explorer_interfaces/explorer_interfaces/msg
[4.762s] -- Up-to-date: /home/huy/nav2_ws/Vaccum-Robot-LDS02RR/install/include/explorer_interfaces/explorer_interfaces/msg/rosidl_typesupport_introspection_c__visibility_control.h
[4.762s] -- Up-to-date: /home/huy/nav2_ws/Vaccum-Robot-LDS02RR/install/include/explorer_interfaces/explorer_interfaces/action
[4.762s] -- Up-to-date: /home/huy/nav2_ws/Vaccum-Robot-LDS02RR/install/include/explorer_interfaces/explorer_interfaces/action/detail
[4.762s] -- Up-to-date: /home/huy/nav2_ws/Vaccum-Robot-LDS02RR/install/include/explorer_interfaces/explorer_interfaces/action/detail/wander__rosidl_typesupport_introspection_c.h
[4.762s] -- Up-to-date: /home/huy/nav2_ws/Vaccum-Robot-LDS02RR/install/include/explorer_interfaces/explorer_interfaces/action/detail/discover__type_support.c
[4.762s] -- Up-to-date: /home/huy/nav2_ws/Vaccum-Robot-LDS02RR/install/include/explorer_interfaces/explorer_interfaces/action/detail/wander__type_support.c
[4.762s] -- Up-to-date: /home/huy/nav2_ws/Vaccum-Robot-LDS02RR/install/include/explorer_interfaces/explorer_interfaces/action/detail/discover__rosidl_typesupport_introspection_c.h
[4.762s] -- Installing: /home/huy/nav2_ws/Vaccum-Robot-LDS02RR/install/lib/libexplorer_interfaces__rosidl_typesupport_introspection_c.so
[4.763s] -- Set runtime path of "/home/huy/nav2_ws/Vaccum-Robot-LDS02RR/install/lib/libexplorer_interfaces__rosidl_typesupport_introspection_c.so" to ""
[4.763s] -- Installing: /home/huy/nav2_ws/Vaccum-Robot-LDS02RR/install/lib/libexplorer_interfaces__rosidl_typesupport_c.so
[4.763s] -- Set runtime path of "/home/huy/nav2_ws/Vaccum-Robot-LDS02RR/install/lib/libexplorer_interfaces__rosidl_typesupport_c.so" to ""
[4.763s] -- Up-to-date: /home/huy/nav2_ws/Vaccum-Robot-LDS02RR/install/include/explorer_interfaces/explorer_interfaces
[4.763s] -- Up-to-date: /home/huy/nav2_ws/Vaccum-Robot-LDS02RR/install/include/explorer_interfaces/explorer_interfaces/msg
[4.764s] -- Up-to-date: /home/huy/nav2_ws/Vaccum-Robot-LDS02RR/install/include/explorer_interfaces/explorer_interfaces/msg/rosidl_generator_cpp__visibility_control.hpp
[4.764s] -- Up-to-date: /home/huy/nav2_ws/Vaccum-Robot-LDS02RR/install/include/explorer_interfaces/explorer_interfaces/action
[4.764s] -- Up-to-date: /home/huy/nav2_ws/Vaccum-Robot-LDS02RR/install/include/explorer_interfaces/explorer_interfaces/action/detail
[4.764s] -- Up-to-date: /home/huy/nav2_ws/Vaccum-Robot-LDS02RR/install/include/explorer_interfaces/explorer_interfaces/action/detail/discover__builder.hpp
[4.764s] -- Up-to-date: /home/huy/nav2_ws/Vaccum-Robot-LDS02RR/install/include/explorer_interfaces/explorer_interfaces/action/detail/wander__builder.hpp
[4.764s] -- Up-to-date: /home/huy/nav2_ws/Vaccum-Robot-LDS02RR/install/include/explorer_interfaces/explorer_interfaces/action/detail/discover__traits.hpp
[4.764s] -- Up-to-date: /home/huy/nav2_ws/Vaccum-Robot-LDS02RR/install/include/explorer_interfaces/explorer_interfaces/action/detail/discover__type_support.hpp
[4.764s] -- Up-to-date: /home/huy/nav2_ws/Vaccum-Robot-LDS02RR/install/include/explorer_interfaces/explorer_interfaces/action/detail/wander__type_support.hpp
[4.764s] -- Up-to-date: /home/huy/nav2_ws/Vaccum-Robot-LDS02RR/install/include/explorer_interfaces/explorer_interfaces/action/detail/discover__struct.hpp
[4.764s] -- Up-to-date: /home/huy/nav2_ws/Vaccum-Robot-LDS02RR/install/include/explorer_interfaces/explorer_interfaces/action/detail/wander__struct.hpp
[4.764s] -- Up-to-date: /home/huy/nav2_ws/Vaccum-Robot-LDS02RR/install/include/explorer_interfaces/explorer_interfaces/action/detail/wander__traits.hpp
[4.764s] -- Up-to-date: /home/huy/nav2_ws/Vaccum-Robot-LDS02RR/install/include/explorer_interfaces/explorer_interfaces/action/wander.hpp
[4.765s] -- Up-to-date: /home/huy/nav2_ws/Vaccum-Robot-LDS02RR/install/include/explorer_interfaces/explorer_interfaces/action/discover.hpp
[4.765s] -- Up-to-date: /home/huy/nav2_ws/Vaccum-Robot-LDS02RR/install/include/explorer_interfaces/explorer_interfaces
[4.765s] -- Up-to-date: /home/huy/nav2_ws/Vaccum-Robot-LDS02RR/install/include/explorer_interfaces/explorer_interfaces/msg
[4.765s] -- Up-to-date: /home/huy/nav2_ws/Vaccum-Robot-LDS02RR/install/include/explorer_interfaces/explorer_interfaces/msg/rosidl_typesupport_fastrtps_cpp__visibility_control.h
[4.765s] -- Up-to-date: /home/huy/nav2_ws/Vaccum-Robot-LDS02RR/install/include/explorer_interfaces/explorer_interfaces/action
[4.765s] -- Up-to-date: /home/huy/nav2_ws/Vaccum-Robot-LDS02RR/install/include/explorer_interfaces/explorer_interfaces/action/detail
[4.765s] -- Up-to-date: /home/huy/nav2_ws/Vaccum-Robot-LDS02RR/install/include/explorer_interfaces/explorer_interfaces/action/detail/discover__rosidl_typesupport_fastrtps_cpp.hpp
[4.765s] -- Up-to-date: /home/huy/nav2_ws/Vaccum-Robot-LDS02RR/install/include/explorer_interfaces/explorer_interfaces/action/detail/dds_fastrtps
[4.765s] -- Up-to-date: /home/huy/nav2_ws/Vaccum-Robot-LDS02RR/install/include/explorer_interfaces/explorer_interfaces/action/detail/wander__rosidl_typesupport_fastrtps_cpp.hpp
[4.765s] -- Installing: /home/huy/nav2_ws/Vaccum-Robot-LDS02RR/install/lib/libexplorer_interfaces__rosidl_typesupport_fastrtps_cpp.so
[4.766s] -- Set runtime path of "/home/huy/nav2_ws/Vaccum-Robot-LDS02RR/install/lib/libexplorer_interfaces__rosidl_typesupport_fastrtps_cpp.so" to ""
[4.766s] -- Up-to-date: /home/huy/nav2_ws/Vaccum-Robot-LDS02RR/install/include/explorer_interfaces/explorer_interfaces
[4.766s] -- Up-to-date: /home/huy/nav2_ws/Vaccum-Robot-LDS02RR/install/include/explorer_interfaces/explorer_interfaces/action
[4.766s] -- Up-to-date: /home/huy/nav2_ws/Vaccum-Robot-LDS02RR/install/include/explorer_interfaces/explorer_interfaces/action/detail
[4.766s] -- Up-to-date: /home/huy/nav2_ws/Vaccum-Robot-LDS02RR/install/include/explorer_interfaces/explorer_interfaces/action/detail/discover__type_support.cpp
[4.766s] -- Up-to-date: /home/huy/nav2_ws/Vaccum-Robot-LDS02RR/install/include/explorer_interfaces/explorer_interfaces/action/detail/discover__rosidl_typesupport_introspection_cpp.hpp
[4.766s] -- Up-to-date: /home/huy/nav2_ws/Vaccum-Robot-LDS02RR/install/include/explorer_interfaces/explorer_interfaces/action/detail/wander__type_support.cpp
[4.766s] -- Up-to-date: /home/huy/nav2_ws/Vaccum-Robot-LDS02RR/install/include/explorer_interfaces/explorer_interfaces/action/detail/wander__rosidl_typesupport_introspection_cpp.hpp
[4.766s] -- Installing: /home/huy/nav2_ws/Vaccum-Robot-LDS02RR/install/lib/libexplorer_interfaces__rosidl_typesupport_introspection_cpp.so
[4.766s] -- Set runtime path of "/home/huy/nav2_ws/Vaccum-Robot-LDS02RR/install/lib/libexplorer_interfaces__rosidl_typesupport_introspection_cpp.so" to ""
[4.766s] -- Installing: /home/huy/nav2_ws/Vaccum-Robot-LDS02RR/install/lib/libexplorer_interfaces__rosidl_typesupport_cpp.so
[4.768s] -- Set runtime path of "/home/huy/nav2_ws/Vaccum-Robot-LDS02RR/install/lib/libexplorer_interfaces__rosidl_typesupport_cpp.so" to ""
[4.769s] -- Up-to-date: /home/huy/nav2_ws/Vaccum-Robot-LDS02RR/install/share/explorer_interfaces/environment/pythonpath.sh
[4.769s] -- Installing: /home/huy/nav2_ws/Vaccum-Robot-LDS02RR/install/share/explorer_interfaces/environment/pythonpath.dsv
[4.769s] -- Up-to-date: /home/huy/nav2_ws/Vaccum-Robot-LDS02RR/install/local/lib/python3.10/dist-packages/explorer_interfaces-0.0.0-py3.10.egg-info
[4.769s] -- Installing: /home/huy/nav2_ws/Vaccum-Robot-LDS02RR/install/local/lib/python3.10/dist-packages/explorer_interfaces-0.0.0-py3.10.egg-info/SOURCES.txt
[4.769s] -- Installing: /home/huy/nav2_ws/Vaccum-Robot-LDS02RR/install/local/lib/python3.10/dist-packages/explorer_interfaces-0.0.0-py3.10.egg-info/PKG-INFO
[4.769s] -- Installing: /home/huy/nav2_ws/Vaccum-Robot-LDS02RR/install/local/lib/python3.10/dist-packages/explorer_interfaces-0.0.0-py3.10.egg-info/dependency_links.txt
[4.769s] -- Installing: /home/huy/nav2_ws/Vaccum-Robot-LDS02RR/install/local/lib/python3.10/dist-packages/explorer_interfaces-0.0.0-py3.10.egg-info/top_level.txt
[4.769s] -- Up-to-date: /home/huy/nav2_ws/Vaccum-Robot-LDS02RR/install/local/lib/python3.10/dist-packages/explorer_interfaces
[4.769s] -- Up-to-date: /home/huy/nav2_ws/Vaccum-Robot-LDS02RR/install/local/lib/python3.10/dist-packages/explorer_interfaces/explorer_interfaces_s__rosidl_typesupport_c.cpython-310-x86_64-linux-gnu.so
[4.769s] -- Up-to-date: /home/huy/nav2_ws/Vaccum-Robot-LDS02RR/install/local/lib/python3.10/dist-packages/explorer_interfaces/libexplorer_interfaces__rosidl_generator_py.so
[4.769s] -- Up-to-date: /home/huy/nav2_ws/Vaccum-Robot-LDS02RR/install/local/lib/python3.10/dist-packages/explorer_interfaces/explorer_interfaces_s__rosidl_typesupport_fastrtps_c.cpython-310-x86_64-linux-gnu.so
[4.769s] -- Up-to-date: /home/huy/nav2_ws/Vaccum-Robot-LDS02RR/install/local/lib/python3.10/dist-packages/explorer_interfaces/_explorer_interfaces_s.ep.rosidl_typesupport_c.c
[4.769s] -- Installing: /home/huy/nav2_ws/Vaccum-Robot-LDS02RR/install/local/lib/python3.10/dist-packages/explorer_interfaces/__init__.py
[4.781s] -- Up-to-date: /home/huy/nav2_ws/Vaccum-Robot-LDS02RR/install/local/lib/python3.10/dist-packages/explorer_interfaces/explorer_interfaces_s__rosidl_typesupport_introspection_c.cpython-310-x86_64-linux-gnu.so
[4.781s] -- Up-to-date: /home/huy/nav2_ws/Vaccum-Robot-LDS02RR/install/local/lib/python3.10/dist-packages/explorer_interfaces/action
[4.781s] -- Up-to-date: /home/huy/nav2_ws/Vaccum-Robot-LDS02RR/install/local/lib/python3.10/dist-packages/explorer_interfaces/action/_discover.py
[4.781s] -- Up-to-date: /home/huy/nav2_ws/Vaccum-Robot-LDS02RR/install/local/lib/python3.10/dist-packages/explorer_interfaces/action/_discover_s.c
[4.781s] -- Up-to-date: /home/huy/nav2_ws/Vaccum-Robot-LDS02RR/install/local/lib/python3.10/dist-packages/explorer_interfaces/action/_wander.py
[4.781s] -- Up-to-date: /home/huy/nav2_ws/Vaccum-Robot-LDS02RR/install/local/lib/python3.10/dist-packages/explorer_interfaces/action/__init__.py
[4.781s] -- Up-to-date: /home/huy/nav2_ws/Vaccum-Robot-LDS02RR/install/local/lib/python3.10/dist-packages/explorer_interfaces/action/_wander_s.c
[4.781s] -- Up-to-date: /home/huy/nav2_ws/Vaccum-Robot-LDS02RR/install/local/lib/python3.10/dist-packages/explorer_interfaces/_explorer_interfaces_s.ep.rosidl_typesupport_fastrtps_c.c
[4.781s] -- Up-to-date: /home/huy/nav2_ws/Vaccum-Robot-LDS02RR/install/local/lib/python3.10/dist-packages/explorer_interfaces/_explorer_interfaces_s.ep.rosidl_typesupport_introspection_c.c
[4.809s] Listing '/home/huy/nav2_ws/Vaccum-Robot-LDS02RR/install/local/lib/python3.10/dist-packages/explorer_interfaces'...
[4.809s] Compiling '/home/huy/nav2_ws/Vaccum-Robot-LDS02RR/install/local/lib/python3.10/dist-packages/explorer_interfaces/__init__.py'...
[4.809s] Listing '/home/huy/nav2_ws/Vaccum-Robot-LDS02RR/install/local/lib/python3.10/dist-packages/explorer_interfaces/action'...
[4.815s] -- Installing: /home/huy/nav2_ws/Vaccum-Robot-LDS02RR/install/local/lib/python3.10/dist-packages/explorer_interfaces/explorer_interfaces_s__rosidl_typesupport_fastrtps_c.cpython-310-x86_64-linux-gnu.so
[4.815s] -- Set runtime path of "/home/huy/nav2_ws/Vaccum-Robot-LDS02RR/install/local/lib/python3.10/dist-packages/explorer_interfaces/explorer_interfaces_s__rosidl_typesupport_fastrtps_c.cpython-310-x86_64-linux-gnu.so" to ""
[4.815s] -- Installing: /home/huy/nav2_ws/Vaccum-Robot-LDS02RR/install/local/lib/python3.10/dist-packages/explorer_interfaces/explorer_interfaces_s__rosidl_typesupport_introspection_c.cpython-310-x86_64-linux-gnu.so
[4.816s] -- Set runtime path of "/home/huy/nav2_ws/Vaccum-Robot-LDS02RR/install/local/lib/python3.10/dist-packages/explorer_interfaces/explorer_interfaces_s__rosidl_typesupport_introspection_c.cpython-310-x86_64-linux-gnu.so" to ""
[4.816s] -- Installing: /home/huy/nav2_ws/Vaccum-Robot-LDS02RR/install/local/lib/python3.10/dist-packages/explorer_interfaces/explorer_interfaces_s__rosidl_typesupport_c.cpython-310-x86_64-linux-gnu.so
[4.817s] -- Set runtime path of "/home/huy/nav2_ws/Vaccum-Robot-LDS02RR/install/local/lib/python3.10/dist-packages/explorer_interfaces/explorer_interfaces_s__rosidl_typesupport_c.cpython-310-x86_64-linux-gnu.so" to ""
[4.817s] -- Installing: /home/huy/nav2_ws/Vaccum-Robot-LDS02RR/install/lib/libexplorer_interfaces__rosidl_generator_py.so
[4.818s] -- Set runtime path of "/home/huy/nav2_ws/Vaccum-Robot-LDS02RR/install/lib/libexplorer_interfaces__rosidl_generator_py.so" to ""
[4.819s] -- Up-to-date: /home/huy/nav2_ws/Vaccum-Robot-LDS02RR/install/share/explorer_interfaces/action/Wander.idl
[4.819s] -- Up-to-date: /home/huy/nav2_ws/Vaccum-Robot-LDS02RR/install/share/explorer_interfaces/action/Discover.idl
[4.819s] -- Up-to-date: /home/huy/nav2_ws/Vaccum-Robot-LDS02RR/install/share/explorer_interfaces/action/Wander.action
[4.819s] -- Up-to-date: /home/huy/nav2_ws/Vaccum-Robot-LDS02RR/install/share/explorer_interfaces/action/Discover.action
[4.819s] -- Up-to-date: /home/huy/nav2_ws/Vaccum-Robot-LDS02RR/install/share/ament_index/resource_index/package_run_dependencies/explorer_interfaces
[4.819s] -- Up-to-date: /home/huy/nav2_ws/Vaccum-Robot-LDS02RR/install/share/ament_index/resource_index/parent_prefix_path/explorer_interfaces
[4.819s] -- Up-to-date: /home/huy/nav2_ws/Vaccum-Robot-LDS02RR/install/share/explorer_interfaces/environment/ament_prefix_path.sh
[4.819s] -- Installing: /home/huy/nav2_ws/Vaccum-Robot-LDS02RR/install/share/explorer_interfaces/environment/ament_prefix_path.dsv
[4.820s] -- Up-to-date: /home/huy/nav2_ws/Vaccum-Robot-LDS02RR/install/share/explorer_interfaces/environment/path.sh
[4.820s] -- Installing: /home/huy/nav2_ws/Vaccum-Robot-LDS02RR/install/share/explorer_interfaces/environment/path.dsv
[4.820s] -- Up-to-date: /home/huy/nav2_ws/Vaccum-Robot-LDS02RR/install/share/explorer_interfaces/local_setup.bash
[4.820s] -- Up-to-date: /home/huy/nav2_ws/Vaccum-Robot-LDS02RR/install/share/explorer_interfaces/local_setup.sh
[4.820s] -- Up-to-date: /home/huy/nav2_ws/Vaccum-Robot-LDS02RR/install/share/explorer_interfaces/local_setup.zsh
[4.821s] -- Installing: /home/huy/nav2_ws/Vaccum-Robot-LDS02RR/install/share/explorer_interfaces/local_setup.dsv
[4.821s] -- Installing: /home/huy/nav2_ws/Vaccum-Robot-LDS02RR/install/share/explorer_interfaces/package.dsv
[4.821s] -- Up-to-date: /home/huy/nav2_ws/Vaccum-Robot-LDS02RR/install/share/ament_index/resource_index/packages/explorer_interfaces
[4.821s] -- Up-to-date: /home/huy/nav2_ws/Vaccum-Robot-LDS02RR/install/share/explorer_interfaces/cmake/export_explorer_interfaces__rosidl_generator_cExport.cmake
[4.821s] -- Up-to-date: /home/huy/nav2_ws/Vaccum-Robot-LDS02RR/install/share/explorer_interfaces/cmake/export_explorer_interfaces__rosidl_generator_cExport-noconfig.cmake
[4.821s] -- Up-to-date: /home/huy/nav2_ws/Vaccum-Robot-LDS02RR/install/share/explorer_interfaces/cmake/export_explorer_interfaces__rosidl_typesupport_fastrtps_cExport.cmake
[4.821s] -- Up-to-date: /home/huy/nav2_ws/Vaccum-Robot-LDS02RR/install/share/explorer_interfaces/cmake/export_explorer_interfaces__rosidl_typesupport_fastrtps_cExport-noconfig.cmake
[4.822s] -- Up-to-date: /home/huy/nav2_ws/Vaccum-Robot-LDS02RR/install/share/explorer_interfaces/cmake/explorer_interfaces__rosidl_typesupport_introspection_cExport.cmake
[4.822s] -- Up-to-date: /home/huy/nav2_ws/Vaccum-Robot-LDS02RR/install/share/explorer_interfaces/cmake/explorer_interfaces__rosidl_typesupport_introspection_cExport-noconfig.cmake
[4.822s] -- Up-to-date: /home/huy/nav2_ws/Vaccum-Robot-LDS02RR/install/share/explorer_interfaces/cmake/explorer_interfaces__rosidl_typesupport_cExport.cmake
[4.822s] -- Up-to-date: /home/huy/nav2_ws/Vaccum-Robot-LDS02RR/install/share/explorer_interfaces/cmake/explorer_interfaces__rosidl_typesupport_cExport-noconfig.cmake
[4.822s] -- Up-to-date: /home/huy/nav2_ws/Vaccum-Robot-LDS02RR/install/share/explorer_interfaces/cmake/export_explorer_interfaces__rosidl_generator_cppExport.cmake
[4.822s] -- Up-to-date: /home/huy/nav2_ws/Vaccum-Robot-LDS02RR/install/share/explorer_interfaces/cmake/export_explorer_interfaces__rosidl_typesupport_fastrtps_cppExport.cmake
[4.822s] -- Up-to-date: /home/huy/nav2_ws/Vaccum-Robot-LDS02RR/install/share/explorer_interfaces/cmake/export_explorer_interfaces__rosidl_typesupport_fastrtps_cppExport-noconfig.cmake
[4.822s] -- Up-to-date: /home/huy/nav2_ws/Vaccum-Robot-LDS02RR/install/share/explorer_interfaces/cmake/explorer_interfaces__rosidl_typesupport_introspection_cppExport.cmake
[4.822s] -- Up-to-date: /home/huy/nav2_ws/Vaccum-Robot-LDS02RR/install/share/explorer_interfaces/cmake/explorer_interfaces__rosidl_typesupport_introspection_cppExport-noconfig.cmake
[4.822s] -- Up-to-date: /home/huy/nav2_ws/Vaccum-Robot-LDS02RR/install/share/explorer_interfaces/cmake/explorer_interfaces__rosidl_typesupport_cppExport.cmake
[4.822s] -- Up-to-date: /home/huy/nav2_ws/Vaccum-Robot-LDS02RR/install/share/explorer_interfaces/cmake/explorer_interfaces__rosidl_typesupport_cppExport-noconfig.cmake
[4.822s] -- Up-to-date: /home/huy/nav2_ws/Vaccum-Robot-LDS02RR/install/share/explorer_interfaces/cmake/export_explorer_interfaces__rosidl_generator_pyExport.cmake
[4.822s] -- Up-to-date: /home/huy/nav2_ws/Vaccum-Robot-LDS02RR/install/share/explorer_interfaces/cmake/export_explorer_interfaces__rosidl_generator_pyExport-noconfig.cmake
[4.822s] -- Up-to-date: /home/huy/nav2_ws/Vaccum-Robot-LDS02RR/install/share/explorer_interfaces/cmake/rosidl_cmake-extras.cmake
[4.822s] -- Up-to-date: /home/huy/nav2_ws/Vaccum-Robot-LDS02RR/install/share/explorer_interfaces/cmake/ament_cmake_export_dependencies-extras.cmake
[4.822s] -- Up-to-date: /home/huy/nav2_ws/Vaccum-Robot-LDS02RR/install/share/explorer_interfaces/cmake/ament_cmake_export_include_directories-extras.cmake
[4.822s] -- Up-to-date: /home/huy/nav2_ws/Vaccum-Robot-LDS02RR/install/share/explorer_interfaces/cmake/ament_cmake_export_libraries-extras.cmake
[4.823s] -- Up-to-date: /home/huy/nav2_ws/Vaccum-Robot-LDS02RR/install/share/explorer_interfaces/cmake/ament_cmake_export_targets-extras.cmake
[4.823s] -- Up-to-date: /home/huy/nav2_ws/Vaccum-Robot-LDS02RR/install/share/explorer_interfaces/cmake/rosidl_cmake_export_typesupport_targets-extras.cmake
[4.823s] -- Up-to-date: /home/huy/nav2_ws/Vaccum-Robot-LDS02RR/install/share/explorer_interfaces/cmake/rosidl_cmake_export_typesupport_libraries-extras.cmake
[4.823s] -- Up-to-date: /home/huy/nav2_ws/Vaccum-Robot-LDS02RR/install/share/explorer_interfaces/cmake/explorer_interfacesConfig.cmake
[4.823s] -- Up-to-date: /home/huy/nav2_ws/Vaccum-Robot-LDS02RR/install/share/explorer_interfaces/cmake/explorer_interfacesConfig-version.cmake
[4.823s] -- Up-to-date: /home/huy/nav2_ws/Vaccum-Robot-LDS02RR/install/share/explorer_interfaces/package.xml
[4.825s] Invoked command in '/home/huy/nav2_ws/Vaccum-Robot-LDS02RR/build/explorer_interfaces' returned '0': CMAKE_PREFIX_PATH=/home/huy/mnt/usb_ext4/opt/ros/humble /usr/bin/cmake --install /home/huy/nav2_ws/Vaccum-Robot-LDS02RR/build/explorer_interfaces
