[0.129s] Invoking command in '/home/huy/nav2_ws/Vaccum-Robot-LDS02RR/build/wall_follower_ros2': CMAKE_PREFIX_PATH=/home/huy/mnt/usb_ext4/opt/ros/humble /usr/bin/cmake /home/huy/nav2_ws/Vaccum-Robot-LDS02RR/src/wall_follower_ros2 -DRMW_IMPLEMENTATION=rmw_cyclonedds_cpp -DCMAKE_TOOLCHAIN_FILE=/home/huy/nav2_ws/Vaccum-Robot-LDS02RR/toolchain_aarch64.cmake -DCMAKE_INSTALL_PREFIX=/home/huy/nav2_ws/Vaccum-Robot-LDS02RR/install
[0.278s] -- The C compiler identification is GNU 12.2.1
[0.443s] -- The CXX compiler identification is GNU 12.2.1
[0.461s] -- Detecting C compiler ABI info
[0.622s] -- Detecting C compiler ABI info - done
[0.637s] -- Check for working C compiler: /home/huy/mnt/usb_ext4/arm-gnu-toolchain-12.2.rel1-x86_64-aarch64-none-linux-gnu/bin/aarch64-none-linux-gnu-gcc - skipped
[0.640s] -- Detecting C compile features
[0.641s] -- Detecting C compile features - done
[0.644s] -- Detecting CXX compiler ABI info
[0.875s] -- Detecting CXX compiler ABI info - done
[0.875s] -- Check for working CXX compiler: /home/huy/mnt/usb_ext4/arm-gnu-toolchain-12.2.rel1-x86_64-aarch64-none-linux-gnu/bin/aarch64-none-linux-gnu-g++ - skipped
[0.875s] -- Detecting CXX compile features
[0.875s] -- Detecting CXX compile features - done
[0.881s] -- Found ament_cmake: 1.3.11 (/home/huy/mnt/usb_ext4/opt/ros/humble/share/ament_cmake/cmake)
[1.043s] -- Found Python3: /usr/bin/python3 (found version "3.10.12") found components: Interpreter 
[1.160s] -- Found rclcpp: 16.0.12 (/home/huy/mnt/usb_ext4/opt/ros/humble/share/rclcpp/cmake)
[1.202s] -- Found rosidl_generator_c: 3.1.6 (/home/huy/mnt/usb_ext4/opt/ros/humble/share/rosidl_generator_c/cmake)
[1.210s] -- Found rosidl_adapter: 3.1.6 (/home/huy/mnt/usb_ext4/opt/ros/humble/share/rosidl_adapter/cmake)
[1.220s] -- Found rosidl_generator_cpp: 3.1.6 (/home/huy/mnt/usb_ext4/opt/ros/humble/share/rosidl_generator_cpp/cmake)
[1.240s] -- Using all available rosidl_typesupport_c: rosidl_typesupport_fastrtps_c;rosidl_typesupport_introspection_c
[1.264s] -- Using all available rosidl_typesupport_cpp: rosidl_typesupport_fastrtps_cpp;rosidl_typesupport_introspection_cpp
[1.315s] -- Found rmw_implementation_cmake: 6.1.2 (/home/huy/mnt/usb_ext4/opt/ros/humble/share/rmw_implementation_cmake/cmake)
[1.318s] -- Found rmw_cyclonedds_cpp: 1.3.4 (/home/huy/mnt/usb_ext4/opt/ros/humble/share/rmw_cyclonedds_cpp/cmake)
[1.349s] -- Using RMW implementation 'rmw_cyclonedds_cpp' as default
[1.353s] -- Looking for pthread.h
[1.484s] -- Looking for pthread.h - found
[1.484s] -- Found Threads: TRUE  
[1.540s] -- Found geometry_msgs: 4.8.0 (/home/huy/mnt/usb_ext4/opt/ros/humble/share/geometry_msgs/cmake)
[1.566s] -- Found sensor_msgs: 4.8.0 (/home/huy/mnt/usb_ext4/opt/ros/humble/share/sensor_msgs/cmake)
[1.587s] -- Found ament_lint_auto: 0.12.12 (/home/huy/mnt/usb_ext4/opt/ros/humble/share/ament_lint_auto/cmake)
[1.688s] -- Added test 'copyright' to check source files copyright and LICENSE
[1.692s] -- Added test 'cppcheck' to perform static code analysis on C / C++ code
[1.693s] -- Configured cppcheck include dirs: 
[1.693s] -- Configured cppcheck exclude dirs and/or files: 
[1.696s] -- Added test 'cpplint' to check C / C++ code against the Google style
[1.696s] -- Configured cpplint exclude dirs and/or files: 
[1.697s] -- Added test 'flake8' to check Python code syntax and style conventions
[1.698s] -- Added test 'lint_cmake' to check CMake code style
[1.699s] -- Added test 'pep257' to check Python code against some of the docstring style conventions in PEP 257
[1.703s] -- Added test 'uncrustify' to check C / C++ code style
[1.703s] -- Configured uncrustify additional arguments: 
[1.704s] -- Added test 'xmllint' to check XML markup files
[1.705s] -- Configuring done
[1.721s] -- Generating done
[1.725s] -- Build files have been written to: /home/huy/nav2_ws/Vaccum-Robot-LDS02RR/build/wall_follower_ros2
[1.737s] Invoked command in '/home/huy/nav2_ws/Vaccum-Robot-LDS02RR/build/wall_follower_ros2' returned '0': CMAKE_PREFIX_PATH=/home/huy/mnt/usb_ext4/opt/ros/humble /usr/bin/cmake /home/huy/nav2_ws/Vaccum-Robot-LDS02RR/src/wall_follower_ros2 -DRMW_IMPLEMENTATION=rmw_cyclonedds_cpp -DCMAKE_TOOLCHAIN_FILE=/home/huy/nav2_ws/Vaccum-Robot-LDS02RR/toolchain_aarch64.cmake -DCMAKE_INSTALL_PREFIX=/home/huy/nav2_ws/Vaccum-Robot-LDS02RR/install
[1.739s] Invoking command in '/home/huy/nav2_ws/Vaccum-Robot-LDS02RR/build/wall_follower_ros2': CMAKE_PREFIX_PATH=/home/huy/mnt/usb_ext4/opt/ros/humble /usr/bin/cmake --build /home/huy/nav2_ws/Vaccum-Robot-LDS02RR/build/wall_follower_ros2 -- -j4 -l4
[1.799s] [35m[1mConsolidate compiler generated dependencies of target wall_follower_ros2[0m
[1.829s] [100%] Built target wall_follower_ros2
[1.875s] Invoked command in '/home/huy/nav2_ws/Vaccum-Robot-LDS02RR/build/wall_follower_ros2' returned '0': CMAKE_PREFIX_PATH=/home/huy/mnt/usb_ext4/opt/ros/humble /usr/bin/cmake --build /home/huy/nav2_ws/Vaccum-Robot-LDS02RR/build/wall_follower_ros2 -- -j4 -l4
[1.877s] Invoking command in '/home/huy/nav2_ws/Vaccum-Robot-LDS02RR/build/wall_follower_ros2': CMAKE_PREFIX_PATH=/home/huy/mnt/usb_ext4/opt/ros/humble /usr/bin/cmake --install /home/huy/nav2_ws/Vaccum-Robot-LDS02RR/build/wall_follower_ros2
[1.889s] -- Install configuration: ""
[1.890s] -- Installing: /home/huy/nav2_ws/Vaccum-Robot-LDS02RR/install/lib/wall_follower_ros2/wall_follower_ros2
[1.899s] -- Set runtime path of "/home/huy/nav2_ws/Vaccum-Robot-LDS02RR/install/lib/wall_follower_ros2/wall_follower_ros2" to ""
[1.899s] -- Up-to-date: /home/huy/nav2_ws/Vaccum-Robot-LDS02RR/install/share/wall_follower_ros2//launch
[1.899s] -- Up-to-date: /home/huy/nav2_ws/Vaccum-Robot-LDS02RR/install/share/wall_follower_ros2//launch/empty_simulation.launch.py
[1.899s] -- Up-to-date: /home/huy/nav2_ws/Vaccum-Robot-LDS02RR/install/share/wall_follower_ros2//launch/wall_follower_ros2.launch.xml
[1.899s] -- Up-to-date: /home/huy/nav2_ws/Vaccum-Robot-LDS02RR/install/share/ament_index/resource_index/package_run_dependencies/wall_follower_ros2
[1.899s] -- Up-to-date: /home/huy/nav2_ws/Vaccum-Robot-LDS02RR/install/share/ament_index/resource_index/parent_prefix_path/wall_follower_ros2
[1.899s] -- Up-to-date: /home/huy/nav2_ws/Vaccum-Robot-LDS02RR/install/share/wall_follower_ros2/environment/ament_prefix_path.sh
[1.900s] -- Installing: /home/huy/nav2_ws/Vaccum-Robot-LDS02RR/install/share/wall_follower_ros2/environment/ament_prefix_path.dsv
[1.900s] -- Up-to-date: /home/huy/nav2_ws/Vaccum-Robot-LDS02RR/install/share/wall_follower_ros2/environment/path.sh
[1.900s] -- Installing: /home/huy/nav2_ws/Vaccum-Robot-LDS02RR/install/share/wall_follower_ros2/environment/path.dsv
[1.900s] -- Up-to-date: /home/huy/nav2_ws/Vaccum-Robot-LDS02RR/install/share/wall_follower_ros2/local_setup.bash
[1.900s] -- Up-to-date: /home/huy/nav2_ws/Vaccum-Robot-LDS02RR/install/share/wall_follower_ros2/local_setup.sh
[1.900s] -- Up-to-date: /home/huy/nav2_ws/Vaccum-Robot-LDS02RR/install/share/wall_follower_ros2/local_setup.zsh
[1.900s] -- Installing: /home/huy/nav2_ws/Vaccum-Robot-LDS02RR/install/share/wall_follower_ros2/local_setup.dsv
[1.900s] -- Installing: /home/huy/nav2_ws/Vaccum-Robot-LDS02RR/install/share/wall_follower_ros2/package.dsv
[1.900s] -- Up-to-date: /home/huy/nav2_ws/Vaccum-Robot-LDS02RR/install/share/ament_index/resource_index/packages/wall_follower_ros2
[1.900s] -- Up-to-date: /home/huy/nav2_ws/Vaccum-Robot-LDS02RR/install/share/wall_follower_ros2/cmake/wall_follower_ros2Config.cmake
[1.901s] -- Up-to-date: /home/huy/nav2_ws/Vaccum-Robot-LDS02RR/install/share/wall_follower_ros2/cmake/wall_follower_ros2Config-version.cmake
[1.901s] -- Up-to-date: /home/huy/nav2_ws/Vaccum-Robot-LDS02RR/install/share/wall_follower_ros2/package.xml
[1.906s] Invoked command in '/home/huy/nav2_ws/Vaccum-Robot-LDS02RR/build/wall_follower_ros2' returned '0': CMAKE_PREFIX_PATH=/home/huy/mnt/usb_ext4/opt/ros/humble /usr/bin/cmake --install /home/huy/nav2_ws/Vaccum-Robot-LDS02RR/build/wall_follower_ros2
