[0.022s] Invoking command in '/home/huy/nav2_ws/Vaccum-Robot-LDS02RR/build/wall_follower_ros2': CMAKE_PREFIX_PATH=/home/huy/mnt/usb_ext4/opt/ros/humble /usr/bin/cmake /home/huy/nav2_ws/Vaccum-Robot-LDS02RR/src/wall_follower_ros2 -DRMW_IMPLEMENTATION=rmw_cyclonedds_cpp -DCMAKE_TOOLCHAIN_FILE=/home/huy/nav2_ws/Vaccum-Robot-LDS02RR/toolchain_aarch64.cmake -DCMAKE_INSTALL_PREFIX=/home/huy/nav2_ws/Vaccum-Robot-LDS02RR/install
[0.191s] -- The C compiler identification is GNU 12.2.1
[0.359s] -- The CXX compiler identification is GNU 12.2.1
[0.367s] -- Detecting C compiler ABI info
[0.492s] -- Detecting C compiler ABI info - done
[0.501s] -- Check for working C compiler: /home/huy/mnt/usb_ext4/arm-gnu-toolchain-12.2.rel1-x86_64-aarch64-none-linux-gnu/bin/aarch64-none-linux-gnu-gcc - skipped
[0.501s] -- Detecting C compile features
[0.504s] -- Detecting C compile features - done
[0.505s] -- Detecting CXX compiler ABI info
[0.702s] -- Detecting CXX compiler ABI info - done
[0.710s] -- Check for working CXX compiler: /home/huy/mnt/usb_ext4/arm-gnu-toolchain-12.2.rel1-x86_64-aarch64-none-linux-gnu/bin/aarch64-none-linux-gnu-g++ - skipped
[0.710s] -- Detecting CXX compile features
[0.711s] -- Detecting CXX compile features - done
[0.715s] -- Found ament_cmake: 1.3.11 (/home/huy/mnt/usb_ext4/opt/ros/humble/share/ament_cmake/cmake)
[0.902s] -- Found Python3: /usr/bin/python3 (found version "3.10.12") found components: Interpreter 
[1.032s] -- Found rclcpp: 16.0.12 (/home/huy/mnt/usb_ext4/opt/ros/humble/share/rclcpp/cmake)
[1.074s] -- Found rosidl_generator_c: 3.1.6 (/home/huy/mnt/usb_ext4/opt/ros/humble/share/rosidl_generator_c/cmake)
[1.083s] -- Found rosidl_adapter: 3.1.6 (/home/huy/mnt/usb_ext4/opt/ros/humble/share/rosidl_adapter/cmake)
[1.094s] -- Found rosidl_generator_cpp: 3.1.6 (/home/huy/mnt/usb_ext4/opt/ros/humble/share/rosidl_generator_cpp/cmake)
[1.106s] -- Using all available rosidl_typesupport_c: rosidl_typesupport_fastrtps_c;rosidl_typesupport_introspection_c
[1.125s] -- Using all available rosidl_typesupport_cpp: rosidl_typesupport_fastrtps_cpp;rosidl_typesupport_introspection_cpp
[1.204s] -- Found rmw_implementation_cmake: 6.1.2 (/home/huy/mnt/usb_ext4/opt/ros/humble/share/rmw_implementation_cmake/cmake)
[1.205s] -- Found rmw_cyclonedds_cpp: 1.3.4 (/home/huy/mnt/usb_ext4/opt/ros/humble/share/rmw_cyclonedds_cpp/cmake)
[1.246s] -- Using RMW implementation 'rmw_cyclonedds_cpp' as default
[1.261s] -- Looking for pthread.h
[1.425s] -- Looking for pthread.h - found
[1.426s] -- Found Threads: TRUE  
[1.507s] -- Found geometry_msgs: 4.8.0 (/home/huy/mnt/usb_ext4/opt/ros/humble/share/geometry_msgs/cmake)
[1.565s] -- Found sensor_msgs: 4.8.0 (/home/huy/mnt/usb_ext4/opt/ros/humble/share/sensor_msgs/cmake)
[1.687s] -- Found ament_lint_auto: 0.12.12 (/home/huy/mnt/usb_ext4/opt/ros/humble/share/ament_lint_auto/cmake)
[1.863s] -- Added test 'copyright' to check source files copyright and LICENSE
[1.870s] -- Added test 'cppcheck' to perform static code analysis on C / C++ code
[1.870s] -- Configured cppcheck include dirs: 
[1.871s] -- Configured cppcheck exclude dirs and/or files: 
[1.881s] -- Added test 'cpplint' to check C / C++ code against the Google style
[1.881s] -- Configured cpplint exclude dirs and/or files: 
[1.881s] -- Added test 'flake8' to check Python code syntax and style conventions
[1.882s] -- Added test 'lint_cmake' to check CMake code style
[1.882s] -- Added test 'pep257' to check Python code against some of the docstring style conventions in PEP 257
[1.887s] -- Added test 'uncrustify' to check C / C++ code style
[1.887s] -- Configured uncrustify additional arguments: 
[1.890s] -- Added test 'xmllint' to check XML markup files
[1.893s] -- Configuring done
[1.920s] -- Generating done
[1.938s] -- Build files have been written to: /home/huy/nav2_ws/Vaccum-Robot-LDS02RR/build/wall_follower_ros2
[1.946s] Invoked command in '/home/huy/nav2_ws/Vaccum-Robot-LDS02RR/build/wall_follower_ros2' returned '0': CMAKE_PREFIX_PATH=/home/huy/mnt/usb_ext4/opt/ros/humble /usr/bin/cmake /home/huy/nav2_ws/Vaccum-Robot-LDS02RR/src/wall_follower_ros2 -DRMW_IMPLEMENTATION=rmw_cyclonedds_cpp -DCMAKE_TOOLCHAIN_FILE=/home/huy/nav2_ws/Vaccum-Robot-LDS02RR/toolchain_aarch64.cmake -DCMAKE_INSTALL_PREFIX=/home/huy/nav2_ws/Vaccum-Robot-LDS02RR/install
[1.946s] Invoking command in '/home/huy/nav2_ws/Vaccum-Robot-LDS02RR/build/wall_follower_ros2': CMAKE_PREFIX_PATH=/home/huy/mnt/usb_ext4/opt/ros/humble /usr/bin/cmake --build /home/huy/nav2_ws/Vaccum-Robot-LDS02RR/build/wall_follower_ros2 -- -j4 -l4
[2.084s] [ 50%] [32mBuilding CXX object CMakeFiles/wall_follower_ros2.dir/src/wall_follower_ros2.cpp.o[0m
[34.953s] [100%] [32m[1mLinking CXX executable wall_follower_ros2[0m
[35.751s] [100%] Built target wall_follower_ros2
[35.767s] Invoked command in '/home/huy/nav2_ws/Vaccum-Robot-LDS02RR/build/wall_follower_ros2' returned '0': CMAKE_PREFIX_PATH=/home/huy/mnt/usb_ext4/opt/ros/humble /usr/bin/cmake --build /home/huy/nav2_ws/Vaccum-Robot-LDS02RR/build/wall_follower_ros2 -- -j4 -l4
[35.769s] Invoking command in '/home/huy/nav2_ws/Vaccum-Robot-LDS02RR/build/wall_follower_ros2': CMAKE_PREFIX_PATH=/home/huy/mnt/usb_ext4/opt/ros/humble /usr/bin/cmake --install /home/huy/nav2_ws/Vaccum-Robot-LDS02RR/build/wall_follower_ros2
[35.778s] -- Install configuration: ""
[35.778s] -- Installing: /home/huy/nav2_ws/Vaccum-Robot-LDS02RR/install/lib/wall_follower_ros2/wall_follower_ros2
[35.787s] -- Set runtime path of "/home/huy/nav2_ws/Vaccum-Robot-LDS02RR/install/lib/wall_follower_ros2/wall_follower_ros2" to ""
[35.787s] -- Installing: /home/huy/nav2_ws/Vaccum-Robot-LDS02RR/install/share/wall_follower_ros2//launch
[35.787s] -- Installing: /home/huy/nav2_ws/Vaccum-Robot-LDS02RR/install/share/wall_follower_ros2//launch/empty_simulation.launch.py
[35.787s] -- Installing: /home/huy/nav2_ws/Vaccum-Robot-LDS02RR/install/share/wall_follower_ros2//launch/wall_follower_ros2.launch.xml
[35.787s] -- Installing: /home/huy/nav2_ws/Vaccum-Robot-LDS02RR/install/share/ament_index/resource_index/package_run_dependencies/wall_follower_ros2
[35.788s] -- Installing: /home/huy/nav2_ws/Vaccum-Robot-LDS02RR/install/share/ament_index/resource_index/parent_prefix_path/wall_follower_ros2
[35.908s] -- Installing: /home/huy/nav2_ws/Vaccum-Robot-LDS02RR/install/share/wall_follower_ros2/environment/ament_prefix_path.sh
[35.909s] -- Installing: /home/huy/nav2_ws/Vaccum-Robot-LDS02RR/install/share/wall_follower_ros2/environment/ament_prefix_path.dsv
[35.909s] -- Installing: /home/huy/nav2_ws/Vaccum-Robot-LDS02RR/install/share/wall_follower_ros2/environment/path.sh
[35.911s] -- Installing: /home/huy/nav2_ws/Vaccum-Robot-LDS02RR/install/share/wall_follower_ros2/environment/path.dsv
[35.911s] -- Installing: /home/huy/nav2_ws/Vaccum-Robot-LDS02RR/install/share/wall_follower_ros2/local_setup.bash
[35.911s] -- Installing: /home/huy/nav2_ws/Vaccum-Robot-LDS02RR/install/share/wall_follower_ros2/local_setup.sh
[35.911s] -- Installing: /home/huy/nav2_ws/Vaccum-Robot-LDS02RR/install/share/wall_follower_ros2/local_setup.zsh
[35.911s] -- Installing: /home/huy/nav2_ws/Vaccum-Robot-LDS02RR/install/share/wall_follower_ros2/local_setup.dsv
[35.911s] -- Installing: /home/huy/nav2_ws/Vaccum-Robot-LDS02RR/install/share/wall_follower_ros2/package.dsv
[35.911s] -- Installing: /home/huy/nav2_ws/Vaccum-Robot-LDS02RR/install/share/ament_index/resource_index/packages/wall_follower_ros2
[35.911s] -- Installing: /home/huy/nav2_ws/Vaccum-Robot-LDS02RR/install/share/wall_follower_ros2/cmake/wall_follower_ros2Config.cmake
[35.911s] -- Installing: /home/huy/nav2_ws/Vaccum-Robot-LDS02RR/install/share/wall_follower_ros2/cmake/wall_follower_ros2Config-version.cmake
[35.912s] -- Installing: /home/huy/nav2_ws/Vaccum-Robot-LDS02RR/install/share/wall_follower_ros2/package.xml
[35.915s] Invoked command in '/home/huy/nav2_ws/Vaccum-Robot-LDS02RR/build/wall_follower_ros2' returned '0': CMAKE_PREFIX_PATH=/home/huy/mnt/usb_ext4/opt/ros/humble /usr/bin/cmake --install /home/huy/nav2_ws/Vaccum-Robot-LDS02RR/build/wall_follower_ros2
