[0.021s] Invoking command in '/home/huy/nav2_ws/Vaccum-Robot-LDS02RR/build/lds02rr_lidar': CMAKE_PREFIX_PATH=/home/huy/mnt/usb_ext4/opt/ros/humble /usr/bin/cmake /home/huy/nav2_ws/Vaccum-Robot-LDS02RR/src/turtlebot3/lds02rr_lidar -DRMW_IMPLEMENTATION=rmw_cyclonedds_cpp -DCMAKE_TOOLCHAIN_FILE=/home/huy/nav2_ws/Vaccum-Robot-LDS02RR/toolchain_aarch64.cmake -DCMAKE_INSTALL_PREFIX=/home/huy/nav2_ws/Vaccum-Robot-LDS02RR/install
[0.265s] -- The C compiler identification is GNU 12.2.1
[0.461s] -- The CXX compiler identification is GNU 12.2.1
[0.479s] -- Detecting C compiler ABI info
[0.628s] -- Detecting C compiler ABI info - done
[0.638s] -- Check for working C compiler: /home/huy/mnt/usb_ext4/arm-gnu-toolchain-12.2.rel1-x86_64-aarch64-none-linux-gnu/bin/aarch64-none-linux-gnu-gcc - skipped
[0.638s] -- Detecting C compile features
[0.639s] -- Detecting C compile features - done
[0.646s] -- Detecting CXX compiler ABI info
[0.867s] -- Detecting CXX compiler ABI info - done
[0.879s] -- Check for working CXX compiler: /home/huy/mnt/usb_ext4/arm-gnu-toolchain-12.2.rel1-x86_64-aarch64-none-linux-gnu/bin/aarch64-none-linux-gnu-g++ - skipped
[0.879s] -- Detecting CXX compile features
[0.879s] -- Detecting CXX compile features - done
[0.883s] -- Found ament_cmake: 1.3.11 (/home/huy/mnt/usb_ext4/opt/ros/humble/share/ament_cmake/cmake)
[1.111s] -- Found Python3: /usr/bin/python3 (found version "3.10.12") found components: Interpreter 
[1.267s] -- Found rclcpp: 16.0.12 (/home/huy/mnt/usb_ext4/opt/ros/humble/share/rclcpp/cmake)
[1.318s] -- Found rosidl_generator_c: 3.1.6 (/home/huy/mnt/usb_ext4/opt/ros/humble/share/rosidl_generator_c/cmake)
[1.328s] -- Found rosidl_adapter: 3.1.6 (/home/huy/mnt/usb_ext4/opt/ros/humble/share/rosidl_adapter/cmake)
[1.338s] -- Found rosidl_generator_cpp: 3.1.6 (/home/huy/mnt/usb_ext4/opt/ros/humble/share/rosidl_generator_cpp/cmake)
[1.359s] -- Using all available rosidl_typesupport_c: rosidl_typesupport_fastrtps_c;rosidl_typesupport_introspection_c
[1.380s] -- Using all available rosidl_typesupport_cpp: rosidl_typesupport_fastrtps_cpp;rosidl_typesupport_introspection_cpp
[1.445s] -- Found rmw_implementation_cmake: 6.1.2 (/home/huy/mnt/usb_ext4/opt/ros/humble/share/rmw_implementation_cmake/cmake)
[1.448s] -- Found rmw_cyclonedds_cpp: 1.3.4 (/home/huy/mnt/usb_ext4/opt/ros/humble/share/rmw_cyclonedds_cpp/cmake)
[1.479s] -- Using RMW implementation 'rmw_cyclonedds_cpp' as default
[1.488s] -- Looking for pthread.h
[1.624s] -- Looking for pthread.h - found
[1.625s] -- Found Threads: TRUE  
[1.814s] -- Found sensor_msgs: 4.8.0 (/home/huy/mnt/usb_ext4/opt/ros/humble/share/sensor_msgs/cmake)
[1.879s] -- Found Boost: /home/huy/mnt/usb_ext4/usr/lib/aarch64-linux-gnu/cmake/Boost-1.74.0/BoostConfig.cmake (found version "1.74.0") found components: system 
[1.885s] -- Found ament_lint_auto: 0.12.12 (/home/huy/mnt/usb_ext4/opt/ros/humble/share/ament_lint_auto/cmake)
[1.992s] -- Added test 'copyright' to check source files copyright and LICENSE
[1.993s] -- Added test 'cppcheck' to perform static code analysis on C / C++ code
[1.993s] -- Configured cppcheck include dirs: /home/huy/nav2_ws/Vaccum-Robot-LDS02RR/src/turtlebot3/lds02rr_lidar/include
[1.993s] -- Configured cppcheck exclude dirs and/or files: 
[1.994s] -- Added test 'cpplint' to check C / C++ code against the Google style
[1.994s] -- Configured cpplint exclude dirs and/or files: 
[1.995s] -- Added test 'flake8' to check Python code syntax and style conventions
[1.995s] -- Added test 'lint_cmake' to check CMake code style
[1.996s] -- Added test 'pep257' to check Python code against some of the docstring style conventions in PEP 257
[1.997s] -- Added test 'uncrustify' to check C / C++ code style
[1.997s] -- Configured uncrustify additional arguments: 
[1.998s] -- Added test 'xmllint' to check XML markup files
[2.000s] -- Configuring done
[2.024s] -- Generating done
[2.034s] -- Build files have been written to: /home/huy/nav2_ws/Vaccum-Robot-LDS02RR/build/lds02rr_lidar
