[3.440s] Invoking command in '/home/huy/nav2_ws/Vaccum-Robot-LDS02RR/src/turtlebot3/turtlebot3_teleop': PYTHONPATH=/home/huy/nav2_ws/Vaccum-Robot-LDS02RR/build/turtlebot3_teleop/prefix_override:/usr/lib/python3/dist-packages/colcon_core/task/python/colcon_distutils_commands:/home/huy/nav2_ws/Vaccum-Robot-LDS02RR/install/lib/python3.10/site-packages:${PYTHONPATH} /usr/bin/python3 -W ignore:setup.py install is deprecated -W ignore:easy_install command is deprecated setup.py egg_info --egg-base ../../../build/turtlebot3_teleop build --build-base /home/huy/nav2_ws/Vaccum-Robot-LDS02RR/build/turtlebot3_teleop/build install --record /home/huy/nav2_ws/Vaccum-Robot-LDS02RR/build/turtlebot3_teleop/install.log --single-version-externally-managed install_data
[4.796s] running egg_info
[4.798s] writing ../../../build/turtlebot3_teleop/turtlebot3_teleop.egg-info/PKG-INFO
[4.814s] writing dependency_links to ../../../build/turtlebot3_teleop/turtlebot3_teleop.egg-info/dependency_links.txt
[4.815s] writing entry points to ../../../build/turtlebot3_teleop/turtlebot3_teleop.egg-info/entry_points.txt
[4.815s] writing requirements to ../../../build/turtlebot3_teleop/turtlebot3_teleop.egg-info/requires.txt
[4.815s] writing top-level names to ../../../build/turtlebot3_teleop/turtlebot3_teleop.egg-info/top_level.txt
[4.819s] reading manifest file '../../../build/turtlebot3_teleop/turtlebot3_teleop.egg-info/SOURCES.txt'
[4.827s] writing manifest file '../../../build/turtlebot3_teleop/turtlebot3_teleop.egg-info/SOURCES.txt'
[4.828s] running build
[4.828s] running build_py
[4.829s] running install
[4.844s] running install_lib
[4.845s] running install_data
[4.845s] running install_egg_info
[4.847s] removing '/home/huy/nav2_ws/Vaccum-Robot-LDS02RR/install/lib/python3.10/site-packages/turtlebot3_teleop-2.2.9-py3.10.egg-info' (and everything under it)
[4.848s] Copying ../../../build/turtlebot3_teleop/turtlebot3_teleop.egg-info to /home/huy/nav2_ws/Vaccum-Robot-LDS02RR/install/lib/python3.10/site-packages/turtlebot3_teleop-2.2.9-py3.10.egg-info
[4.857s] running install_scripts
[4.935s] Installing teleop_keyboard script to /home/huy/nav2_ws/Vaccum-Robot-LDS02RR/install/lib/turtlebot3_teleop
[4.935s] writing list of installed files to '/home/huy/nav2_ws/Vaccum-Robot-LDS02RR/build/turtlebot3_teleop/install.log'
[5.114s] Invoked command in '/home/huy/nav2_ws/Vaccum-Robot-LDS02RR/src/turtlebot3/turtlebot3_teleop' returned '0': PYTHONPATH=/home/huy/nav2_ws/Vaccum-Robot-LDS02RR/build/turtlebot3_teleop/prefix_override:/usr/lib/python3/dist-packages/colcon_core/task/python/colcon_distutils_commands:/home/huy/nav2_ws/Vaccum-Robot-LDS02RR/install/lib/python3.10/site-packages:${PYTHONPATH} /usr/bin/python3 -W ignore:setup.py install is deprecated -W ignore:easy_install command is deprecated setup.py egg_info --egg-base ../../../build/turtlebot3_teleop build --build-base /home/huy/nav2_ws/Vaccum-Robot-LDS02RR/build/turtlebot3_teleop/build install --record /home/huy/nav2_ws/Vaccum-Robot-LDS02RR/build/turtlebot3_teleop/install.log --single-version-externally-managed install_data
