[2.394s] Invoking command in '/home/huy/nav2_ws/Vaccum-Robot-LDS02RR/FrontierExploration/autonomous_exploration': PYTHONPATH=/home/huy/nav2_ws/Vaccum-Robot-LDS02RR/build/autonomous_exploration/prefix_override:/usr/lib/python3/dist-packages/colcon_core/task/python/colcon_distutils_commands:/home/huy/nav2_ws/Vaccum-Robot-LDS02RR/install/lib/python3.10/site-packages:${PYTHONPATH} /usr/bin/python3 -W ignore:setup.py install is deprecated -W ignore:easy_install command is deprecated setup.py egg_info --egg-base ../../build/autonomous_exploration build --build-base /home/huy/nav2_ws/Vaccum-Robot-LDS02RR/build/autonomous_exploration/build install --record /home/huy/nav2_ws/Vaccum-Robot-LDS02RR/build/autonomous_exploration/install.log --single-version-externally-managed install_data
[3.804s] running egg_info
[3.815s] writing ../../build/autonomous_exploration/autonomous_exploration.egg-info/PKG-INFO
[3.819s] writing dependency_links to ../../build/autonomous_exploration/autonomous_exploration.egg-info/dependency_links.txt
[3.819s] writing entry points to ../../build/autonomous_exploration/autonomous_exploration.egg-info/entry_points.txt
[3.821s] writing requirements to ../../build/autonomous_exploration/autonomous_exploration.egg-info/requires.txt
[3.829s] writing top-level names to ../../build/autonomous_exploration/autonomous_exploration.egg-info/top_level.txt
[3.835s] reading manifest file '../../build/autonomous_exploration/autonomous_exploration.egg-info/SOURCES.txt'
[3.840s] writing manifest file '../../build/autonomous_exploration/autonomous_exploration.egg-info/SOURCES.txt'
[3.840s] running build
[3.840s] running build_py
[3.842s] running install
[3.850s] running install_lib
[3.867s] running install_data
[3.867s] running install_egg_info
[3.882s] removing '/home/huy/nav2_ws/Vaccum-Robot-LDS02RR/install/lib/python3.10/site-packages/autonomous_exploration-0.0.0-py3.10.egg-info' (and everything under it)
[3.882s] Copying ../../build/autonomous_exploration/autonomous_exploration.egg-info to /home/huy/nav2_ws/Vaccum-Robot-LDS02RR/install/lib/python3.10/site-packages/autonomous_exploration-0.0.0-py3.10.egg-info
[3.892s] running install_scripts
[4.011s] Installing control script to /home/huy/nav2_ws/Vaccum-Robot-LDS02RR/install/lib/autonomous_exploration
[4.021s] writing list of installed files to '/home/huy/nav2_ws/Vaccum-Robot-LDS02RR/build/autonomous_exploration/install.log'
[4.159s] Invoked command in '/home/huy/nav2_ws/Vaccum-Robot-LDS02RR/FrontierExploration/autonomous_exploration' returned '0': PYTHONPATH=/home/huy/nav2_ws/Vaccum-Robot-LDS02RR/build/autonomous_exploration/prefix_override:/usr/lib/python3/dist-packages/colcon_core/task/python/colcon_distutils_commands:/home/huy/nav2_ws/Vaccum-Robot-LDS02RR/install/lib/python3.10/site-packages:${PYTHONPATH} /usr/bin/python3 -W ignore:setup.py install is deprecated -W ignore:easy_install command is deprecated setup.py egg_info --egg-base ../../build/autonomous_exploration build --build-base /home/huy/nav2_ws/Vaccum-Robot-LDS02RR/build/autonomous_exploration/build install --record /home/huy/nav2_ws/Vaccum-Robot-LDS02RR/build/autonomous_exploration/install.log --single-version-externally-managed install_data
