-- The C compiler identification is GNU 12.2.1
-- The CXX compiler identification is GNU 12.2.1
-- Detecting C compiler ABI info
-- Detecting C compiler ABI info - done
-- Check for working C compiler: /home/huy/mnt/usb_ext4/arm-gnu-toolchain-12.2.rel1-x86_64-aarch64-none-linux-gnu/bin/aarch64-none-linux-gnu-gcc - skipped
-- Detecting C compile features
-- Detecting C compile features - done
-- Detecting CXX compiler ABI info
-- Detecting CXX compiler ABI info - done
-- Check for working CXX compiler: /home/huy/mnt/usb_ext4/arm-gnu-toolchain-12.2.rel1-x86_64-aarch64-none-linux-gnu/bin/aarch64-none-linux-gnu-g++ - skipped
-- Detecting CXX compile features
-- Detecting CXX compile features - done
-- Found ament_cmake: 1.3.11 (/home/huy/mnt/usb_ext4/opt/ros/humble/share/ament_cmake/cmake)
-- Found Python3: /usr/bin/python3 (found version "3.10.12") found components: Interpreter 
-- Found dynamixel_sdk: 3.8.2 (/home/huy/mnt/usb_ext4/opt/ros/humble/share/dynamixel_sdk/cmake)
-- Found geometry_msgs: 4.8.0 (/home/huy/mnt/usb_ext4/opt/ros/humble/share/geometry_msgs/cmake)
-- Found rosidl_generator_c: 3.1.6 (/home/huy/mnt/usb_ext4/opt/ros/humble/share/rosidl_generator_c/cmake)
-- Found rosidl_adapter: 3.1.6 (/home/huy/mnt/usb_ext4/opt/ros/humble/share/rosidl_adapter/cmake)
-- Found rosidl_generator_cpp: 3.1.6 (/home/huy/mnt/usb_ext4/opt/ros/humble/share/rosidl_generator_cpp/cmake)
-- Configuring incomplete, errors occurred!
See also "/home/huy/nav2_ws/Vaccum-Robot-LDS02RR/build/turtlebot3_node/CMakeFiles/CMakeOutput.log".
See also "/home/huy/nav2_ws/Vaccum-Robot-LDS02RR/build/turtlebot3_node/CMakeFiles/CMakeError.log".
[31mCMake Error at /home/huy/mnt/usb_ext4/opt/ros/humble/share/rosidl_typesupport_c/cmake/get_used_typesupports.cmake:35 (message):
  No 'rosidl_typesupport_c' found
Call Stack (most recent call first):
  /home/huy/mnt/usb_ext4/opt/ros/humble/share/rosidl_typesupport_c/cmake/rosidl_typesupport_c-extras.cmake:8 (get_used_typesupports)
  /home/huy/mnt/usb_ext4/opt/ros/humble/share/rosidl_typesupport_c/cmake/rosidl_typesupport_cConfig.cmake:41 (include)
  /home/huy/mnt/usb_ext4/opt/ros/humble/share/builtin_interfaces/cmake/ament_cmake_export_dependencies-extras.cmake:21 (find_package)
  /home/huy/mnt/usb_ext4/opt/ros/humble/share/builtin_interfaces/cmake/builtin_interfacesConfig.cmake:41 (include)
  /home/huy/mnt/usb_ext4/opt/ros/humble/share/std_msgs/cmake/ament_cmake_export_dependencies-extras.cmake:21 (find_package)
  /home/huy/mnt/usb_ext4/opt/ros/humble/share/std_msgs/cmake/std_msgsConfig.cmake:41 (include)
  /home/huy/mnt/usb_ext4/opt/ros/humble/share/geometry_msgs/cmake/ament_cmake_export_dependencies-extras.cmake:21 (find_package)
  /home/huy/mnt/usb_ext4/opt/ros/humble/share/geometry_msgs/cmake/geometry_msgsConfig.cmake:41 (include)
  CMakeLists.txt:20 (find_package)

[0m
