[0.036s] Invoking command in '/home/huy/nav2_ws/Vaccum-Robot-LDS02RR/build/turtlebot3_bringup': AMENT_PREFIX_PATH=/home/huy/nav2_ws/Vaccum-Robot-LDS02RR/install:${AMENT_PREFIX_PATH} CMAKE_PREFIX_PATH=/home/huy/nav2_ws/Vaccum-Robot-LDS02RR/install:/home/huy/mnt/usb_ext4/opt/ros/humble PYTHONPATH=/home/huy/nav2_ws/Vaccum-Robot-LDS02RR/install/lib/python3.10/site-packages:${PYTHONPATH} /usr/bin/cmake /home/huy/nav2_ws/Vaccum-Robot-LDS02RR/src/turtlebot3/turtlebot3_bringup -DRMW_IMPLEMENTATION=rmw_cyclonedds_cpp -DCMAKE_TOOLCHAIN_FILE=/home/huy/nav2_ws/Vaccum-Robot-LDS02RR/toolchain_aarch64.cmake -DCMAKE_INSTALL_PREFIX=/home/huy/nav2_ws/Vaccum-Robot-LDS02RR/install
[0.285s] -- The C compiler identification is GNU 12.2.1
[0.677s] -- The CXX compiler identification is GNU 12.2.1
[0.697s] -- Detecting C compiler ABI info
[0.919s] -- Detecting C compiler ABI info - done
[0.939s] -- Check for working C compiler: /home/huy/mnt/usb_ext4/arm-gnu-toolchain-12.2.rel1-x86_64-aarch64-none-linux-gnu/bin/aarch64-none-linux-gnu-gcc - skipped
[0.939s] -- Detecting C compile features
[0.940s] -- Detecting C compile features - done
[0.949s] -- Detecting CXX compiler ABI info
[1.339s] -- Detecting CXX compiler ABI info - done
[1.378s] -- Check for working CXX compiler: /home/huy/mnt/usb_ext4/arm-gnu-toolchain-12.2.rel1-x86_64-aarch64-none-linux-gnu/bin/aarch64-none-linux-gnu-g++ - skipped
[1.383s] -- Detecting CXX compile features
[1.386s] -- Detecting CXX compile features - done
[1.406s] -- Found ament_cmake: 1.3.11 (/home/huy/mnt/usb_ext4/opt/ros/humble/share/ament_cmake/cmake)
[1.767s] -- Found Python3: /usr/bin/python3 (found version "3.10.12") found components: Interpreter 
[2.325s] -- Configuring done
[2.337s] -- Generating done
[2.339s] [33mCMake Warning:
[2.339s]   Manually-specified variables were not used by the project:
[2.339s] 
[2.339s]     RMW_IMPLEMENTATION
[2.339s] 
[2.339s] [0m
[2.346s] -- Build files have been written to: /home/huy/nav2_ws/Vaccum-Robot-LDS02RR/build/turtlebot3_bringup
[2.360s] Invoked command in '/home/huy/nav2_ws/Vaccum-Robot-LDS02RR/build/turtlebot3_bringup' returned '0': AMENT_PREFIX_PATH=/home/huy/nav2_ws/Vaccum-Robot-LDS02RR/install:${AMENT_PREFIX_PATH} CMAKE_PREFIX_PATH=/home/huy/nav2_ws/Vaccum-Robot-LDS02RR/install:/home/huy/mnt/usb_ext4/opt/ros/humble PYTHONPATH=/home/huy/nav2_ws/Vaccum-Robot-LDS02RR/install/lib/python3.10/site-packages:${PYTHONPATH} /usr/bin/cmake /home/huy/nav2_ws/Vaccum-Robot-LDS02RR/src/turtlebot3/turtlebot3_bringup -DRMW_IMPLEMENTATION=rmw_cyclonedds_cpp -DCMAKE_TOOLCHAIN_FILE=/home/huy/nav2_ws/Vaccum-Robot-LDS02RR/toolchain_aarch64.cmake -DCMAKE_INSTALL_PREFIX=/home/huy/nav2_ws/Vaccum-Robot-LDS02RR/install
[2.366s] Invoking command in '/home/huy/nav2_ws/Vaccum-Robot-LDS02RR/build/turtlebot3_bringup': AMENT_PREFIX_PATH=/home/huy/nav2_ws/Vaccum-Robot-LDS02RR/install:${AMENT_PREFIX_PATH} CMAKE_PREFIX_PATH=/home/huy/nav2_ws/Vaccum-Robot-LDS02RR/install:/home/huy/mnt/usb_ext4/opt/ros/humble PYTHONPATH=/home/huy/nav2_ws/Vaccum-Robot-LDS02RR/install/lib/python3.10/site-packages:${PYTHONPATH} /usr/bin/cmake --build /home/huy/nav2_ws/Vaccum-Robot-LDS02RR/build/turtlebot3_bringup -- -j4 -l4
[2.534s] Invoked command in '/home/huy/nav2_ws/Vaccum-Robot-LDS02RR/build/turtlebot3_bringup' returned '0': AMENT_PREFIX_PATH=/home/huy/nav2_ws/Vaccum-Robot-LDS02RR/install:${AMENT_PREFIX_PATH} CMAKE_PREFIX_PATH=/home/huy/nav2_ws/Vaccum-Robot-LDS02RR/install:/home/huy/mnt/usb_ext4/opt/ros/humble PYTHONPATH=/home/huy/nav2_ws/Vaccum-Robot-LDS02RR/install/lib/python3.10/site-packages:${PYTHONPATH} /usr/bin/cmake --build /home/huy/nav2_ws/Vaccum-Robot-LDS02RR/build/turtlebot3_bringup -- -j4 -l4
[2.535s] Invoking command in '/home/huy/nav2_ws/Vaccum-Robot-LDS02RR/build/turtlebot3_bringup': AMENT_PREFIX_PATH=/home/huy/nav2_ws/Vaccum-Robot-LDS02RR/install:${AMENT_PREFIX_PATH} CMAKE_PREFIX_PATH=/home/huy/nav2_ws/Vaccum-Robot-LDS02RR/install:/home/huy/mnt/usb_ext4/opt/ros/humble PYTHONPATH=/home/huy/nav2_ws/Vaccum-Robot-LDS02RR/install/lib/python3.10/site-packages:${PYTHONPATH} /usr/bin/cmake --install /home/huy/nav2_ws/Vaccum-Robot-LDS02RR/build/turtlebot3_bringup
[2.549s] -- Install configuration: ""
[2.549s] -- Up-to-date: /home/huy/nav2_ws/Vaccum-Robot-LDS02RR/install/share/turtlebot3_bringup/launch
[2.549s] -- Up-to-date: /home/huy/nav2_ws/Vaccum-Robot-LDS02RR/install/share/turtlebot3_bringup/launch/turtlebot3_state_publisher.launch.py
[2.549s] -- Up-to-date: /home/huy/nav2_ws/Vaccum-Robot-LDS02RR/install/share/turtlebot3_bringup/launch/pwm.py
[2.549s] -- Up-to-date: /home/huy/nav2_ws/Vaccum-Robot-LDS02RR/install/share/turtlebot3_bringup/launch/robot.launch.py
[2.549s] -- Up-to-date: /home/huy/nav2_ws/Vaccum-Robot-LDS02RR/install/share/turtlebot3_bringup/launch/rviz2.launch.py
[2.549s] -- Up-to-date: /home/huy/nav2_ws/Vaccum-Robot-LDS02RR/install/share/turtlebot3_bringup/param
[2.549s] -- Up-to-date: /home/huy/nav2_ws/Vaccum-Robot-LDS02RR/install/share/turtlebot3_bringup/param/burger.yaml
[2.549s] -- Up-to-date: /home/huy/nav2_ws/Vaccum-Robot-LDS02RR/install/share/turtlebot3_bringup/param/humble
[2.554s] -- Up-to-date: /home/huy/nav2_ws/Vaccum-Robot-LDS02RR/install/share/turtlebot3_bringup/param/humble/burger.yaml
[2.555s] -- Up-to-date: /home/huy/nav2_ws/Vaccum-Robot-LDS02RR/install/share/turtlebot3_bringup/param/humble/waffle_pi.yaml
[2.555s] -- Up-to-date: /home/huy/nav2_ws/Vaccum-Robot-LDS02RR/install/share/turtlebot3_bringup/param/humble/waffle.yaml
[2.556s] -- Up-to-date: /home/huy/nav2_ws/Vaccum-Robot-LDS02RR/install/share/turtlebot3_bringup/param/waffle_pi.yaml
[2.557s] -- Up-to-date: /home/huy/nav2_ws/Vaccum-Robot-LDS02RR/install/share/turtlebot3_bringup/param/waffle.yaml
[2.557s] -- Up-to-date: /home/huy/nav2_ws/Vaccum-Robot-LDS02RR/install/share/turtlebot3_bringup/script
[2.557s] -- Up-to-date: /home/huy/nav2_ws/Vaccum-Robot-LDS02RR/install/share/turtlebot3_bringup/script/99-turtlebot3-cdc.rules
[2.557s] -- Up-to-date: /home/huy/nav2_ws/Vaccum-Robot-LDS02RR/install/share/turtlebot3_bringup/script/create_udev_rules
[2.557s] -- Up-to-date: /home/huy/nav2_ws/Vaccum-Robot-LDS02RR/install/share/ament_index/resource_index/package_run_dependencies/turtlebot3_bringup
[2.557s] -- Up-to-date: /home/huy/nav2_ws/Vaccum-Robot-LDS02RR/install/share/ament_index/resource_index/parent_prefix_path/turtlebot3_bringup
[2.557s] -- Up-to-date: /home/huy/nav2_ws/Vaccum-Robot-LDS02RR/install/share/turtlebot3_bringup/environment/ament_prefix_path.sh
[2.557s] -- Installing: /home/huy/nav2_ws/Vaccum-Robot-LDS02RR/install/share/turtlebot3_bringup/environment/ament_prefix_path.dsv
[2.557s] -- Up-to-date: /home/huy/nav2_ws/Vaccum-Robot-LDS02RR/install/share/turtlebot3_bringup/environment/path.sh
[2.557s] -- Installing: /home/huy/nav2_ws/Vaccum-Robot-LDS02RR/install/share/turtlebot3_bringup/environment/path.dsv
[2.557s] -- Up-to-date: /home/huy/nav2_ws/Vaccum-Robot-LDS02RR/install/share/turtlebot3_bringup/local_setup.bash
[2.557s] -- Up-to-date: /home/huy/nav2_ws/Vaccum-Robot-LDS02RR/install/share/turtlebot3_bringup/local_setup.sh
[2.557s] -- Up-to-date: /home/huy/nav2_ws/Vaccum-Robot-LDS02RR/install/share/turtlebot3_bringup/local_setup.zsh
[2.557s] -- Installing: /home/huy/nav2_ws/Vaccum-Robot-LDS02RR/install/share/turtlebot3_bringup/local_setup.dsv
[2.557s] -- Installing: /home/huy/nav2_ws/Vaccum-Robot-LDS02RR/install/share/turtlebot3_bringup/package.dsv
[2.557s] -- Up-to-date: /home/huy/nav2_ws/Vaccum-Robot-LDS02RR/install/share/ament_index/resource_index/packages/turtlebot3_bringup
[2.557s] -- Up-to-date: /home/huy/nav2_ws/Vaccum-Robot-LDS02RR/install/share/turtlebot3_bringup/cmake/turtlebot3_bringupConfig.cmake
[2.557s] -- Up-to-date: /home/huy/nav2_ws/Vaccum-Robot-LDS02RR/install/share/turtlebot3_bringup/cmake/turtlebot3_bringupConfig-version.cmake
[2.558s] -- Up-to-date: /home/huy/nav2_ws/Vaccum-Robot-LDS02RR/install/share/turtlebot3_bringup/package.xml
[2.558s] Invoked command in '/home/huy/nav2_ws/Vaccum-Robot-LDS02RR/build/turtlebot3_bringup' returned '0': AMENT_PREFIX_PATH=/home/huy/nav2_ws/Vaccum-Robot-LDS02RR/install:${AMENT_PREFIX_PATH} CMAKE_PREFIX_PATH=/home/huy/nav2_ws/Vaccum-Robot-LDS02RR/install:/home/huy/mnt/usb_ext4/opt/ros/humble PYTHONPATH=/home/huy/nav2_ws/Vaccum-Robot-LDS02RR/install/lib/python3.10/site-packages:${PYTHONPATH} /usr/bin/cmake --install /home/huy/nav2_ws/Vaccum-Robot-LDS02RR/build/turtlebot3_bringup
