[0.048s] Invoking command in '/home/huy/nav2_ws/Vaccum-Robot-LDS02RR/build/turtlebot3_navigation2': CMAKE_PREFIX_PATH=/home/huy/mnt/usb_ext4/opt/ros/humble /usr/bin/cmake /home/huy/nav2_ws/Vaccum-Robot-LDS02RR/src/turtlebot3/turtlebot3_navigation2 -DRMW_IMPLEMENTATION=rmw_cyclonedds_cpp -DCMAKE_TOOLCHAIN_FILE=/home/huy/nav2_ws/Vaccum-Robot-LDS02RR/toolchain_aarch64.cmake -DCMAKE_INSTALL_PREFIX=/home/huy/nav2_ws/Vaccum-Robot-LDS02RR/install
[0.388s] -- The C compiler identification is GNU 12.2.1
[0.764s] -- The CXX compiler identification is GNU 12.2.1
[0.792s] -- Detecting C compiler ABI info
[0.969s] -- Detecting C compiler ABI info - done
[0.992s] -- Check for working C compiler: /home/huy/mnt/usb_ext4/arm-gnu-toolchain-12.2.rel1-x86_64-aarch64-none-linux-gnu/bin/aarch64-none-linux-gnu-gcc - skipped
[0.993s] -- Detecting C compile features
[0.993s] -- Detecting C compile features - done
[0.998s] -- Detecting CXX compiler ABI info
[1.317s] -- Detecting CXX compiler ABI info - done
[1.328s] -- Check for working CXX compiler: /home/huy/mnt/usb_ext4/arm-gnu-toolchain-12.2.rel1-x86_64-aarch64-none-linux-gnu/bin/aarch64-none-linux-gnu-g++ - skipped
[1.328s] -- Detecting CXX compile features
[1.329s] -- Detecting CXX compile features - done
[1.332s] -- Found ament_cmake: 1.3.11 (/home/huy/mnt/usb_ext4/opt/ros/humble/share/ament_cmake/cmake)
[1.570s] -- Found Python3: /usr/bin/python3 (found version "3.10.12") found components: Interpreter 
[1.897s] -- Configuring done
[1.904s] -- Generating done
[1.913s] [33mCMake Warning:
[1.913s]   Manually-specified variables were not used by the project:
[1.913s] 
[1.913s]     RMW_IMPLEMENTATION
[1.914s] 
[1.914s] [0m
[1.919s] -- Build files have been written to: /home/huy/nav2_ws/Vaccum-Robot-LDS02RR/build/turtlebot3_navigation2
[1.937s] Invoked command in '/home/huy/nav2_ws/Vaccum-Robot-LDS02RR/build/turtlebot3_navigation2' returned '0': CMAKE_PREFIX_PATH=/home/huy/mnt/usb_ext4/opt/ros/humble /usr/bin/cmake /home/huy/nav2_ws/Vaccum-Robot-LDS02RR/src/turtlebot3/turtlebot3_navigation2 -DRMW_IMPLEMENTATION=rmw_cyclonedds_cpp -DCMAKE_TOOLCHAIN_FILE=/home/huy/nav2_ws/Vaccum-Robot-LDS02RR/toolchain_aarch64.cmake -DCMAKE_INSTALL_PREFIX=/home/huy/nav2_ws/Vaccum-Robot-LDS02RR/install
[1.937s] Invoking command in '/home/huy/nav2_ws/Vaccum-Robot-LDS02RR/build/turtlebot3_navigation2': CMAKE_PREFIX_PATH=/home/huy/mnt/usb_ext4/opt/ros/humble /usr/bin/cmake --build /home/huy/nav2_ws/Vaccum-Robot-LDS02RR/build/turtlebot3_navigation2 -- -j4 -l4
[2.061s] Invoked command in '/home/huy/nav2_ws/Vaccum-Robot-LDS02RR/build/turtlebot3_navigation2' returned '0': CMAKE_PREFIX_PATH=/home/huy/mnt/usb_ext4/opt/ros/humble /usr/bin/cmake --build /home/huy/nav2_ws/Vaccum-Robot-LDS02RR/build/turtlebot3_navigation2 -- -j4 -l4
[2.062s] Invoking command in '/home/huy/nav2_ws/Vaccum-Robot-LDS02RR/build/turtlebot3_navigation2': CMAKE_PREFIX_PATH=/home/huy/mnt/usb_ext4/opt/ros/humble /usr/bin/cmake --install /home/huy/nav2_ws/Vaccum-Robot-LDS02RR/build/turtlebot3_navigation2
[2.087s] -- Install configuration: ""
[2.087s] -- Up-to-date: /home/huy/nav2_ws/Vaccum-Robot-LDS02RR/install/share/turtlebot3_navigation2/launch
[2.087s] -- Up-to-date: /home/huy/nav2_ws/Vaccum-Robot-LDS02RR/install/share/turtlebot3_navigation2/launch/navigation2.launch.py
[2.087s] -- Up-to-date: /home/huy/nav2_ws/Vaccum-Robot-LDS02RR/install/share/turtlebot3_navigation2/map
[2.088s] -- Up-to-date: /home/huy/nav2_ws/Vaccum-Robot-LDS02RR/install/share/turtlebot3_navigation2/map/map.yaml
[2.088s] -- Up-to-date: /home/huy/nav2_ws/Vaccum-Robot-LDS02RR/install/share/turtlebot3_navigation2/map/map.pgm
[2.088s] -- Up-to-date: /home/huy/nav2_ws/Vaccum-Robot-LDS02RR/install/share/turtlebot3_navigation2/param
[2.088s] -- Up-to-date: /home/huy/nav2_ws/Vaccum-Robot-LDS02RR/install/share/turtlebot3_navigation2/param/burger.yaml
[2.088s] -- Up-to-date: /home/huy/nav2_ws/Vaccum-Robot-LDS02RR/install/share/turtlebot3_navigation2/param/humble
[2.088s] -- Up-to-date: /home/huy/nav2_ws/Vaccum-Robot-LDS02RR/install/share/turtlebot3_navigation2/param/humble/burger.yaml
[2.089s] -- Up-to-date: /home/huy/nav2_ws/Vaccum-Robot-LDS02RR/install/share/turtlebot3_navigation2/param/humble/burger_cam.yaml
[2.089s] -- Up-to-date: /home/huy/nav2_ws/Vaccum-Robot-LDS02RR/install/share/turtlebot3_navigation2/param/humble/waffle_pi.yaml
[2.090s] -- Up-to-date: /home/huy/nav2_ws/Vaccum-Robot-LDS02RR/install/share/turtlebot3_navigation2/param/humble/waffle.yaml
[2.090s] -- Up-to-date: /home/huy/nav2_ws/Vaccum-Robot-LDS02RR/install/share/turtlebot3_navigation2/param/burger_cam.yaml
[2.090s] -- Up-to-date: /home/huy/nav2_ws/Vaccum-Robot-LDS02RR/install/share/turtlebot3_navigation2/param/waffle_pi.yaml
[2.090s] -- Up-to-date: /home/huy/nav2_ws/Vaccum-Robot-LDS02RR/install/share/turtlebot3_navigation2/param/waffle.yaml
[2.090s] -- Up-to-date: /home/huy/nav2_ws/Vaccum-Robot-LDS02RR/install/share/turtlebot3_navigation2/rviz
[2.090s] -- Up-to-date: /home/huy/nav2_ws/Vaccum-Robot-LDS02RR/install/share/turtlebot3_navigation2/rviz/tb3_navigation2.rviz
[2.090s] -- Up-to-date: /home/huy/nav2_ws/Vaccum-Robot-LDS02RR/install/share/ament_index/resource_index/package_run_dependencies/turtlebot3_navigation2
[2.091s] -- Up-to-date: /home/huy/nav2_ws/Vaccum-Robot-LDS02RR/install/share/ament_index/resource_index/parent_prefix_path/turtlebot3_navigation2
[2.091s] -- Up-to-date: /home/huy/nav2_ws/Vaccum-Robot-LDS02RR/install/share/turtlebot3_navigation2/environment/ament_prefix_path.sh
[2.091s] -- Installing: /home/huy/nav2_ws/Vaccum-Robot-LDS02RR/install/share/turtlebot3_navigation2/environment/ament_prefix_path.dsv
[2.091s] -- Up-to-date: /home/huy/nav2_ws/Vaccum-Robot-LDS02RR/install/share/turtlebot3_navigation2/environment/path.sh
[2.092s] -- Installing: /home/huy/nav2_ws/Vaccum-Robot-LDS02RR/install/share/turtlebot3_navigation2/environment/path.dsv
[2.092s] -- Up-to-date: /home/huy/nav2_ws/Vaccum-Robot-LDS02RR/install/share/turtlebot3_navigation2/local_setup.bash
[2.092s] -- Up-to-date: /home/huy/nav2_ws/Vaccum-Robot-LDS02RR/install/share/turtlebot3_navigation2/local_setup.sh
[2.092s] -- Up-to-date: /home/huy/nav2_ws/Vaccum-Robot-LDS02RR/install/share/turtlebot3_navigation2/local_setup.zsh
[2.093s] -- Installing: /home/huy/nav2_ws/Vaccum-Robot-LDS02RR/install/share/turtlebot3_navigation2/local_setup.dsv
[2.093s] -- Installing: /home/huy/nav2_ws/Vaccum-Robot-LDS02RR/install/share/turtlebot3_navigation2/package.dsv
[2.093s] -- Up-to-date: /home/huy/nav2_ws/Vaccum-Robot-LDS02RR/install/share/ament_index/resource_index/packages/turtlebot3_navigation2
[2.093s] -- Up-to-date: /home/huy/nav2_ws/Vaccum-Robot-LDS02RR/install/share/turtlebot3_navigation2/cmake/turtlebot3_navigation2Config.cmake
[2.094s] -- Up-to-date: /home/huy/nav2_ws/Vaccum-Robot-LDS02RR/install/share/turtlebot3_navigation2/cmake/turtlebot3_navigation2Config-version.cmake
[2.094s] -- Up-to-date: /home/huy/nav2_ws/Vaccum-Robot-LDS02RR/install/share/turtlebot3_navigation2/package.xml
[2.100s] Invoked command in '/home/huy/nav2_ws/Vaccum-Robot-LDS02RR/build/turtlebot3_navigation2' returned '0': CMAKE_PREFIX_PATH=/home/huy/mnt/usb_ext4/opt/ros/humble /usr/bin/cmake --install /home/huy/nav2_ws/Vaccum-Robot-LDS02RR/build/turtlebot3_navigation2
