[0.030s] Invoking command in '/home/huy/nav2_ws/Vaccum-Robot-LDS02RR/build/explorer_interfaces': CMAKE_PREFIX_PATH=/home/huy/mnt/usb_ext4/opt/ros/humble /usr/bin/cmake /home/huy/nav2_ws/Vaccum-Robot-LDS02RR/src/turtlebot3/explorer_interfaces -DRMW_IMPLEMENTATION=rmw_cyclonedds_cpp -DCMAKE_TOOLCHAIN_FILE=/home/huy/nav2_ws/Vaccum-Robot-LDS02RR/toolchain_aarch64.cmake -DCMAKE_INSTALL_PREFIX=/home/huy/nav2_ws/Vaccum-Robot-LDS02RR/install
[0.229s] -- The C compiler identification is GNU 12.2.1
[0.536s] -- The CXX compiler identification is GNU 12.2.1
[0.590s] -- Detecting C compiler ABI info
[0.834s] -- Detecting C compiler ABI info - done
[0.854s] -- Check for working C compiler: /home/huy/mnt/usb_ext4/arm-gnu-toolchain-12.2.rel1-x86_64-aarch64-none-linux-gnu/bin/aarch64-none-linux-gnu-gcc - skipped
[0.856s] -- Detecting C compile features
[0.856s] -- Detecting C compile features - done
[0.864s] -- Detecting CXX compiler ABI info
[1.166s] -- Detecting CXX compiler ABI info - done
[1.198s] -- Check for working CXX compiler: /home/huy/mnt/usb_ext4/arm-gnu-toolchain-12.2.rel1-x86_64-aarch64-none-linux-gnu/bin/aarch64-none-linux-gnu-g++ - skipped
[1.200s] -- Detecting CXX compile features
[1.200s] -- Detecting CXX compile features - done
[1.212s] -- Found ament_cmake: 1.3.11 (/home/huy/mnt/usb_ext4/opt/ros/humble/share/ament_cmake/cmake)
[1.515s] -- Found Python3: /usr/bin/python3 (found version "3.10.12") found components: Interpreter 
[1.670s] -- Found ament_lint_auto: 0.12.12 (/home/huy/mnt/usb_ext4/opt/ros/humble/share/ament_lint_auto/cmake)
[1.839s] -- Found rosidl_default_generators: 1.2.0 (/home/huy/mnt/usb_ext4/opt/ros/humble/share/rosidl_default_generators/cmake)
[1.845s] -- Using all available rosidl_typesupport_c: rosidl_typesupport_fastrtps_c;rosidl_typesupport_introspection_c
[1.848s] -- Found rosidl_adapter: 3.1.6 (/home/huy/mnt/usb_ext4/opt/ros/humble/share/rosidl_adapter/cmake)
[1.899s] -- Using all available rosidl_typesupport_cpp: rosidl_typesupport_fastrtps_cpp;rosidl_typesupport_introspection_cpp
[1.970s] -- Found geometry_msgs: 4.8.0 (/home/huy/mnt/usb_ext4/opt/ros/humble/share/geometry_msgs/cmake)
[2.036s] -- Found nav_msgs: 4.8.0 (/home/huy/mnt/usb_ext4/opt/ros/humble/share/nav_msgs/cmake)
[2.068s] -- Found action_msgs: 1.2.1 (/home/huy/mnt/usb_ext4/opt/ros/humble/share/action_msgs/cmake)
[2.635s] -- Found ament_cmake_ros: 0.10.0 (/home/huy/mnt/usb_ext4/opt/ros/humble/share/ament_cmake_ros/cmake)
[3.378s] -- Using all available rosidl_typesupport_c: rosidl_typesupport_fastrtps_c;rosidl_typesupport_introspection_c
[4.354s] -- Using all available rosidl_typesupport_cpp: rosidl_typesupport_fastrtps_cpp;rosidl_typesupport_introspection_cpp
[4.394s] -- Found PythonInterp: /usr/bin/python3 (found suitable version "3.10.12", minimum required is "3.6") 
[4.399s] -- Found python_cmake_module: 0.10.0 (/home/huy/mnt/usb_ext4/opt/ros/humble/share/python_cmake_module/cmake)
[4.439s] -- Found PythonLibs: /home/huy/mnt/usb_ext4/usr/lib/aarch64-linux-gnu/libpython3.10.so (found suitable version "3.10.12", minimum required is "3.5") 
[4.440s] -- Using PYTHON_EXECUTABLE: /usr/bin/python3
[4.440s] -- Using PYTHON_INCLUDE_DIRS: /home/huy/mnt/usb_ext4/usr/include/python3.10
[4.444s] -- Using PYTHON_LIBRARIES: /home/huy/mnt/usb_ext4/usr/lib/aarch64-linux-gnu/libpython3.10.so
[4.492s] -- Found PythonExtra: .so  
[4.624s] -- Added test 'copyright' to check source files copyright and LICENSE
[4.629s] -- Added test 'lint_cmake' to check CMake code style
[4.629s] -- Added test 'xmllint' to check XML markup files
[4.634s] -- Configuring done
[4.746s] -- Generating done
[4.754s] [33mCMake Warning:
[4.754s]   Manually-specified variables were not used by the project:
[4.754s] 
[4.754s]     RMW_IMPLEMENTATION
[4.754s] 
[4.754s] [0m
[4.779s] -- Build files have been written to: /home/huy/nav2_ws/Vaccum-Robot-LDS02RR/build/explorer_interfaces
[4.804s] Invoked command in '/home/huy/nav2_ws/Vaccum-Robot-LDS02RR/build/explorer_interfaces' returned '0': CMAKE_PREFIX_PATH=/home/huy/mnt/usb_ext4/opt/ros/humble /usr/bin/cmake /home/huy/nav2_ws/Vaccum-Robot-LDS02RR/src/turtlebot3/explorer_interfaces -DRMW_IMPLEMENTATION=rmw_cyclonedds_cpp -DCMAKE_TOOLCHAIN_FILE=/home/huy/nav2_ws/Vaccum-Robot-LDS02RR/toolchain_aarch64.cmake -DCMAKE_INSTALL_PREFIX=/home/huy/nav2_ws/Vaccum-Robot-LDS02RR/install
[4.804s] Invoking command in '/home/huy/nav2_ws/Vaccum-Robot-LDS02RR/build/explorer_interfaces': CMAKE_PREFIX_PATH=/home/huy/mnt/usb_ext4/opt/ros/humble /usr/bin/cmake --build /home/huy/nav2_ws/Vaccum-Robot-LDS02RR/build/explorer_interfaces -- -j4 -l4
[4.892s] [35m[1mConsolidate compiler generated dependencies of target explorer_interfaces__rosidl_generator_c[0m
[4.913s] [  2%] Built target explorer_interfaces__cpp
[4.929s] [  2%] Built target ament_cmake_python_copy_explorer_interfaces
[4.929s] [ 12%] Built target explorer_interfaces__rosidl_generator_c
[4.968s] [35m[1mConsolidate compiler generated dependencies of target explorer_interfaces__rosidl_typesupport_cpp[0m
[4.969s] [35m[1mConsolidate compiler generated dependencies of target explorer_interfaces__rosidl_typesupport_fastrtps_cpp[0m
[4.986s] [35m[1mConsolidate compiler generated dependencies of target explorer_interfaces__rosidl_typesupport_introspection_cpp[0m
[5.006s] [ 23%] Built target explorer_interfaces__rosidl_typesupport_cpp
[5.013s] [ 33%] Built target explorer_interfaces__rosidl_typesupport_fastrtps_cpp
[5.033s] [ 43%] Built target explorer_interfaces__rosidl_typesupport_introspection_cpp
[5.035s] [35m[1mConsolidate compiler generated dependencies of target explorer_interfaces__rosidl_typesupport_fastrtps_c[0m
[5.059s] [35m[1mConsolidate compiler generated dependencies of target explorer_interfaces__rosidl_typesupport_introspection_c[0m
[5.074s] [35m[1mConsolidate compiler generated dependencies of target explorer_interfaces__rosidl_typesupport_c[0m
[5.104s] [ 53%] Built target explorer_interfaces__rosidl_typesupport_introspection_c
[5.109s] [ 64%] Built target explorer_interfaces__rosidl_typesupport_fastrtps_c
[5.110s] [ 74%] Built target explorer_interfaces__rosidl_typesupport_c
[5.155s] [ 74%] Built target explorer_interfaces
[5.207s] [ 76%] Built target explorer_interfaces__py
[5.227s] [35m[1mConsolidate compiler generated dependencies of target explorer_interfaces__rosidl_generator_py[0m
[5.264s] [ 84%] Built target explorer_interfaces__rosidl_generator_py
[5.303s] [35m[1mConsolidate compiler generated dependencies of target explorer_interfaces__rosidl_typesupport_introspection_c__pyext[0m
[5.318s] [35m[1mConsolidate compiler generated dependencies of target explorer_interfaces__rosidl_typesupport_fastrtps_c__pyext[0m
[5.319s] [35m[1mConsolidate compiler generated dependencies of target explorer_interfaces__rosidl_typesupport_c__pyext[0m
[5.348s] [ 89%] Built target explorer_interfaces__rosidl_typesupport_introspection_c__pyext
[5.379s] [ 94%] Built target explorer_interfaces__rosidl_typesupport_c__pyext
[5.388s] [100%] Built target explorer_interfaces__rosidl_typesupport_fastrtps_c__pyext
[5.476s] running egg_info
[5.477s] writing explorer_interfaces.egg-info/PKG-INFO
[5.479s] writing dependency_links to explorer_interfaces.egg-info/dependency_links.txt
[5.480s] writing top-level names to explorer_interfaces.egg-info/top_level.txt
[5.489s] reading manifest file 'explorer_interfaces.egg-info/SOURCES.txt'
[5.492s] writing manifest file 'explorer_interfaces.egg-info/SOURCES.txt'
[5.559s] [100%] Built target ament_cmake_python_build_explorer_interfaces_egg
[5.584s] Invoked command in '/home/huy/nav2_ws/Vaccum-Robot-LDS02RR/build/explorer_interfaces' returned '0': CMAKE_PREFIX_PATH=/home/huy/mnt/usb_ext4/opt/ros/humble /usr/bin/cmake --build /home/huy/nav2_ws/Vaccum-Robot-LDS02RR/build/explorer_interfaces -- -j4 -l4
[5.588s] Invoking command in '/home/huy/nav2_ws/Vaccum-Robot-LDS02RR/build/explorer_interfaces': CMAKE_PREFIX_PATH=/home/huy/mnt/usb_ext4/opt/ros/humble /usr/bin/cmake --install /home/huy/nav2_ws/Vaccum-Robot-LDS02RR/build/explorer_interfaces
[5.604s] -- Install configuration: ""
[5.604s] -- Up-to-date: /home/huy/nav2_ws/Vaccum-Robot-LDS02RR/install/share/ament_index/resource_index/rosidl_interfaces/explorer_interfaces
[5.604s] -- Up-to-date: /home/huy/nav2_ws/Vaccum-Robot-LDS02RR/install/include/explorer_interfaces/explorer_interfaces
[5.604s] -- Up-to-date: /home/huy/nav2_ws/Vaccum-Robot-LDS02RR/install/include/explorer_interfaces/explorer_interfaces/msg
[5.604s] -- Up-to-date: /home/huy/nav2_ws/Vaccum-Robot-LDS02RR/install/include/explorer_interfaces/explorer_interfaces/msg/rosidl_generator_c__visibility_control.h
[5.604s] -- Up-to-date: /home/huy/nav2_ws/Vaccum-Robot-LDS02RR/install/include/explorer_interfaces/explorer_interfaces/action
[5.604s] -- Up-to-date: /home/huy/nav2_ws/Vaccum-Robot-LDS02RR/install/include/explorer_interfaces/explorer_interfaces/action/detail
[5.604s] -- Up-to-date: /home/huy/nav2_ws/Vaccum-Robot-LDS02RR/install/include/explorer_interfaces/explorer_interfaces/action/detail/wander__struct.h
[5.604s] -- Up-to-date: /home/huy/nav2_ws/Vaccum-Robot-LDS02RR/install/include/explorer_interfaces/explorer_interfaces/action/detail/discover__type_support.h
[5.604s] -- Up-to-date: /home/huy/nav2_ws/Vaccum-Robot-LDS02RR/install/include/explorer_interfaces/explorer_interfaces/action/detail/wander__functions.c
[5.604s] -- Up-to-date: /home/huy/nav2_ws/Vaccum-Robot-LDS02RR/install/include/explorer_interfaces/explorer_interfaces/action/detail/wander__type_support.h
[5.604s] -- Up-to-date: /home/huy/nav2_ws/Vaccum-Robot-LDS02RR/install/include/explorer_interfaces/explorer_interfaces/action/detail/discover__functions.c
[5.604s] -- Up-to-date: /home/huy/nav2_ws/Vaccum-Robot-LDS02RR/install/include/explorer_interfaces/explorer_interfaces/action/detail/discover__functions.h
[5.605s] -- Up-to-date: /home/huy/nav2_ws/Vaccum-Robot-LDS02RR/install/include/explorer_interfaces/explorer_interfaces/action/detail/discover__struct.h
[5.605s] -- Up-to-date: /home/huy/nav2_ws/Vaccum-Robot-LDS02RR/install/include/explorer_interfaces/explorer_interfaces/action/detail/wander__functions.h
[5.605s] -- Up-to-date: /home/huy/nav2_ws/Vaccum-Robot-LDS02RR/install/include/explorer_interfaces/explorer_interfaces/action/wander.h
[5.605s] -- Up-to-date: /home/huy/nav2_ws/Vaccum-Robot-LDS02RR/install/include/explorer_interfaces/explorer_interfaces/action/discover.h
[5.605s] -- Up-to-date: /home/huy/nav2_ws/Vaccum-Robot-LDS02RR/install/share/explorer_interfaces/environment/library_path.sh
[5.608s] -- Installing: /home/huy/nav2_ws/Vaccum-Robot-LDS02RR/install/share/explorer_interfaces/environment/library_path.dsv
[5.609s] -- Installing: /home/huy/nav2_ws/Vaccum-Robot-LDS02RR/install/lib/libexplorer_interfaces__rosidl_generator_c.so
[5.609s] -- Set runtime path of "/home/huy/nav2_ws/Vaccum-Robot-LDS02RR/install/lib/libexplorer_interfaces__rosidl_generator_c.so" to ""
[5.609s] -- Up-to-date: /home/huy/nav2_ws/Vaccum-Robot-LDS02RR/install/include/explorer_interfaces/explorer_interfaces
[5.609s] -- Up-to-date: /home/huy/nav2_ws/Vaccum-Robot-LDS02RR/install/include/explorer_interfaces/explorer_interfaces/msg
[5.609s] -- Up-to-date: /home/huy/nav2_ws/Vaccum-Robot-LDS02RR/install/include/explorer_interfaces/explorer_interfaces/msg/rosidl_typesupport_fastrtps_c__visibility_control.h
[5.609s] -- Up-to-date: /home/huy/nav2_ws/Vaccum-Robot-LDS02RR/install/include/explorer_interfaces/explorer_interfaces/action
[5.612s] -- Up-to-date: /home/huy/nav2_ws/Vaccum-Robot-LDS02RR/install/include/explorer_interfaces/explorer_interfaces/action/detail
[5.612s] -- Up-to-date: /home/huy/nav2_ws/Vaccum-Robot-LDS02RR/install/include/explorer_interfaces/explorer_interfaces/action/detail/discover__rosidl_typesupport_fastrtps_c.h
[5.613s] -- Up-to-date: /home/huy/nav2_ws/Vaccum-Robot-LDS02RR/install/include/explorer_interfaces/explorer_interfaces/action/detail/wander__rosidl_typesupport_fastrtps_c.h
[5.613s] -- Installing: /home/huy/nav2_ws/Vaccum-Robot-LDS02RR/install/lib/libexplorer_interfaces__rosidl_typesupport_fastrtps_c.so
[5.615s] -- Set runtime path of "/home/huy/nav2_ws/Vaccum-Robot-LDS02RR/install/lib/libexplorer_interfaces__rosidl_typesupport_fastrtps_c.so" to ""
[5.616s] -- Up-to-date: /home/huy/nav2_ws/Vaccum-Robot-LDS02RR/install/include/explorer_interfaces/explorer_interfaces
[5.616s] -- Up-to-date: /home/huy/nav2_ws/Vaccum-Robot-LDS02RR/install/include/explorer_interfaces/explorer_interfaces/msg
[5.616s] -- Up-to-date: /home/huy/nav2_ws/Vaccum-Robot-LDS02RR/install/include/explorer_interfaces/explorer_interfaces/msg/rosidl_typesupport_introspection_c__visibility_control.h
[5.616s] -- Up-to-date: /home/huy/nav2_ws/Vaccum-Robot-LDS02RR/install/include/explorer_interfaces/explorer_interfaces/action
[5.616s] -- Up-to-date: /home/huy/nav2_ws/Vaccum-Robot-LDS02RR/install/include/explorer_interfaces/explorer_interfaces/action/detail
[5.616s] -- Up-to-date: /home/huy/nav2_ws/Vaccum-Robot-LDS02RR/install/include/explorer_interfaces/explorer_interfaces/action/detail/wander__rosidl_typesupport_introspection_c.h
[5.616s] -- Up-to-date: /home/huy/nav2_ws/Vaccum-Robot-LDS02RR/install/include/explorer_interfaces/explorer_interfaces/action/detail/discover__type_support.c
[5.616s] -- Up-to-date: /home/huy/nav2_ws/Vaccum-Robot-LDS02RR/install/include/explorer_interfaces/explorer_interfaces/action/detail/wander__type_support.c
[5.616s] -- Up-to-date: /home/huy/nav2_ws/Vaccum-Robot-LDS02RR/install/include/explorer_interfaces/explorer_interfaces/action/detail/discover__rosidl_typesupport_introspection_c.h
[5.616s] -- Installing: /home/huy/nav2_ws/Vaccum-Robot-LDS02RR/install/lib/libexplorer_interfaces__rosidl_typesupport_introspection_c.so
[5.616s] -- Set runtime path of "/home/huy/nav2_ws/Vaccum-Robot-LDS02RR/install/lib/libexplorer_interfaces__rosidl_typesupport_introspection_c.so" to ""
[5.616s] -- Installing: /home/huy/nav2_ws/Vaccum-Robot-LDS02RR/install/lib/libexplorer_interfaces__rosidl_typesupport_c.so
[5.617s] -- Set runtime path of "/home/huy/nav2_ws/Vaccum-Robot-LDS02RR/install/lib/libexplorer_interfaces__rosidl_typesupport_c.so" to ""
[5.617s] -- Up-to-date: /home/huy/nav2_ws/Vaccum-Robot-LDS02RR/install/include/explorer_interfaces/explorer_interfaces
[5.617s] -- Up-to-date: /home/huy/nav2_ws/Vaccum-Robot-LDS02RR/install/include/explorer_interfaces/explorer_interfaces/msg
[5.617s] -- Up-to-date: /home/huy/nav2_ws/Vaccum-Robot-LDS02RR/install/include/explorer_interfaces/explorer_interfaces/msg/rosidl_generator_cpp__visibility_control.hpp
[5.617s] -- Up-to-date: /home/huy/nav2_ws/Vaccum-Robot-LDS02RR/install/include/explorer_interfaces/explorer_interfaces/action
[5.617s] -- Up-to-date: /home/huy/nav2_ws/Vaccum-Robot-LDS02RR/install/include/explorer_interfaces/explorer_interfaces/action/detail
[5.617s] -- Up-to-date: /home/huy/nav2_ws/Vaccum-Robot-LDS02RR/install/include/explorer_interfaces/explorer_interfaces/action/detail/discover__builder.hpp
[5.617s] -- Up-to-date: /home/huy/nav2_ws/Vaccum-Robot-LDS02RR/install/include/explorer_interfaces/explorer_interfaces/action/detail/wander__builder.hpp
[5.617s] -- Up-to-date: /home/huy/nav2_ws/Vaccum-Robot-LDS02RR/install/include/explorer_interfaces/explorer_interfaces/action/detail/discover__traits.hpp
[5.617s] -- Up-to-date: /home/huy/nav2_ws/Vaccum-Robot-LDS02RR/install/include/explorer_interfaces/explorer_interfaces/action/detail/discover__type_support.hpp
[5.617s] -- Up-to-date: /home/huy/nav2_ws/Vaccum-Robot-LDS02RR/install/include/explorer_interfaces/explorer_interfaces/action/detail/wander__type_support.hpp
[5.617s] -- Up-to-date: /home/huy/nav2_ws/Vaccum-Robot-LDS02RR/install/include/explorer_interfaces/explorer_interfaces/action/detail/discover__struct.hpp
[5.617s] -- Up-to-date: /home/huy/nav2_ws/Vaccum-Robot-LDS02RR/install/include/explorer_interfaces/explorer_interfaces/action/detail/wander__struct.hpp
[5.617s] -- Up-to-date: /home/huy/nav2_ws/Vaccum-Robot-LDS02RR/install/include/explorer_interfaces/explorer_interfaces/action/detail/wander__traits.hpp
[5.618s] -- Up-to-date: /home/huy/nav2_ws/Vaccum-Robot-LDS02RR/install/include/explorer_interfaces/explorer_interfaces/action/wander.hpp
[5.618s] -- Up-to-date: /home/huy/nav2_ws/Vaccum-Robot-LDS02RR/install/include/explorer_interfaces/explorer_interfaces/action/discover.hpp
[5.618s] -- Up-to-date: /home/huy/nav2_ws/Vaccum-Robot-LDS02RR/install/include/explorer_interfaces/explorer_interfaces
[5.618s] -- Up-to-date: /home/huy/nav2_ws/Vaccum-Robot-LDS02RR/install/include/explorer_interfaces/explorer_interfaces/msg
[5.618s] -- Up-to-date: /home/huy/nav2_ws/Vaccum-Robot-LDS02RR/install/include/explorer_interfaces/explorer_interfaces/msg/rosidl_typesupport_fastrtps_cpp__visibility_control.h
[5.618s] -- Up-to-date: /home/huy/nav2_ws/Vaccum-Robot-LDS02RR/install/include/explorer_interfaces/explorer_interfaces/action
[5.618s] -- Up-to-date: /home/huy/nav2_ws/Vaccum-Robot-LDS02RR/install/include/explorer_interfaces/explorer_interfaces/action/detail
[5.618s] -- Up-to-date: /home/huy/nav2_ws/Vaccum-Robot-LDS02RR/install/include/explorer_interfaces/explorer_interfaces/action/detail/discover__rosidl_typesupport_fastrtps_cpp.hpp
[5.618s] -- Up-to-date: /home/huy/nav2_ws/Vaccum-Robot-LDS02RR/install/include/explorer_interfaces/explorer_interfaces/action/detail/dds_fastrtps
[5.618s] -- Up-to-date: /home/huy/nav2_ws/Vaccum-Robot-LDS02RR/install/include/explorer_interfaces/explorer_interfaces/action/detail/wander__rosidl_typesupport_fastrtps_cpp.hpp
[5.623s] -- Installing: /home/huy/nav2_ws/Vaccum-Robot-LDS02RR/install/lib/libexplorer_interfaces__rosidl_typesupport_fastrtps_cpp.so
[5.623s] -- Set runtime path of "/home/huy/nav2_ws/Vaccum-Robot-LDS02RR/install/lib/libexplorer_interfaces__rosidl_typesupport_fastrtps_cpp.so" to ""
[5.623s] -- Up-to-date: /home/huy/nav2_ws/Vaccum-Robot-LDS02RR/install/include/explorer_interfaces/explorer_interfaces
[5.624s] -- Up-to-date: /home/huy/nav2_ws/Vaccum-Robot-LDS02RR/install/include/explorer_interfaces/explorer_interfaces/action
[5.624s] -- Up-to-date: /home/huy/nav2_ws/Vaccum-Robot-LDS02RR/install/include/explorer_interfaces/explorer_interfaces/action/detail
[5.624s] -- Up-to-date: /home/huy/nav2_ws/Vaccum-Robot-LDS02RR/install/include/explorer_interfaces/explorer_interfaces/action/detail/discover__type_support.cpp
[5.624s] -- Up-to-date: /home/huy/nav2_ws/Vaccum-Robot-LDS02RR/install/include/explorer_interfaces/explorer_interfaces/action/detail/discover__rosidl_typesupport_introspection_cpp.hpp
[5.624s] -- Up-to-date: /home/huy/nav2_ws/Vaccum-Robot-LDS02RR/install/include/explorer_interfaces/explorer_interfaces/action/detail/wander__type_support.cpp
[5.624s] -- Up-to-date: /home/huy/nav2_ws/Vaccum-Robot-LDS02RR/install/include/explorer_interfaces/explorer_interfaces/action/detail/wander__rosidl_typesupport_introspection_cpp.hpp
[5.624s] -- Installing: /home/huy/nav2_ws/Vaccum-Robot-LDS02RR/install/lib/libexplorer_interfaces__rosidl_typesupport_introspection_cpp.so
[5.624s] -- Set runtime path of "/home/huy/nav2_ws/Vaccum-Robot-LDS02RR/install/lib/libexplorer_interfaces__rosidl_typesupport_introspection_cpp.so" to ""
[5.624s] -- Installing: /home/huy/nav2_ws/Vaccum-Robot-LDS02RR/install/lib/libexplorer_interfaces__rosidl_typesupport_cpp.so
[5.624s] -- Set runtime path of "/home/huy/nav2_ws/Vaccum-Robot-LDS02RR/install/lib/libexplorer_interfaces__rosidl_typesupport_cpp.so" to ""
[5.624s] -- Up-to-date: /home/huy/nav2_ws/Vaccum-Robot-LDS02RR/install/share/explorer_interfaces/environment/pythonpath.sh
[5.624s] -- Installing: /home/huy/nav2_ws/Vaccum-Robot-LDS02RR/install/share/explorer_interfaces/environment/pythonpath.dsv
[5.624s] -- Up-to-date: /home/huy/nav2_ws/Vaccum-Robot-LDS02RR/install/local/lib/python3.10/dist-packages/explorer_interfaces-0.0.0-py3.10.egg-info
[5.625s] -- Installing: /home/huy/nav2_ws/Vaccum-Robot-LDS02RR/install/local/lib/python3.10/dist-packages/explorer_interfaces-0.0.0-py3.10.egg-info/SOURCES.txt
[5.625s] -- Installing: /home/huy/nav2_ws/Vaccum-Robot-LDS02RR/install/local/lib/python3.10/dist-packages/explorer_interfaces-0.0.0-py3.10.egg-info/PKG-INFO
[5.625s] -- Installing: /home/huy/nav2_ws/Vaccum-Robot-LDS02RR/install/local/lib/python3.10/dist-packages/explorer_interfaces-0.0.0-py3.10.egg-info/dependency_links.txt
[5.625s] -- Installing: /home/huy/nav2_ws/Vaccum-Robot-LDS02RR/install/local/lib/python3.10/dist-packages/explorer_interfaces-0.0.0-py3.10.egg-info/top_level.txt
[5.625s] -- Up-to-date: /home/huy/nav2_ws/Vaccum-Robot-LDS02RR/install/local/lib/python3.10/dist-packages/explorer_interfaces
[5.625s] -- Up-to-date: /home/huy/nav2_ws/Vaccum-Robot-LDS02RR/install/local/lib/python3.10/dist-packages/explorer_interfaces/explorer_interfaces_s__rosidl_typesupport_c.cpython-310-x86_64-linux-gnu.so
[5.625s] -- Up-to-date: /home/huy/nav2_ws/Vaccum-Robot-LDS02RR/install/local/lib/python3.10/dist-packages/explorer_interfaces/libexplorer_interfaces__rosidl_generator_py.so
[5.625s] -- Up-to-date: /home/huy/nav2_ws/Vaccum-Robot-LDS02RR/install/local/lib/python3.10/dist-packages/explorer_interfaces/explorer_interfaces_s__rosidl_typesupport_fastrtps_c.cpython-310-x86_64-linux-gnu.so
[5.625s] -- Up-to-date: /home/huy/nav2_ws/Vaccum-Robot-LDS02RR/install/local/lib/python3.10/dist-packages/explorer_interfaces/_explorer_interfaces_s.ep.rosidl_typesupport_c.c
[5.625s] -- Installing: /home/huy/nav2_ws/Vaccum-Robot-LDS02RR/install/local/lib/python3.10/dist-packages/explorer_interfaces/__init__.py
[5.625s] -- Up-to-date: /home/huy/nav2_ws/Vaccum-Robot-LDS02RR/install/local/lib/python3.10/dist-packages/explorer_interfaces/explorer_interfaces_s__rosidl_typesupport_introspection_c.cpython-310-x86_64-linux-gnu.so
[5.625s] -- Up-to-date: /home/huy/nav2_ws/Vaccum-Robot-LDS02RR/install/local/lib/python3.10/dist-packages/explorer_interfaces/action
[5.625s] -- Up-to-date: /home/huy/nav2_ws/Vaccum-Robot-LDS02RR/install/local/lib/python3.10/dist-packages/explorer_interfaces/action/_discover.py
[5.625s] -- Up-to-date: /home/huy/nav2_ws/Vaccum-Robot-LDS02RR/install/local/lib/python3.10/dist-packages/explorer_interfaces/action/_discover_s.c
[5.626s] -- Up-to-date: /home/huy/nav2_ws/Vaccum-Robot-LDS02RR/install/local/lib/python3.10/dist-packages/explorer_interfaces/action/_wander.py
[5.626s] -- Up-to-date: /home/huy/nav2_ws/Vaccum-Robot-LDS02RR/install/local/lib/python3.10/dist-packages/explorer_interfaces/action/__init__.py
[5.626s] -- Up-to-date: /home/huy/nav2_ws/Vaccum-Robot-LDS02RR/install/local/lib/python3.10/dist-packages/explorer_interfaces/action/_wander_s.c
[5.626s] -- Up-to-date: /home/huy/nav2_ws/Vaccum-Robot-LDS02RR/install/local/lib/python3.10/dist-packages/explorer_interfaces/_explorer_interfaces_s.ep.rosidl_typesupport_fastrtps_c.c
[5.626s] -- Up-to-date: /home/huy/nav2_ws/Vaccum-Robot-LDS02RR/install/local/lib/python3.10/dist-packages/explorer_interfaces/_explorer_interfaces_s.ep.rosidl_typesupport_introspection_c.c
[5.687s] Listing '/home/huy/nav2_ws/Vaccum-Robot-LDS02RR/install/local/lib/python3.10/dist-packages/explorer_interfaces'...
[5.688s] Compiling '/home/huy/nav2_ws/Vaccum-Robot-LDS02RR/install/local/lib/python3.10/dist-packages/explorer_interfaces/__init__.py'...
[5.688s] Listing '/home/huy/nav2_ws/Vaccum-Robot-LDS02RR/install/local/lib/python3.10/dist-packages/explorer_interfaces/action'...
[5.697s] -- Installing: /home/huy/nav2_ws/Vaccum-Robot-LDS02RR/install/local/lib/python3.10/dist-packages/explorer_interfaces/explorer_interfaces_s__rosidl_typesupport_fastrtps_c.cpython-310-x86_64-linux-gnu.so
[5.698s] -- Set runtime path of "/home/huy/nav2_ws/Vaccum-Robot-LDS02RR/install/local/lib/python3.10/dist-packages/explorer_interfaces/explorer_interfaces_s__rosidl_typesupport_fastrtps_c.cpython-310-x86_64-linux-gnu.so" to ""
[5.698s] -- Installing: /home/huy/nav2_ws/Vaccum-Robot-LDS02RR/install/local/lib/python3.10/dist-packages/explorer_interfaces/explorer_interfaces_s__rosidl_typesupport_introspection_c.cpython-310-x86_64-linux-gnu.so
[5.699s] -- Set runtime path of "/home/huy/nav2_ws/Vaccum-Robot-LDS02RR/install/local/lib/python3.10/dist-packages/explorer_interfaces/explorer_interfaces_s__rosidl_typesupport_introspection_c.cpython-310-x86_64-linux-gnu.so" to ""
[5.699s] -- Installing: /home/huy/nav2_ws/Vaccum-Robot-LDS02RR/install/local/lib/python3.10/dist-packages/explorer_interfaces/explorer_interfaces_s__rosidl_typesupport_c.cpython-310-x86_64-linux-gnu.so
[5.701s] -- Set runtime path of "/home/huy/nav2_ws/Vaccum-Robot-LDS02RR/install/local/lib/python3.10/dist-packages/explorer_interfaces/explorer_interfaces_s__rosidl_typesupport_c.cpython-310-x86_64-linux-gnu.so" to ""
[5.704s] -- Installing: /home/huy/nav2_ws/Vaccum-Robot-LDS02RR/install/lib/libexplorer_interfaces__rosidl_generator_py.so
[5.704s] -- Set runtime path of "/home/huy/nav2_ws/Vaccum-Robot-LDS02RR/install/lib/libexplorer_interfaces__rosidl_generator_py.so" to ""
[5.705s] -- Up-to-date: /home/huy/nav2_ws/Vaccum-Robot-LDS02RR/install/share/explorer_interfaces/action/Wander.idl
[5.705s] -- Up-to-date: /home/huy/nav2_ws/Vaccum-Robot-LDS02RR/install/share/explorer_interfaces/action/Discover.idl
[5.705s] -- Up-to-date: /home/huy/nav2_ws/Vaccum-Robot-LDS02RR/install/share/explorer_interfaces/action/Wander.action
[5.705s] -- Up-to-date: /home/huy/nav2_ws/Vaccum-Robot-LDS02RR/install/share/explorer_interfaces/action/Discover.action
[5.705s] -- Up-to-date: /home/huy/nav2_ws/Vaccum-Robot-LDS02RR/install/share/ament_index/resource_index/package_run_dependencies/explorer_interfaces
[5.706s] -- Up-to-date: /home/huy/nav2_ws/Vaccum-Robot-LDS02RR/install/share/ament_index/resource_index/parent_prefix_path/explorer_interfaces
[5.706s] -- Up-to-date: /home/huy/nav2_ws/Vaccum-Robot-LDS02RR/install/share/explorer_interfaces/environment/ament_prefix_path.sh
[5.707s] -- Installing: /home/huy/nav2_ws/Vaccum-Robot-LDS02RR/install/share/explorer_interfaces/environment/ament_prefix_path.dsv
[5.707s] -- Up-to-date: /home/huy/nav2_ws/Vaccum-Robot-LDS02RR/install/share/explorer_interfaces/environment/path.sh
[5.707s] -- Installing: /home/huy/nav2_ws/Vaccum-Robot-LDS02RR/install/share/explorer_interfaces/environment/path.dsv
[5.707s] -- Up-to-date: /home/huy/nav2_ws/Vaccum-Robot-LDS02RR/install/share/explorer_interfaces/local_setup.bash
[5.707s] -- Up-to-date: /home/huy/nav2_ws/Vaccum-Robot-LDS02RR/install/share/explorer_interfaces/local_setup.sh
[5.707s] -- Up-to-date: /home/huy/nav2_ws/Vaccum-Robot-LDS02RR/install/share/explorer_interfaces/local_setup.zsh
[5.707s] -- Installing: /home/huy/nav2_ws/Vaccum-Robot-LDS02RR/install/share/explorer_interfaces/local_setup.dsv
[5.707s] -- Installing: /home/huy/nav2_ws/Vaccum-Robot-LDS02RR/install/share/explorer_interfaces/package.dsv
[5.707s] -- Up-to-date: /home/huy/nav2_ws/Vaccum-Robot-LDS02RR/install/share/ament_index/resource_index/packages/explorer_interfaces
[5.707s] -- Up-to-date: /home/huy/nav2_ws/Vaccum-Robot-LDS02RR/install/share/explorer_interfaces/cmake/export_explorer_interfaces__rosidl_generator_cExport.cmake
[5.707s] -- Up-to-date: /home/huy/nav2_ws/Vaccum-Robot-LDS02RR/install/share/explorer_interfaces/cmake/export_explorer_interfaces__rosidl_generator_cExport-noconfig.cmake
[5.709s] -- Up-to-date: /home/huy/nav2_ws/Vaccum-Robot-LDS02RR/install/share/explorer_interfaces/cmake/export_explorer_interfaces__rosidl_typesupport_fastrtps_cExport.cmake
[5.709s] -- Up-to-date: /home/huy/nav2_ws/Vaccum-Robot-LDS02RR/install/share/explorer_interfaces/cmake/export_explorer_interfaces__rosidl_typesupport_fastrtps_cExport-noconfig.cmake
[5.709s] -- Up-to-date: /home/huy/nav2_ws/Vaccum-Robot-LDS02RR/install/share/explorer_interfaces/cmake/explorer_interfaces__rosidl_typesupport_introspection_cExport.cmake
[5.709s] -- Up-to-date: /home/huy/nav2_ws/Vaccum-Robot-LDS02RR/install/share/explorer_interfaces/cmake/explorer_interfaces__rosidl_typesupport_introspection_cExport-noconfig.cmake
[5.709s] -- Up-to-date: /home/huy/nav2_ws/Vaccum-Robot-LDS02RR/install/share/explorer_interfaces/cmake/explorer_interfaces__rosidl_typesupport_cExport.cmake
[5.709s] -- Up-to-date: /home/huy/nav2_ws/Vaccum-Robot-LDS02RR/install/share/explorer_interfaces/cmake/explorer_interfaces__rosidl_typesupport_cExport-noconfig.cmake
[5.709s] -- Up-to-date: /home/huy/nav2_ws/Vaccum-Robot-LDS02RR/install/share/explorer_interfaces/cmake/export_explorer_interfaces__rosidl_generator_cppExport.cmake
[5.709s] -- Up-to-date: /home/huy/nav2_ws/Vaccum-Robot-LDS02RR/install/share/explorer_interfaces/cmake/export_explorer_interfaces__rosidl_typesupport_fastrtps_cppExport.cmake
[5.709s] -- Up-to-date: /home/huy/nav2_ws/Vaccum-Robot-LDS02RR/install/share/explorer_interfaces/cmake/export_explorer_interfaces__rosidl_typesupport_fastrtps_cppExport-noconfig.cmake
[5.709s] -- Up-to-date: /home/huy/nav2_ws/Vaccum-Robot-LDS02RR/install/share/explorer_interfaces/cmake/explorer_interfaces__rosidl_typesupport_introspection_cppExport.cmake
[5.710s] -- Up-to-date: /home/huy/nav2_ws/Vaccum-Robot-LDS02RR/install/share/explorer_interfaces/cmake/explorer_interfaces__rosidl_typesupport_introspection_cppExport-noconfig.cmake
[5.710s] -- Up-to-date: /home/huy/nav2_ws/Vaccum-Robot-LDS02RR/install/share/explorer_interfaces/cmake/explorer_interfaces__rosidl_typesupport_cppExport.cmake
[5.710s] -- Up-to-date: /home/huy/nav2_ws/Vaccum-Robot-LDS02RR/install/share/explorer_interfaces/cmake/explorer_interfaces__rosidl_typesupport_cppExport-noconfig.cmake
[5.710s] -- Up-to-date: /home/huy/nav2_ws/Vaccum-Robot-LDS02RR/install/share/explorer_interfaces/cmake/export_explorer_interfaces__rosidl_generator_pyExport.cmake
[5.710s] -- Up-to-date: /home/huy/nav2_ws/Vaccum-Robot-LDS02RR/install/share/explorer_interfaces/cmake/export_explorer_interfaces__rosidl_generator_pyExport-noconfig.cmake
[5.714s] -- Up-to-date: /home/huy/nav2_ws/Vaccum-Robot-LDS02RR/install/share/explorer_interfaces/cmake/rosidl_cmake-extras.cmake
[5.715s] -- Up-to-date: /home/huy/nav2_ws/Vaccum-Robot-LDS02RR/install/share/explorer_interfaces/cmake/ament_cmake_export_dependencies-extras.cmake
[5.715s] -- Up-to-date: /home/huy/nav2_ws/Vaccum-Robot-LDS02RR/install/share/explorer_interfaces/cmake/ament_cmake_export_include_directories-extras.cmake
[5.715s] -- Up-to-date: /home/huy/nav2_ws/Vaccum-Robot-LDS02RR/install/share/explorer_interfaces/cmake/ament_cmake_export_libraries-extras.cmake
[5.715s] -- Up-to-date: /home/huy/nav2_ws/Vaccum-Robot-LDS02RR/install/share/explorer_interfaces/cmake/ament_cmake_export_targets-extras.cmake
[5.715s] -- Up-to-date: /home/huy/nav2_ws/Vaccum-Robot-LDS02RR/install/share/explorer_interfaces/cmake/rosidl_cmake_export_typesupport_targets-extras.cmake
[5.715s] -- Up-to-date: /home/huy/nav2_ws/Vaccum-Robot-LDS02RR/install/share/explorer_interfaces/cmake/rosidl_cmake_export_typesupport_libraries-extras.cmake
[5.715s] -- Up-to-date: /home/huy/nav2_ws/Vaccum-Robot-LDS02RR/install/share/explorer_interfaces/cmake/explorer_interfacesConfig.cmake
[5.715s] -- Up-to-date: /home/huy/nav2_ws/Vaccum-Robot-LDS02RR/install/share/explorer_interfaces/cmake/explorer_interfacesConfig-version.cmake
[5.716s] -- Up-to-date: /home/huy/nav2_ws/Vaccum-Robot-LDS02RR/install/share/explorer_interfaces/package.xml
[5.718s] Invoked command in '/home/huy/nav2_ws/Vaccum-Robot-LDS02RR/build/explorer_interfaces' returned '0': CMAKE_PREFIX_PATH=/home/huy/mnt/usb_ext4/opt/ros/humble /usr/bin/cmake --install /home/huy/nav2_ws/Vaccum-Robot-LDS02RR/build/explorer_interfaces
