[4.340s] Invoking command in '/home/huy/nav2_ws/Vaccum-Robot-LDS02RR/FrontierExploration/autonomous_exploration': PYTHONPATH=/home/huy/nav2_ws/Vaccum-Robot-LDS02RR/build/autonomous_exploration/prefix_override:/usr/lib/python3/dist-packages/colcon_core/task/python/colcon_distutils_commands:/home/huy/nav2_ws/Vaccum-Robot-LDS02RR/install/lib/python3.10/site-packages:${PYTHONPATH} /usr/bin/python3 -W ignore:setup.py install is deprecated -W ignore:easy_install command is deprecated setup.py egg_info --egg-base ../../build/autonomous_exploration build --build-base /home/huy/nav2_ws/Vaccum-Robot-LDS02RR/build/autonomous_exploration/build install --record /home/huy/nav2_ws/Vaccum-Robot-LDS02RR/build/autonomous_exploration/install.log --single-version-externally-managed install_data
[5.223s] running egg_info
[5.250s] writing ../../build/autonomous_exploration/autonomous_exploration.egg-info/PKG-INFO
[5.251s] writing dependency_links to ../../build/autonomous_exploration/autonomous_exploration.egg-info/dependency_links.txt
[5.252s] writing entry points to ../../build/autonomous_exploration/autonomous_exploration.egg-info/entry_points.txt
[5.304s] writing requirements to ../../build/autonomous_exploration/autonomous_exploration.egg-info/requires.txt
[5.304s] writing top-level names to ../../build/autonomous_exploration/autonomous_exploration.egg-info/top_level.txt
[5.351s] reading manifest file '../../build/autonomous_exploration/autonomous_exploration.egg-info/SOURCES.txt'
[5.354s] writing manifest file '../../build/autonomous_exploration/autonomous_exploration.egg-info/SOURCES.txt'
[5.354s] running build
[5.354s] running build_py
[5.354s] running install
[5.355s] running install_lib
[5.382s] running install_data
[5.383s] running install_egg_info
[5.392s] removing '/home/huy/nav2_ws/Vaccum-Robot-LDS02RR/install/lib/python3.10/site-packages/autonomous_exploration-0.0.0-py3.10.egg-info' (and everything under it)
[5.401s] Copying ../../build/autonomous_exploration/autonomous_exploration.egg-info to /home/huy/nav2_ws/Vaccum-Robot-LDS02RR/install/lib/python3.10/site-packages/autonomous_exploration-0.0.0-py3.10.egg-info
[5.401s] running install_scripts
[5.493s] Installing control script to /home/huy/nav2_ws/Vaccum-Robot-LDS02RR/install/lib/autonomous_exploration
[5.494s] writing list of installed files to '/home/huy/nav2_ws/Vaccum-Robot-LDS02RR/build/autonomous_exploration/install.log'
[5.713s] Invoked command in '/home/huy/nav2_ws/Vaccum-Robot-LDS02RR/FrontierExploration/autonomous_exploration' returned '0': PYTHONPATH=/home/huy/nav2_ws/Vaccum-Robot-LDS02RR/build/autonomous_exploration/prefix_override:/usr/lib/python3/dist-packages/colcon_core/task/python/colcon_distutils_commands:/home/huy/nav2_ws/Vaccum-Robot-LDS02RR/install/lib/python3.10/site-packages:${PYTHONPATH} /usr/bin/python3 -W ignore:setup.py install is deprecated -W ignore:easy_install command is deprecated setup.py egg_info --egg-base ../../build/autonomous_exploration build --build-base /home/huy/nav2_ws/Vaccum-Robot-LDS02RR/build/autonomous_exploration/build install --record /home/huy/nav2_ws/Vaccum-Robot-LDS02RR/build/autonomous_exploration/install.log --single-version-externally-managed install_data
