[0.469s] Invoking command in '/home/huy/nav2_ws/Vaccum-Robot-LDS02RR/build/turtlebot3_description': CMAKE_PREFIX_PATH=/home/huy/mnt/usb_ext4/opt/ros/humble /usr/bin/cmake /home/huy/nav2_ws/Vaccum-Robot-LDS02RR/src/turtlebot3/turtlebot3_description -DRMW_IMPLEMENTATION=rmw_cyclonedds_cpp -DCMAKE_TOOLCHAIN_FILE=/home/huy/nav2_ws/Vaccum-Robot-LDS02RR/toolchain_aarch64.cmake -DCMAKE_INSTALL_PREFIX=/home/huy/nav2_ws/Vaccum-Robot-LDS02RR/install
[0.708s] -- The C compiler identification is GNU 12.2.1
[0.915s] -- The CXX compiler identification is GNU 12.2.1
[0.944s] -- Detecting C compiler ABI info
[1.098s] -- Detecting C compiler ABI info - done
[1.118s] -- Check for working C compiler: /home/huy/mnt/usb_ext4/arm-gnu-toolchain-12.2.rel1-x86_64-aarch64-none-linux-gnu/bin/aarch64-none-linux-gnu-gcc - skipped
[1.118s] -- Detecting C compile features
[1.120s] -- Detecting C compile features - done
[1.121s] -- Detecting CXX compiler ABI info
[1.395s] -- Detecting CXX compiler ABI info - done
[1.409s] -- Check for working CXX compiler: /home/huy/mnt/usb_ext4/arm-gnu-toolchain-12.2.rel1-x86_64-aarch64-none-linux-gnu/bin/aarch64-none-linux-gnu-g++ - skipped
[1.409s] -- Detecting CXX compile features
[1.410s] -- Detecting CXX compile features - done
[1.427s] -- Found ament_cmake: 1.3.11 (/home/huy/mnt/usb_ext4/opt/ros/humble/share/ament_cmake/cmake)
[1.637s] -- Found Python3: /usr/bin/python3 (found version "3.10.12") found components: Interpreter 
[1.803s] -- Found urdf: 2.6.1 (/home/huy/mnt/usb_ext4/opt/ros/humble/share/urdf/cmake)
[1.978s] -- Configuring done
[1.984s] -- Generating done
[1.985s] [33mCMake Warning:
[1.985s]   Manually-specified variables were not used by the project:
[1.985s] 
[1.985s]     RMW_IMPLEMENTATION
[1.985s] 
[1.985s] [0m
[1.991s] -- Build files have been written to: /home/huy/nav2_ws/Vaccum-Robot-LDS02RR/build/turtlebot3_description
[1.994s] Invoked command in '/home/huy/nav2_ws/Vaccum-Robot-LDS02RR/build/turtlebot3_description' returned '0': CMAKE_PREFIX_PATH=/home/huy/mnt/usb_ext4/opt/ros/humble /usr/bin/cmake /home/huy/nav2_ws/Vaccum-Robot-LDS02RR/src/turtlebot3/turtlebot3_description -DRMW_IMPLEMENTATION=rmw_cyclonedds_cpp -DCMAKE_TOOLCHAIN_FILE=/home/huy/nav2_ws/Vaccum-Robot-LDS02RR/toolchain_aarch64.cmake -DCMAKE_INSTALL_PREFIX=/home/huy/nav2_ws/Vaccum-Robot-LDS02RR/install
[1.995s] Invoking command in '/home/huy/nav2_ws/Vaccum-Robot-LDS02RR/build/turtlebot3_description': CMAKE_PREFIX_PATH=/home/huy/mnt/usb_ext4/opt/ros/humble /usr/bin/cmake --build /home/huy/nav2_ws/Vaccum-Robot-LDS02RR/build/turtlebot3_description -- -j4 -l4
[2.085s] Invoked command in '/home/huy/nav2_ws/Vaccum-Robot-LDS02RR/build/turtlebot3_description' returned '0': CMAKE_PREFIX_PATH=/home/huy/mnt/usb_ext4/opt/ros/humble /usr/bin/cmake --build /home/huy/nav2_ws/Vaccum-Robot-LDS02RR/build/turtlebot3_description -- -j4 -l4
[2.085s] Invoking command in '/home/huy/nav2_ws/Vaccum-Robot-LDS02RR/build/turtlebot3_description': CMAKE_PREFIX_PATH=/home/huy/mnt/usb_ext4/opt/ros/humble /usr/bin/cmake --install /home/huy/nav2_ws/Vaccum-Robot-LDS02RR/build/turtlebot3_description
[2.094s] -- Install configuration: ""
[2.094s] -- Up-to-date: /home/huy/nav2_ws/Vaccum-Robot-LDS02RR/install/share/turtlebot3_description/meshes
[2.095s] -- Up-to-date: /home/huy/nav2_ws/Vaccum-Robot-LDS02RR/install/share/turtlebot3_description/meshes/sensors
[2.096s] -- Up-to-date: /home/huy/nav2_ws/Vaccum-Robot-LDS02RR/install/share/turtlebot3_description/meshes/sensors/lds.stl
[2.098s] -- Up-to-date: /home/huy/nav2_ws/Vaccum-Robot-LDS02RR/install/share/turtlebot3_description/meshes/sensors/r200.dae
[2.098s] -- Up-to-date: /home/huy/nav2_ws/Vaccum-Robot-LDS02RR/install/share/turtlebot3_description/meshes/sensors/astra.jpg
[2.098s] -- Up-to-date: /home/huy/nav2_ws/Vaccum-Robot-LDS02RR/install/share/turtlebot3_description/meshes/sensors/r200.jpg
[2.098s] -- Up-to-date: /home/huy/nav2_ws/Vaccum-Robot-LDS02RR/install/share/turtlebot3_description/meshes/sensors/astra.dae
[2.098s] -- Up-to-date: /home/huy/nav2_ws/Vaccum-Robot-LDS02RR/install/share/turtlebot3_description/meshes/wheels
[2.098s] -- Up-to-date: /home/huy/nav2_ws/Vaccum-Robot-LDS02RR/install/share/turtlebot3_description/meshes/wheels/left_tire.stl
[2.098s] -- Up-to-date: /home/huy/nav2_ws/Vaccum-Robot-LDS02RR/install/share/turtlebot3_description/meshes/wheels/right_tire.stl
[2.098s] -- Up-to-date: /home/huy/nav2_ws/Vaccum-Robot-LDS02RR/install/share/turtlebot3_description/meshes/bases
[2.098s] -- Up-to-date: /home/huy/nav2_ws/Vaccum-Robot-LDS02RR/install/share/turtlebot3_description/meshes/bases/waffle_pi_base.stl
[2.098s] -- Up-to-date: /home/huy/nav2_ws/Vaccum-Robot-LDS02RR/install/share/turtlebot3_description/meshes/bases/burger_base.stl
[2.098s] -- Up-to-date: /home/huy/nav2_ws/Vaccum-Robot-LDS02RR/install/share/turtlebot3_description/meshes/bases/waffle_base.stl
[2.098s] -- Up-to-date: /home/huy/nav2_ws/Vaccum-Robot-LDS02RR/install/share/turtlebot3_description/rviz
[2.098s] -- Up-to-date: /home/huy/nav2_ws/Vaccum-Robot-LDS02RR/install/share/turtlebot3_description/rviz/model.rviz
[2.099s] -- Up-to-date: /home/huy/nav2_ws/Vaccum-Robot-LDS02RR/install/share/turtlebot3_description/urdf
[2.099s] -- Up-to-date: /home/huy/nav2_ws/Vaccum-Robot-LDS02RR/install/share/turtlebot3_description/urdf/turtlebot3_waffle_pi.urdf
[2.099s] -- Up-to-date: /home/huy/nav2_ws/Vaccum-Robot-LDS02RR/install/share/turtlebot3_description/urdf/common_properties.urdf
[2.099s] -- Up-to-date: /home/huy/nav2_ws/Vaccum-Robot-LDS02RR/install/share/turtlebot3_description/urdf/turtlebot3_burger.urdf
[2.099s] -- Up-to-date: /home/huy/nav2_ws/Vaccum-Robot-LDS02RR/install/share/turtlebot3_description/urdf/turtlebot3_waffle.urdf
[2.099s] -- Up-to-date: /home/huy/nav2_ws/Vaccum-Robot-LDS02RR/install/share/ament_index/resource_index/package_run_dependencies/turtlebot3_description
[2.099s] -- Up-to-date: /home/huy/nav2_ws/Vaccum-Robot-LDS02RR/install/share/ament_index/resource_index/parent_prefix_path/turtlebot3_description
[2.099s] -- Up-to-date: /home/huy/nav2_ws/Vaccum-Robot-LDS02RR/install/share/turtlebot3_description/environment/ament_prefix_path.sh
[2.099s] -- Installing: /home/huy/nav2_ws/Vaccum-Robot-LDS02RR/install/share/turtlebot3_description/environment/ament_prefix_path.dsv
[2.099s] -- Up-to-date: /home/huy/nav2_ws/Vaccum-Robot-LDS02RR/install/share/turtlebot3_description/environment/path.sh
[2.100s] -- Installing: /home/huy/nav2_ws/Vaccum-Robot-LDS02RR/install/share/turtlebot3_description/environment/path.dsv
[2.100s] -- Up-to-date: /home/huy/nav2_ws/Vaccum-Robot-LDS02RR/install/share/turtlebot3_description/local_setup.bash
[2.100s] -- Up-to-date: /home/huy/nav2_ws/Vaccum-Robot-LDS02RR/install/share/turtlebot3_description/local_setup.sh
[2.100s] -- Up-to-date: /home/huy/nav2_ws/Vaccum-Robot-LDS02RR/install/share/turtlebot3_description/local_setup.zsh
[2.101s] -- Installing: /home/huy/nav2_ws/Vaccum-Robot-LDS02RR/install/share/turtlebot3_description/local_setup.dsv
[2.101s] -- Installing: /home/huy/nav2_ws/Vaccum-Robot-LDS02RR/install/share/turtlebot3_description/package.dsv
[2.101s] -- Up-to-date: /home/huy/nav2_ws/Vaccum-Robot-LDS02RR/install/share/ament_index/resource_index/packages/turtlebot3_description
[2.103s] -- Up-to-date: /home/huy/nav2_ws/Vaccum-Robot-LDS02RR/install/share/turtlebot3_description/cmake/turtlebot3_descriptionConfig.cmake
[2.103s] -- Up-to-date: /home/huy/nav2_ws/Vaccum-Robot-LDS02RR/install/share/turtlebot3_description/cmake/turtlebot3_descriptionConfig-version.cmake
[2.103s] -- Up-to-date: /home/huy/nav2_ws/Vaccum-Robot-LDS02RR/install/share/turtlebot3_description/package.xml
[2.176s] Invoked command in '/home/huy/nav2_ws/Vaccum-Robot-LDS02RR/build/turtlebot3_description' returned '0': CMAKE_PREFIX_PATH=/home/huy/mnt/usb_ext4/opt/ros/humble /usr/bin/cmake --install /home/huy/nav2_ws/Vaccum-Robot-LDS02RR/build/turtlebot3_description
