[4.529s] Invoking command in '/home/huy/nav2_ws/Vaccum-Robot-LDS02RR/src/turtlebot3/turtlebot3_example': PYTHONPATH=/home/huy/nav2_ws/Vaccum-Robot-LDS02RR/build/turtlebot3_example/prefix_override:/usr/lib/python3/dist-packages/colcon_core/task/python/colcon_distutils_commands:/home/huy/nav2_ws/Vaccum-Robot-LDS02RR/install/lib/python3.10/site-packages:${PYTHONPATH} /usr/bin/python3 -W ignore:setup.py install is deprecated -W ignore:easy_install command is deprecated setup.py egg_info --egg-base ../../../build/turtlebot3_example build --build-base /home/huy/nav2_ws/Vaccum-Robot-LDS02RR/build/turtlebot3_example/build install --record /home/huy/nav2_ws/Vaccum-Robot-LDS02RR/build/turtlebot3_example/install.log --single-version-externally-managed install_data
[5.655s] running egg_info
[5.659s] writing ../../../build/turtlebot3_example/turtlebot3_example.egg-info/PKG-INFO
[5.660s] writing dependency_links to ../../../build/turtlebot3_example/turtlebot3_example.egg-info/dependency_links.txt
[5.668s] writing entry points to ../../../build/turtlebot3_example/turtlebot3_example.egg-info/entry_points.txt
[5.668s] writing requirements to ../../../build/turtlebot3_example/turtlebot3_example.egg-info/requires.txt
[5.668s] writing top-level names to ../../../build/turtlebot3_example/turtlebot3_example.egg-info/top_level.txt
[5.670s] reading manifest file '../../../build/turtlebot3_example/turtlebot3_example.egg-info/SOURCES.txt'
[5.675s] writing manifest file '../../../build/turtlebot3_example/turtlebot3_example.egg-info/SOURCES.txt'
[5.679s] running build
[5.679s] running build_py
[5.684s] running install
[5.689s] running install_lib
[5.701s] running install_data
[5.702s] running install_egg_info
[5.718s] removing '/home/huy/nav2_ws/Vaccum-Robot-LDS02RR/install/lib/python3.10/site-packages/turtlebot3_example-2.2.9-py3.10.egg-info' (and everything under it)
[5.727s] Copying ../../../build/turtlebot3_example/turtlebot3_example.egg-info to /home/huy/nav2_ws/Vaccum-Robot-LDS02RR/install/lib/python3.10/site-packages/turtlebot3_example-2.2.9-py3.10.egg-info
[5.730s] running install_scripts
[5.809s] Installing turtlebot3_absolute_move script to /home/huy/nav2_ws/Vaccum-Robot-LDS02RR/install/lib/turtlebot3_example
[5.810s] Installing turtlebot3_interactive_marker script to /home/huy/nav2_ws/Vaccum-Robot-LDS02RR/install/lib/turtlebot3_example
[5.810s] Installing turtlebot3_obstacle_detection script to /home/huy/nav2_ws/Vaccum-Robot-LDS02RR/install/lib/turtlebot3_example
[5.810s] Installing turtlebot3_patrol_client script to /home/huy/nav2_ws/Vaccum-Robot-LDS02RR/install/lib/turtlebot3_example
[5.810s] Installing turtlebot3_patrol_server script to /home/huy/nav2_ws/Vaccum-Robot-LDS02RR/install/lib/turtlebot3_example
[5.818s] Installing turtlebot3_relative_move script to /home/huy/nav2_ws/Vaccum-Robot-LDS02RR/install/lib/turtlebot3_example
[5.818s] writing list of installed files to '/home/huy/nav2_ws/Vaccum-Robot-LDS02RR/build/turtlebot3_example/install.log'
[6.156s] Invoked command in '/home/huy/nav2_ws/Vaccum-Robot-LDS02RR/src/turtlebot3/turtlebot3_example' returned '0': PYTHONPATH=/home/huy/nav2_ws/Vaccum-Robot-LDS02RR/build/turtlebot3_example/prefix_override:/usr/lib/python3/dist-packages/colcon_core/task/python/colcon_distutils_commands:/home/huy/nav2_ws/Vaccum-Robot-LDS02RR/install/lib/python3.10/site-packages:${PYTHONPATH} /usr/bin/python3 -W ignore:setup.py install is deprecated -W ignore:easy_install command is deprecated setup.py egg_info --egg-base ../../../build/turtlebot3_example build --build-base /home/huy/nav2_ws/Vaccum-Robot-LDS02RR/build/turtlebot3_example/build install --record /home/huy/nav2_ws/Vaccum-Robot-LDS02RR/build/turtlebot3_example/install.log --single-version-externally-managed install_data
