[0.825s] Invoking command in '/home/huy/nav2_ws/Vaccum-Robot-LDS02RR/src/turtlebot3/explorer_bringup': AMENT_PREFIX_PATH=/home/huy/nav2_ws/Vaccum-Robot-LDS02RR/install:${AMENT_PREFIX_PATH} CMAKE_PREFIX_PATH=/home/huy/nav2_ws/Vaccum-Robot-LDS02RR/install PYTHONPATH=/home/huy/nav2_ws/Vaccum-Robot-LDS02RR/build/explorer_bringup/prefix_override:/usr/lib/python3/dist-packages/colcon_core/task/python/colcon_distutils_commands:/home/huy/nav2_ws/Vaccum-Robot-LDS02RR/install/lib/python3.10/site-packages:/home/huy/nav2_ws/Vaccum-Robot-LDS02RR/install/lib/python3.10/site-packages:${PYTHONPATH} /usr/bin/python3 -W ignore:setup.py install is deprecated -W ignore:easy_install command is deprecated setup.py egg_info --egg-base ../../../build/explorer_bringup build --build-base /home/huy/nav2_ws/Vaccum-Robot-LDS02RR/build/explorer_bringup/build install --record /home/huy/nav2_ws/Vaccum-Robot-LDS02RR/build/explorer_bringup/install.log --single-version-externally-managed install_data
[1.134s] running egg_info
[1.135s] writing ../../../build/explorer_bringup/explorer_bringup.egg-info/PKG-INFO
[1.136s] writing dependency_links to ../../../build/explorer_bringup/explorer_bringup.egg-info/dependency_links.txt
[1.137s] writing entry points to ../../../build/explorer_bringup/explorer_bringup.egg-info/entry_points.txt
[1.137s] writing requirements to ../../../build/explorer_bringup/explorer_bringup.egg-info/requires.txt
[1.138s] writing top-level names to ../../../build/explorer_bringup/explorer_bringup.egg-info/top_level.txt
[1.140s] reading manifest file '../../../build/explorer_bringup/explorer_bringup.egg-info/SOURCES.txt'
[1.141s] writing manifest file '../../../build/explorer_bringup/explorer_bringup.egg-info/SOURCES.txt'
[1.141s] running build
[1.141s] running build_py
[1.142s] running install
[1.142s] running install_lib
[1.144s] running install_data
[1.144s] copying launch/explorer.launch.py -> /home/huy/nav2_ws/Vaccum-Robot-LDS02RR/install/share/explorer_bringup
[1.145s] running install_egg_info
[1.146s] removing '/home/huy/nav2_ws/Vaccum-Robot-LDS02RR/install/lib/python3.10/site-packages/explorer_bringup-0.0.0-py3.10.egg-info' (and everything under it)
[1.147s] Copying ../../../build/explorer_bringup/explorer_bringup.egg-info to /home/huy/nav2_ws/Vaccum-Robot-LDS02RR/install/lib/python3.10/site-packages/explorer_bringup-0.0.0-py3.10.egg-info
[1.148s] running install_scripts
[1.172s] Installing manager script to /home/huy/nav2_ws/Vaccum-Robot-LDS02RR/install/lib/explorer_bringup
[1.173s] writing list of installed files to '/home/huy/nav2_ws/Vaccum-Robot-LDS02RR/build/explorer_bringup/install.log'
[1.208s] Invoked command in '/home/huy/nav2_ws/Vaccum-Robot-LDS02RR/src/turtlebot3/explorer_bringup' returned '0': AMENT_PREFIX_PATH=/home/huy/nav2_ws/Vaccum-Robot-LDS02RR/install:${AMENT_PREFIX_PATH} CMAKE_PREFIX_PATH=/home/huy/nav2_ws/Vaccum-Robot-LDS02RR/install PYTHONPATH=/home/huy/nav2_ws/Vaccum-Robot-LDS02RR/build/explorer_bringup/prefix_override:/usr/lib/python3/dist-packages/colcon_core/task/python/colcon_distutils_commands:/home/huy/nav2_ws/Vaccum-Robot-LDS02RR/install/lib/python3.10/site-packages:/home/huy/nav2_ws/Vaccum-Robot-LDS02RR/install/lib/python3.10/site-packages:${PYTHONPATH} /usr/bin/python3 -W ignore:setup.py install is deprecated -W ignore:easy_install command is deprecated setup.py egg_info --egg-base ../../../build/explorer_bringup build --build-base /home/huy/nav2_ws/Vaccum-Robot-LDS02RR/build/explorer_bringup/build install --record /home/huy/nav2_ws/Vaccum-Robot-LDS02RR/build/explorer_bringup/install.log --single-version-externally-managed install_data
