[1.079s] Invoking command in '/home/huy/nav2_ws/Vaccum-Robot-LDS02RR/src/turtlebot3/explorer_wanderer': PYTHONPATH=/home/huy/nav2_ws/Vaccum-Robot-LDS02RR/build/explorer_wanderer/prefix_override:/usr/lib/python3/dist-packages/colcon_core/task/python/colcon_distutils_commands:/home/huy/nav2_ws/Vaccum-Robot-LDS02RR/install/lib/python3.10/site-packages:${PYTHONPATH} /usr/bin/python3 -W ignore:setup.py install is deprecated -W ignore:easy_install command is deprecated setup.py egg_info --egg-base ../../../build/explorer_wanderer build --build-base /home/huy/nav2_ws/Vaccum-Robot-LDS02RR/build/explorer_wanderer/build install --record /home/huy/nav2_ws/Vaccum-Robot-LDS02RR/build/explorer_wanderer/install.log --single-version-externally-managed install_data
[1.464s] running egg_info
[1.465s] creating ../../../build/explorer_wanderer/explorer_wanderer.egg-info
[1.465s] writing ../../../build/explorer_wanderer/explorer_wanderer.egg-info/PKG-INFO
[1.465s] writing dependency_links to ../../../build/explorer_wanderer/explorer_wanderer.egg-info/dependency_links.txt
[1.465s] writing entry points to ../../../build/explorer_wanderer/explorer_wanderer.egg-info/entry_points.txt
[1.465s] writing requirements to ../../../build/explorer_wanderer/explorer_wanderer.egg-info/requires.txt
[1.467s] writing top-level names to ../../../build/explorer_wanderer/explorer_wanderer.egg-info/top_level.txt
[1.467s] writing manifest file '../../../build/explorer_wanderer/explorer_wanderer.egg-info/SOURCES.txt'
[1.467s] reading manifest file '../../../build/explorer_wanderer/explorer_wanderer.egg-info/SOURCES.txt'
[1.467s] writing manifest file '../../../build/explorer_wanderer/explorer_wanderer.egg-info/SOURCES.txt'
[1.467s] running build
[1.467s] running build_py
[1.467s] creating /home/huy/nav2_ws/Vaccum-Robot-LDS02RR/build/explorer_wanderer/build
[1.467s] creating /home/huy/nav2_ws/Vaccum-Robot-LDS02RR/build/explorer_wanderer/build/lib
[1.467s] creating /home/huy/nav2_ws/Vaccum-Robot-LDS02RR/build/explorer_wanderer/build/lib/explorer_wanderer
[1.467s] copying explorer_wanderer/wanderer_server.py -> /home/huy/nav2_ws/Vaccum-Robot-LDS02RR/build/explorer_wanderer/build/lib/explorer_wanderer
[1.467s] copying explorer_wanderer/__init__.py -> /home/huy/nav2_ws/Vaccum-Robot-LDS02RR/build/explorer_wanderer/build/lib/explorer_wanderer
[1.467s] copying explorer_wanderer/discoverer_server.py -> /home/huy/nav2_ws/Vaccum-Robot-LDS02RR/build/explorer_wanderer/build/lib/explorer_wanderer
[1.467s] running install
[1.467s] running install_lib
[1.473s] creating /home/huy/nav2_ws/Vaccum-Robot-LDS02RR/install/lib/python3.10/site-packages/explorer_wanderer
[1.473s] copying /home/huy/nav2_ws/Vaccum-Robot-LDS02RR/build/explorer_wanderer/build/lib/explorer_wanderer/wanderer_server.py -> /home/huy/nav2_ws/Vaccum-Robot-LDS02RR/install/lib/python3.10/site-packages/explorer_wanderer
[1.473s] copying /home/huy/nav2_ws/Vaccum-Robot-LDS02RR/build/explorer_wanderer/build/lib/explorer_wanderer/__init__.py -> /home/huy/nav2_ws/Vaccum-Robot-LDS02RR/install/lib/python3.10/site-packages/explorer_wanderer
[1.474s] copying /home/huy/nav2_ws/Vaccum-Robot-LDS02RR/build/explorer_wanderer/build/lib/explorer_wanderer/discoverer_server.py -> /home/huy/nav2_ws/Vaccum-Robot-LDS02RR/install/lib/python3.10/site-packages/explorer_wanderer
[1.474s] byte-compiling /home/huy/nav2_ws/Vaccum-Robot-LDS02RR/install/lib/python3.10/site-packages/explorer_wanderer/wanderer_server.py to wanderer_server.cpython-310.pyc
[1.474s] byte-compiling /home/huy/nav2_ws/Vaccum-Robot-LDS02RR/install/lib/python3.10/site-packages/explorer_wanderer/__init__.py to __init__.cpython-310.pyc
[1.474s] byte-compiling /home/huy/nav2_ws/Vaccum-Robot-LDS02RR/install/lib/python3.10/site-packages/explorer_wanderer/discoverer_server.py to discoverer_server.cpython-310.pyc
[1.476s] running install_data
[1.476s] copying resource/explorer_wanderer -> /home/huy/nav2_ws/Vaccum-Robot-LDS02RR/install/share/ament_index/resource_index/packages
[1.476s] copying package.xml -> /home/huy/nav2_ws/Vaccum-Robot-LDS02RR/install/share/explorer_wanderer
[1.476s] running install_egg_info
[1.481s] Copying ../../../build/explorer_wanderer/explorer_wanderer.egg-info to /home/huy/nav2_ws/Vaccum-Robot-LDS02RR/install/lib/python3.10/site-packages/explorer_wanderer-0.0.0-py3.10.egg-info
[1.481s] running install_scripts
[1.506s] Installing discoverer_server script to /home/huy/nav2_ws/Vaccum-Robot-LDS02RR/install/lib/explorer_wanderer
[1.507s] Installing wanderer script to /home/huy/nav2_ws/Vaccum-Robot-LDS02RR/install/lib/explorer_wanderer
[1.509s] Installing wanderer_server script to /home/huy/nav2_ws/Vaccum-Robot-LDS02RR/install/lib/explorer_wanderer
[1.510s] writing list of installed files to '/home/huy/nav2_ws/Vaccum-Robot-LDS02RR/build/explorer_wanderer/install.log'
[5.454s] Invoked command in '/home/huy/nav2_ws/Vaccum-Robot-LDS02RR/src/turtlebot3/explorer_wanderer' returned '0': PYTHONPATH=/home/huy/nav2_ws/Vaccum-Robot-LDS02RR/build/explorer_wanderer/prefix_override:/usr/lib/python3/dist-packages/colcon_core/task/python/colcon_distutils_commands:/home/huy/nav2_ws/Vaccum-Robot-LDS02RR/install/lib/python3.10/site-packages:${PYTHONPATH} /usr/bin/python3 -W ignore:setup.py install is deprecated -W ignore:easy_install command is deprecated setup.py egg_info --egg-base ../../../build/explorer_wanderer build --build-base /home/huy/nav2_ws/Vaccum-Robot-LDS02RR/build/explorer_wanderer/build install --record /home/huy/nav2_ws/Vaccum-Robot-LDS02RR/build/explorer_wanderer/install.log --single-version-externally-managed install_data
