[0.272s] Invoking command in '/home/huy/nav2_ws/Vaccum-Robot-LDS02RR/build/turtlebot3': AMENT_PREFIX_PATH=/home/huy/nav2_ws/Vaccum-Robot-LDS02RR/install:${AMENT_PREFIX_PATH} CMAKE_PREFIX_PATH=/home/huy/nav2_ws/Vaccum-Robot-LDS02RR/install:/home/huy/mnt/usb_ext4/opt/ros/humble PYTHONPATH=/home/huy/nav2_ws/Vaccum-Robot-LDS02RR/install/lib/python3.10/site-packages:${PYTHONPATH} /usr/bin/cmake /home/huy/nav2_ws/Vaccum-Robot-LDS02RR/src/turtlebot3/turtlebot3 -DRMW_IMPLEMENTATION=rmw_cyclonedds_cpp -DCMAKE_TOOLCHAIN_FILE=/home/huy/nav2_ws/Vaccum-Robot-LDS02RR/toolchain_aarch64.cmake -DCMAKE_INSTALL_PREFIX=/home/huy/nav2_ws/Vaccum-Robot-LDS02RR/install
[0.498s] -- The C compiler identification is GNU 12.2.1
[0.720s] -- The CXX compiler identification is GNU 12.2.1
[0.752s] -- Detecting C compiler ABI info
[0.977s] -- Detecting C compiler ABI info - done
[0.996s] -- Check for working C compiler: /home/huy/mnt/usb_ext4/arm-gnu-toolchain-12.2.rel1-x86_64-aarch64-none-linux-gnu/bin/aarch64-none-linux-gnu-gcc - skipped
[0.997s] -- Detecting C compile features
[0.998s] -- Detecting C compile features - done
[1.003s] -- Detecting CXX compiler ABI info
[1.419s] -- Detecting CXX compiler ABI info - done
[1.439s] -- Check for working CXX compiler: /home/huy/mnt/usb_ext4/arm-gnu-toolchain-12.2.rel1-x86_64-aarch64-none-linux-gnu/bin/aarch64-none-linux-gnu-g++ - skipped
[1.440s] -- Detecting CXX compile features
[1.440s] -- Detecting CXX compile features - done
[1.443s] -- Found ament_cmake: 1.3.11 (/home/huy/mnt/usb_ext4/opt/ros/humble/share/ament_cmake/cmake)
[1.698s] -- Found Python3: /usr/bin/python3 (found version "3.10.12") found components: Interpreter 
[2.001s] -- Configuring done
[2.011s] -- Generating done
[2.013s] [33mCMake Warning:
[2.013s]   Manually-specified variables were not used by the project:
[2.013s] 
[2.014s]     RMW_IMPLEMENTATION
[2.018s] 
[2.018s] [0m
[2.018s] -- Build files have been written to: /home/huy/nav2_ws/Vaccum-Robot-LDS02RR/build/turtlebot3
[2.030s] Invoked command in '/home/huy/nav2_ws/Vaccum-Robot-LDS02RR/build/turtlebot3' returned '0': AMENT_PREFIX_PATH=/home/huy/nav2_ws/Vaccum-Robot-LDS02RR/install:${AMENT_PREFIX_PATH} CMAKE_PREFIX_PATH=/home/huy/nav2_ws/Vaccum-Robot-LDS02RR/install:/home/huy/mnt/usb_ext4/opt/ros/humble PYTHONPATH=/home/huy/nav2_ws/Vaccum-Robot-LDS02RR/install/lib/python3.10/site-packages:${PYTHONPATH} /usr/bin/cmake /home/huy/nav2_ws/Vaccum-Robot-LDS02RR/src/turtlebot3/turtlebot3 -DRMW_IMPLEMENTATION=rmw_cyclonedds_cpp -DCMAKE_TOOLCHAIN_FILE=/home/huy/nav2_ws/Vaccum-Robot-LDS02RR/toolchain_aarch64.cmake -DCMAKE_INSTALL_PREFIX=/home/huy/nav2_ws/Vaccum-Robot-LDS02RR/install
[2.030s] Invoking command in '/home/huy/nav2_ws/Vaccum-Robot-LDS02RR/build/turtlebot3': AMENT_PREFIX_PATH=/home/huy/nav2_ws/Vaccum-Robot-LDS02RR/install:${AMENT_PREFIX_PATH} CMAKE_PREFIX_PATH=/home/huy/nav2_ws/Vaccum-Robot-LDS02RR/install:/home/huy/mnt/usb_ext4/opt/ros/humble PYTHONPATH=/home/huy/nav2_ws/Vaccum-Robot-LDS02RR/install/lib/python3.10/site-packages:${PYTHONPATH} /usr/bin/cmake --build /home/huy/nav2_ws/Vaccum-Robot-LDS02RR/build/turtlebot3 -- -j4 -l4
[2.153s] Invoked command in '/home/huy/nav2_ws/Vaccum-Robot-LDS02RR/build/turtlebot3' returned '0': AMENT_PREFIX_PATH=/home/huy/nav2_ws/Vaccum-Robot-LDS02RR/install:${AMENT_PREFIX_PATH} CMAKE_PREFIX_PATH=/home/huy/nav2_ws/Vaccum-Robot-LDS02RR/install:/home/huy/mnt/usb_ext4/opt/ros/humble PYTHONPATH=/home/huy/nav2_ws/Vaccum-Robot-LDS02RR/install/lib/python3.10/site-packages:${PYTHONPATH} /usr/bin/cmake --build /home/huy/nav2_ws/Vaccum-Robot-LDS02RR/build/turtlebot3 -- -j4 -l4
[2.156s] Invoking command in '/home/huy/nav2_ws/Vaccum-Robot-LDS02RR/build/turtlebot3': AMENT_PREFIX_PATH=/home/huy/nav2_ws/Vaccum-Robot-LDS02RR/install:${AMENT_PREFIX_PATH} CMAKE_PREFIX_PATH=/home/huy/nav2_ws/Vaccum-Robot-LDS02RR/install:/home/huy/mnt/usb_ext4/opt/ros/humble PYTHONPATH=/home/huy/nav2_ws/Vaccum-Robot-LDS02RR/install/lib/python3.10/site-packages:${PYTHONPATH} /usr/bin/cmake --install /home/huy/nav2_ws/Vaccum-Robot-LDS02RR/build/turtlebot3
[2.180s] -- Install configuration: ""
[2.180s] -- Up-to-date: /home/huy/nav2_ws/Vaccum-Robot-LDS02RR/install/share/ament_index/resource_index/package_run_dependencies/turtlebot3
[2.180s] -- Up-to-date: /home/huy/nav2_ws/Vaccum-Robot-LDS02RR/install/share/ament_index/resource_index/parent_prefix_path/turtlebot3
[2.181s] -- Up-to-date: /home/huy/nav2_ws/Vaccum-Robot-LDS02RR/install/share/turtlebot3/environment/ament_prefix_path.sh
[2.181s] -- Installing: /home/huy/nav2_ws/Vaccum-Robot-LDS02RR/install/share/turtlebot3/environment/ament_prefix_path.dsv
[2.182s] -- Up-to-date: /home/huy/nav2_ws/Vaccum-Robot-LDS02RR/install/share/turtlebot3/environment/path.sh
[2.183s] -- Installing: /home/huy/nav2_ws/Vaccum-Robot-LDS02RR/install/share/turtlebot3/environment/path.dsv
[2.185s] -- Up-to-date: /home/huy/nav2_ws/Vaccum-Robot-LDS02RR/install/share/turtlebot3/local_setup.bash
[2.187s] -- Up-to-date: /home/huy/nav2_ws/Vaccum-Robot-LDS02RR/install/share/turtlebot3/local_setup.sh
[2.188s] -- Up-to-date: /home/huy/nav2_ws/Vaccum-Robot-LDS02RR/install/share/turtlebot3/local_setup.zsh
[2.192s] -- Installing: /home/huy/nav2_ws/Vaccum-Robot-LDS02RR/install/share/turtlebot3/local_setup.dsv
[2.192s] -- Installing: /home/huy/nav2_ws/Vaccum-Robot-LDS02RR/install/share/turtlebot3/package.dsv
[2.192s] -- Up-to-date: /home/huy/nav2_ws/Vaccum-Robot-LDS02RR/install/share/ament_index/resource_index/packages/turtlebot3
[2.203s] -- Up-to-date: /home/huy/nav2_ws/Vaccum-Robot-LDS02RR/install/share/turtlebot3/cmake/turtlebot3Config.cmake
[2.203s] -- Up-to-date: /home/huy/nav2_ws/Vaccum-Robot-LDS02RR/install/share/turtlebot3/cmake/turtlebot3Config-version.cmake
[2.203s] -- Up-to-date: /home/huy/nav2_ws/Vaccum-Robot-LDS02RR/install/share/turtlebot3/package.xml
[2.208s] Invoked command in '/home/huy/nav2_ws/Vaccum-Robot-LDS02RR/build/turtlebot3' returned '0': AMENT_PREFIX_PATH=/home/huy/nav2_ws/Vaccum-Robot-LDS02RR/install:${AMENT_PREFIX_PATH} CMAKE_PREFIX_PATH=/home/huy/nav2_ws/Vaccum-Robot-LDS02RR/install:/home/huy/mnt/usb_ext4/opt/ros/humble PYTHONPATH=/home/huy/nav2_ws/Vaccum-Robot-LDS02RR/install/lib/python3.10/site-packages:${PYTHONPATH} /usr/bin/cmake --install /home/huy/nav2_ws/Vaccum-Robot-LDS02RR/build/turtlebot3
