[0.452s] Invoking command in '/home/huy/nav2_ws/Vaccum-Robot-LDS02RR/build/explorer_interfaces': CMAKE_PREFIX_PATH=/home/huy/mnt/usb_ext4/opt/ros/humble /usr/bin/cmake /home/huy/nav2_ws/Vaccum-Robot-LDS02RR/src/turtlebot3/explorer_interfaces -DRMW_IMPLEMENTATION=rmw_cyclonedds_cpp -DCMAKE_TOOLCHAIN_FILE=/home/huy/nav2_ws/Vaccum-Robot-LDS02RR/toolchain_aarch64.cmake -DCMAKE_INSTALL_PREFIX=/home/huy/nav2_ws/Vaccum-Robot-LDS02RR/install
[0.586s] -- The C compiler identification is GNU 12.2.1
[0.799s] -- The CXX compiler identification is GNU 12.2.1
[0.812s] -- Detecting C compiler ABI info
[0.966s] -- Detecting C compiler ABI info - done
[0.978s] -- Check for working C compiler: /home/huy/mnt/usb_ext4/arm-gnu-toolchain-12.2.rel1-x86_64-aarch64-none-linux-gnu/bin/aarch64-none-linux-gnu-gcc - skipped
[0.979s] -- Detecting C compile features
[0.979s] -- Detecting C compile features - done
[0.990s] -- Detecting CXX compiler ABI info
[1.183s] -- Detecting CXX compiler ABI info - done
[1.194s] -- Check for working CXX compiler: /home/huy/mnt/usb_ext4/arm-gnu-toolchain-12.2.rel1-x86_64-aarch64-none-linux-gnu/bin/aarch64-none-linux-gnu-g++ - skipped
[1.194s] -- Detecting CXX compile features
[1.194s] -- Detecting CXX compile features - done
[1.196s] -- Found ament_cmake: 1.3.11 (/home/huy/mnt/usb_ext4/opt/ros/humble/share/ament_cmake/cmake)
[1.411s] -- Found Python3: /usr/bin/python3 (found version "3.10.12") found components: Interpreter 
[1.645s] -- Found ament_lint_auto: 0.12.12 (/home/huy/mnt/usb_ext4/opt/ros/humble/share/ament_lint_auto/cmake)
[1.748s] -- Found rosidl_default_generators: 1.2.0 (/home/huy/mnt/usb_ext4/opt/ros/humble/share/rosidl_default_generators/cmake)
[1.751s] -- Using all available rosidl_typesupport_c: rosidl_typesupport_fastrtps_c;rosidl_typesupport_introspection_c
[1.758s] -- Found rosidl_adapter: 3.1.6 (/home/huy/mnt/usb_ext4/opt/ros/humble/share/rosidl_adapter/cmake)
[1.801s] -- Using all available rosidl_typesupport_cpp: rosidl_typesupport_fastrtps_cpp;rosidl_typesupport_introspection_cpp
[1.850s] -- Found geometry_msgs: 4.8.0 (/home/huy/mnt/usb_ext4/opt/ros/humble/share/geometry_msgs/cmake)
[1.902s] -- Found nav_msgs: 4.8.0 (/home/huy/mnt/usb_ext4/opt/ros/humble/share/nav_msgs/cmake)
[2.236s] -- Found ament_cmake_ros: 0.10.0 (/home/huy/mnt/usb_ext4/opt/ros/humble/share/ament_cmake_ros/cmake)
[2.498s] -- Using all available rosidl_typesupport_c: rosidl_typesupport_fastrtps_c;rosidl_typesupport_introspection_c
[2.913s] -- Using all available rosidl_typesupport_cpp: rosidl_typesupport_fastrtps_cpp;rosidl_typesupport_introspection_cpp
[2.942s] -- Found PythonInterp: /usr/bin/python3 (found suitable version "3.10.12", minimum required is "3.6") 
[2.944s] -- Found python_cmake_module: 0.10.0 (/home/huy/mnt/usb_ext4/opt/ros/humble/share/python_cmake_module/cmake)
[2.978s] -- Found PythonLibs: /home/huy/mnt/usb_ext4/usr/lib/aarch64-linux-gnu/libpython3.10.so (found suitable version "3.10.12", minimum required is "3.5") 
[2.979s] -- Using PYTHON_EXECUTABLE: /usr/bin/python3
[2.979s] -- Using PYTHON_INCLUDE_DIRS: /home/huy/mnt/usb_ext4/usr/include/python3.10
[2.979s] -- Using PYTHON_LIBRARIES: /home/huy/mnt/usb_ext4/usr/lib/aarch64-linux-gnu/libpython3.10.so
[3.012s] -- Found PythonExtra: .so  
[3.060s] -- Added test 'copyright' to check source files copyright and LICENSE
[3.062s] -- Added test 'lint_cmake' to check CMake code style
[3.063s] -- Added test 'xmllint' to check XML markup files
[3.070s] -- Configuring done
[3.135s] -- Generating done
[3.147s] [33mCMake Warning:
[3.147s]   Manually-specified variables were not used by the project:
[3.147s] 
[3.148s]     RMW_IMPLEMENTATION
[3.148s] 
[3.148s] [0m
[3.163s] -- Build files have been written to: /home/huy/nav2_ws/Vaccum-Robot-LDS02RR/build/explorer_interfaces
[3.188s] Invoked command in '/home/huy/nav2_ws/Vaccum-Robot-LDS02RR/build/explorer_interfaces' returned '0': CMAKE_PREFIX_PATH=/home/huy/mnt/usb_ext4/opt/ros/humble /usr/bin/cmake /home/huy/nav2_ws/Vaccum-Robot-LDS02RR/src/turtlebot3/explorer_interfaces -DRMW_IMPLEMENTATION=rmw_cyclonedds_cpp -DCMAKE_TOOLCHAIN_FILE=/home/huy/nav2_ws/Vaccum-Robot-LDS02RR/toolchain_aarch64.cmake -DCMAKE_INSTALL_PREFIX=/home/huy/nav2_ws/Vaccum-Robot-LDS02RR/install
[3.192s] Invoking command in '/home/huy/nav2_ws/Vaccum-Robot-LDS02RR/build/explorer_interfaces': CMAKE_PREFIX_PATH=/home/huy/mnt/usb_ext4/opt/ros/humble /usr/bin/cmake --build /home/huy/nav2_ws/Vaccum-Robot-LDS02RR/build/explorer_interfaces -- -j4 -l4
[3.286s] [35m[1mConsolidate compiler generated dependencies of target explorer_interfaces__rosidl_generator_c[0m
[3.299s] [  2%] Built target explorer_interfaces__cpp
[3.324s] [ 12%] Built target explorer_interfaces__rosidl_generator_c
[3.331s] [35m[1mConsolidate compiler generated dependencies of target explorer_interfaces__rosidl_typesupport_cpp[0m
[3.331s] [35m[1mConsolidate compiler generated dependencies of target explorer_interfaces__rosidl_typesupport_fastrtps_cpp[0m
[3.353s] [35m[1mConsolidate compiler generated dependencies of target explorer_interfaces__rosidl_typesupport_introspection_cpp[0m
[3.362s] [ 12%] Built target ament_cmake_python_copy_explorer_interfaces
[3.364s] [ 23%] Built target explorer_interfaces__rosidl_typesupport_cpp
[3.374s] [ 33%] Built target explorer_interfaces__rosidl_typesupport_fastrtps_cpp
[3.390s] [ 43%] Built target explorer_interfaces__rosidl_typesupport_introspection_cpp
[3.390s] [35m[1mConsolidate compiler generated dependencies of target explorer_interfaces__rosidl_typesupport_fastrtps_c[0m
[3.407s] [35m[1mConsolidate compiler generated dependencies of target explorer_interfaces__rosidl_typesupport_c[0m
[3.415s] [35m[1mConsolidate compiler generated dependencies of target explorer_interfaces__rosidl_typesupport_introspection_c[0m
[3.437s] [ 53%] Built target explorer_interfaces__rosidl_typesupport_fastrtps_c
[3.438s] [ 64%] Built target explorer_interfaces__rosidl_typesupport_c
[3.446s] [ 74%] Built target explorer_interfaces__rosidl_typesupport_introspection_c
[3.495s] [ 74%] Built target explorer_interfaces
[3.530s] [ 76%] Built target explorer_interfaces__py
[3.547s] [35m[1mConsolidate compiler generated dependencies of target explorer_interfaces__rosidl_generator_py[0m
[3.572s] [ 84%] Built target explorer_interfaces__rosidl_generator_py
[3.599s] [35m[1mConsolidate compiler generated dependencies of target explorer_interfaces__rosidl_typesupport_fastrtps_c__pyext[0m
[3.611s] [35m[1mConsolidate compiler generated dependencies of target explorer_interfaces__rosidl_typesupport_introspection_c__pyext[0m
[3.623s] [35m[1mConsolidate compiler generated dependencies of target explorer_interfaces__rosidl_typesupport_c__pyext[0m
[3.630s] [ 89%] Built target explorer_interfaces__rosidl_typesupport_fastrtps_c__pyext
[3.653s] [ 94%] Built target explorer_interfaces__rosidl_typesupport_c__pyext
[3.656s] [100%] Built target explorer_interfaces__rosidl_typesupport_introspection_c__pyext
[3.782s] running egg_info
[3.782s] writing explorer_interfaces.egg-info/PKG-INFO
[3.782s] writing dependency_links to explorer_interfaces.egg-info/dependency_links.txt
[3.782s] writing top-level names to explorer_interfaces.egg-info/top_level.txt
[3.786s] reading manifest file 'explorer_interfaces.egg-info/SOURCES.txt'
[3.787s] writing manifest file 'explorer_interfaces.egg-info/SOURCES.txt'
[3.838s] [100%] Built target ament_cmake_python_build_explorer_interfaces_egg
[3.854s] Invoked command in '/home/huy/nav2_ws/Vaccum-Robot-LDS02RR/build/explorer_interfaces' returned '0': CMAKE_PREFIX_PATH=/home/huy/mnt/usb_ext4/opt/ros/humble /usr/bin/cmake --build /home/huy/nav2_ws/Vaccum-Robot-LDS02RR/build/explorer_interfaces -- -j4 -l4
[3.856s] Invoking command in '/home/huy/nav2_ws/Vaccum-Robot-LDS02RR/build/explorer_interfaces': CMAKE_PREFIX_PATH=/home/huy/mnt/usb_ext4/opt/ros/humble /usr/bin/cmake --install /home/huy/nav2_ws/Vaccum-Robot-LDS02RR/build/explorer_interfaces
[3.866s] -- Install configuration: ""
[3.867s] -- Up-to-date: /home/huy/nav2_ws/Vaccum-Robot-LDS02RR/install/share/ament_index/resource_index/rosidl_interfaces/explorer_interfaces
[3.867s] -- Up-to-date: /home/huy/nav2_ws/Vaccum-Robot-LDS02RR/install/include/explorer_interfaces/explorer_interfaces
[3.867s] -- Up-to-date: /home/huy/nav2_ws/Vaccum-Robot-LDS02RR/install/include/explorer_interfaces/explorer_interfaces/msg
[3.867s] -- Up-to-date: /home/huy/nav2_ws/Vaccum-Robot-LDS02RR/install/include/explorer_interfaces/explorer_interfaces/msg/rosidl_generator_c__visibility_control.h
[3.868s] -- Up-to-date: /home/huy/nav2_ws/Vaccum-Robot-LDS02RR/install/include/explorer_interfaces/explorer_interfaces/action
[3.868s] -- Up-to-date: /home/huy/nav2_ws/Vaccum-Robot-LDS02RR/install/include/explorer_interfaces/explorer_interfaces/action/detail
[3.868s] -- Up-to-date: /home/huy/nav2_ws/Vaccum-Robot-LDS02RR/install/include/explorer_interfaces/explorer_interfaces/action/detail/wander__struct.h
[3.868s] -- Up-to-date: /home/huy/nav2_ws/Vaccum-Robot-LDS02RR/install/include/explorer_interfaces/explorer_interfaces/action/detail/discover__type_support.h
[3.868s] -- Up-to-date: /home/huy/nav2_ws/Vaccum-Robot-LDS02RR/install/include/explorer_interfaces/explorer_interfaces/action/detail/wander__functions.c
[3.868s] -- Up-to-date: /home/huy/nav2_ws/Vaccum-Robot-LDS02RR/install/include/explorer_interfaces/explorer_interfaces/action/detail/wander__type_support.h
[3.868s] -- Up-to-date: /home/huy/nav2_ws/Vaccum-Robot-LDS02RR/install/include/explorer_interfaces/explorer_interfaces/action/detail/discover__functions.c
[3.868s] -- Up-to-date: /home/huy/nav2_ws/Vaccum-Robot-LDS02RR/install/include/explorer_interfaces/explorer_interfaces/action/detail/discover__functions.h
[3.869s] -- Up-to-date: /home/huy/nav2_ws/Vaccum-Robot-LDS02RR/install/include/explorer_interfaces/explorer_interfaces/action/detail/discover__struct.h
[3.870s] -- Up-to-date: /home/huy/nav2_ws/Vaccum-Robot-LDS02RR/install/include/explorer_interfaces/explorer_interfaces/action/detail/wander__functions.h
[3.870s] -- Up-to-date: /home/huy/nav2_ws/Vaccum-Robot-LDS02RR/install/include/explorer_interfaces/explorer_interfaces/action/wander.h
[3.871s] -- Up-to-date: /home/huy/nav2_ws/Vaccum-Robot-LDS02RR/install/include/explorer_interfaces/explorer_interfaces/action/discover.h
[3.871s] -- Up-to-date: /home/huy/nav2_ws/Vaccum-Robot-LDS02RR/install/share/explorer_interfaces/environment/library_path.sh
[3.872s] -- Installing: /home/huy/nav2_ws/Vaccum-Robot-LDS02RR/install/share/explorer_interfaces/environment/library_path.dsv
[3.872s] -- Installing: /home/huy/nav2_ws/Vaccum-Robot-LDS02RR/install/lib/libexplorer_interfaces__rosidl_generator_c.so
[3.873s] -- Set runtime path of "/home/huy/nav2_ws/Vaccum-Robot-LDS02RR/install/lib/libexplorer_interfaces__rosidl_generator_c.so" to ""
[3.873s] -- Up-to-date: /home/huy/nav2_ws/Vaccum-Robot-LDS02RR/install/include/explorer_interfaces/explorer_interfaces
[3.873s] -- Up-to-date: /home/huy/nav2_ws/Vaccum-Robot-LDS02RR/install/include/explorer_interfaces/explorer_interfaces/msg
[3.873s] -- Up-to-date: /home/huy/nav2_ws/Vaccum-Robot-LDS02RR/install/include/explorer_interfaces/explorer_interfaces/msg/rosidl_typesupport_fastrtps_c__visibility_control.h
[3.873s] -- Up-to-date: /home/huy/nav2_ws/Vaccum-Robot-LDS02RR/install/include/explorer_interfaces/explorer_interfaces/action
[3.873s] -- Up-to-date: /home/huy/nav2_ws/Vaccum-Robot-LDS02RR/install/include/explorer_interfaces/explorer_interfaces/action/detail
[3.873s] -- Up-to-date: /home/huy/nav2_ws/Vaccum-Robot-LDS02RR/install/include/explorer_interfaces/explorer_interfaces/action/detail/discover__rosidl_typesupport_fastrtps_c.h
[3.874s] -- Up-to-date: /home/huy/nav2_ws/Vaccum-Robot-LDS02RR/install/include/explorer_interfaces/explorer_interfaces/action/detail/wander__rosidl_typesupport_fastrtps_c.h
[3.875s] -- Installing: /home/huy/nav2_ws/Vaccum-Robot-LDS02RR/install/lib/libexplorer_interfaces__rosidl_typesupport_fastrtps_c.so
[3.875s] -- Set runtime path of "/home/huy/nav2_ws/Vaccum-Robot-LDS02RR/install/lib/libexplorer_interfaces__rosidl_typesupport_fastrtps_c.so" to ""
[3.875s] -- Up-to-date: /home/huy/nav2_ws/Vaccum-Robot-LDS02RR/install/include/explorer_interfaces/explorer_interfaces
[3.876s] -- Up-to-date: /home/huy/nav2_ws/Vaccum-Robot-LDS02RR/install/include/explorer_interfaces/explorer_interfaces/msg
[3.876s] -- Up-to-date: /home/huy/nav2_ws/Vaccum-Robot-LDS02RR/install/include/explorer_interfaces/explorer_interfaces/msg/rosidl_typesupport_introspection_c__visibility_control.h
[3.876s] -- Up-to-date: /home/huy/nav2_ws/Vaccum-Robot-LDS02RR/install/include/explorer_interfaces/explorer_interfaces/action
[3.876s] -- Up-to-date: /home/huy/nav2_ws/Vaccum-Robot-LDS02RR/install/include/explorer_interfaces/explorer_interfaces/action/detail
[3.876s] -- Up-to-date: /home/huy/nav2_ws/Vaccum-Robot-LDS02RR/install/include/explorer_interfaces/explorer_interfaces/action/detail/wander__rosidl_typesupport_introspection_c.h
[3.876s] -- Up-to-date: /home/huy/nav2_ws/Vaccum-Robot-LDS02RR/install/include/explorer_interfaces/explorer_interfaces/action/detail/discover__type_support.c
[3.876s] -- Up-to-date: /home/huy/nav2_ws/Vaccum-Robot-LDS02RR/install/include/explorer_interfaces/explorer_interfaces/action/detail/wander__type_support.c
[3.876s] -- Up-to-date: /home/huy/nav2_ws/Vaccum-Robot-LDS02RR/install/include/explorer_interfaces/explorer_interfaces/action/detail/discover__rosidl_typesupport_introspection_c.h
[3.876s] -- Installing: /home/huy/nav2_ws/Vaccum-Robot-LDS02RR/install/lib/libexplorer_interfaces__rosidl_typesupport_introspection_c.so
[3.876s] -- Set runtime path of "/home/huy/nav2_ws/Vaccum-Robot-LDS02RR/install/lib/libexplorer_interfaces__rosidl_typesupport_introspection_c.so" to ""
[3.876s] -- Installing: /home/huy/nav2_ws/Vaccum-Robot-LDS02RR/install/lib/libexplorer_interfaces__rosidl_typesupport_c.so
[3.876s] -- Set runtime path of "/home/huy/nav2_ws/Vaccum-Robot-LDS02RR/install/lib/libexplorer_interfaces__rosidl_typesupport_c.so" to ""
[3.877s] -- Up-to-date: /home/huy/nav2_ws/Vaccum-Robot-LDS02RR/install/include/explorer_interfaces/explorer_interfaces
[3.877s] -- Up-to-date: /home/huy/nav2_ws/Vaccum-Robot-LDS02RR/install/include/explorer_interfaces/explorer_interfaces/msg
[3.877s] -- Up-to-date: /home/huy/nav2_ws/Vaccum-Robot-LDS02RR/install/include/explorer_interfaces/explorer_interfaces/msg/rosidl_generator_cpp__visibility_control.hpp
[3.877s] -- Up-to-date: /home/huy/nav2_ws/Vaccum-Robot-LDS02RR/install/include/explorer_interfaces/explorer_interfaces/action
[3.877s] -- Up-to-date: /home/huy/nav2_ws/Vaccum-Robot-LDS02RR/install/include/explorer_interfaces/explorer_interfaces/action/detail
[3.877s] -- Up-to-date: /home/huy/nav2_ws/Vaccum-Robot-LDS02RR/install/include/explorer_interfaces/explorer_interfaces/action/detail/discover__builder.hpp
[3.877s] -- Up-to-date: /home/huy/nav2_ws/Vaccum-Robot-LDS02RR/install/include/explorer_interfaces/explorer_interfaces/action/detail/wander__builder.hpp
[3.877s] -- Up-to-date: /home/huy/nav2_ws/Vaccum-Robot-LDS02RR/install/include/explorer_interfaces/explorer_interfaces/action/detail/discover__traits.hpp
[3.877s] -- Up-to-date: /home/huy/nav2_ws/Vaccum-Robot-LDS02RR/install/include/explorer_interfaces/explorer_interfaces/action/detail/discover__type_support.hpp
[3.877s] -- Up-to-date: /home/huy/nav2_ws/Vaccum-Robot-LDS02RR/install/include/explorer_interfaces/explorer_interfaces/action/detail/wander__type_support.hpp
[3.877s] -- Up-to-date: /home/huy/nav2_ws/Vaccum-Robot-LDS02RR/install/include/explorer_interfaces/explorer_interfaces/action/detail/discover__struct.hpp
[3.877s] -- Up-to-date: /home/huy/nav2_ws/Vaccum-Robot-LDS02RR/install/include/explorer_interfaces/explorer_interfaces/action/detail/wander__struct.hpp
[3.877s] -- Up-to-date: /home/huy/nav2_ws/Vaccum-Robot-LDS02RR/install/include/explorer_interfaces/explorer_interfaces/action/detail/wander__traits.hpp
[3.877s] -- Up-to-date: /home/huy/nav2_ws/Vaccum-Robot-LDS02RR/install/include/explorer_interfaces/explorer_interfaces/action/wander.hpp
[3.878s] -- Up-to-date: /home/huy/nav2_ws/Vaccum-Robot-LDS02RR/install/include/explorer_interfaces/explorer_interfaces/action/discover.hpp
[3.878s] -- Up-to-date: /home/huy/nav2_ws/Vaccum-Robot-LDS02RR/install/include/explorer_interfaces/explorer_interfaces
[3.878s] -- Up-to-date: /home/huy/nav2_ws/Vaccum-Robot-LDS02RR/install/include/explorer_interfaces/explorer_interfaces/msg
[3.878s] -- Up-to-date: /home/huy/nav2_ws/Vaccum-Robot-LDS02RR/install/include/explorer_interfaces/explorer_interfaces/msg/rosidl_typesupport_fastrtps_cpp__visibility_control.h
[3.878s] -- Up-to-date: /home/huy/nav2_ws/Vaccum-Robot-LDS02RR/install/include/explorer_interfaces/explorer_interfaces/action
[3.878s] -- Up-to-date: /home/huy/nav2_ws/Vaccum-Robot-LDS02RR/install/include/explorer_interfaces/explorer_interfaces/action/detail
[3.882s] -- Up-to-date: /home/huy/nav2_ws/Vaccum-Robot-LDS02RR/install/include/explorer_interfaces/explorer_interfaces/action/detail/discover__rosidl_typesupport_fastrtps_cpp.hpp
[3.882s] -- Up-to-date: /home/huy/nav2_ws/Vaccum-Robot-LDS02RR/install/include/explorer_interfaces/explorer_interfaces/action/detail/dds_fastrtps
[3.883s] -- Up-to-date: /home/huy/nav2_ws/Vaccum-Robot-LDS02RR/install/include/explorer_interfaces/explorer_interfaces/action/detail/wander__rosidl_typesupport_fastrtps_cpp.hpp
[3.883s] -- Installing: /home/huy/nav2_ws/Vaccum-Robot-LDS02RR/install/lib/libexplorer_interfaces__rosidl_typesupport_fastrtps_cpp.so
[3.883s] -- Set runtime path of "/home/huy/nav2_ws/Vaccum-Robot-LDS02RR/install/lib/libexplorer_interfaces__rosidl_typesupport_fastrtps_cpp.so" to ""
[3.883s] -- Up-to-date: /home/huy/nav2_ws/Vaccum-Robot-LDS02RR/install/include/explorer_interfaces/explorer_interfaces
[3.883s] -- Up-to-date: /home/huy/nav2_ws/Vaccum-Robot-LDS02RR/install/include/explorer_interfaces/explorer_interfaces/action
[3.883s] -- Up-to-date: /home/huy/nav2_ws/Vaccum-Robot-LDS02RR/install/include/explorer_interfaces/explorer_interfaces/action/detail
[3.883s] -- Up-to-date: /home/huy/nav2_ws/Vaccum-Robot-LDS02RR/install/include/explorer_interfaces/explorer_interfaces/action/detail/discover__type_support.cpp
[3.883s] -- Up-to-date: /home/huy/nav2_ws/Vaccum-Robot-LDS02RR/install/include/explorer_interfaces/explorer_interfaces/action/detail/discover__rosidl_typesupport_introspection_cpp.hpp
[3.883s] -- Up-to-date: /home/huy/nav2_ws/Vaccum-Robot-LDS02RR/install/include/explorer_interfaces/explorer_interfaces/action/detail/wander__type_support.cpp
[3.883s] -- Up-to-date: /home/huy/nav2_ws/Vaccum-Robot-LDS02RR/install/include/explorer_interfaces/explorer_interfaces/action/detail/wander__rosidl_typesupport_introspection_cpp.hpp
[3.883s] -- Installing: /home/huy/nav2_ws/Vaccum-Robot-LDS02RR/install/lib/libexplorer_interfaces__rosidl_typesupport_introspection_cpp.so
[3.883s] -- Set runtime path of "/home/huy/nav2_ws/Vaccum-Robot-LDS02RR/install/lib/libexplorer_interfaces__rosidl_typesupport_introspection_cpp.so" to ""
[3.883s] -- Installing: /home/huy/nav2_ws/Vaccum-Robot-LDS02RR/install/lib/libexplorer_interfaces__rosidl_typesupport_cpp.so
[3.883s] -- Set runtime path of "/home/huy/nav2_ws/Vaccum-Robot-LDS02RR/install/lib/libexplorer_interfaces__rosidl_typesupport_cpp.so" to ""
[3.883s] -- Up-to-date: /home/huy/nav2_ws/Vaccum-Robot-LDS02RR/install/share/explorer_interfaces/environment/pythonpath.sh
[3.883s] -- Installing: /home/huy/nav2_ws/Vaccum-Robot-LDS02RR/install/share/explorer_interfaces/environment/pythonpath.dsv
[3.883s] -- Up-to-date: /home/huy/nav2_ws/Vaccum-Robot-LDS02RR/install/local/lib/python3.10/dist-packages/explorer_interfaces-0.0.0-py3.10.egg-info
[3.883s] -- Installing: /home/huy/nav2_ws/Vaccum-Robot-LDS02RR/install/local/lib/python3.10/dist-packages/explorer_interfaces-0.0.0-py3.10.egg-info/SOURCES.txt
[3.884s] -- Installing: /home/huy/nav2_ws/Vaccum-Robot-LDS02RR/install/local/lib/python3.10/dist-packages/explorer_interfaces-0.0.0-py3.10.egg-info/PKG-INFO
[3.884s] -- Installing: /home/huy/nav2_ws/Vaccum-Robot-LDS02RR/install/local/lib/python3.10/dist-packages/explorer_interfaces-0.0.0-py3.10.egg-info/dependency_links.txt
[3.884s] -- Installing: /home/huy/nav2_ws/Vaccum-Robot-LDS02RR/install/local/lib/python3.10/dist-packages/explorer_interfaces-0.0.0-py3.10.egg-info/top_level.txt
[3.884s] -- Up-to-date: /home/huy/nav2_ws/Vaccum-Robot-LDS02RR/install/local/lib/python3.10/dist-packages/explorer_interfaces
[3.884s] -- Up-to-date: /home/huy/nav2_ws/Vaccum-Robot-LDS02RR/install/local/lib/python3.10/dist-packages/explorer_interfaces/explorer_interfaces_s__rosidl_typesupport_c.cpython-310-x86_64-linux-gnu.so
[3.884s] -- Up-to-date: /home/huy/nav2_ws/Vaccum-Robot-LDS02RR/install/local/lib/python3.10/dist-packages/explorer_interfaces/libexplorer_interfaces__rosidl_generator_py.so
[3.885s] -- Up-to-date: /home/huy/nav2_ws/Vaccum-Robot-LDS02RR/install/local/lib/python3.10/dist-packages/explorer_interfaces/explorer_interfaces_s__rosidl_typesupport_fastrtps_c.cpython-310-x86_64-linux-gnu.so
[3.885s] -- Up-to-date: /home/huy/nav2_ws/Vaccum-Robot-LDS02RR/install/local/lib/python3.10/dist-packages/explorer_interfaces/_explorer_interfaces_s.ep.rosidl_typesupport_c.c
[3.885s] -- Installing: /home/huy/nav2_ws/Vaccum-Robot-LDS02RR/install/local/lib/python3.10/dist-packages/explorer_interfaces/__init__.py
[3.885s] -- Up-to-date: /home/huy/nav2_ws/Vaccum-Robot-LDS02RR/install/local/lib/python3.10/dist-packages/explorer_interfaces/explorer_interfaces_s__rosidl_typesupport_introspection_c.cpython-310-x86_64-linux-gnu.so
[3.885s] -- Up-to-date: /home/huy/nav2_ws/Vaccum-Robot-LDS02RR/install/local/lib/python3.10/dist-packages/explorer_interfaces/action
[3.885s] -- Up-to-date: /home/huy/nav2_ws/Vaccum-Robot-LDS02RR/install/local/lib/python3.10/dist-packages/explorer_interfaces/action/_discover.py
[3.885s] -- Up-to-date: /home/huy/nav2_ws/Vaccum-Robot-LDS02RR/install/local/lib/python3.10/dist-packages/explorer_interfaces/action/_discover_s.c
[3.885s] -- Up-to-date: /home/huy/nav2_ws/Vaccum-Robot-LDS02RR/install/local/lib/python3.10/dist-packages/explorer_interfaces/action/_wander.py
[3.885s] -- Up-to-date: /home/huy/nav2_ws/Vaccum-Robot-LDS02RR/install/local/lib/python3.10/dist-packages/explorer_interfaces/action/__init__.py
[3.885s] -- Up-to-date: /home/huy/nav2_ws/Vaccum-Robot-LDS02RR/install/local/lib/python3.10/dist-packages/explorer_interfaces/action/_wander_s.c
[3.885s] -- Up-to-date: /home/huy/nav2_ws/Vaccum-Robot-LDS02RR/install/local/lib/python3.10/dist-packages/explorer_interfaces/_explorer_interfaces_s.ep.rosidl_typesupport_fastrtps_c.c
[3.885s] -- Up-to-date: /home/huy/nav2_ws/Vaccum-Robot-LDS02RR/install/local/lib/python3.10/dist-packages/explorer_interfaces/_explorer_interfaces_s.ep.rosidl_typesupport_introspection_c.c
[3.922s] Listing '/home/huy/nav2_ws/Vaccum-Robot-LDS02RR/install/local/lib/python3.10/dist-packages/explorer_interfaces'...
[3.922s] Compiling '/home/huy/nav2_ws/Vaccum-Robot-LDS02RR/install/local/lib/python3.10/dist-packages/explorer_interfaces/__init__.py'...
[3.922s] Listing '/home/huy/nav2_ws/Vaccum-Robot-LDS02RR/install/local/lib/python3.10/dist-packages/explorer_interfaces/action'...
[3.928s] -- Installing: /home/huy/nav2_ws/Vaccum-Robot-LDS02RR/install/local/lib/python3.10/dist-packages/explorer_interfaces/explorer_interfaces_s__rosidl_typesupport_fastrtps_c.cpython-310-x86_64-linux-gnu.so
[3.929s] -- Set runtime path of "/home/huy/nav2_ws/Vaccum-Robot-LDS02RR/install/local/lib/python3.10/dist-packages/explorer_interfaces/explorer_interfaces_s__rosidl_typesupport_fastrtps_c.cpython-310-x86_64-linux-gnu.so" to ""
[3.929s] -- Installing: /home/huy/nav2_ws/Vaccum-Robot-LDS02RR/install/local/lib/python3.10/dist-packages/explorer_interfaces/explorer_interfaces_s__rosidl_typesupport_introspection_c.cpython-310-x86_64-linux-gnu.so
[3.930s] -- Set runtime path of "/home/huy/nav2_ws/Vaccum-Robot-LDS02RR/install/local/lib/python3.10/dist-packages/explorer_interfaces/explorer_interfaces_s__rosidl_typesupport_introspection_c.cpython-310-x86_64-linux-gnu.so" to ""
[3.930s] -- Installing: /home/huy/nav2_ws/Vaccum-Robot-LDS02RR/install/local/lib/python3.10/dist-packages/explorer_interfaces/explorer_interfaces_s__rosidl_typesupport_c.cpython-310-x86_64-linux-gnu.so
[3.931s] -- Set runtime path of "/home/huy/nav2_ws/Vaccum-Robot-LDS02RR/install/local/lib/python3.10/dist-packages/explorer_interfaces/explorer_interfaces_s__rosidl_typesupport_c.cpython-310-x86_64-linux-gnu.so" to ""
[3.931s] -- Installing: /home/huy/nav2_ws/Vaccum-Robot-LDS02RR/install/lib/libexplorer_interfaces__rosidl_generator_py.so
[3.931s] -- Set runtime path of "/home/huy/nav2_ws/Vaccum-Robot-LDS02RR/install/lib/libexplorer_interfaces__rosidl_generator_py.so" to ""
[3.932s] -- Up-to-date: /home/huy/nav2_ws/Vaccum-Robot-LDS02RR/install/share/explorer_interfaces/action/Wander.idl
[3.932s] -- Up-to-date: /home/huy/nav2_ws/Vaccum-Robot-LDS02RR/install/share/explorer_interfaces/action/Discover.idl
[3.932s] -- Up-to-date: /home/huy/nav2_ws/Vaccum-Robot-LDS02RR/install/share/explorer_interfaces/action/Wander.action
[3.932s] -- Up-to-date: /home/huy/nav2_ws/Vaccum-Robot-LDS02RR/install/share/explorer_interfaces/action/Discover.action
[3.932s] -- Up-to-date: /home/huy/nav2_ws/Vaccum-Robot-LDS02RR/install/share/ament_index/resource_index/package_run_dependencies/explorer_interfaces
[3.932s] -- Up-to-date: /home/huy/nav2_ws/Vaccum-Robot-LDS02RR/install/share/ament_index/resource_index/parent_prefix_path/explorer_interfaces
[3.932s] -- Up-to-date: /home/huy/nav2_ws/Vaccum-Robot-LDS02RR/install/share/explorer_interfaces/environment/ament_prefix_path.sh
[3.932s] -- Installing: /home/huy/nav2_ws/Vaccum-Robot-LDS02RR/install/share/explorer_interfaces/environment/ament_prefix_path.dsv
[3.932s] -- Up-to-date: /home/huy/nav2_ws/Vaccum-Robot-LDS02RR/install/share/explorer_interfaces/environment/path.sh
[3.932s] -- Installing: /home/huy/nav2_ws/Vaccum-Robot-LDS02RR/install/share/explorer_interfaces/environment/path.dsv
[3.932s] -- Up-to-date: /home/huy/nav2_ws/Vaccum-Robot-LDS02RR/install/share/explorer_interfaces/local_setup.bash
[3.933s] -- Up-to-date: /home/huy/nav2_ws/Vaccum-Robot-LDS02RR/install/share/explorer_interfaces/local_setup.sh
[3.933s] -- Up-to-date: /home/huy/nav2_ws/Vaccum-Robot-LDS02RR/install/share/explorer_interfaces/local_setup.zsh
[3.933s] -- Installing: /home/huy/nav2_ws/Vaccum-Robot-LDS02RR/install/share/explorer_interfaces/local_setup.dsv
[3.933s] -- Installing: /home/huy/nav2_ws/Vaccum-Robot-LDS02RR/install/share/explorer_interfaces/package.dsv
[3.933s] -- Up-to-date: /home/huy/nav2_ws/Vaccum-Robot-LDS02RR/install/share/ament_index/resource_index/packages/explorer_interfaces
[3.933s] -- Up-to-date: /home/huy/nav2_ws/Vaccum-Robot-LDS02RR/install/share/explorer_interfaces/cmake/export_explorer_interfaces__rosidl_generator_cExport.cmake
[3.933s] -- Up-to-date: /home/huy/nav2_ws/Vaccum-Robot-LDS02RR/install/share/explorer_interfaces/cmake/export_explorer_interfaces__rosidl_generator_cExport-noconfig.cmake
[3.933s] -- Up-to-date: /home/huy/nav2_ws/Vaccum-Robot-LDS02RR/install/share/explorer_interfaces/cmake/export_explorer_interfaces__rosidl_typesupport_fastrtps_cExport.cmake
[3.933s] -- Up-to-date: /home/huy/nav2_ws/Vaccum-Robot-LDS02RR/install/share/explorer_interfaces/cmake/export_explorer_interfaces__rosidl_typesupport_fastrtps_cExport-noconfig.cmake
[3.933s] -- Up-to-date: /home/huy/nav2_ws/Vaccum-Robot-LDS02RR/install/share/explorer_interfaces/cmake/explorer_interfaces__rosidl_typesupport_introspection_cExport.cmake
[3.934s] -- Up-to-date: /home/huy/nav2_ws/Vaccum-Robot-LDS02RR/install/share/explorer_interfaces/cmake/explorer_interfaces__rosidl_typesupport_introspection_cExport-noconfig.cmake
[3.934s] -- Up-to-date: /home/huy/nav2_ws/Vaccum-Robot-LDS02RR/install/share/explorer_interfaces/cmake/explorer_interfaces__rosidl_typesupport_cExport.cmake
[3.934s] -- Up-to-date: /home/huy/nav2_ws/Vaccum-Robot-LDS02RR/install/share/explorer_interfaces/cmake/explorer_interfaces__rosidl_typesupport_cExport-noconfig.cmake
[3.934s] -- Up-to-date: /home/huy/nav2_ws/Vaccum-Robot-LDS02RR/install/share/explorer_interfaces/cmake/export_explorer_interfaces__rosidl_generator_cppExport.cmake
[3.934s] -- Up-to-date: /home/huy/nav2_ws/Vaccum-Robot-LDS02RR/install/share/explorer_interfaces/cmake/export_explorer_interfaces__rosidl_typesupport_fastrtps_cppExport.cmake
[3.934s] -- Up-to-date: /home/huy/nav2_ws/Vaccum-Robot-LDS02RR/install/share/explorer_interfaces/cmake/export_explorer_interfaces__rosidl_typesupport_fastrtps_cppExport-noconfig.cmake
[3.934s] -- Up-to-date: /home/huy/nav2_ws/Vaccum-Robot-LDS02RR/install/share/explorer_interfaces/cmake/explorer_interfaces__rosidl_typesupport_introspection_cppExport.cmake
[3.934s] -- Up-to-date: /home/huy/nav2_ws/Vaccum-Robot-LDS02RR/install/share/explorer_interfaces/cmake/explorer_interfaces__rosidl_typesupport_introspection_cppExport-noconfig.cmake
[3.934s] -- Up-to-date: /home/huy/nav2_ws/Vaccum-Robot-LDS02RR/install/share/explorer_interfaces/cmake/explorer_interfaces__rosidl_typesupport_cppExport.cmake
[3.934s] -- Up-to-date: /home/huy/nav2_ws/Vaccum-Robot-LDS02RR/install/share/explorer_interfaces/cmake/explorer_interfaces__rosidl_typesupport_cppExport-noconfig.cmake
[3.935s] -- Up-to-date: /home/huy/nav2_ws/Vaccum-Robot-LDS02RR/install/share/explorer_interfaces/cmake/export_explorer_interfaces__rosidl_generator_pyExport.cmake
[3.935s] -- Up-to-date: /home/huy/nav2_ws/Vaccum-Robot-LDS02RR/install/share/explorer_interfaces/cmake/export_explorer_interfaces__rosidl_generator_pyExport-noconfig.cmake
[3.935s] -- Up-to-date: /home/huy/nav2_ws/Vaccum-Robot-LDS02RR/install/share/explorer_interfaces/cmake/rosidl_cmake-extras.cmake
[3.935s] -- Up-to-date: /home/huy/nav2_ws/Vaccum-Robot-LDS02RR/install/share/explorer_interfaces/cmake/ament_cmake_export_dependencies-extras.cmake
[3.935s] -- Up-to-date: /home/huy/nav2_ws/Vaccum-Robot-LDS02RR/install/share/explorer_interfaces/cmake/ament_cmake_export_include_directories-extras.cmake
[3.935s] -- Up-to-date: /home/huy/nav2_ws/Vaccum-Robot-LDS02RR/install/share/explorer_interfaces/cmake/ament_cmake_export_libraries-extras.cmake
[3.935s] -- Up-to-date: /home/huy/nav2_ws/Vaccum-Robot-LDS02RR/install/share/explorer_interfaces/cmake/ament_cmake_export_targets-extras.cmake
[3.935s] -- Up-to-date: /home/huy/nav2_ws/Vaccum-Robot-LDS02RR/install/share/explorer_interfaces/cmake/rosidl_cmake_export_typesupport_targets-extras.cmake
[3.935s] -- Up-to-date: /home/huy/nav2_ws/Vaccum-Robot-LDS02RR/install/share/explorer_interfaces/cmake/rosidl_cmake_export_typesupport_libraries-extras.cmake
[3.935s] -- Up-to-date: /home/huy/nav2_ws/Vaccum-Robot-LDS02RR/install/share/explorer_interfaces/cmake/explorer_interfacesConfig.cmake
[3.935s] -- Up-to-date: /home/huy/nav2_ws/Vaccum-Robot-LDS02RR/install/share/explorer_interfaces/cmake/explorer_interfacesConfig-version.cmake
[3.935s] -- Up-to-date: /home/huy/nav2_ws/Vaccum-Robot-LDS02RR/install/share/explorer_interfaces/package.xml
[3.940s] Invoked command in '/home/huy/nav2_ws/Vaccum-Robot-LDS02RR/build/explorer_interfaces' returned '0': CMAKE_PREFIX_PATH=/home/huy/mnt/usb_ext4/opt/ros/humble /usr/bin/cmake --install /home/huy/nav2_ws/Vaccum-Robot-LDS02RR/build/explorer_interfaces
