[0.093s] Invoking command in '/home/huy/nav2_ws/Vaccum-Robot-LDS02RR/build/turtlebot3_cartographer': /usr/bin/cmake /home/huy/nav2_ws/Vaccum-Robot-LDS02RR/src/turtlebot3/turtlebot3_cartographer -DRMW_IMPLEMENTATION=rmw_cyclonedds_cpp -DCMAKE_TOOLCHAIN_FILE=/home/huy/nav2_ws/Vaccum-Robot-LDS02RR/toolchain_aarch64.cmake -DCMAKE_INSTALL_PREFIX=/home/huy/nav2_ws/Vaccum-Robot-LDS02RR/install
[0.357s] -- The C compiler identification is GNU 12.2.1
[1.213s] -- The CXX compiler identification is GNU 12.2.1
[1.239s] -- Detecting C compiler ABI info
[1.532s] -- Detecting C compiler ABI info - done
[1.544s] -- Check for working C compiler: /home/huy/mnt/usb_ext4/arm-gnu-toolchain-12.2.rel1-x86_64-aarch64-none-linux-gnu/bin/aarch64-none-linux-gnu-gcc - skipped
[1.546s] -- Detecting C compile features
[1.547s] -- Detecting C compile features - done
[1.552s] -- Detecting CXX compiler ABI info
[1.903s] -- Detecting CXX compiler ABI info - done
[1.915s] -- Check for working CXX compiler: /home/huy/mnt/usb_ext4/arm-gnu-toolchain-12.2.rel1-x86_64-aarch64-none-linux-gnu/bin/aarch64-none-linux-gnu-g++ - skipped
[1.915s] -- Detecting CXX compile features
[1.918s] -- Detecting CXX compile features - done
[1.925s] -- Found ament_cmake: 1.3.11 (/home/huy/mnt/usb_ext4/opt/ros/humble/share/ament_cmake/cmake)
[2.197s] -- Found Python3: /usr/bin/python3 (found version "3.10.12") found components: Interpreter 
[2.477s] -- Configuring done
[2.494s] [33mCMake Warning:
[2.494s]   Manually-specified variables were not used by the project:
[2.494s] 
[2.494s]     RMW_IMPLEMENTATION
[2.494s] 
[2.494s] [0m
[2.495s] -- Generating done
[2.496s] -- Build files have been written to: /home/huy/nav2_ws/Vaccum-Robot-LDS02RR/build/turtlebot3_cartographer
