[0.218s] Invoking command in '/home/huy/nav2_ws/Vaccum-Robot-LDS02RR/build/lds02rr_lidar': CMAKE_PREFIX_PATH=/home/huy/mnt/usb_ext4/opt/ros/humble /usr/bin/cmake /home/huy/nav2_ws/Vaccum-Robot-LDS02RR/src/turtlebot3/lds02rr_lidar -DRMW_IMPLEMENTATION=rmw_cyclonedds_cpp -DCMAKE_TOOLCHAIN_FILE=/home/huy/nav2_ws/Vaccum-Robot-LDS02RR/toolchain_aarch64.cmake -DCMAKE_INSTALL_PREFIX=/home/huy/nav2_ws/Vaccum-Robot-LDS02RR/install
[1.129s] -- The C compiler identification is GNU 12.2.1
[2.038s] -- The CXX compiler identification is GNU 12.2.1
[2.051s] -- Detecting C compiler ABI info
[2.460s] -- Detecting C compiler ABI info - done
[2.489s] -- Check for working C compiler: /home/huy/mnt/usb_ext4/arm-gnu-toolchain-12.2.rel1-x86_64-aarch64-none-linux-gnu/bin/aarch64-none-linux-gnu-gcc - skipped
[2.491s] -- Detecting C compile features
[2.520s] -- Detecting C compile features - done
[2.522s] -- Detecting CXX compiler ABI info
[3.079s] -- Detecting CXX compiler ABI info - done
[3.150s] -- Check for working CXX compiler: /home/huy/mnt/usb_ext4/arm-gnu-toolchain-12.2.rel1-x86_64-aarch64-none-linux-gnu/bin/aarch64-none-linux-gnu-g++ - skipped
[3.151s] -- Detecting CXX compile features
[3.164s] -- Detecting CXX compile features - done
[3.190s] -- Found ament_cmake: 1.3.11 (/home/huy/mnt/usb_ext4/opt/ros/humble/share/ament_cmake/cmake)
[3.886s] -- Found Python3: /usr/bin/python3 (found version "3.10.12") found components: Interpreter 
[4.242s] -- Found rclcpp: 16.0.12 (/home/huy/mnt/usb_ext4/opt/ros/humble/share/rclcpp/cmake)
[4.469s] -- Found rosidl_generator_c: 3.1.6 (/home/huy/mnt/usb_ext4/opt/ros/humble/share/rosidl_generator_c/cmake)
[4.469s] -- Found rosidl_adapter: 3.1.6 (/home/huy/mnt/usb_ext4/opt/ros/humble/share/rosidl_adapter/cmake)
[4.500s] -- Found rosidl_generator_cpp: 3.1.6 (/home/huy/mnt/usb_ext4/opt/ros/humble/share/rosidl_generator_cpp/cmake)
[4.548s] -- Using all available rosidl_typesupport_c: rosidl_typesupport_fastrtps_c;rosidl_typesupport_introspection_c
[4.662s] -- Using all available rosidl_typesupport_cpp: rosidl_typesupport_fastrtps_cpp;rosidl_typesupport_introspection_cpp
[4.785s] -- Found rmw_implementation_cmake: 6.1.2 (/home/huy/mnt/usb_ext4/opt/ros/humble/share/rmw_implementation_cmake/cmake)
[4.787s] -- Found rmw_cyclonedds_cpp: 1.3.4 (/home/huy/mnt/usb_ext4/opt/ros/humble/share/rmw_cyclonedds_cpp/cmake)
[4.846s] -- Using RMW implementation 'rmw_cyclonedds_cpp' as default
[4.859s] -- Looking for pthread.h
[5.200s] -- Looking for pthread.h - found
[5.208s] -- Found Threads: TRUE  
[5.397s] -- Found sensor_msgs: 4.8.0 (/home/huy/mnt/usb_ext4/opt/ros/humble/share/sensor_msgs/cmake)
[5.535s] -- Found Boost: /home/huy/mnt/usb_ext4/usr/lib/aarch64-linux-gnu/cmake/Boost-1.74.0/BoostConfig.cmake (found version "1.74.0") found components: system 
[5.558s] -- Found ament_lint_auto: 0.12.12 (/home/huy/mnt/usb_ext4/opt/ros/humble/share/ament_lint_auto/cmake)
[5.838s] -- Added test 'copyright' to check source files copyright and LICENSE
[5.841s] -- Added test 'cppcheck' to perform static code analysis on C / C++ code
[5.847s] -- Configured cppcheck include dirs: /home/huy/nav2_ws/Vaccum-Robot-LDS02RR/src/turtlebot3/lds02rr_lidar/include
[5.847s] -- Configured cppcheck exclude dirs and/or files: 
[5.850s] -- Added test 'cpplint' to check C / C++ code against the Google style
[5.850s] -- Configured cpplint exclude dirs and/or files: 
[5.861s] -- Added test 'flake8' to check Python code syntax and style conventions
[5.861s] -- Added test 'lint_cmake' to check CMake code style
[5.861s] -- Added test 'pep257' to check Python code against some of the docstring style conventions in PEP 257
[5.870s] -- Added test 'uncrustify' to check C / C++ code style
[5.870s] -- Configured uncrustify additional arguments: 
[5.870s] -- Added test 'xmllint' to check XML markup files
[5.879s] -- Configuring done
[5.927s] -- Generating done
[5.941s] -- Build files have been written to: /home/huy/nav2_ws/Vaccum-Robot-LDS02RR/build/lds02rr_lidar
[6.020s] Invoked command in '/home/huy/nav2_ws/Vaccum-Robot-LDS02RR/build/lds02rr_lidar' returned '0': CMAKE_PREFIX_PATH=/home/huy/mnt/usb_ext4/opt/ros/humble /usr/bin/cmake /home/huy/nav2_ws/Vaccum-Robot-LDS02RR/src/turtlebot3/lds02rr_lidar -DRMW_IMPLEMENTATION=rmw_cyclonedds_cpp -DCMAKE_TOOLCHAIN_FILE=/home/huy/nav2_ws/Vaccum-Robot-LDS02RR/toolchain_aarch64.cmake -DCMAKE_INSTALL_PREFIX=/home/huy/nav2_ws/Vaccum-Robot-LDS02RR/install
[6.021s] Invoking command in '/home/huy/nav2_ws/Vaccum-Robot-LDS02RR/build/lds02rr_lidar': CMAKE_PREFIX_PATH=/home/huy/mnt/usb_ext4/opt/ros/humble /usr/bin/cmake --build /home/huy/nav2_ws/Vaccum-Robot-LDS02RR/build/lds02rr_lidar -- -j4 -l4
[6.253s] [35m[1mConsolidate compiler generated dependencies of target lds02rr_node[0m
[6.365s] [100%] Built target lds02rr_node
[6.438s] Invoked command in '/home/huy/nav2_ws/Vaccum-Robot-LDS02RR/build/lds02rr_lidar' returned '0': CMAKE_PREFIX_PATH=/home/huy/mnt/usb_ext4/opt/ros/humble /usr/bin/cmake --build /home/huy/nav2_ws/Vaccum-Robot-LDS02RR/build/lds02rr_lidar -- -j4 -l4
[6.451s] Invoking command in '/home/huy/nav2_ws/Vaccum-Robot-LDS02RR/build/lds02rr_lidar': CMAKE_PREFIX_PATH=/home/huy/mnt/usb_ext4/opt/ros/humble /usr/bin/cmake --install /home/huy/nav2_ws/Vaccum-Robot-LDS02RR/build/lds02rr_lidar
[6.491s] -- Install configuration: ""
[6.491s] -- Up-to-date: /home/huy/nav2_ws/Vaccum-Robot-LDS02RR/install/share/lds02rr_lidar/launch
[6.511s] -- Up-to-date: /home/huy/nav2_ws/Vaccum-Robot-LDS02RR/install/share/lds02rr_lidar/launch/lds02rr.launch.py
[6.511s] -- Installing: /home/huy/nav2_ws/Vaccum-Robot-LDS02RR/install/lib/lds02rr_lidar/lds02rr_node
[6.517s] -- Set runtime path of "/home/huy/nav2_ws/Vaccum-Robot-LDS02RR/install/lib/lds02rr_lidar/lds02rr_node" to ""
[6.517s] -- Up-to-date: /home/huy/nav2_ws/Vaccum-Robot-LDS02RR/install/share/ament_index/resource_index/package_run_dependencies/lds02rr_lidar
[6.517s] -- Up-to-date: /home/huy/nav2_ws/Vaccum-Robot-LDS02RR/install/share/ament_index/resource_index/parent_prefix_path/lds02rr_lidar
[6.517s] -- Up-to-date: /home/huy/nav2_ws/Vaccum-Robot-LDS02RR/install/share/lds02rr_lidar/environment/ament_prefix_path.sh
[6.517s] -- Installing: /home/huy/nav2_ws/Vaccum-Robot-LDS02RR/install/share/lds02rr_lidar/environment/ament_prefix_path.dsv
[6.518s] -- Up-to-date: /home/huy/nav2_ws/Vaccum-Robot-LDS02RR/install/share/lds02rr_lidar/environment/path.sh
[6.518s] -- Installing: /home/huy/nav2_ws/Vaccum-Robot-LDS02RR/install/share/lds02rr_lidar/environment/path.dsv
[6.518s] -- Up-to-date: /home/huy/nav2_ws/Vaccum-Robot-LDS02RR/install/share/lds02rr_lidar/local_setup.bash
[6.518s] -- Up-to-date: /home/huy/nav2_ws/Vaccum-Robot-LDS02RR/install/share/lds02rr_lidar/local_setup.sh
[6.518s] -- Up-to-date: /home/huy/nav2_ws/Vaccum-Robot-LDS02RR/install/share/lds02rr_lidar/local_setup.zsh
[6.518s] -- Installing: /home/huy/nav2_ws/Vaccum-Robot-LDS02RR/install/share/lds02rr_lidar/local_setup.dsv
[6.519s] -- Installing: /home/huy/nav2_ws/Vaccum-Robot-LDS02RR/install/share/lds02rr_lidar/package.dsv
[6.519s] -- Up-to-date: /home/huy/nav2_ws/Vaccum-Robot-LDS02RR/install/share/ament_index/resource_index/packages/lds02rr_lidar
[6.519s] -- Up-to-date: /home/huy/nav2_ws/Vaccum-Robot-LDS02RR/install/share/lds02rr_lidar/cmake/ament_cmake_export_dependencies-extras.cmake
[6.519s] -- Up-to-date: /home/huy/nav2_ws/Vaccum-Robot-LDS02RR/install/share/lds02rr_lidar/cmake/ament_cmake_export_include_directories-extras.cmake
[6.519s] -- Up-to-date: /home/huy/nav2_ws/Vaccum-Robot-LDS02RR/install/share/lds02rr_lidar/cmake/lds02rr_lidarConfig.cmake
[6.520s] -- Up-to-date: /home/huy/nav2_ws/Vaccum-Robot-LDS02RR/install/share/lds02rr_lidar/cmake/lds02rr_lidarConfig-version.cmake
[6.520s] -- Up-to-date: /home/huy/nav2_ws/Vaccum-Robot-LDS02RR/install/share/lds02rr_lidar/package.xml
[6.545s] Invoked command in '/home/huy/nav2_ws/Vaccum-Robot-LDS02RR/build/lds02rr_lidar' returned '0': CMAKE_PREFIX_PATH=/home/huy/mnt/usb_ext4/opt/ros/humble /usr/bin/cmake --install /home/huy/nav2_ws/Vaccum-Robot-LDS02RR/build/lds02rr_lidar
