[2.817s] Invoking command in '/home/huy/nav2_ws/Vaccum-Robot-LDS02RR/src/turtlebot3/turtlebot3_example': PYTHONPATH=/home/huy/nav2_ws/Vaccum-Robot-LDS02RR/build/turtlebot3_example/prefix_override:/usr/lib/python3/dist-packages/colcon_core/task/python/colcon_distutils_commands:/home/huy/nav2_ws/Vaccum-Robot-LDS02RR/install/lib/python3.10/site-packages: /usr/bin/python3 -W ignore:setup.py install is deprecated -W ignore:easy_install command is deprecated setup.py egg_info --egg-base ../../../build/turtlebot3_example build --build-base /home/huy/nav2_ws/Vaccum-Robot-LDS02RR/build/turtlebot3_example/build install --record /home/huy/nav2_ws/Vaccum-Robot-LDS02RR/build/turtlebot3_example/install.log --single-version-externally-managed install_data
[3.185s] running egg_info
[3.185s] creating ../../../build/turtlebot3_example/turtlebot3_example.egg-info
[3.185s] writing ../../../build/turtlebot3_example/turtlebot3_example.egg-info/PKG-INFO
[3.185s] writing dependency_links to ../../../build/turtlebot3_example/turtlebot3_example.egg-info/dependency_links.txt
[3.185s] writing entry points to ../../../build/turtlebot3_example/turtlebot3_example.egg-info/entry_points.txt
[3.185s] writing requirements to ../../../build/turtlebot3_example/turtlebot3_example.egg-info/requires.txt
[3.185s] writing top-level names to ../../../build/turtlebot3_example/turtlebot3_example.egg-info/top_level.txt
[3.185s] writing manifest file '../../../build/turtlebot3_example/turtlebot3_example.egg-info/SOURCES.txt'
[3.185s] reading manifest file '../../../build/turtlebot3_example/turtlebot3_example.egg-info/SOURCES.txt'
[3.185s] writing manifest file '../../../build/turtlebot3_example/turtlebot3_example.egg-info/SOURCES.txt'
[3.186s] running build
[3.186s] running build_py
[3.186s] creating /home/huy/nav2_ws/Vaccum-Robot-LDS02RR/build/turtlebot3_example/build
[3.186s] creating /home/huy/nav2_ws/Vaccum-Robot-LDS02RR/build/turtlebot3_example/build/lib
[3.186s] creating /home/huy/nav2_ws/Vaccum-Robot-LDS02RR/build/turtlebot3_example/build/lib/turtlebot3_example
[3.186s] copying turtlebot3_example/__init__.py -> /home/huy/nav2_ws/Vaccum-Robot-LDS02RR/build/turtlebot3_example/build/lib/turtlebot3_example
[3.186s] creating /home/huy/nav2_ws/Vaccum-Robot-LDS02RR/build/turtlebot3_example/build/lib/turtlebot3_example/turtlebot3_patrol
[3.186s] copying turtlebot3_example/turtlebot3_patrol/turtlebot3_patrol_server.py -> /home/huy/nav2_ws/Vaccum-Robot-LDS02RR/build/turtlebot3_example/build/lib/turtlebot3_example/turtlebot3_patrol
[3.186s] copying turtlebot3_example/turtlebot3_patrol/__init__.py -> /home/huy/nav2_ws/Vaccum-Robot-LDS02RR/build/turtlebot3_example/build/lib/turtlebot3_example/turtlebot3_patrol
[3.187s] copying turtlebot3_example/turtlebot3_patrol/turtlebot3_patrol_client.py -> /home/huy/nav2_ws/Vaccum-Robot-LDS02RR/build/turtlebot3_example/build/lib/turtlebot3_example/turtlebot3_patrol
[3.187s] creating /home/huy/nav2_ws/Vaccum-Robot-LDS02RR/build/turtlebot3_example/build/lib/turtlebot3_example/turtlebot3_interactive_marker
[3.187s] copying turtlebot3_example/turtlebot3_interactive_marker/turtlebot3_interactive_marker.py -> /home/huy/nav2_ws/Vaccum-Robot-LDS02RR/build/turtlebot3_example/build/lib/turtlebot3_example/turtlebot3_interactive_marker
[3.187s] copying turtlebot3_example/turtlebot3_interactive_marker/__init__.py -> /home/huy/nav2_ws/Vaccum-Robot-LDS02RR/build/turtlebot3_example/build/lib/turtlebot3_example/turtlebot3_interactive_marker
[3.187s] creating /home/huy/nav2_ws/Vaccum-Robot-LDS02RR/build/turtlebot3_example/build/lib/turtlebot3_example/turtlebot3_absolute_move
[3.187s] copying turtlebot3_example/turtlebot3_absolute_move/__init__.py -> /home/huy/nav2_ws/Vaccum-Robot-LDS02RR/build/turtlebot3_example/build/lib/turtlebot3_example/turtlebot3_absolute_move
[3.187s] copying turtlebot3_example/turtlebot3_absolute_move/turtlebot3_absolute_move.py -> /home/huy/nav2_ws/Vaccum-Robot-LDS02RR/build/turtlebot3_example/build/lib/turtlebot3_example/turtlebot3_absolute_move
[3.187s] creating /home/huy/nav2_ws/Vaccum-Robot-LDS02RR/build/turtlebot3_example/build/lib/turtlebot3_example/turtlebot3_relative_move
[3.187s] copying turtlebot3_example/turtlebot3_relative_move/turtlebot3_relative_move.py -> /home/huy/nav2_ws/Vaccum-Robot-LDS02RR/build/turtlebot3_example/build/lib/turtlebot3_example/turtlebot3_relative_move
[3.187s] copying turtlebot3_example/turtlebot3_relative_move/__init__.py -> /home/huy/nav2_ws/Vaccum-Robot-LDS02RR/build/turtlebot3_example/build/lib/turtlebot3_example/turtlebot3_relative_move
[3.187s] creating /home/huy/nav2_ws/Vaccum-Robot-LDS02RR/build/turtlebot3_example/build/lib/turtlebot3_example/turtlebot3_obstacle_detection
[3.191s] copying turtlebot3_example/turtlebot3_obstacle_detection/turtlebot3_obstacle_detection.py -> /home/huy/nav2_ws/Vaccum-Robot-LDS02RR/build/turtlebot3_example/build/lib/turtlebot3_example/turtlebot3_obstacle_detection
[3.191s] copying turtlebot3_example/turtlebot3_obstacle_detection/__init__.py -> /home/huy/nav2_ws/Vaccum-Robot-LDS02RR/build/turtlebot3_example/build/lib/turtlebot3_example/turtlebot3_obstacle_detection
[3.191s] running install
[3.191s] running install_lib
[3.191s] creating /home/huy/nav2_ws/Vaccum-Robot-LDS02RR/install/lib/python3.10/site-packages/turtlebot3_example
[3.191s] creating /home/huy/nav2_ws/Vaccum-Robot-LDS02RR/install/lib/python3.10/site-packages/turtlebot3_example/turtlebot3_patrol
[3.191s] copying /home/huy/nav2_ws/Vaccum-Robot-LDS02RR/build/turtlebot3_example/build/lib/turtlebot3_example/turtlebot3_patrol/turtlebot3_patrol_server.py -> /home/huy/nav2_ws/Vaccum-Robot-LDS02RR/install/lib/python3.10/site-packages/turtlebot3_example/turtlebot3_patrol
[3.193s] copying /home/huy/nav2_ws/Vaccum-Robot-LDS02RR/build/turtlebot3_example/build/lib/turtlebot3_example/turtlebot3_patrol/__init__.py -> /home/huy/nav2_ws/Vaccum-Robot-LDS02RR/install/lib/python3.10/site-packages/turtlebot3_example/turtlebot3_patrol
[3.193s] copying /home/huy/nav2_ws/Vaccum-Robot-LDS02RR/build/turtlebot3_example/build/lib/turtlebot3_example/turtlebot3_patrol/turtlebot3_patrol_client.py -> /home/huy/nav2_ws/Vaccum-Robot-LDS02RR/install/lib/python3.10/site-packages/turtlebot3_example/turtlebot3_patrol
[3.193s] creating /home/huy/nav2_ws/Vaccum-Robot-LDS02RR/install/lib/python3.10/site-packages/turtlebot3_example/turtlebot3_interactive_marker
[3.193s] copying /home/huy/nav2_ws/Vaccum-Robot-LDS02RR/build/turtlebot3_example/build/lib/turtlebot3_example/turtlebot3_interactive_marker/turtlebot3_interactive_marker.py -> /home/huy/nav2_ws/Vaccum-Robot-LDS02RR/install/lib/python3.10/site-packages/turtlebot3_example/turtlebot3_interactive_marker
[3.193s] copying /home/huy/nav2_ws/Vaccum-Robot-LDS02RR/build/turtlebot3_example/build/lib/turtlebot3_example/turtlebot3_interactive_marker/__init__.py -> /home/huy/nav2_ws/Vaccum-Robot-LDS02RR/install/lib/python3.10/site-packages/turtlebot3_example/turtlebot3_interactive_marker
[3.193s] copying /home/huy/nav2_ws/Vaccum-Robot-LDS02RR/build/turtlebot3_example/build/lib/turtlebot3_example/__init__.py -> /home/huy/nav2_ws/Vaccum-Robot-LDS02RR/install/lib/python3.10/site-packages/turtlebot3_example
[3.193s] creating /home/huy/nav2_ws/Vaccum-Robot-LDS02RR/install/lib/python3.10/site-packages/turtlebot3_example/turtlebot3_absolute_move
[3.193s] copying /home/huy/nav2_ws/Vaccum-Robot-LDS02RR/build/turtlebot3_example/build/lib/turtlebot3_example/turtlebot3_absolute_move/__init__.py -> /home/huy/nav2_ws/Vaccum-Robot-LDS02RR/install/lib/python3.10/site-packages/turtlebot3_example/turtlebot3_absolute_move
[3.193s] copying /home/huy/nav2_ws/Vaccum-Robot-LDS02RR/build/turtlebot3_example/build/lib/turtlebot3_example/turtlebot3_absolute_move/turtlebot3_absolute_move.py -> /home/huy/nav2_ws/Vaccum-Robot-LDS02RR/install/lib/python3.10/site-packages/turtlebot3_example/turtlebot3_absolute_move
[3.193s] creating /home/huy/nav2_ws/Vaccum-Robot-LDS02RR/install/lib/python3.10/site-packages/turtlebot3_example/turtlebot3_relative_move
[3.194s] copying /home/huy/nav2_ws/Vaccum-Robot-LDS02RR/build/turtlebot3_example/build/lib/turtlebot3_example/turtlebot3_relative_move/turtlebot3_relative_move.py -> /home/huy/nav2_ws/Vaccum-Robot-LDS02RR/install/lib/python3.10/site-packages/turtlebot3_example/turtlebot3_relative_move
[3.194s] copying /home/huy/nav2_ws/Vaccum-Robot-LDS02RR/build/turtlebot3_example/build/lib/turtlebot3_example/turtlebot3_relative_move/__init__.py -> /home/huy/nav2_ws/Vaccum-Robot-LDS02RR/install/lib/python3.10/site-packages/turtlebot3_example/turtlebot3_relative_move
[3.194s] creating /home/huy/nav2_ws/Vaccum-Robot-LDS02RR/install/lib/python3.10/site-packages/turtlebot3_example/turtlebot3_obstacle_detection
[3.194s] copying /home/huy/nav2_ws/Vaccum-Robot-LDS02RR/build/turtlebot3_example/build/lib/turtlebot3_example/turtlebot3_obstacle_detection/turtlebot3_obstacle_detection.py -> /home/huy/nav2_ws/Vaccum-Robot-LDS02RR/install/lib/python3.10/site-packages/turtlebot3_example/turtlebot3_obstacle_detection
[3.195s] copying /home/huy/nav2_ws/Vaccum-Robot-LDS02RR/build/turtlebot3_example/build/lib/turtlebot3_example/turtlebot3_obstacle_detection/__init__.py -> /home/huy/nav2_ws/Vaccum-Robot-LDS02RR/install/lib/python3.10/site-packages/turtlebot3_example/turtlebot3_obstacle_detection
[3.195s] byte-compiling /home/huy/nav2_ws/Vaccum-Robot-LDS02RR/install/lib/python3.10/site-packages/turtlebot3_example/turtlebot3_patrol/turtlebot3_patrol_server.py to turtlebot3_patrol_server.cpython-310.pyc
[3.195s] byte-compiling /home/huy/nav2_ws/Vaccum-Robot-LDS02RR/install/lib/python3.10/site-packages/turtlebot3_example/turtlebot3_patrol/__init__.py to __init__.cpython-310.pyc
[3.195s] byte-compiling /home/huy/nav2_ws/Vaccum-Robot-LDS02RR/install/lib/python3.10/site-packages/turtlebot3_example/turtlebot3_patrol/turtlebot3_patrol_client.py to turtlebot3_patrol_client.cpython-310.pyc
[3.195s] byte-compiling /home/huy/nav2_ws/Vaccum-Robot-LDS02RR/install/lib/python3.10/site-packages/turtlebot3_example/turtlebot3_interactive_marker/turtlebot3_interactive_marker.py to turtlebot3_interactive_marker.cpython-310.pyc
[3.195s] byte-compiling /home/huy/nav2_ws/Vaccum-Robot-LDS02RR/install/lib/python3.10/site-packages/turtlebot3_example/turtlebot3_interactive_marker/__init__.py to __init__.cpython-310.pyc
[3.195s] byte-compiling /home/huy/nav2_ws/Vaccum-Robot-LDS02RR/install/lib/python3.10/site-packages/turtlebot3_example/__init__.py to __init__.cpython-310.pyc
[3.195s] byte-compiling /home/huy/nav2_ws/Vaccum-Robot-LDS02RR/install/lib/python3.10/site-packages/turtlebot3_example/turtlebot3_absolute_move/__init__.py to __init__.cpython-310.pyc
[3.196s] byte-compiling /home/huy/nav2_ws/Vaccum-Robot-LDS02RR/install/lib/python3.10/site-packages/turtlebot3_example/turtlebot3_absolute_move/turtlebot3_absolute_move.py to turtlebot3_absolute_move.cpython-310.pyc
[3.200s] byte-compiling /home/huy/nav2_ws/Vaccum-Robot-LDS02RR/install/lib/python3.10/site-packages/turtlebot3_example/turtlebot3_relative_move/turtlebot3_relative_move.py to turtlebot3_relative_move.cpython-310.pyc
[3.200s] byte-compiling /home/huy/nav2_ws/Vaccum-Robot-LDS02RR/install/lib/python3.10/site-packages/turtlebot3_example/turtlebot3_relative_move/__init__.py to __init__.cpython-310.pyc
[3.201s] byte-compiling /home/huy/nav2_ws/Vaccum-Robot-LDS02RR/install/lib/python3.10/site-packages/turtlebot3_example/turtlebot3_obstacle_detection/turtlebot3_obstacle_detection.py to turtlebot3_obstacle_detection.cpython-310.pyc
[3.202s] byte-compiling /home/huy/nav2_ws/Vaccum-Robot-LDS02RR/install/lib/python3.10/site-packages/turtlebot3_example/turtlebot3_obstacle_detection/__init__.py to __init__.cpython-310.pyc
[3.202s] running install_data
[3.202s] creating /home/huy/nav2_ws/Vaccum-Robot-LDS02RR/install/share/ament_index
[3.202s] creating /home/huy/nav2_ws/Vaccum-Robot-LDS02RR/install/share/ament_index/resource_index
[3.205s] creating /home/huy/nav2_ws/Vaccum-Robot-LDS02RR/install/share/ament_index/resource_index/packages
[3.213s] copying resource/turtlebot3_example -> /home/huy/nav2_ws/Vaccum-Robot-LDS02RR/install/share/ament_index/resource_index/packages
[3.214s] copying package.xml -> /home/huy/nav2_ws/Vaccum-Robot-LDS02RR/install/share/turtlebot3_example
[3.214s] running install_egg_info
[3.214s] Copying ../../../build/turtlebot3_example/turtlebot3_example.egg-info to /home/huy/nav2_ws/Vaccum-Robot-LDS02RR/install/lib/python3.10/site-packages/turtlebot3_example-2.2.9-py3.10.egg-info
[3.218s] running install_scripts
[3.253s] Installing turtlebot3_absolute_move script to /home/huy/nav2_ws/Vaccum-Robot-LDS02RR/install/lib/turtlebot3_example
[3.253s] Installing turtlebot3_interactive_marker script to /home/huy/nav2_ws/Vaccum-Robot-LDS02RR/install/lib/turtlebot3_example
[3.253s] Installing turtlebot3_obstacle_detection script to /home/huy/nav2_ws/Vaccum-Robot-LDS02RR/install/lib/turtlebot3_example
[3.253s] Installing turtlebot3_patrol_client script to /home/huy/nav2_ws/Vaccum-Robot-LDS02RR/install/lib/turtlebot3_example
[3.254s] Installing turtlebot3_patrol_server script to /home/huy/nav2_ws/Vaccum-Robot-LDS02RR/install/lib/turtlebot3_example
[3.254s] Installing turtlebot3_relative_move script to /home/huy/nav2_ws/Vaccum-Robot-LDS02RR/install/lib/turtlebot3_example
[3.254s] writing list of installed files to '/home/huy/nav2_ws/Vaccum-Robot-LDS02RR/build/turtlebot3_example/install.log'
[3.362s] Invoked command in '/home/huy/nav2_ws/Vaccum-Robot-LDS02RR/src/turtlebot3/turtlebot3_example' returned '0': PYTHONPATH=/home/huy/nav2_ws/Vaccum-Robot-LDS02RR/build/turtlebot3_example/prefix_override:/usr/lib/python3/dist-packages/colcon_core/task/python/colcon_distutils_commands:/home/huy/nav2_ws/Vaccum-Robot-LDS02RR/install/lib/python3.10/site-packages: /usr/bin/python3 -W ignore:setup.py install is deprecated -W ignore:easy_install command is deprecated setup.py egg_info --egg-base ../../../build/turtlebot3_example build --build-base /home/huy/nav2_ws/Vaccum-Robot-LDS02RR/build/turtlebot3_example/build install --record /home/huy/nav2_ws/Vaccum-Robot-LDS02RR/build/turtlebot3_example/install.log --single-version-externally-managed install_data
