[1.475s] Invoking command in '/home/huy/nav2_ws/Vaccum-Robot-LDS02RR/src/turtlebot3/turtlebot3_example': PYTHONPATH=/home/huy/nav2_ws/Vaccum-Robot-LDS02RR/build/turtlebot3_example/prefix_override:/usr/lib/python3/dist-packages/colcon_core/task/python/colcon_distutils_commands:/home/huy/nav2_ws/Vaccum-Robot-LDS02RR/install/lib/python3.10/site-packages:${PYTHONPATH} /usr/bin/python3 -W ignore:setup.py install is deprecated -W ignore:easy_install command is deprecated setup.py egg_info --egg-base ../../../build/turtlebot3_example build --build-base /home/huy/nav2_ws/Vaccum-Robot-LDS02RR/build/turtlebot3_example/build install --record /home/huy/nav2_ws/Vaccum-Robot-LDS02RR/build/turtlebot3_example/install.log --single-version-externally-managed install_data
[2.014s] running egg_info
[2.015s] writing ../../../build/turtlebot3_example/turtlebot3_example.egg-info/PKG-INFO
[2.015s] writing dependency_links to ../../../build/turtlebot3_example/turtlebot3_example.egg-info/dependency_links.txt
[2.016s] writing entry points to ../../../build/turtlebot3_example/turtlebot3_example.egg-info/entry_points.txt
[2.017s] writing requirements to ../../../build/turtlebot3_example/turtlebot3_example.egg-info/requires.txt
[2.017s] writing top-level names to ../../../build/turtlebot3_example/turtlebot3_example.egg-info/top_level.txt
[2.024s] reading manifest file '../../../build/turtlebot3_example/turtlebot3_example.egg-info/SOURCES.txt'
[2.026s] writing manifest file '../../../build/turtlebot3_example/turtlebot3_example.egg-info/SOURCES.txt'
[2.031s] running build
[2.031s] running build_py
[2.032s] running install
[2.033s] running install_lib
[2.035s] running install_data
[2.036s] running install_egg_info
[2.041s] removing '/home/huy/nav2_ws/Vaccum-Robot-LDS02RR/install/lib/python3.10/site-packages/turtlebot3_example-2.2.9-py3.10.egg-info' (and everything under it)
[2.041s] Copying ../../../build/turtlebot3_example/turtlebot3_example.egg-info to /home/huy/nav2_ws/Vaccum-Robot-LDS02RR/install/lib/python3.10/site-packages/turtlebot3_example-2.2.9-py3.10.egg-info
[2.045s] running install_scripts
[2.091s] Installing turtlebot3_absolute_move script to /home/huy/nav2_ws/Vaccum-Robot-LDS02RR/install/lib/turtlebot3_example
[2.092s] Installing turtlebot3_interactive_marker script to /home/huy/nav2_ws/Vaccum-Robot-LDS02RR/install/lib/turtlebot3_example
[2.093s] Installing turtlebot3_obstacle_detection script to /home/huy/nav2_ws/Vaccum-Robot-LDS02RR/install/lib/turtlebot3_example
[2.095s] Installing turtlebot3_patrol_client script to /home/huy/nav2_ws/Vaccum-Robot-LDS02RR/install/lib/turtlebot3_example
[2.096s] Installing turtlebot3_patrol_server script to /home/huy/nav2_ws/Vaccum-Robot-LDS02RR/install/lib/turtlebot3_example
[2.096s] Installing turtlebot3_relative_move script to /home/huy/nav2_ws/Vaccum-Robot-LDS02RR/install/lib/turtlebot3_example
[2.097s] writing list of installed files to '/home/huy/nav2_ws/Vaccum-Robot-LDS02RR/build/turtlebot3_example/install.log'
[2.476s] Invoked command in '/home/huy/nav2_ws/Vaccum-Robot-LDS02RR/src/turtlebot3/turtlebot3_example' returned '0': PYTHONPATH=/home/huy/nav2_ws/Vaccum-Robot-LDS02RR/build/turtlebot3_example/prefix_override:/usr/lib/python3/dist-packages/colcon_core/task/python/colcon_distutils_commands:/home/huy/nav2_ws/Vaccum-Robot-LDS02RR/install/lib/python3.10/site-packages:${PYTHONPATH} /usr/bin/python3 -W ignore:setup.py install is deprecated -W ignore:easy_install command is deprecated setup.py egg_info --egg-base ../../../build/turtlebot3_example build --build-base /home/huy/nav2_ws/Vaccum-Robot-LDS02RR/build/turtlebot3_example/build install --record /home/huy/nav2_ws/Vaccum-Robot-LDS02RR/build/turtlebot3_example/install.log --single-version-externally-managed install_data
