[0.019s] Invoking command in '/home/huy/nav2_ws/Vaccum-Robot-LDS02RR/build/wall_follower_ros2': CMAKE_PREFIX_PATH=/home/huy/mnt/usb_ext4/opt/ros/humble /usr/bin/cmake /home/huy/nav2_ws/Vaccum-Robot-LDS02RR/src/wall_follower_ros2 -DRMW_IMPLEMENTATION=rmw_cyclonedds_cpp -DCMAKE_TOOLCHAIN_FILE=/home/huy/nav2_ws/Vaccum-Robot-LDS02RR/toolchain_aarch64.cmake -DCMAKE_INSTALL_PREFIX=/home/huy/nav2_ws/Vaccum-Robot-LDS02RR/install
[0.187s] -- The C compiler identification is GNU 12.2.1
[0.378s] -- The CXX compiler identification is GNU 12.2.1
[0.400s] -- Detecting C compiler ABI info
[0.553s] -- Detecting C compiler ABI info - done
[0.564s] -- Check for working C compiler: /home/huy/mnt/usb_ext4/arm-gnu-toolchain-12.2.rel1-x86_64-aarch64-none-linux-gnu/bin/aarch64-none-linux-gnu-gcc - skipped
[0.564s] -- Detecting C compile features
[0.565s] -- Detecting C compile features - done
[0.568s] -- Detecting CXX compiler ABI info
[0.771s] -- Detecting CXX compiler ABI info - done
[0.785s] -- Check for working CXX compiler: /home/huy/mnt/usb_ext4/arm-gnu-toolchain-12.2.rel1-x86_64-aarch64-none-linux-gnu/bin/aarch64-none-linux-gnu-g++ - skipped
[0.785s] -- Detecting CXX compile features
[0.786s] -- Detecting CXX compile features - done
[0.789s] -- Found ament_cmake: 1.3.11 (/home/huy/mnt/usb_ext4/opt/ros/humble/share/ament_cmake/cmake)
[0.963s] -- Found Python3: /usr/bin/python3 (found version "3.10.12") found components: Interpreter 
[1.088s] -- Found rclcpp: 16.0.12 (/home/huy/mnt/usb_ext4/opt/ros/humble/share/rclcpp/cmake)
[1.130s] -- Found rosidl_generator_c: 3.1.6 (/home/huy/mnt/usb_ext4/opt/ros/humble/share/rosidl_generator_c/cmake)
[1.143s] -- Found rosidl_adapter: 3.1.6 (/home/huy/mnt/usb_ext4/opt/ros/humble/share/rosidl_adapter/cmake)
[1.153s] -- Found rosidl_generator_cpp: 3.1.6 (/home/huy/mnt/usb_ext4/opt/ros/humble/share/rosidl_generator_cpp/cmake)
[1.168s] -- Using all available rosidl_typesupport_c: rosidl_typesupport_fastrtps_c;rosidl_typesupport_introspection_c
[1.185s] -- Using all available rosidl_typesupport_cpp: rosidl_typesupport_fastrtps_cpp;rosidl_typesupport_introspection_cpp
[1.233s] -- Found rmw_implementation_cmake: 6.1.2 (/home/huy/mnt/usb_ext4/opt/ros/humble/share/rmw_implementation_cmake/cmake)
[1.236s] -- Found rmw_cyclonedds_cpp: 1.3.4 (/home/huy/mnt/usb_ext4/opt/ros/humble/share/rmw_cyclonedds_cpp/cmake)
[1.265s] -- Using RMW implementation 'rmw_cyclonedds_cpp' as default
[1.271s] -- Looking for pthread.h
[1.405s] -- Looking for pthread.h - found
[1.405s] -- Found Threads: TRUE  
[1.475s] -- Found geometry_msgs: 4.8.0 (/home/huy/mnt/usb_ext4/opt/ros/humble/share/geometry_msgs/cmake)
[1.490s] -- Found sensor_msgs: 4.8.0 (/home/huy/mnt/usb_ext4/opt/ros/humble/share/sensor_msgs/cmake)
[1.513s] -- Found ament_lint_auto: 0.12.12 (/home/huy/mnt/usb_ext4/opt/ros/humble/share/ament_lint_auto/cmake)
[1.623s] -- Added test 'copyright' to check source files copyright and LICENSE
[1.628s] -- Added test 'cppcheck' to perform static code analysis on C / C++ code
[1.629s] -- Configured cppcheck include dirs: 
[1.629s] -- Configured cppcheck exclude dirs and/or files: 
[1.633s] -- Added test 'cpplint' to check C / C++ code against the Google style
[1.633s] -- Configured cpplint exclude dirs and/or files: 
[1.633s] -- Added test 'flake8' to check Python code syntax and style conventions
[1.637s] -- Added test 'lint_cmake' to check CMake code style
[1.640s] -- Added test 'pep257' to check Python code against some of the docstring style conventions in PEP 257
[1.646s] -- Added test 'uncrustify' to check C / C++ code style
[1.647s] -- Configured uncrustify additional arguments: 
[1.648s] -- Added test 'xmllint' to check XML markup files
[1.649s] -- Configuring done
[1.666s] -- Generating done
[1.673s] -- Build files have been written to: /home/huy/nav2_ws/Vaccum-Robot-LDS02RR/build/wall_follower_ros2
[1.687s] Invoked command in '/home/huy/nav2_ws/Vaccum-Robot-LDS02RR/build/wall_follower_ros2' returned '0': CMAKE_PREFIX_PATH=/home/huy/mnt/usb_ext4/opt/ros/humble /usr/bin/cmake /home/huy/nav2_ws/Vaccum-Robot-LDS02RR/src/wall_follower_ros2 -DRMW_IMPLEMENTATION=rmw_cyclonedds_cpp -DCMAKE_TOOLCHAIN_FILE=/home/huy/nav2_ws/Vaccum-Robot-LDS02RR/toolchain_aarch64.cmake -DCMAKE_INSTALL_PREFIX=/home/huy/nav2_ws/Vaccum-Robot-LDS02RR/install
[1.689s] Invoking command in '/home/huy/nav2_ws/Vaccum-Robot-LDS02RR/build/wall_follower_ros2': CMAKE_PREFIX_PATH=/home/huy/mnt/usb_ext4/opt/ros/humble /usr/bin/cmake --build /home/huy/nav2_ws/Vaccum-Robot-LDS02RR/build/wall_follower_ros2 -- -j4 -l4
[1.754s] [35m[1mConsolidate compiler generated dependencies of target wall_follower_ros2[0m
[1.783s] [100%] Built target wall_follower_ros2
[1.799s] Invoked command in '/home/huy/nav2_ws/Vaccum-Robot-LDS02RR/build/wall_follower_ros2' returned '0': CMAKE_PREFIX_PATH=/home/huy/mnt/usb_ext4/opt/ros/humble /usr/bin/cmake --build /home/huy/nav2_ws/Vaccum-Robot-LDS02RR/build/wall_follower_ros2 -- -j4 -l4
[1.800s] Invoking command in '/home/huy/nav2_ws/Vaccum-Robot-LDS02RR/build/wall_follower_ros2': CMAKE_PREFIX_PATH=/home/huy/mnt/usb_ext4/opt/ros/humble /usr/bin/cmake --install /home/huy/nav2_ws/Vaccum-Robot-LDS02RR/build/wall_follower_ros2
[1.809s] -- Install configuration: ""
[1.813s] -- Installing: /home/huy/nav2_ws/Vaccum-Robot-LDS02RR/install/lib/wall_follower_ros2/wall_follower_ros2
[1.819s] -- Set runtime path of "/home/huy/nav2_ws/Vaccum-Robot-LDS02RR/install/lib/wall_follower_ros2/wall_follower_ros2" to ""
[1.820s] -- Up-to-date: /home/huy/nav2_ws/Vaccum-Robot-LDS02RR/install/share/wall_follower_ros2//launch
[1.820s] -- Up-to-date: /home/huy/nav2_ws/Vaccum-Robot-LDS02RR/install/share/wall_follower_ros2//launch/empty_simulation.launch.py
[1.820s] -- Up-to-date: /home/huy/nav2_ws/Vaccum-Robot-LDS02RR/install/share/wall_follower_ros2//launch/wall_follower_ros2.launch.xml
[1.820s] -- Up-to-date: /home/huy/nav2_ws/Vaccum-Robot-LDS02RR/install/share/ament_index/resource_index/package_run_dependencies/wall_follower_ros2
[1.820s] -- Up-to-date: /home/huy/nav2_ws/Vaccum-Robot-LDS02RR/install/share/ament_index/resource_index/parent_prefix_path/wall_follower_ros2
[1.820s] -- Up-to-date: /home/huy/nav2_ws/Vaccum-Robot-LDS02RR/install/share/wall_follower_ros2/environment/ament_prefix_path.sh
[1.820s] -- Installing: /home/huy/nav2_ws/Vaccum-Robot-LDS02RR/install/share/wall_follower_ros2/environment/ament_prefix_path.dsv
[1.820s] -- Up-to-date: /home/huy/nav2_ws/Vaccum-Robot-LDS02RR/install/share/wall_follower_ros2/environment/path.sh
[1.821s] -- Installing: /home/huy/nav2_ws/Vaccum-Robot-LDS02RR/install/share/wall_follower_ros2/environment/path.dsv
[1.821s] -- Up-to-date: /home/huy/nav2_ws/Vaccum-Robot-LDS02RR/install/share/wall_follower_ros2/local_setup.bash
[1.821s] -- Up-to-date: /home/huy/nav2_ws/Vaccum-Robot-LDS02RR/install/share/wall_follower_ros2/local_setup.sh
[1.821s] -- Up-to-date: /home/huy/nav2_ws/Vaccum-Robot-LDS02RR/install/share/wall_follower_ros2/local_setup.zsh
[1.821s] -- Installing: /home/huy/nav2_ws/Vaccum-Robot-LDS02RR/install/share/wall_follower_ros2/local_setup.dsv
[1.821s] -- Installing: /home/huy/nav2_ws/Vaccum-Robot-LDS02RR/install/share/wall_follower_ros2/package.dsv
[1.821s] -- Up-to-date: /home/huy/nav2_ws/Vaccum-Robot-LDS02RR/install/share/ament_index/resource_index/packages/wall_follower_ros2
[1.821s] -- Up-to-date: /home/huy/nav2_ws/Vaccum-Robot-LDS02RR/install/share/wall_follower_ros2/cmake/wall_follower_ros2Config.cmake
[1.821s] -- Up-to-date: /home/huy/nav2_ws/Vaccum-Robot-LDS02RR/install/share/wall_follower_ros2/cmake/wall_follower_ros2Config-version.cmake
[1.821s] -- Up-to-date: /home/huy/nav2_ws/Vaccum-Robot-LDS02RR/install/share/wall_follower_ros2/package.xml
[1.826s] Invoked command in '/home/huy/nav2_ws/Vaccum-Robot-LDS02RR/build/wall_follower_ros2' returned '0': CMAKE_PREFIX_PATH=/home/huy/mnt/usb_ext4/opt/ros/humble /usr/bin/cmake --install /home/huy/nav2_ws/Vaccum-Robot-LDS02RR/build/wall_follower_ros2
