running egg_info
writing ../../../build/explorer_bringup/explorer_bringup.egg-info/PKG-INFO
writing dependency_links to ../../../build/explorer_bringup/explorer_bringup.egg-info/dependency_links.txt
writing entry points to ../../../build/explorer_bringup/explorer_bringup.egg-info/entry_points.txt
writing requirements to ../../../build/explorer_bringup/explorer_bringup.egg-info/requires.txt
writing top-level names to ../../../build/explorer_bringup/explorer_bringup.egg-info/top_level.txt
reading manifest file '../../../build/explorer_bringup/explorer_bringup.egg-info/SOURCES.txt'
writing manifest file '../../../build/explorer_bringup/explorer_bringup.egg-info/SOURCES.txt'
running build
running build_py
copying explorer_bringup/manager.py -> /home/huy/nav2_ws/Vaccum-Robot-LDS02RR/build/explorer_bringup/build/lib/explorer_bringup
running install
running install_lib
copying /home/huy/nav2_ws/Vaccum-Robot-LDS02RR/build/explorer_bringup/build/lib/explorer_bringup/manager.py -> /home/huy/nav2_ws/Vaccum-Robot-LDS02RR/install/lib/python3.10/site-packages/explorer_bringup
byte-compiling /home/huy/nav2_ws/Vaccum-Robot-LDS02RR/install/lib/python3.10/site-packages/explorer_bringup/manager.py to manager.cpython-310.pyc
running install_data
copying package.xml -> /home/huy/nav2_ws/Vaccum-Robot-LDS02RR/install/share/explorer_bringup
running install_egg_info
removing '/home/huy/nav2_ws/Vaccum-Robot-LDS02RR/install/lib/python3.10/site-packages/explorer_bringup-0.0.0-py3.10.egg-info' (and everything under it)
Copying ../../../build/explorer_bringup/explorer_bringup.egg-info to /home/huy/nav2_ws/Vaccum-Robot-LDS02RR/install/lib/python3.10/site-packages/explorer_bringup-0.0.0-py3.10.egg-info
running install_scripts
Installing manager script to /home/huy/nav2_ws/Vaccum-Robot-LDS02RR/install/lib/explorer_bringup
writing list of installed files to '/home/huy/nav2_ws/Vaccum-Robot-LDS02RR/build/explorer_bringup/install.log'
