running egg_info
creating ../../../build/explorer_bringup/explorer_bringup.egg-info
writing ../../../build/explorer_bringup/explorer_bringup.egg-info/PKG-INFO
writing dependency_links to ../../../build/explorer_bringup/explorer_bringup.egg-info/dependency_links.txt
writing entry points to ../../../build/explorer_bringup/explorer_bringup.egg-info/entry_points.txt
writing requirements to ../../../build/explorer_bringup/explorer_bringup.egg-info/requires.txt
writing top-level names to ../../../build/explorer_bringup/explorer_bringup.egg-info/top_level.txt
writing manifest file '../../../build/explorer_bringup/explorer_bringup.egg-info/SOURCES.txt'
reading manifest file '../../../build/explorer_bringup/explorer_bringup.egg-info/SOURCES.txt'
writing manifest file '../../../build/explorer_bringup/explorer_bringup.egg-info/SOURCES.txt'
running build
running build_py
creating /home/huy/nav2_ws/Vaccum-Robot-LDS02RR/build/explorer_bringup/build
creating /home/huy/nav2_ws/Vaccum-Robot-LDS02RR/build/explorer_bringup/build/lib
creating /home/huy/nav2_ws/Vaccum-Robot-LDS02RR/build/explorer_bringup/build/lib/explorer_bringup
copying explorer_bringup/__init__.py -> /home/huy/nav2_ws/Vaccum-Robot-LDS02RR/build/explorer_bringup/build/lib/explorer_bringup
copying explorer_bringup/manager.py -> /home/huy/nav2_ws/Vaccum-Robot-LDS02RR/build/explorer_bringup/build/lib/explorer_bringup
running install
running install_lib
creating /home/huy/nav2_ws/Vaccum-Robot-LDS02RR/install/lib/python3.10/site-packages/explorer_bringup
copying /home/huy/nav2_ws/Vaccum-Robot-LDS02RR/build/explorer_bringup/build/lib/explorer_bringup/__init__.py -> /home/huy/nav2_ws/Vaccum-Robot-LDS02RR/install/lib/python3.10/site-packages/explorer_bringup
copying /home/huy/nav2_ws/Vaccum-Robot-LDS02RR/build/explorer_bringup/build/lib/explorer_bringup/manager.py -> /home/huy/nav2_ws/Vaccum-Robot-LDS02RR/install/lib/python3.10/site-packages/explorer_bringup
byte-compiling /home/huy/nav2_ws/Vaccum-Robot-LDS02RR/install/lib/python3.10/site-packages/explorer_bringup/__init__.py to __init__.cpython-310.pyc
byte-compiling /home/huy/nav2_ws/Vaccum-Robot-LDS02RR/install/lib/python3.10/site-packages/explorer_bringup/manager.py to manager.cpython-310.pyc
running install_data
copying resource/explorer_bringup -> /home/huy/nav2_ws/Vaccum-Robot-LDS02RR/install/share/ament_index/resource_index/packages
copying package.xml -> /home/huy/nav2_ws/Vaccum-Robot-LDS02RR/install/share/explorer_bringup
copying launch/explorer.launch.py -> /home/huy/nav2_ws/Vaccum-Robot-LDS02RR/install/share/explorer_bringup
running install_egg_info
Copying ../../../build/explorer_bringup/explorer_bringup.egg-info to /home/huy/nav2_ws/Vaccum-Robot-LDS02RR/install/lib/python3.10/site-packages/explorer_bringup-0.0.0-py3.10.egg-info
running install_scripts
Installing manager script to /home/huy/nav2_ws/Vaccum-Robot-LDS02RR/install/lib/explorer_bringup
writing list of installed files to '/home/huy/nav2_ws/Vaccum-Robot-LDS02RR/build/explorer_bringup/install.log'
