[2.207s] Invoking command in '/home/huy/nav2_ws/Vaccum-Robot-LDS02RR/FrontierExploration/autonomous_exploration': PYTHONPATH=/home/huy/nav2_ws/Vaccum-Robot-LDS02RR/build/autonomous_exploration/prefix_override:/usr/lib/python3/dist-packages/colcon_core/task/python/colcon_distutils_commands:/home/huy/nav2_ws/Vaccum-Robot-LDS02RR/install/lib/python3.10/site-packages:${PYTHONPATH} /usr/bin/python3 -W ignore:setup.py install is deprecated -W ignore:easy_install command is deprecated setup.py egg_info --egg-base ../../build/autonomous_exploration build --build-base /home/huy/nav2_ws/Vaccum-Robot-LDS02RR/build/autonomous_exploration/build install --record /home/huy/nav2_ws/Vaccum-Robot-LDS02RR/build/autonomous_exploration/install.log --single-version-externally-managed install_data
[2.758s] running egg_info
[2.761s] writing ../../build/autonomous_exploration/autonomous_exploration.egg-info/PKG-INFO
[2.761s] writing dependency_links to ../../build/autonomous_exploration/autonomous_exploration.egg-info/dependency_links.txt
[2.761s] writing entry points to ../../build/autonomous_exploration/autonomous_exploration.egg-info/entry_points.txt
[2.761s] writing requirements to ../../build/autonomous_exploration/autonomous_exploration.egg-info/requires.txt
[2.761s] writing top-level names to ../../build/autonomous_exploration/autonomous_exploration.egg-info/top_level.txt
[2.764s] reading manifest file '../../build/autonomous_exploration/autonomous_exploration.egg-info/SOURCES.txt'
[2.766s] writing manifest file '../../build/autonomous_exploration/autonomous_exploration.egg-info/SOURCES.txt'
[2.769s] running build
[2.769s] running build_py
[2.770s] copying autonomous_exploration/rviz_gui.py -> /home/huy/nav2_ws/Vaccum-Robot-LDS02RR/build/autonomous_exploration/build/lib/autonomous_exploration
[2.770s] running install
[2.770s] running install_lib
[2.770s] copying /home/huy/nav2_ws/Vaccum-Robot-LDS02RR/build/autonomous_exploration/build/lib/autonomous_exploration/rviz_gui.py -> /home/huy/nav2_ws/Vaccum-Robot-LDS02RR/install/lib/python3.10/site-packages/autonomous_exploration
[2.771s] running install_data
[2.771s] running install_egg_info
[2.777s] removing '/home/huy/nav2_ws/Vaccum-Robot-LDS02RR/install/lib/python3.10/site-packages/autonomous_exploration-0.0.0-py3.10.egg-info' (and everything under it)
[2.777s] Copying ../../build/autonomous_exploration/autonomous_exploration.egg-info to /home/huy/nav2_ws/Vaccum-Robot-LDS02RR/install/lib/python3.10/site-packages/autonomous_exploration-0.0.0-py3.10.egg-info
[2.777s] running install_scripts
[2.809s] Installing control script to /home/huy/nav2_ws/Vaccum-Robot-LDS02RR/install/lib/autonomous_exploration
[2.810s] writing list of installed files to '/home/huy/nav2_ws/Vaccum-Robot-LDS02RR/build/autonomous_exploration/install.log'
[2.860s] Invoked command in '/home/huy/nav2_ws/Vaccum-Robot-LDS02RR/FrontierExploration/autonomous_exploration' returned '0': PYTHONPATH=/home/huy/nav2_ws/Vaccum-Robot-LDS02RR/build/autonomous_exploration/prefix_override:/usr/lib/python3/dist-packages/colcon_core/task/python/colcon_distutils_commands:/home/huy/nav2_ws/Vaccum-Robot-LDS02RR/install/lib/python3.10/site-packages:${PYTHONPATH} /usr/bin/python3 -W ignore:setup.py install is deprecated -W ignore:easy_install command is deprecated setup.py egg_info --egg-base ../../build/autonomous_exploration build --build-base /home/huy/nav2_ws/Vaccum-Robot-LDS02RR/build/autonomous_exploration/build install --record /home/huy/nav2_ws/Vaccum-Robot-LDS02RR/build/autonomous_exploration/install.log --single-version-externally-managed install_data
