[0.014s] Invoking command in '/home/huy/nav2_ws/Vaccum-Robot-LDS02RR/build/lds02rr_lidar': CMAKE_PREFIX_PATH=/home/huy/mnt/usb_ext4/opt/ros/humble /usr/bin/cmake /home/huy/nav2_ws/Vaccum-Robot-LDS02RR/src/turtlebot3/lds02rr_lidar -DRMW_IMPLEMENTATION=rmw_cyclonedds_cpp -DCMAKE_TOOLCHAIN_FILE=/home/huy/nav2_ws/Vaccum-Robot-LDS02RR/toolchain_aarch64.cmake -DCMAKE_INSTALL_PREFIX=/home/huy/nav2_ws/Vaccum-Robot-LDS02RR/install
[0.158s] -- The C compiler identification is GNU 12.2.1
[0.325s] -- The CXX compiler identification is GNU 12.2.1
[0.336s] -- Detecting C compiler ABI info
[0.458s] -- Detecting C compiler ABI info - done
[0.476s] -- Check for working C compiler: /home/huy/mnt/usb_ext4/arm-gnu-toolchain-12.2.rel1-x86_64-aarch64-none-linux-gnu/bin/aarch64-none-linux-gnu-gcc - skipped
[0.476s] -- Detecting C compile features
[0.477s] -- Detecting C compile features - done
[0.480s] -- Detecting CXX compiler ABI info
[0.671s] -- Detecting CXX compiler ABI info - done
[0.682s] -- Check for working CXX compiler: /home/huy/mnt/usb_ext4/arm-gnu-toolchain-12.2.rel1-x86_64-aarch64-none-linux-gnu/bin/aarch64-none-linux-gnu-g++ - skipped
[0.685s] -- Detecting CXX compile features
[0.685s] -- Detecting CXX compile features - done
[0.688s] -- Found ament_cmake: 1.3.11 (/home/huy/mnt/usb_ext4/opt/ros/humble/share/ament_cmake/cmake)
[0.840s] -- Found Python3: /usr/bin/python3 (found version "3.10.12") found components: Interpreter 
[1.007s] -- Found rclcpp: 16.0.12 (/home/huy/mnt/usb_ext4/opt/ros/humble/share/rclcpp/cmake)
[1.051s] -- Found rosidl_generator_c: 3.1.6 (/home/huy/mnt/usb_ext4/opt/ros/humble/share/rosidl_generator_c/cmake)
[1.057s] -- Found rosidl_adapter: 3.1.6 (/home/huy/mnt/usb_ext4/opt/ros/humble/share/rosidl_adapter/cmake)
[1.069s] -- Found rosidl_generator_cpp: 3.1.6 (/home/huy/mnt/usb_ext4/opt/ros/humble/share/rosidl_generator_cpp/cmake)
[1.085s] -- Using all available rosidl_typesupport_c: rosidl_typesupport_fastrtps_c;rosidl_typesupport_introspection_c
[1.105s] -- Using all available rosidl_typesupport_cpp: rosidl_typesupport_fastrtps_cpp;rosidl_typesupport_introspection_cpp
[1.165s] -- Found rmw_implementation_cmake: 6.1.2 (/home/huy/mnt/usb_ext4/opt/ros/humble/share/rmw_implementation_cmake/cmake)
[1.168s] -- Found rmw_cyclonedds_cpp: 1.3.4 (/home/huy/mnt/usb_ext4/opt/ros/humble/share/rmw_cyclonedds_cpp/cmake)
[1.193s] -- Using RMW implementation 'rmw_cyclonedds_cpp' as default
[1.201s] -- Looking for pthread.h
[1.309s] -- Looking for pthread.h - found
[1.310s] -- Found Threads: TRUE  
[1.370s] -- Found sensor_msgs: 4.8.0 (/home/huy/mnt/usb_ext4/opt/ros/humble/share/sensor_msgs/cmake)
[1.412s] -- Found Boost: /home/huy/mnt/usb_ext4/usr/lib/aarch64-linux-gnu/cmake/Boost-1.74.0/BoostConfig.cmake (found version "1.74.0") found components: system 
[1.416s] -- Found ament_lint_auto: 0.12.12 (/home/huy/mnt/usb_ext4/opt/ros/humble/share/ament_lint_auto/cmake)
[1.509s] -- Added test 'copyright' to check source files copyright and LICENSE
[1.511s] -- Added test 'cppcheck' to perform static code analysis on C / C++ code
[1.513s] -- Configured cppcheck include dirs: /home/huy/nav2_ws/Vaccum-Robot-LDS02RR/src/turtlebot3/lds02rr_lidar/include
[1.513s] -- Configured cppcheck exclude dirs and/or files: 
[1.514s] -- Added test 'cpplint' to check C / C++ code against the Google style
[1.514s] -- Configured cpplint exclude dirs and/or files: 
[1.515s] -- Added test 'flake8' to check Python code syntax and style conventions
[1.516s] -- Added test 'lint_cmake' to check CMake code style
[1.516s] -- Added test 'pep257' to check Python code against some of the docstring style conventions in PEP 257
[1.517s] -- Added test 'uncrustify' to check C / C++ code style
[1.518s] -- Configured uncrustify additional arguments: 
[1.518s] -- Added test 'xmllint' to check XML markup files
[1.520s] -- Configuring done
[1.538s] -- Generating done
[1.546s] -- Build files have been written to: /home/huy/nav2_ws/Vaccum-Robot-LDS02RR/build/lds02rr_lidar
[1.559s] Invoked command in '/home/huy/nav2_ws/Vaccum-Robot-LDS02RR/build/lds02rr_lidar' returned '0': CMAKE_PREFIX_PATH=/home/huy/mnt/usb_ext4/opt/ros/humble /usr/bin/cmake /home/huy/nav2_ws/Vaccum-Robot-LDS02RR/src/turtlebot3/lds02rr_lidar -DRMW_IMPLEMENTATION=rmw_cyclonedds_cpp -DCMAKE_TOOLCHAIN_FILE=/home/huy/nav2_ws/Vaccum-Robot-LDS02RR/toolchain_aarch64.cmake -DCMAKE_INSTALL_PREFIX=/home/huy/nav2_ws/Vaccum-Robot-LDS02RR/install
[1.560s] Invoking command in '/home/huy/nav2_ws/Vaccum-Robot-LDS02RR/build/lds02rr_lidar': CMAKE_PREFIX_PATH=/home/huy/mnt/usb_ext4/opt/ros/humble /usr/bin/cmake --build /home/huy/nav2_ws/Vaccum-Robot-LDS02RR/build/lds02rr_lidar -- -j4 -l4
[1.619s] [35m[1mConsolidate compiler generated dependencies of target lds02rr_node[0m
[1.665s] [100%] Built target lds02rr_node
[1.680s] Invoked command in '/home/huy/nav2_ws/Vaccum-Robot-LDS02RR/build/lds02rr_lidar' returned '0': CMAKE_PREFIX_PATH=/home/huy/mnt/usb_ext4/opt/ros/humble /usr/bin/cmake --build /home/huy/nav2_ws/Vaccum-Robot-LDS02RR/build/lds02rr_lidar -- -j4 -l4
[1.683s] Invoking command in '/home/huy/nav2_ws/Vaccum-Robot-LDS02RR/build/lds02rr_lidar': CMAKE_PREFIX_PATH=/home/huy/mnt/usb_ext4/opt/ros/humble /usr/bin/cmake --install /home/huy/nav2_ws/Vaccum-Robot-LDS02RR/build/lds02rr_lidar
[1.692s] -- Install configuration: ""
[1.692s] -- Up-to-date: /home/huy/nav2_ws/Vaccum-Robot-LDS02RR/install/share/lds02rr_lidar/launch
[1.693s] -- Up-to-date: /home/huy/nav2_ws/Vaccum-Robot-LDS02RR/install/share/lds02rr_lidar/launch/lds02rr.launch.py
[1.693s] -- Installing: /home/huy/nav2_ws/Vaccum-Robot-LDS02RR/install/lib/lds02rr_lidar/lds02rr_node
[1.696s] -- Set runtime path of "/home/huy/nav2_ws/Vaccum-Robot-LDS02RR/install/lib/lds02rr_lidar/lds02rr_node" to ""
[1.696s] -- Up-to-date: /home/huy/nav2_ws/Vaccum-Robot-LDS02RR/install/share/ament_index/resource_index/package_run_dependencies/lds02rr_lidar
[1.696s] -- Up-to-date: /home/huy/nav2_ws/Vaccum-Robot-LDS02RR/install/share/ament_index/resource_index/parent_prefix_path/lds02rr_lidar
[1.696s] -- Up-to-date: /home/huy/nav2_ws/Vaccum-Robot-LDS02RR/install/share/lds02rr_lidar/environment/ament_prefix_path.sh
[1.697s] -- Installing: /home/huy/nav2_ws/Vaccum-Robot-LDS02RR/install/share/lds02rr_lidar/environment/ament_prefix_path.dsv
[1.697s] -- Up-to-date: /home/huy/nav2_ws/Vaccum-Robot-LDS02RR/install/share/lds02rr_lidar/environment/path.sh
[1.697s] -- Installing: /home/huy/nav2_ws/Vaccum-Robot-LDS02RR/install/share/lds02rr_lidar/environment/path.dsv
[1.697s] -- Up-to-date: /home/huy/nav2_ws/Vaccum-Robot-LDS02RR/install/share/lds02rr_lidar/local_setup.bash
[1.697s] -- Up-to-date: /home/huy/nav2_ws/Vaccum-Robot-LDS02RR/install/share/lds02rr_lidar/local_setup.sh
[1.697s] -- Up-to-date: /home/huy/nav2_ws/Vaccum-Robot-LDS02RR/install/share/lds02rr_lidar/local_setup.zsh
[1.697s] -- Installing: /home/huy/nav2_ws/Vaccum-Robot-LDS02RR/install/share/lds02rr_lidar/local_setup.dsv
[1.699s] -- Installing: /home/huy/nav2_ws/Vaccum-Robot-LDS02RR/install/share/lds02rr_lidar/package.dsv
[1.699s] -- Up-to-date: /home/huy/nav2_ws/Vaccum-Robot-LDS02RR/install/share/ament_index/resource_index/packages/lds02rr_lidar
[1.699s] -- Up-to-date: /home/huy/nav2_ws/Vaccum-Robot-LDS02RR/install/share/lds02rr_lidar/cmake/ament_cmake_export_dependencies-extras.cmake
[1.699s] -- Up-to-date: /home/huy/nav2_ws/Vaccum-Robot-LDS02RR/install/share/lds02rr_lidar/cmake/ament_cmake_export_include_directories-extras.cmake
[1.699s] -- Up-to-date: /home/huy/nav2_ws/Vaccum-Robot-LDS02RR/install/share/lds02rr_lidar/cmake/lds02rr_lidarConfig.cmake
[1.699s] -- Up-to-date: /home/huy/nav2_ws/Vaccum-Robot-LDS02RR/install/share/lds02rr_lidar/cmake/lds02rr_lidarConfig-version.cmake
[1.699s] -- Up-to-date: /home/huy/nav2_ws/Vaccum-Robot-LDS02RR/install/share/lds02rr_lidar/package.xml
[1.703s] Invoked command in '/home/huy/nav2_ws/Vaccum-Robot-LDS02RR/build/lds02rr_lidar' returned '0': CMAKE_PREFIX_PATH=/home/huy/mnt/usb_ext4/opt/ros/humble /usr/bin/cmake --install /home/huy/nav2_ws/Vaccum-Robot-LDS02RR/build/lds02rr_lidar
