[0.055s] Invoking command in '/home/huy/nav2_ws/Vaccum-Robot-LDS02RR/build/turtlebot3_node': CMAKE_PREFIX_PATH=/home/huy/mnt/usb_ext4/opt/ros/humble:/opt/ros/humble /usr/bin/cmake /home/huy/nav2_ws/Vaccum-Robot-LDS02RR/src/turtlebot3/turtlebot3_node -DRMW_IMPLEMENTATION=rmw_cyclonedds_cpp -DCMAKE_TOOLCHAIN_FILE=/home/huy/nav2_ws/Vaccum-Robot-LDS02RR/toolchain_aarch64.cmake -DCMAKE_INSTALL_PREFIX=/home/huy/nav2_ws/Vaccum-Robot-LDS02RR/install
[0.199s] -- The C compiler identification is GNU 12.2.1
[0.395s] -- The CXX compiler identification is GNU 12.2.1
[0.410s] -- Detecting C compiler ABI info
[0.550s] -- Detecting C compiler ABI info - done
[0.561s] -- Check for working C compiler: /home/huy/mnt/usb_ext4/arm-gnu-toolchain-12.2.rel1-x86_64-aarch64-none-linux-gnu/bin/aarch64-none-linux-gnu-gcc - skipped
[0.561s] -- Detecting C compile features
[0.562s] -- Detecting C compile features - done
[0.569s] -- Detecting CXX compiler ABI info
[0.781s] -- Detecting CXX compiler ABI info - done
[0.801s] -- Check for working CXX compiler: /home/huy/mnt/usb_ext4/arm-gnu-toolchain-12.2.rel1-x86_64-aarch64-none-linux-gnu/bin/aarch64-none-linux-gnu-g++ - skipped
[0.801s] -- Detecting CXX compile features
[0.804s] -- Detecting CXX compile features - done
[0.811s] -- Found ament_cmake: 1.3.11 (/home/huy/mnt/usb_ext4/opt/ros/humble/share/ament_cmake/cmake)
[0.995s] -- Found Python3: /usr/bin/python3 (found version "3.10.12") found components: Interpreter 
[1.160s] -- Found dynamixel_sdk: 3.8.2 (/home/huy/mnt/usb_ext4/opt/ros/humble/share/dynamixel_sdk/cmake)
[1.167s] -- Found geometry_msgs: 4.8.0 (/home/huy/mnt/usb_ext4/opt/ros/humble/share/geometry_msgs/cmake)
[1.302s] -- Found rosidl_generator_c: 3.1.6 (/home/huy/mnt/usb_ext4/opt/ros/humble/share/rosidl_generator_c/cmake)
[1.319s] -- Found rosidl_adapter: 3.1.6 (/home/huy/mnt/usb_ext4/opt/ros/humble/share/rosidl_adapter/cmake)
[1.355s] -- Found rosidl_generator_cpp: 3.1.6 (/home/huy/mnt/usb_ext4/opt/ros/humble/share/rosidl_generator_cpp/cmake)
[1.426s] -- Using all available rosidl_typesupport_c: rosidl_typesupport_fastrtps_c;rosidl_typesupport_introspection_c
[1.471s] -- Using all available rosidl_typesupport_cpp: rosidl_typesupport_fastrtps_cpp;rosidl_typesupport_introspection_cpp
[1.677s] -- Found message_filters: 4.3.6 (/home/huy/mnt/usb_ext4/opt/ros/humble/share/message_filters/cmake)
[2.168s] -- Found rmw_implementation_cmake: 6.1.2 (/home/huy/mnt/usb_ext4/opt/ros/humble/share/rmw_implementation_cmake/cmake)
[2.182s] -- Found rmw_cyclonedds_cpp: 1.3.4 (/home/huy/mnt/usb_ext4/opt/ros/humble/share/rmw_cyclonedds_cpp/cmake)
[2.299s] -- Using RMW implementation 'rmw_cyclonedds_cpp' as default
[2.344s] -- Looking for pthread.h
[2.676s] -- Looking for pthread.h - found
[2.676s] -- Found Threads: TRUE  
[2.801s] -- Found nav_msgs: 4.8.0 (/home/huy/mnt/usb_ext4/opt/ros/humble/share/nav_msgs/cmake)
[2.861s] -- Found sensor_msgs: 4.8.0 (/home/huy/mnt/usb_ext4/opt/ros/humble/share/sensor_msgs/cmake)
[2.917s] -- Found std_srvs: 4.8.0 (/home/huy/mnt/usb_ext4/opt/ros/humble/share/std_srvs/cmake)
[2.964s] -- Found tf2: 0.25.12 (/home/huy/mnt/usb_ext4/opt/ros/humble/share/tf2/cmake)
[2.986s] -- Found tf2_ros: 0.25.12 (/home/huy/mnt/usb_ext4/opt/ros/humble/share/tf2_ros/cmake)
[3.218s] -- Found turtlebot3_msgs: 2.3.0 (/home/huy/mnt/usb_ext4/opt/ros/humble/share/turtlebot3_msgs/cmake)
[3.382s] -- Configuring done
[3.414s] -- Generating done
[3.425s] -- Build files have been written to: /home/huy/nav2_ws/Vaccum-Robot-LDS02RR/build/turtlebot3_node
[3.745s] Invoked command in '/home/huy/nav2_ws/Vaccum-Robot-LDS02RR/build/turtlebot3_node' returned '0': CMAKE_PREFIX_PATH=/home/huy/mnt/usb_ext4/opt/ros/humble:/opt/ros/humble /usr/bin/cmake /home/huy/nav2_ws/Vaccum-Robot-LDS02RR/src/turtlebot3/turtlebot3_node -DRMW_IMPLEMENTATION=rmw_cyclonedds_cpp -DCMAKE_TOOLCHAIN_FILE=/home/huy/nav2_ws/Vaccum-Robot-LDS02RR/toolchain_aarch64.cmake -DCMAKE_INSTALL_PREFIX=/home/huy/nav2_ws/Vaccum-Robot-LDS02RR/install
[3.749s] Invoking command in '/home/huy/nav2_ws/Vaccum-Robot-LDS02RR/build/turtlebot3_node': CMAKE_PREFIX_PATH=/home/huy/mnt/usb_ext4/opt/ros/humble:/opt/ros/humble /usr/bin/cmake --build /home/huy/nav2_ws/Vaccum-Robot-LDS02RR/build/turtlebot3_node -- -j4 -l4
[3.871s] [35m[1mConsolidate compiler generated dependencies of target turtlebot3_node_lib[0m
[3.972s] [ 84%] Built target turtlebot3_node_lib
[3.990s] [35m[1mConsolidate compiler generated dependencies of target turtlebot3_ros[0m
[4.023s] [100%] Built target turtlebot3_ros
[4.049s] Invoked command in '/home/huy/nav2_ws/Vaccum-Robot-LDS02RR/build/turtlebot3_node' returned '0': CMAKE_PREFIX_PATH=/home/huy/mnt/usb_ext4/opt/ros/humble:/opt/ros/humble /usr/bin/cmake --build /home/huy/nav2_ws/Vaccum-Robot-LDS02RR/build/turtlebot3_node -- -j4 -l4
[4.049s] Invoking command in '/home/huy/nav2_ws/Vaccum-Robot-LDS02RR/build/turtlebot3_node': CMAKE_PREFIX_PATH=/home/huy/mnt/usb_ext4/opt/ros/humble:/opt/ros/humble /usr/bin/cmake --install /home/huy/nav2_ws/Vaccum-Robot-LDS02RR/build/turtlebot3_node
[4.064s] -- Install configuration: ""
[4.064s] -- Up-to-date: /home/huy/nav2_ws/Vaccum-Robot-LDS02RR/install/share/turtlebot3_node/param
[4.064s] -- Up-to-date: /home/huy/nav2_ws/Vaccum-Robot-LDS02RR/install/share/turtlebot3_node/param/burger.yaml
[4.064s] -- Up-to-date: /home/huy/nav2_ws/Vaccum-Robot-LDS02RR/install/share/turtlebot3_node/param/waffle_pi.yaml
[4.064s] -- Up-to-date: /home/huy/nav2_ws/Vaccum-Robot-LDS02RR/install/share/turtlebot3_node/param/waffle.yaml
[4.068s] -- Installing: /home/huy/nav2_ws/Vaccum-Robot-LDS02RR/install/lib/turtlebot3_node/turtlebot3_ros
[4.097s] -- Set runtime path of "/home/huy/nav2_ws/Vaccum-Robot-LDS02RR/install/lib/turtlebot3_node/turtlebot3_ros" to ""
[4.098s] -- Up-to-date: /home/huy/nav2_ws/Vaccum-Robot-LDS02RR/install/share/ament_index/resource_index/package_run_dependencies/turtlebot3_node
[4.098s] -- Up-to-date: /home/huy/nav2_ws/Vaccum-Robot-LDS02RR/install/share/ament_index/resource_index/parent_prefix_path/turtlebot3_node
[4.098s] -- Up-to-date: /home/huy/nav2_ws/Vaccum-Robot-LDS02RR/install/share/turtlebot3_node/environment/ament_prefix_path.sh
[4.098s] -- Installing: /home/huy/nav2_ws/Vaccum-Robot-LDS02RR/install/share/turtlebot3_node/environment/ament_prefix_path.dsv
[4.098s] -- Up-to-date: /home/huy/nav2_ws/Vaccum-Robot-LDS02RR/install/share/turtlebot3_node/environment/path.sh
[4.098s] -- Installing: /home/huy/nav2_ws/Vaccum-Robot-LDS02RR/install/share/turtlebot3_node/environment/path.dsv
[4.098s] -- Up-to-date: /home/huy/nav2_ws/Vaccum-Robot-LDS02RR/install/share/turtlebot3_node/local_setup.bash
[4.098s] -- Up-to-date: /home/huy/nav2_ws/Vaccum-Robot-LDS02RR/install/share/turtlebot3_node/local_setup.sh
[4.098s] -- Up-to-date: /home/huy/nav2_ws/Vaccum-Robot-LDS02RR/install/share/turtlebot3_node/local_setup.zsh
[4.098s] -- Installing: /home/huy/nav2_ws/Vaccum-Robot-LDS02RR/install/share/turtlebot3_node/local_setup.dsv
[4.101s] -- Installing: /home/huy/nav2_ws/Vaccum-Robot-LDS02RR/install/share/turtlebot3_node/package.dsv
[4.101s] -- Up-to-date: /home/huy/nav2_ws/Vaccum-Robot-LDS02RR/install/share/ament_index/resource_index/packages/turtlebot3_node
[4.101s] -- Up-to-date: /home/huy/nav2_ws/Vaccum-Robot-LDS02RR/install/share/turtlebot3_node/cmake/ament_cmake_export_include_directories-extras.cmake
[4.101s] -- Up-to-date: /home/huy/nav2_ws/Vaccum-Robot-LDS02RR/install/share/turtlebot3_node/cmake/turtlebot3_nodeConfig.cmake
[4.101s] -- Up-to-date: /home/huy/nav2_ws/Vaccum-Robot-LDS02RR/install/share/turtlebot3_node/cmake/turtlebot3_nodeConfig-version.cmake
[4.101s] -- Up-to-date: /home/huy/nav2_ws/Vaccum-Robot-LDS02RR/install/share/turtlebot3_node/package.xml
[4.102s] Invoked command in '/home/huy/nav2_ws/Vaccum-Robot-LDS02RR/build/turtlebot3_node' returned '0': CMAKE_PREFIX_PATH=/home/huy/mnt/usb_ext4/opt/ros/humble:/opt/ros/humble /usr/bin/cmake --install /home/huy/nav2_ws/Vaccum-Robot-LDS02RR/build/turtlebot3_node
