[0.109s] Invoking command in '/home/huy/nav2_ws/Vaccum-Robot-LDS02RR/build/turtlebot3_description': /usr/bin/cmake /home/huy/nav2_ws/Vaccum-Robot-LDS02RR/src/turtlebot3/turtlebot3_description -DRMW_IMPLEMENTATION=rmw_cyclonedds_cpp -DCMAKE_TOOLCHAIN_FILE=/home/huy/nav2_ws/Vaccum-Robot-LDS02RR/toolchain_aarch64.cmake -DCMAKE_INSTALL_PREFIX=/home/huy/nav2_ws/Vaccum-Robot-LDS02RR/install
[0.375s] -- The C compiler identification is GNU 12.2.1
[0.896s] -- The CXX compiler identification is GNU 12.2.1
[0.948s] -- Detecting C compiler ABI info
[1.303s] -- Detecting C compiler ABI info - done
[1.317s] -- Check for working C compiler: /home/huy/mnt/usb_ext4/arm-gnu-toolchain-12.2.rel1-x86_64-aarch64-none-linux-gnu/bin/aarch64-none-linux-gnu-gcc - skipped
[1.318s] -- Detecting C compile features
[1.318s] -- Detecting C compile features - done
[1.321s] -- Detecting CXX compiler ABI info
[1.669s] -- Detecting CXX compiler ABI info - done
[1.694s] -- Check for working CXX compiler: /home/huy/mnt/usb_ext4/arm-gnu-toolchain-12.2.rel1-x86_64-aarch64-none-linux-gnu/bin/aarch64-none-linux-gnu-g++ - skipped
[1.694s] -- Detecting CXX compile features
[1.694s] -- Detecting CXX compile features - done
[1.703s] -- Found ament_cmake: 1.3.11 (/home/huy/mnt/usb_ext4/opt/ros/humble/share/ament_cmake/cmake)
[2.046s] -- Found Python3: /usr/bin/python3 (found version "3.10.12") found components: Interpreter 
[2.231s] -- Found urdf: 2.6.1 (/home/huy/mnt/usb_ext4/opt/ros/humble/share/urdf/cmake)
[2.461s] -- Configuring done
[2.465s] -- Generating done
[2.469s] [33mCMake Warning:
[2.469s]   Manually-specified variables were not used by the project:
[2.469s] 
[2.469s]     RMW_IMPLEMENTATION
[2.469s] 
[2.469s] [0m
[2.471s] -- Build files have been written to: /home/huy/nav2_ws/Vaccum-Robot-LDS02RR/build/turtlebot3_description
