[1.505s] Invoking command in '/home/huy/nav2_ws/Vaccum-Robot-LDS02RR/FrontierExploration/autonomous_exploration': PYTHONPATH=/home/huy/nav2_ws/Vaccum-Robot-LDS02RR/build/autonomous_exploration/prefix_override:/usr/lib/python3/dist-packages/colcon_core/task/python/colcon_distutils_commands:/home/huy/nav2_ws/Vaccum-Robot-LDS02RR/install/lib/python3.10/site-packages:${PYTHONPATH} /usr/bin/python3 -W ignore:setup.py install is deprecated -W ignore:easy_install command is deprecated setup.py egg_info --egg-base ../../build/autonomous_exploration build --build-base /home/huy/nav2_ws/Vaccum-Robot-LDS02RR/build/autonomous_exploration/build install --record /home/huy/nav2_ws/Vaccum-Robot-LDS02RR/build/autonomous_exploration/install.log --single-version-externally-managed install_data
[2.124s] running egg_info
[2.125s] creating ../../build/autonomous_exploration/autonomous_exploration.egg-info
[2.126s] writing ../../build/autonomous_exploration/autonomous_exploration.egg-info/PKG-INFO
[2.126s] writing dependency_links to ../../build/autonomous_exploration/autonomous_exploration.egg-info/dependency_links.txt
[2.126s] writing entry points to ../../build/autonomous_exploration/autonomous_exploration.egg-info/entry_points.txt
[2.127s] writing requirements to ../../build/autonomous_exploration/autonomous_exploration.egg-info/requires.txt
[2.127s] writing top-level names to ../../build/autonomous_exploration/autonomous_exploration.egg-info/top_level.txt
[2.127s] writing manifest file '../../build/autonomous_exploration/autonomous_exploration.egg-info/SOURCES.txt'
[2.133s] reading manifest file '../../build/autonomous_exploration/autonomous_exploration.egg-info/SOURCES.txt'
[2.133s] writing manifest file '../../build/autonomous_exploration/autonomous_exploration.egg-info/SOURCES.txt'
[2.133s] running build
[2.137s] running build_py
[2.137s] creating /home/huy/nav2_ws/Vaccum-Robot-LDS02RR/build/autonomous_exploration/build
[2.137s] creating /home/huy/nav2_ws/Vaccum-Robot-LDS02RR/build/autonomous_exploration/build/lib
[2.137s] creating /home/huy/nav2_ws/Vaccum-Robot-LDS02RR/build/autonomous_exploration/build/lib/autonomous_exploration
[2.137s] copying autonomous_exploration/smart_cleaning_algorithm.py -> /home/huy/nav2_ws/Vaccum-Robot-LDS02RR/build/autonomous_exploration/build/lib/autonomous_exploration
[2.140s] copying autonomous_exploration/vacuum_algorithms.py -> /home/huy/nav2_ws/Vaccum-Robot-LDS02RR/build/autonomous_exploration/build/lib/autonomous_exploration
[2.143s] copying autonomous_exploration/control.py -> /home/huy/nav2_ws/Vaccum-Robot-LDS02RR/build/autonomous_exploration/build/lib/autonomous_exploration
[2.145s] copying autonomous_exploration/__init__.py -> /home/huy/nav2_ws/Vaccum-Robot-LDS02RR/build/autonomous_exploration/build/lib/autonomous_exploration
[2.153s] copying autonomous_exploration/demo_smart_cleaning.py -> /home/huy/nav2_ws/Vaccum-Robot-LDS02RR/build/autonomous_exploration/build/lib/autonomous_exploration
[2.159s] running install
[2.162s] running install_lib
[2.162s] creating /home/huy/nav2_ws/Vaccum-Robot-LDS02RR/install/lib/python3.10/site-packages/autonomous_exploration
[2.165s] copying /home/huy/nav2_ws/Vaccum-Robot-LDS02RR/build/autonomous_exploration/build/lib/autonomous_exploration/smart_cleaning_algorithm.py -> /home/huy/nav2_ws/Vaccum-Robot-LDS02RR/install/lib/python3.10/site-packages/autonomous_exploration
[2.165s] copying /home/huy/nav2_ws/Vaccum-Robot-LDS02RR/build/autonomous_exploration/build/lib/autonomous_exploration/vacuum_algorithms.py -> /home/huy/nav2_ws/Vaccum-Robot-LDS02RR/install/lib/python3.10/site-packages/autonomous_exploration
[2.165s] copying /home/huy/nav2_ws/Vaccum-Robot-LDS02RR/build/autonomous_exploration/build/lib/autonomous_exploration/control.py -> /home/huy/nav2_ws/Vaccum-Robot-LDS02RR/install/lib/python3.10/site-packages/autonomous_exploration
[2.165s] copying /home/huy/nav2_ws/Vaccum-Robot-LDS02RR/build/autonomous_exploration/build/lib/autonomous_exploration/__init__.py -> /home/huy/nav2_ws/Vaccum-Robot-LDS02RR/install/lib/python3.10/site-packages/autonomous_exploration
[2.165s] copying /home/huy/nav2_ws/Vaccum-Robot-LDS02RR/build/autonomous_exploration/build/lib/autonomous_exploration/demo_smart_cleaning.py -> /home/huy/nav2_ws/Vaccum-Robot-LDS02RR/install/lib/python3.10/site-packages/autonomous_exploration
[2.165s] byte-compiling /home/huy/nav2_ws/Vaccum-Robot-LDS02RR/install/lib/python3.10/site-packages/autonomous_exploration/smart_cleaning_algorithm.py to smart_cleaning_algorithm.cpython-310.pyc
[2.174s] byte-compiling /home/huy/nav2_ws/Vaccum-Robot-LDS02RR/install/lib/python3.10/site-packages/autonomous_exploration/vacuum_algorithms.py to vacuum_algorithms.cpython-310.pyc
[2.184s] byte-compiling /home/huy/nav2_ws/Vaccum-Robot-LDS02RR/install/lib/python3.10/site-packages/autonomous_exploration/control.py to control.cpython-310.pyc
[2.198s] byte-compiling /home/huy/nav2_ws/Vaccum-Robot-LDS02RR/install/lib/python3.10/site-packages/autonomous_exploration/__init__.py to __init__.cpython-310.pyc
[2.198s] byte-compiling /home/huy/nav2_ws/Vaccum-Robot-LDS02RR/install/lib/python3.10/site-packages/autonomous_exploration/demo_smart_cleaning.py to demo_smart_cleaning.cpython-310.pyc
[2.204s] running install_data
[2.204s] copying resource/autonomous_exploration -> /home/huy/nav2_ws/Vaccum-Robot-LDS02RR/install/share/ament_index/resource_index/packages
[2.204s] copying package.xml -> /home/huy/nav2_ws/Vaccum-Robot-LDS02RR/install/share/autonomous_exploration
[2.215s] creating /home/huy/nav2_ws/Vaccum-Robot-LDS02RR/install/share/autonomous_exploration/config
[2.216s] copying config/params.yaml -> /home/huy/nav2_ws/Vaccum-Robot-LDS02RR/install/share/autonomous_exploration/config
[2.216s] running install_egg_info
[2.216s] Copying ../../build/autonomous_exploration/autonomous_exploration.egg-info to /home/huy/nav2_ws/Vaccum-Robot-LDS02RR/install/lib/python3.10/site-packages/autonomous_exploration-0.0.0-py3.10.egg-info
[2.228s] running install_scripts
[2.294s] Installing control script to /home/huy/nav2_ws/Vaccum-Robot-LDS02RR/install/lib/autonomous_exploration
[2.295s] writing list of installed files to '/home/huy/nav2_ws/Vaccum-Robot-LDS02RR/build/autonomous_exploration/install.log'
[2.397s] Invoked command in '/home/huy/nav2_ws/Vaccum-Robot-LDS02RR/FrontierExploration/autonomous_exploration' returned '0': PYTHONPATH=/home/huy/nav2_ws/Vaccum-Robot-LDS02RR/build/autonomous_exploration/prefix_override:/usr/lib/python3/dist-packages/colcon_core/task/python/colcon_distutils_commands:/home/huy/nav2_ws/Vaccum-Robot-LDS02RR/install/lib/python3.10/site-packages:${PYTHONPATH} /usr/bin/python3 -W ignore:setup.py install is deprecated -W ignore:easy_install command is deprecated setup.py egg_info --egg-base ../../build/autonomous_exploration build --build-base /home/huy/nav2_ws/Vaccum-Robot-LDS02RR/build/autonomous_exploration/build install --record /home/huy/nav2_ws/Vaccum-Robot-LDS02RR/build/autonomous_exploration/install.log --single-version-externally-managed install_data
