[0.085s] Invoking command in '/home/huy/nav2_ws/Vaccum-Robot-LDS02RR/build/turtlebot3_navigation2': CMAKE_PREFIX_PATH=/home/huy/mnt/usb_ext4/opt/ros/humble /usr/bin/cmake /home/huy/nav2_ws/Vaccum-Robot-LDS02RR/src/turtlebot3/turtlebot3_navigation2 -DRMW_IMPLEMENTATION=rmw_cyclonedds_cpp -DCMAKE_TOOLCHAIN_FILE=/home/huy/nav2_ws/Vaccum-Robot-LDS02RR/toolchain_aarch64.cmake -DCMAKE_INSTALL_PREFIX=/home/huy/nav2_ws/Vaccum-Robot-LDS02RR/install
[0.547s] -- The C compiler identification is GNU 12.2.1
[1.159s] -- The CXX compiler identification is GNU 12.2.1
[1.225s] -- Detecting C compiler ABI info
[1.987s] -- Detecting C compiler ABI info - done
[2.222s] -- Check for working C compiler: /home/huy/mnt/usb_ext4/arm-gnu-toolchain-12.2.rel1-x86_64-aarch64-none-linux-gnu/bin/aarch64-none-linux-gnu-gcc - skipped
[2.222s] -- Detecting C compile features
[2.223s] -- Detecting C compile features - done
[2.232s] -- Detecting CXX compiler ABI info
[3.058s] -- Detecting CXX compiler ABI info - done
[3.097s] -- Check for working CXX compiler: /home/huy/mnt/usb_ext4/arm-gnu-toolchain-12.2.rel1-x86_64-aarch64-none-linux-gnu/bin/aarch64-none-linux-gnu-g++ - skipped
[3.098s] -- Detecting CXX compile features
[3.105s] -- Detecting CXX compile features - done
[3.114s] -- Found ament_cmake: 1.3.11 (/home/huy/mnt/usb_ext4/opt/ros/humble/share/ament_cmake/cmake)
[3.794s] -- Found Python3: /usr/bin/python3 (found version "3.10.12") found components: Interpreter 
[4.635s] -- Configuring done
[4.648s] -- Generating done
[4.657s] [33mCMake Warning:
[4.657s]   Manually-specified variables were not used by the project:
[4.657s] 
[4.657s]     RMW_IMPLEMENTATION
[4.657s] 
[4.657s] [0m
[4.667s] -- Build files have been written to: /home/huy/nav2_ws/Vaccum-Robot-LDS02RR/build/turtlebot3_navigation2
[4.762s] Invoked command in '/home/huy/nav2_ws/Vaccum-Robot-LDS02RR/build/turtlebot3_navigation2' returned '0': CMAKE_PREFIX_PATH=/home/huy/mnt/usb_ext4/opt/ros/humble /usr/bin/cmake /home/huy/nav2_ws/Vaccum-Robot-LDS02RR/src/turtlebot3/turtlebot3_navigation2 -DRMW_IMPLEMENTATION=rmw_cyclonedds_cpp -DCMAKE_TOOLCHAIN_FILE=/home/huy/nav2_ws/Vaccum-Robot-LDS02RR/toolchain_aarch64.cmake -DCMAKE_INSTALL_PREFIX=/home/huy/nav2_ws/Vaccum-Robot-LDS02RR/install
[4.767s] Invoking command in '/home/huy/nav2_ws/Vaccum-Robot-LDS02RR/build/turtlebot3_navigation2': CMAKE_PREFIX_PATH=/home/huy/mnt/usb_ext4/opt/ros/humble /usr/bin/cmake --build /home/huy/nav2_ws/Vaccum-Robot-LDS02RR/build/turtlebot3_navigation2 -- -j4 -l4
[4.915s] Invoked command in '/home/huy/nav2_ws/Vaccum-Robot-LDS02RR/build/turtlebot3_navigation2' returned '0': CMAKE_PREFIX_PATH=/home/huy/mnt/usb_ext4/opt/ros/humble /usr/bin/cmake --build /home/huy/nav2_ws/Vaccum-Robot-LDS02RR/build/turtlebot3_navigation2 -- -j4 -l4
[4.918s] Invoking command in '/home/huy/nav2_ws/Vaccum-Robot-LDS02RR/build/turtlebot3_navigation2': CMAKE_PREFIX_PATH=/home/huy/mnt/usb_ext4/opt/ros/humble /usr/bin/cmake --install /home/huy/nav2_ws/Vaccum-Robot-LDS02RR/build/turtlebot3_navigation2
[4.994s] -- Install configuration: ""
[4.995s] -- Up-to-date: /home/huy/nav2_ws/Vaccum-Robot-LDS02RR/install/share/turtlebot3_navigation2/launch
[4.995s] -- Up-to-date: /home/huy/nav2_ws/Vaccum-Robot-LDS02RR/install/share/turtlebot3_navigation2/launch/navigation2.launch.py
[4.995s] -- Up-to-date: /home/huy/nav2_ws/Vaccum-Robot-LDS02RR/install/share/turtlebot3_navigation2/map
[4.995s] -- Up-to-date: /home/huy/nav2_ws/Vaccum-Robot-LDS02RR/install/share/turtlebot3_navigation2/map/map.yaml
[4.995s] -- Up-to-date: /home/huy/nav2_ws/Vaccum-Robot-LDS02RR/install/share/turtlebot3_navigation2/map/map.pgm
[4.995s] -- Up-to-date: /home/huy/nav2_ws/Vaccum-Robot-LDS02RR/install/share/turtlebot3_navigation2/param
[4.995s] -- Up-to-date: /home/huy/nav2_ws/Vaccum-Robot-LDS02RR/install/share/turtlebot3_navigation2/param/burger.yaml
[4.995s] -- Up-to-date: /home/huy/nav2_ws/Vaccum-Robot-LDS02RR/install/share/turtlebot3_navigation2/param/humble
[4.995s] -- Up-to-date: /home/huy/nav2_ws/Vaccum-Robot-LDS02RR/install/share/turtlebot3_navigation2/param/humble/burger.yaml
[4.995s] -- Up-to-date: /home/huy/nav2_ws/Vaccum-Robot-LDS02RR/install/share/turtlebot3_navigation2/param/humble/burger_cam.yaml
[4.995s] -- Up-to-date: /home/huy/nav2_ws/Vaccum-Robot-LDS02RR/install/share/turtlebot3_navigation2/param/humble/waffle_pi.yaml
[4.995s] -- Up-to-date: /home/huy/nav2_ws/Vaccum-Robot-LDS02RR/install/share/turtlebot3_navigation2/param/humble/waffle.yaml
[4.995s] -- Up-to-date: /home/huy/nav2_ws/Vaccum-Robot-LDS02RR/install/share/turtlebot3_navigation2/param/burger_cam.yaml
[4.995s] -- Up-to-date: /home/huy/nav2_ws/Vaccum-Robot-LDS02RR/install/share/turtlebot3_navigation2/param/waffle_pi.yaml
[4.995s] -- Up-to-date: /home/huy/nav2_ws/Vaccum-Robot-LDS02RR/install/share/turtlebot3_navigation2/param/waffle.yaml
[4.996s] -- Up-to-date: /home/huy/nav2_ws/Vaccum-Robot-LDS02RR/install/share/turtlebot3_navigation2/rviz
[4.996s] -- Up-to-date: /home/huy/nav2_ws/Vaccum-Robot-LDS02RR/install/share/turtlebot3_navigation2/rviz/tb3_navigation2.rviz
[4.996s] -- Up-to-date: /home/huy/nav2_ws/Vaccum-Robot-LDS02RR/install/share/ament_index/resource_index/package_run_dependencies/turtlebot3_navigation2
[4.996s] -- Up-to-date: /home/huy/nav2_ws/Vaccum-Robot-LDS02RR/install/share/ament_index/resource_index/parent_prefix_path/turtlebot3_navigation2
[4.996s] -- Up-to-date: /home/huy/nav2_ws/Vaccum-Robot-LDS02RR/install/share/turtlebot3_navigation2/environment/ament_prefix_path.sh
[4.996s] -- Installing: /home/huy/nav2_ws/Vaccum-Robot-LDS02RR/install/share/turtlebot3_navigation2/environment/ament_prefix_path.dsv
[4.996s] -- Up-to-date: /home/huy/nav2_ws/Vaccum-Robot-LDS02RR/install/share/turtlebot3_navigation2/environment/path.sh
[4.996s] -- Installing: /home/huy/nav2_ws/Vaccum-Robot-LDS02RR/install/share/turtlebot3_navigation2/environment/path.dsv
[4.996s] -- Up-to-date: /home/huy/nav2_ws/Vaccum-Robot-LDS02RR/install/share/turtlebot3_navigation2/local_setup.bash
[4.996s] -- Up-to-date: /home/huy/nav2_ws/Vaccum-Robot-LDS02RR/install/share/turtlebot3_navigation2/local_setup.sh
[4.996s] -- Up-to-date: /home/huy/nav2_ws/Vaccum-Robot-LDS02RR/install/share/turtlebot3_navigation2/local_setup.zsh
[4.996s] -- Installing: /home/huy/nav2_ws/Vaccum-Robot-LDS02RR/install/share/turtlebot3_navigation2/local_setup.dsv
[5.005s] -- Installing: /home/huy/nav2_ws/Vaccum-Robot-LDS02RR/install/share/turtlebot3_navigation2/package.dsv
[5.005s] -- Up-to-date: /home/huy/nav2_ws/Vaccum-Robot-LDS02RR/install/share/ament_index/resource_index/packages/turtlebot3_navigation2
[5.005s] -- Up-to-date: /home/huy/nav2_ws/Vaccum-Robot-LDS02RR/install/share/turtlebot3_navigation2/cmake/turtlebot3_navigation2Config.cmake
[5.005s] -- Up-to-date: /home/huy/nav2_ws/Vaccum-Robot-LDS02RR/install/share/turtlebot3_navigation2/cmake/turtlebot3_navigation2Config-version.cmake
[5.005s] -- Up-to-date: /home/huy/nav2_ws/Vaccum-Robot-LDS02RR/install/share/turtlebot3_navigation2/package.xml
[5.016s] Invoked command in '/home/huy/nav2_ws/Vaccum-Robot-LDS02RR/build/turtlebot3_navigation2' returned '0': CMAKE_PREFIX_PATH=/home/huy/mnt/usb_ext4/opt/ros/humble /usr/bin/cmake --install /home/huy/nav2_ws/Vaccum-Robot-LDS02RR/build/turtlebot3_navigation2
