[1.034s] Invoking command in '/home/huy/nav2_ws/Vaccum-Robot-LDS02RR/FrontierExploration/autonomous_exploration': PYTHONPATH=/home/huy/nav2_ws/Vaccum-Robot-LDS02RR/build/autonomous_exploration/prefix_override:/usr/lib/python3/dist-packages/colcon_core/task/python/colcon_distutils_commands:/home/huy/nav2_ws/Vaccum-Robot-LDS02RR/install/lib/python3.10/site-packages:${PYTHONPATH} /usr/bin/python3 -W ignore:setup.py install is deprecated -W ignore:easy_install command is deprecated setup.py egg_info --egg-base ../../build/autonomous_exploration build --build-base /home/huy/nav2_ws/Vaccum-Robot-LDS02RR/build/autonomous_exploration/build install --record /home/huy/nav2_ws/Vaccum-Robot-LDS02RR/build/autonomous_exploration/install.log --single-version-externally-managed install_data
[1.374s] running egg_info
[1.376s] writing ../../build/autonomous_exploration/autonomous_exploration.egg-info/PKG-INFO
[1.376s] writing dependency_links to ../../build/autonomous_exploration/autonomous_exploration.egg-info/dependency_links.txt
[1.380s] writing entry points to ../../build/autonomous_exploration/autonomous_exploration.egg-info/entry_points.txt
[1.381s] writing requirements to ../../build/autonomous_exploration/autonomous_exploration.egg-info/requires.txt
[1.382s] writing top-level names to ../../build/autonomous_exploration/autonomous_exploration.egg-info/top_level.txt
[1.384s] reading manifest file '../../build/autonomous_exploration/autonomous_exploration.egg-info/SOURCES.txt'
[1.386s] writing manifest file '../../build/autonomous_exploration/autonomous_exploration.egg-info/SOURCES.txt'
[1.386s] running build
[1.386s] running build_py
[1.387s] running install
[1.388s] running install_lib
[1.390s] running install_data
[1.391s] running install_egg_info
[1.393s] removing '/home/huy/nav2_ws/Vaccum-Robot-LDS02RR/install/lib/python3.10/site-packages/autonomous_exploration-0.0.0-py3.10.egg-info' (and everything under it)
[1.393s] Copying ../../build/autonomous_exploration/autonomous_exploration.egg-info to /home/huy/nav2_ws/Vaccum-Robot-LDS02RR/install/lib/python3.10/site-packages/autonomous_exploration-0.0.0-py3.10.egg-info
[1.394s] running install_scripts
[1.422s] Installing control script to /home/huy/nav2_ws/Vaccum-Robot-LDS02RR/install/lib/autonomous_exploration
[1.423s] writing list of installed files to '/home/huy/nav2_ws/Vaccum-Robot-LDS02RR/build/autonomous_exploration/install.log'
[1.461s] Invoked command in '/home/huy/nav2_ws/Vaccum-Robot-LDS02RR/FrontierExploration/autonomous_exploration' returned '0': PYTHONPATH=/home/huy/nav2_ws/Vaccum-Robot-LDS02RR/build/autonomous_exploration/prefix_override:/usr/lib/python3/dist-packages/colcon_core/task/python/colcon_distutils_commands:/home/huy/nav2_ws/Vaccum-Robot-LDS02RR/install/lib/python3.10/site-packages:${PYTHONPATH} /usr/bin/python3 -W ignore:setup.py install is deprecated -W ignore:easy_install command is deprecated setup.py egg_info --egg-base ../../build/autonomous_exploration build --build-base /home/huy/nav2_ws/Vaccum-Robot-LDS02RR/build/autonomous_exploration/build install --record /home/huy/nav2_ws/Vaccum-Robot-LDS02RR/build/autonomous_exploration/install.log --single-version-externally-managed install_data
